#
# There is insufficient memory for the Java Runtime Environment to continue.
# Native memory allocation (malloc) failed to allocate 507456 bytes for Chunk::new
# Possible reasons:
#   The system is out of physical RAM or swap space
#   In 32 bit mode, the process size limit was hit
# Possible solutions:
#   Reduce memory load on the system
#   Increase physical memory or swap space
#   Check if swap backing store is full
#   Use 64 bit Java on a 64 bit OS
#   Decrease Java heap size (-Xmx/-Xms)
#   Decrease number of Java threads
#   Decrease Java thread stack sizes (-Xss)
#   Set larger code cache with -XX:ReservedCodeCacheSize=
# This output file may be truncated or incomplete.
#
#  Out of Memory Error (allocation.cpp:390), pid=8832, tid=0x00000000000006e4
#
# JRE version: Java(TM) SE Runtime Environment (8.0_92-b14) (build 1.8.0_92-b14)
# Java VM: Java HotSpot(TM) 64-Bit Server VM (25.92-b14 mixed mode windows-amd64 compressed oops)
# Failed to write core dump. Minidumps are not enabled by default on client versions of Windows
#

---------------  T H R E A D  ---------------

Current thread (0x0000000014d7b000):  JavaThread "C2 CompilerThread0" daemon [_thread_in_native, id=1764, stack(0x0000000016280000,0x0000000016380000)]

Stack: [0x0000000016280000,0x0000000016380000]
[error occurred during error reporting (printing stack bounds), id 0xc0000005]

Native frames: (J=compiled Java code, j=interpreted, Vv=VM code, C=native code)


Current CompileTask:
C2:   8573 1531       4       com.android.dx.ssa.LocalVariableExtractor::processBlock (383 bytes)


---------------  P R O C E S S  ---------------

Java Threads: ( => current thread )
  0x0000000016646800 JavaThread "pool-1-thread-4" [_thread_in_Java, id=17356, stack(0x0000000016f80000,0x0000000017080000)]
  0x0000000016645800 JavaThread "pool-1-thread-3" [_thread_in_Java, id=6896, stack(0x0000000016e80000,0x0000000016f80000)]
  0x0000000016645000 JavaThread "pool-1-thread-2" [_thread_blocked, id=3612, stack(0x0000000016d80000,0x0000000016e80000)]
  0x0000000016604800 JavaThread "pool-2-thread-1" [_thread_blocked, id=5284, stack(0x0000000016c80000,0x0000000016d80000)]
  0x0000000016601800 JavaThread "pool-1-thread-1" [_thread_in_Java, id=9524, stack(0x0000000016b80000,0x0000000016c80000)]
  0x00000000163ea000 JavaThread "Service Thread" daemon [_thread_blocked, id=15768, stack(0x0000000016980000,0x0000000016a80000)]
  0x00000000163e4000 JavaThread "C1 CompilerThread2" daemon [_thread_in_native, id=16284, stack(0x0000000016880000,0x0000000016980000)]
  0x0000000014d7e800 JavaThread "C2 CompilerThread1" daemon [_thread_in_native, id=15448, stack(0x0000000016780000,0x0000000016880000)]
=>0x0000000014d7b000 JavaThread "C2 CompilerThread0" daemon [_thread_in_native, id=1764, stack(0x0000000016280000,0x0000000016380000)]
  0x0000000014d2c800 JavaThread "Attach Listener" daemon [_thread_blocked, id=8816, stack(0x0000000016180000,0x0000000016280000)]
  0x0000000014d2b800 JavaThread "Signal Dispatcher" daemon [_thread_blocked, id=13736, stack(0x0000000016080000,0x0000000016180000)]
  0x000000000264a000 JavaThread "Finalizer" daemon [_thread_blocked, id=16512, stack(0x0000000015f80000,0x0000000016080000)]
  0x000000000263f000 JavaThread "Reference Handler" daemon [_thread_blocked, id=15672, stack(0x0000000015e80000,0x0000000015f80000)]
  0x000000000207e000 JavaThread "main" [_thread_in_Java, id=3248, stack(0x0000000002450000,0x0000000002550000)]

Other Threads:
  0x0000000014ce7800 VMThread [stack: 0x0000000015d80000,0x0000000015e80000] [id=6536]
  0x0000000016446000 WatcherThread [stack: 0x0000000016a80000,0x0000000016b80000] [id=16468]

VM state:not at safepoint (normal execution)

VM Mutex/Monitor currently owned by a thread: None

Heap:
 PSYoungGen      total 34304K, used 11248K [0x00000000eab00000, 0x00000000ecf00000, 0x0000000100000000)
  eden space 31744K, 27% used [0x00000000eab00000,0x00000000eb380be8,0x00000000eca00000)
  from space 2560K, 99% used [0x00000000eca00000,0x00000000ecc7b6e8,0x00000000ecc80000)
  to   space 2560K, 0% used [0x00000000ecc80000,0x00000000ecc80000,0x00000000ecf00000)
 ParOldGen       total 42496K, used 9603K [0x00000000c0000000, 0x00000000c2980000, 0x00000000eab00000)
  object space 42496K, 22% used [0x00000000c0000000,0x00000000c0960ec8,0x00000000c2980000)
 Metaspace       used 6340K, capacity 7128K, committed 7424K, reserved 1056768K
  class space    used 628K, capacity 656K, committed 768K, reserved 1048576K

Card table byte_map: [0x0000000011a10000,0x0000000011c20000] byte_map_base: 0x0000000011410000

Marking Bits: (ParMarkBitMap*) 0x00000000514e64f0
 Begin Bits: [0x0000000012180000, 0x0000000013180000)
 End Bits:   [0x0000000013180000, 0x0000000014180000)

Polling page: 0x0000000000840000

CodeCache: size=245760Kb used=6548Kb max_used=6548Kb free=239211Kb
 bounds [0x0000000002650000, 0x0000000002cc0000, 0x0000000011650000]
 total_blobs=1840 nmethods=1569 adapters=184
 compilation: enabled

Compilation events (10 events):
Event: 8.541 Thread 0x00000000163e4000 nmethod 1598 0x0000000002cb7bd0 code [0x0000000002cb7d80, 0x0000000002cb8118]
Event: 8.550 Thread 0x00000000163e4000 1605       2       com.android.dx.dex.file.ClassDefItem::addVirtualMethod (9 bytes)
Event: 8.551 Thread 0x00000000163e4000 nmethod 1605 0x0000000002cb8390 code [0x0000000002cb8520, 0x0000000002cb8858]
Event: 8.551 Thread 0x00000000163e4000 1606       2       com.android.dx.dex.file.ClassDataItem::addVirtualMethod (24 bytes)
Event: 8.551 Thread 0x00000000163e4000 nmethod 1606 0x0000000002cb8b10 code [0x0000000002cb8ca0, 0x0000000002cb8ff8]
Event: 8.556 Thread 0x00000000163e4000 1607       2       com.android.dx.ssa.back.FirstFitLocalCombiningAllocator$Multiset::getAndRemoveHighestCount (63 bytes)
Event: 8.556 Thread 0x00000000163e4000 nmethod 1607 0x0000000002cb9290 code [0x0000000002cb9400, 0x0000000002cb9650]
Event: 8.559 Thread 0x00000000163e4000 1608       2       java.util.HashMap$TreeNode::find (172 bytes)
Event: 8.560 Thread 0x00000000163e4000 nmethod 1608 0x0000000002cb9890 code [0x0000000002cb9a40, 0x0000000002cb9e78]
Event: 8.566 Thread 0x00000000163e4000 1609       2       com.android.dx.rop.code.Rops::opReturn (89 bytes)

GC Heap History (6 events):
Event: 3.650 GC heap before
{Heap before GC invocations=1 (full 0):
 PSYoungGen      total 18432K, used 15872K [0x00000000eab00000, 0x00000000ebf80000, 0x0000000100000000)
  eden space 15872K, 100% used [0x00000000eab00000,0x00000000eba80000,0x00000000eba80000)
  from space 2560K, 0% used [0x00000000ebd00000,0x00000000ebd00000,0x00000000ebf80000)
  to   space 2560K, 0% used [0x00000000eba80000,0x00000000eba80000,0x00000000ebd00000)
 ParOldGen       total 42496K, used 0K [0x00000000c0000000, 0x00000000c2980000, 0x00000000eab00000)
  object space 42496K, 0% used [0x00000000c0000000,0x00000000c0000000,0x00000000c2980000)
 Metaspace       used 5806K, capacity 6710K, committed 6784K, reserved 1056768K
  class space    used 607K, capacity 622K, committed 640K, reserved 1048576K
Event: 3.915 GC heap after
Heap after GC invocations=1 (full 0):
 PSYoungGen      total 18432K, used 2543K [0x00000000eab00000, 0x00000000ecf00000, 0x0000000100000000)
  eden space 15872K, 0% used [0x00000000eab00000,0x00000000eab00000,0x00000000eba80000)
  from space 2560K, 99% used [0x00000000eba80000,0x00000000ebcfbca8,0x00000000ebd00000)
  to   space 2560K, 0% used [0x00000000ecc80000,0x00000000ecc80000,0x00000000ecf00000)
 ParOldGen       total 42496K, used 1683K [0x00000000c0000000, 0x00000000c2980000, 0x00000000eab00000)
  object space 42496K, 3% used [0x00000000c0000000,0x00000000c01a4c58,0x00000000c2980000)
 Metaspace       used 5806K, capacity 6710K, committed 6784K, reserved 1056768K
  class space    used 607K, capacity 622K, committed 640K, reserved 1048576K
}
Event: 5.487 GC heap before
{Heap before GC invocations=2 (full 0):
 PSYoungGen      total 18432K, used 18415K [0x00000000eab00000, 0x00000000ecf00000, 0x0000000100000000)
  eden space 15872K, 100% used [0x00000000eab00000,0x00000000eba80000,0x00000000eba80000)
  from space 2560K, 99% used [0x00000000eba80000,0x00000000ebcfbca8,0x00000000ebd00000)
  to   space 2560K, 0% used [0x00000000ecc80000,0x00000000ecc80000,0x00000000ecf00000)
 ParOldGen       total 42496K, used 1683K [0x00000000c0000000, 0x00000000c2980000, 0x00000000eab00000)
  object space 42496K, 3% used [0x00000000c0000000,0x00000000c01a4c58,0x00000000c2980000)
 Metaspace       used 6108K, capacity 6966K, committed 7040K, reserved 1056768K
  class space    used 609K, capacity 622K, committed 640K, reserved 1048576K
Event: 5.834 GC heap after
Heap after GC invocations=2 (full 0):
 PSYoungGen      total 34304K, used 2557K [0x00000000eab00000, 0x00000000ecf00000, 0x0000000100000000)
  eden space 31744K, 0% used [0x00000000eab00000,0x00000000eab00000,0x00000000eca00000)
  from space 2560K, 99% used [0x00000000ecc80000,0x00000000eceff500,0x00000000ecf00000)
  to   space 2560K, 0% used [0x00000000eca00000,0x00000000eca00000,0x00000000ecc80000)
 ParOldGen       total 42496K, used 4448K [0x00000000c0000000, 0x00000000c2980000, 0x00000000eab00000)
  object space 42496K, 10% used [0x00000000c0000000,0x00000000c0458150,0x00000000c2980000)
 Metaspace       used 6108K, capacity 6966K, committed 7040K, reserved 1056768K
  class space    used 609K, capacity 622K, committed 640K, reserved 1048576K
}
Event: 8.477 GC heap before
{Heap before GC invocations=3 (full 0):
 PSYoungGen      total 34304K, used 34301K [0x00000000eab00000, 0x00000000ecf00000, 0x0000000100000000)
  eden space 31744K, 100% used [0x00000000eab00000,0x00000000eca00000,0x00000000eca00000)
  from space 2560K, 99% used [0x00000000ecc80000,0x00000000eceff500,0x00000000ecf00000)
  to   space 2560K, 0% used [0x00000000eca00000,0x00000000eca00000,0x00000000ecc80000)
 ParOldGen       total 42496K, used 4448K [0x00000000c0000000, 0x00000000c2980000, 0x00000000eab00000)
  object space 42496K, 10% used [0x00000000c0000000,0x00000000c0458150,0x00000000c2980000)
 Metaspace       used 6315K, capacity 7064K, committed 7424K, reserved 1056768K
  class space    used 628K, capacity 656K, committed 768K, reserved 1048576K
Event: 8.506 GC heap after
Heap after GC invocations=3 (full 0):
 PSYoungGen      total 34304K, used 2541K [0x00000000eab00000, 0x00000000ecf00000, 0x0000000100000000)
  eden space 31744K, 0% used [0x00000000eab00000,0x00000000eab00000,0x00000000eca00000)
  from space 2560K, 99% used [0x00000000eca00000,0x00000000ecc7b6e8,0x00000000ecc80000)
  to   space 2560K, 0% used [0x00000000ecc80000,0x00000000ecc80000,0x00000000ecf00000)
 ParOldGen       total 42496K, used 9603K [0x00000000c0000000, 0x00000000c2980000, 0x00000000eab00000)
  object space 42496K, 22% used [0x00000000c0000000,0x00000000c0960ec8,0x00000000c2980000)
 Metaspace       used 6315K, capacity 7064K, committed 7424K, reserved 1056768K
  class space    used 628K, capacity 656K, committed 768K, reserved 1048576K
}

Deoptimization events (10 events):
Event: 6.834 Thread 0x0000000016646800 Uncommon trap: reason=class_check action=maybe_recompile pc=0x0000000002bdecc0 method=com.android.dx.cf.code.BytecodeArray.parseInstruction(ILcom/android/dx/cf/code/BytecodeArray$Visitor;)I @ 987
Event: 6.834 Thread 0x0000000016646800 Uncommon trap: reason=class_check action=maybe_recompile pc=0x0000000002bdecc0 method=com.android.dx.cf.code.BytecodeArray.parseInstruction(ILcom/android/dx/cf/code/BytecodeArray$Visitor;)I @ 987
Event: 7.110 Thread 0x0000000016645000 Uncommon trap: reason=unstable_if action=reinterpret pc=0x0000000002983790 method=com.android.dx.rop.code.RegisterSpec.equals(ILcom/android/dx/rop/type/TypeBearer;Lcom/android/dx/rop/code/LocalItem;)Z @ 42
Event: 7.171 Thread 0x0000000016601800 Uncommon trap: reason=unstable_if action=reinterpret pc=0x000000000292499c method=com.android.dx.rop.code.LocalItem.hashCode()I @ 25
Event: 7.382 Thread 0x0000000016645800 Uncommon trap: reason=unstable_if action=reinterpret pc=0x0000000002b40ee4 method=java.util.HashMap.putVal(ILjava/lang/Object;Ljava/lang/Object;ZZ)Ljava/lang/Object; @ 109
Event: 7.403 Thread 0x000000000207e000 Uncommon trap: reason=bimorphic action=maybe_recompile pc=0x00000000028fc73c method=java.util.HashMap.getNode(ILjava/lang/Object;)Ljava/util/HashMap$Node; @ 126
Event: 7.409 Thread 0x0000000016601800 Uncommon trap: reason=unstable_if action=reinterpret pc=0x00000000029d6eec method=com.android.dx.rop.code.LocalItem.hashCode()I @ 25
Event: 7.409 Thread 0x0000000016601800 Uncommon trap: reason=unstable_if action=reinterpret pc=0x0000000002c36f18 method=com.android.dx.rop.code.LocalItem.hashCode()I @ 25
Event: 8.282 Thread 0x0000000016646800 Uncommon trap: reason=bimorphic action=maybe_recompile pc=0x0000000002c8ea28 method=com.android.dx.cf.code.BytecodeArray.parseInstruction(ILcom/android/dx/cf/code/BytecodeArray$Visitor;)I @ 971
Event: 8.521 Thread 0x0000000016645800 Uncommon trap: reason=unstable_if action=reinterpret pc=0x0000000002c613ec method=java.util.HashMap.putVal(ILjava/lang/Object;Ljava/lang/Object;ZZ)Ljava/lang/Object; @ 109

Internal exceptions (6 events):
Event: 0.087 Thread 0x000000000207e000 Exception <a 'java/lang/NoSuchMethodError': Method sun.misc.Unsafe.defineClass(Ljava/lang/String;[BII)Ljava/lang/Class; name or signature does not match> (0x00000000eab07cc0) thrown at [D:\re\workspace\8-2-build-windows-amd64-cygwin\jdk8u92\6642\hotspot\sr½ïf•¶W¶?
Event: 0.087 Thread 0x000000000207e000 Exception <a 'java/lang/NoSuchMethodError': Method sun.misc.Unsafe.prefetchRead(Ljava/lang/Object;J)V name or signature does not match> (0x00000000eab07fa8) thrown at [D:\re\workspace\8-2-build-windows-amd64-cygwin\jdk8u92\6642\hotspot\src\share\vm\prims\j‘jW@
Event: 6.754 Thread 0x0000000016645800 Implicit null exception at 0x00000000029358f6 to 0x0000000002937051
Event: 6.791 Thread 0x0000000016645800 Exception <a 'java/lang/ArrayIndexOutOfBoundsException': 18> (0x00000000eb49c2e0) thrown at [D:\re\workspace\8-2-build-windows-amd64-cygwin\jdk8u92\6642\hotspot\src\share\vm\interpreter\interpreterRuntime.cpp, line 366]
Event: 6.792 Thread 0x0000000016645800 Exception <a 'java/lang/ArrayIndexOutOfBoundsException': 145> (0x00000000eb49de60) thrown at [D:\re\workspace\8-2-build-windows-amd64-cygwin\jdk8u92\6642\hotspot\src\share\vm\interpreter\interpreterRuntime.cpp, line 366]
Event: 6.794 Thread 0x0000000016645800 Exception <a 'java/lang/ArrayIndexOutOfBoundsException'> (0x00000000eb49f148) thrown at [D:\re\workspace\8-2-build-windows-amd64-cygwin\jdk8u92\6642\hotspot\src\share\vm\runtime\sharedRuntime.cpp, line 605]

Events (10 events):
Event: 7.409 Thread 0x0000000016601800 DEOPT PACKING pc=0x0000000002c36f18 sp=0x0000000016c7ea80
Event: 7.409 Thread 0x0000000016601800 DEOPT UNPACKING pc=0x000000000269582a sp=0x0000000016c7e698 mode 2
Event: 8.282 Thread 0x0000000016646800 Uncommon trap: trap_request=0xffffffc6 fr.pc=0x0000000002c8ea28
Event: 8.282 Thread 0x0000000016646800 DEOPT PACKING pc=0x0000000002c8ea28 sp=0x000000001707ec30
Event: 8.282 Thread 0x0000000016646800 DEOPT UNPACKING pc=0x000000000269582a sp=0x000000001707ebc0 mode 2
Event: 8.303 Executing VM operation: ParallelGCFailedAllocation
Event: 8.506 Executing VM operation: ParallelGCFailedAllocation done
Event: 8.521 Thread 0x0000000016645800 Uncommon trap: trap_request=0xffffff65 fr.pc=0x0000000002c613ec
Event: 8.521 Thread 0x0000000016645800 DEOPT PACKING pc=0x0000000002c613ec sp=0x0000000016f7ee70
Event: 8.521 Thread 0x0000000016645800 DEOPT UNPACKING pc=0x000000000269582a sp=0x0000000016f7ed18 mode 2


Dynamic libraries:
0x00007ff7c87a0000 - 0x00007ff7c87d7000 	D:\Program Files\Java\jdk1.8.0_92\bin\java.exe
0x00007ffc7d350000 - 0x00007ffc7d521000 	C:\WINDOWS\SYSTEM32\ntdll.dll
0x00007ffc7ac60000 - 0x00007ffc7ad0b000 	C:\WINDOWS\System32\KERNEL32.DLL
0x00007ffc79970000 - 0x00007ffc79b8d000 	C:\WINDOWS\System32\KERNELBASE.dll
0x00007ffc7aa10000 - 0x00007ffc7aab2000 	C:\WINDOWS\System32\ADVAPI32.dll
0x00007ffc7ae40000 - 0x00007ffc7aede000 	C:\WINDOWS\System32\msvcrt.dll
0x00007ffc7afa0000 - 0x00007ffc7aff9000 	C:\WINDOWS\System32\sechost.dll
0x00007ffc7ad10000 - 0x00007ffc7ae31000 	C:\WINDOWS\System32\RPCRT4.dll
0x00007ffc7aac0000 - 0x00007ffc7ac25000 	C:\WINDOWS\System32\USER32.dll
0x00007ffc7a7f0000 - 0x00007ffc7a80e000 	C:\WINDOWS\System32\win32u.dll
0x00007ffc7d030000 - 0x00007ffc7d064000 	C:\WINDOWS\System32\GDI32.dll
0x00007ffc79dd0000 - 0x00007ffc79f52000 	C:\WINDOWS\System32\gdi32full.dll
0x00007ffc6f2e0000 - 0x00007ffc6f559000 	C:\WINDOWS\WinSxS\amd64_microsoft.windows.common-controls_6595b64144ccf1df_6.0.14393.0_none_2d0f50fcbdb171b8\COMCTL32.dll
0x00007ffc7c890000 - 0x00007ffc7cb57000 	C:\WINDOWS\System32\combase.dll
0x00007ffc7a6f0000 - 0x00007ffc7a7e5000 	C:\WINDOWS\System32\ucrtbase.dll
0x00007ffc79b90000 - 0x00007ffc79bfa000 	C:\WINDOWS\System32\bcryptPrimitives.dll
0x00007ffc7b160000 - 0x00007ffc7b18e000 	C:\WINDOWS\System32\IMM32.DLL
0x0000000050230000 - 0x0000000050302000 	D:\Program Files\Java\jdk1.8.0_92\jre\bin\msvcr100.dll
0x0000000050cd0000 - 0x0000000051566000 	D:\Program Files\Java\jdk1.8.0_92\jre\bin\server\jvm.dll
0x00007ffc7aa00000 - 0x00007ffc7aa08000 	C:\WINDOWS\System32\PSAPI.DLL
0x00007ffc6d910000 - 0x00007ffc6d919000 	C:\WINDOWS\SYSTEM32\WSOCK32.dll
0x00007ffc77cf0000 - 0x00007ffc77d13000 	C:\WINDOWS\SYSTEM32\WINMM.dll
0x00007ffc7d140000 - 0x00007ffc7d1aa000 	C:\WINDOWS\System32\WS2_32.dll
0x00007ffc6eef0000 - 0x00007ffc6eefa000 	C:\WINDOWS\SYSTEM32\VERSION.dll
0x00007ffc77c90000 - 0x00007ffc77cbb000 	C:\WINDOWS\SYSTEM32\WINMMBASE.dll
0x00007ffc7a6a0000 - 0x00007ffc7a6e2000 	C:\WINDOWS\System32\cfgmgr32.dll
0x0000000050cc0000 - 0x0000000050ccf000 	D:\Program Files\Java\jdk1.8.0_92\jre\bin\verify.dll
0x0000000050c90000 - 0x0000000050cb9000 	D:\Program Files\Java\jdk1.8.0_92\jre\bin\java.dll
0x0000000050c70000 - 0x0000000050c86000 	D:\Program Files\Java\jdk1.8.0_92\jre\bin\zip.dll
0x00007ffc7b1b0000 - 0x00007ffc7c6b8000 	C:\WINDOWS\System32\SHELL32.dll
0x00007ffc79fc0000 - 0x00007ffc7a69a000 	C:\WINDOWS\System32\windows.storage.dll
0x00007ffc79830000 - 0x00007ffc7987c000 	C:\WINDOWS\System32\powrprof.dll
0x00007ffc7d080000 - 0x00007ffc7d0d2000 	C:\WINDOWS\System32\shlwapi.dll
0x00007ffc79890000 - 0x00007ffc7989f000 	C:\WINDOWS\System32\kernel.appcore.dll
0x00007ffc7a810000 - 0x00007ffc7a8b9000 	C:\WINDOWS\System32\shcore.dll
0x00007ffc798a0000 - 0x00007ffc798b4000 	C:\WINDOWS\System32\profapi.dll

VM Arguments:
jvm_args: -Djava.awt.headless=true -Xmx1024M -Dfile.encoding=GBK -Duser.country=CN -Duser.language=zh -Duser.variant 
java_command: com.android.dx.command.Main --dex --force-jumbo --num-threads=4 --output F:\AndroidStudioProjects\MyApplication2\l07_app_music\build\intermediates\pre-dexed\debug\com.android.support-support-core-ui-24.2.0_5d3549ce558297bb00f88d289e23f835204a8d90.jar F:\AndroidStudioProjects\MyApplication2\l07_app_music\build\intermediates\exploded-aar\com.android.support\support-core-ui\24.2.0\jars\classes.jar
java_class_path (initial): D:\Android_developer_tools\android-sdk-windows\build-tools\24.0.2\lib\dx.jar
Launcher Type: SUN_STANDARD

Environment Variables:
JAVA_HOME=D:\Program Files\Java\jdk1.8.0_92
CLASSPATH=.;D:\Program Files\Java\jdk1.8.0_92\lib\dt.jar;D:\Program Files\Java\jdk1.8.0_92\lib\tools.jar
PATH=D:\Program Files\Java\jdk1.8.0_92\bin;D:\Program Files\Java\jdk1.8.0_92\jre\bin;C:\WINDOWS\system32;C:\WINDOWS;C:\WINDOWS\System32\Wbem;C:\WINDOWS\System32\WindowsPowerShell\v1.0\;C:\Program Files (x86)\ATI Technologies\ATI.ACE\Core-Static;C:\Program Files\Lenovo\Bluetooth Software\;C:\Program Files\Lenovo\Bluetooth Software\syswow64;C:\Program Files (x86)\AMD\ATI.ACE\Core-Static;D:\Program Files (x86)\MySQL\MySQL Server 5.5\bin;D:\Android_developer_tools\android-sdk-windows\platform-tools;D:\Android_developer_tools\android-sdk-windows\tools;C:\Users\Administrator\AppData\Local\Microsoft\WindowsApps;
USERNAME=Administrator
OS=Windows_NT
PROCESSOR_IDENTIFIER=Intel64 Family 6 Model 58 Stepping 9, GenuineIntel



---------------  S Y S T E M  ---------------

OS: Windows 10.0 , 64 bit Build 14393 (10.0.14393.0)

CPU:total 4 (2 cores per cpu, 2 threads per core) family 6 model 58 stepping 9, cmov, cx8, fxsr, mmx, sse, sse2, sse3, ssse3, sse4.1, sse4.2, popcnt, avx, clmul, erms, ht, tsc, tscinvbit, tscinv

Memory: 4k page, physical 4060004k(489972k free), swap 6157156k(2532k free)

vm_info: Java HotSpot(TM) 64-Bit Server VM (25.92-b14) for windows-amd64 JRE (1.8.0_92-b14), built on Mar 31 2016 21:03:04 by "java_re" with MS VC++ 10.0 (VS2010)

time: Sun Sep 11 23:21:13 2016
elapsed time: 8 seconds (0d 0h 0m 8s)

