#
# There is insufficient memory for the Java Runtime Environment to continue.
# Native memory allocation (malloc) failed to allocate 32744 bytes for ChunkPool::allocate
# Possible reasons:
#   The system is out of physical RAM or swap space
#   In 32 bit mode, the process size limit was hit
# Possible solutions:
#   Reduce memory load on the system
#   Increase physical memory or swap space
#   Check if swap backing store is full
#   Use 64 bit Java on a 64 bit OS
#   Decrease Java heap size (-Xmx/-Xms)
#   Decrease number of Java threads
#   Decrease Java thread stack sizes (-Xss)
#   Set larger code cache with -XX:ReservedCodeCacheSize=
# This output file may be truncated or incomplete.
#
#  Out of Memory Error (allocation.cpp:273), pid=9292, tid=0x0000000000002514
#
# JRE version: Java(TM) SE Runtime Environment (8.0_92-b14) (build 1.8.0_92-b14)
# Java VM: Java HotSpot(TM) 64-Bit Server VM (25.92-b14 mixed mode windows-amd64 compressed oops)
# Failed to write core dump. Minidumps are not enabled by default on client versions of Windows
#

---------------  T H R E A D  ---------------

Current thread (0x0000000016fd4000):  JavaThread "C1 CompilerThread2" daemon [_thread_in_native, id=9492, stack(0x0000000017770000,0x0000000017870000)]

Stack: [0x0000000017770000,0x0000000017870000]
[error occurred during error reporting (printing stack bounds), id 0xc0000005]

Native frames: (J=compiled Java code, j=interpreted, Vv=VM code, C=native code)


Current CompileTask:
C1:   2280  656   !   3       com.android.dx.cf.code.RopperMachine::run (1550 bytes)


---------------  P R O C E S S  ---------------

Java Threads: ( => current thread )
  0x00000000171f4800 JavaThread "pool-1-thread-4" [_thread_in_Java, id=5304, stack(0x0000000017e70000,0x0000000017f70000)]
  0x00000000171f4000 JavaThread "pool-1-thread-3" [_thread_in_vm, id=13712, stack(0x0000000017d70000,0x0000000017e70000)]
  0x00000000171f3000 JavaThread "pool-1-thread-2" [_thread_in_Java, id=5292, stack(0x0000000017c70000,0x0000000017d70000)]
  0x00000000171ed000 JavaThread "pool-2-thread-1" [_thread_blocked, id=5124, stack(0x0000000017b70000,0x0000000017c70000)]
  0x00000000171ea000 JavaThread "pool-1-thread-1" [_thread_in_vm, id=6824, stack(0x0000000017a70000,0x0000000017b70000)]
  0x0000000016fd9000 JavaThread "Service Thread" daemon [_thread_blocked, id=17248, stack(0x0000000017870000,0x0000000017970000)]
=>0x0000000016fd4000 JavaThread "C1 CompilerThread2" daemon [_thread_in_native, id=9492, stack(0x0000000017770000,0x0000000017870000)]
  0x0000000015c68800 JavaThread "C2 CompilerThread1" daemon [_thread_in_native, id=17168, stack(0x0000000017670000,0x0000000017770000)]
  0x0000000015c2c000 JavaThread "C2 CompilerThread0" daemon [_thread_in_native, id=16400, stack(0x0000000017570000,0x0000000017670000)]
  0x0000000015c21800 JavaThread "Attach Listener" daemon [_thread_blocked, id=4524, stack(0x0000000017470000,0x0000000017570000)]
  0x0000000015c20800 JavaThread "Signal Dispatcher" daemon [_thread_blocked, id=5856, stack(0x0000000017370000,0x0000000017470000)]
  0x0000000003534800 JavaThread "Finalizer" daemon [_thread_blocked, id=13408, stack(0x0000000016e70000,0x0000000016f70000)]
  0x000000000352f000 JavaThread "Reference Handler" daemon [_thread_blocked, id=6068, stack(0x0000000016d70000,0x0000000016e70000)]
  0x00000000017ae000 JavaThread "main" [_thread_in_vm, id=16032, stack(0x0000000003240000,0x0000000003340000)]

Other Threads:
  0x0000000015bd7800 VMThread [stack: 0x0000000016c70000,0x0000000016d70000] [id=11960]
  0x000000001703c000 WatcherThread [stack: 0x0000000017970000,0x0000000017a70000] [id=6752]

VM state:not at safepoint (normal execution)

VM Mutex/Monitor currently owned by a thread: None

Heap:
 PSYoungGen      total 18432K, used 15227K [0x00000000eab00000, 0x00000000ebf80000, 0x0000000100000000)
  eden space 15872K, 95% used [0x00000000eab00000,0x00000000eb9decc0,0x00000000eba80000)
  from space 2560K, 0% used [0x00000000ebd00000,0x00000000ebd00000,0x00000000ebf80000)
  to   space 2560K, 0% used [0x00000000eba80000,0x00000000eba80000,0x00000000ebd00000)
 ParOldGen       total 42496K, used 0K [0x00000000c0000000, 0x00000000c2980000, 0x00000000eab00000)
  object space 42496K, 0% used [0x00000000c0000000,0x00000000c0000000,0x00000000c2980000)
 Metaspace       used 5722K, capacity 6642K, committed 6784K, reserved 1056768K
  class space    used 601K, capacity 618K, committed 640K, reserved 1048576K

Card table byte_map: [0x0000000012900000,0x0000000012b10000] byte_map_base: 0x0000000012300000

Marking Bits: (ParMarkBitMap*) 0x00000000514e64f0
 Begin Bits: [0x0000000013070000, 0x0000000014070000)
 End Bits:   [0x0000000014070000, 0x0000000015070000)

Polling page: 0x00000000016f0000

CodeCache: size=245760Kb used=2699Kb max_used=2712Kb free=243060Kb
 bounds [0x0000000003540000, 0x00000000037f0000, 0x0000000012540000]
 total_blobs=931 nmethods=660 adapters=184
 compilation: enabled

Compilation events (10 events):
Event: 2.257 Thread 0x0000000015c68800 nmethod 670 0x00000000037e1c10 code [0x00000000037e1d40, 0x00000000037e1db8]
Event: 2.257 Thread 0x0000000015c2c000 nmethod 668 0x00000000037d7ed0 code [0x00000000037d8020, 0x00000000037d8128]
Event: 2.258 Thread 0x0000000015c68800  672   !   4       com.android.dx.util.FixedSizeList::<init> (36 bytes)
Event: 2.259 Thread 0x0000000015c2c000  673       4       com.android.dx.rop.code.RegisterSpec::getCategory (13 bytes)
Event: 2.260 Thread 0x0000000015c68800 nmethod 672 0x00000000037e3250 code [0x00000000037e33a0, 0x00000000037e34d8]
Event: 2.260 Thread 0x0000000015c2c000 nmethod 673 0x00000000037e2f50 code [0x00000000037e30a0, 0x00000000037e3178]
Event: 2.261 Thread 0x0000000015c68800  676       4       com.android.dx.rop.type.Type::hashCode (8 bytes)
Event: 2.261 Thread 0x0000000015c2c000  677       4       java.util.HashMap::containsKey (18 bytes)
Event: 2.265 Thread 0x0000000015c68800 nmethod 676 0x00000000037e2b90 code [0x00000000037e2cc0, 0x00000000037e2e38]
Event: 2.265 Thread 0x0000000015c68800  678       4       java.util.HashSet::contains (9 bytes)

GC Heap History (0 events):
No events

Deoptimization events (1 events):
Event: 2.212 Thread 0x00000000171f4800 Uncommon trap: reason=unstable_if action=reinterpret pc=0x000000000375a0fc method=java.util.HashMap.getNode(ILjava/lang/Object;)Ljava/util/HashMap$Node; @ 62

Internal exceptions (2 events):
Event: 0.162 Thread 0x00000000017ae000 Exception <a 'java/lang/NoSuchMethodError': Method sun.misc.Unsafe.defineClass(Ljava/lang/String;[BII)Ljava/lang/Class; name or signature does not match> (0x00000000eab07cc0) thrown at [D:\re\workspace\8-2-build-windows-amd64-cygwin\jdk8u92\6642\hotspot\sr%76 ¸Ä?
Event: 0.162 Thread 0x00000000017ae000 Exception <a 'java/lang/NoSuchMethodError': Method sun.misc.Unsafe.prefetchRead(Ljava/lang/Object;J)V name or signature does not match> (0x00000000eab07fa8) thrown at [D:\re\workspace\8-2-build-windows-amd64-cygwin\jdk8u92\6642\hotspot\src\share\vm\prims\j

Events (10 events):
Event: 2.184 loading class com/android/dx/dex/file/MethodAnnotationStruct done
Event: 2.188 loading class com/android/dx/dex/file/ParameterAnnotationStruct
Event: 2.188 loading class com/android/dx/dex/file/ParameterAnnotationStruct done
Event: 2.189 loading class com/android/dx/dex/file/UniformListItem
Event: 2.189 loading class com/android/dx/dex/file/UniformListItem done
Event: 2.190 loading class com/android/dx/dex/file/AnnotationSetRefItem
Event: 2.190 loading class com/android/dx/dex/file/AnnotationSetRefItem done
Event: 2.212 Thread 0x00000000171f4800 Uncommon trap: trap_request=0xffffff65 fr.pc=0x000000000375a0fc
Event: 2.212 Thread 0x00000000171f4800 DEOPT PACKING pc=0x000000000375a0fc sp=0x0000000017f6e0e0
Event: 2.212 Thread 0x00000000171f4800 DEOPT UNPACKING pc=0x000000000358582a sp=0x0000000017f6e058 mode 2


Dynamic libraries:
0x00007ff7c87a0000 - 0x00007ff7c87d7000 	D:\Program Files\Java\jdk1.8.0_92\bin\java.exe
0x00007ffc7d350000 - 0x00007ffc7d521000 	C:\WINDOWS\SYSTEM32\ntdll.dll
0x00007ffc7ac60000 - 0x00007ffc7ad0b000 	C:\WINDOWS\System32\KERNEL32.DLL
0x00007ffc79970000 - 0x00007ffc79b8d000 	C:\WINDOWS\System32\KERNELBASE.dll
0x00007ffc7aa10000 - 0x00007ffc7aab2000 	C:\WINDOWS\System32\ADVAPI32.dll
0x00007ffc7ae40000 - 0x00007ffc7aede000 	C:\WINDOWS\System32\msvcrt.dll
0x00007ffc7afa0000 - 0x00007ffc7aff9000 	C:\WINDOWS\System32\sechost.dll
0x00007ffc7ad10000 - 0x00007ffc7ae31000 	C:\WINDOWS\System32\RPCRT4.dll
0x00007ffc7aac0000 - 0x00007ffc7ac25000 	C:\WINDOWS\System32\USER32.dll
0x00007ffc7a7f0000 - 0x00007ffc7a80e000 	C:\WINDOWS\System32\win32u.dll
0x00007ffc7d030000 - 0x00007ffc7d064000 	C:\WINDOWS\System32\GDI32.dll
0x00007ffc79dd0000 - 0x00007ffc79f52000 	C:\WINDOWS\System32\gdi32full.dll
0x00007ffc6f2e0000 - 0x00007ffc6f559000 	C:\WINDOWS\WinSxS\amd64_microsoft.windows.common-controls_6595b64144ccf1df_6.0.14393.0_none_2d0f50fcbdb171b8\COMCTL32.dll
0x00007ffc7c890000 - 0x00007ffc7cb57000 	C:\WINDOWS\System32\combase.dll
0x00007ffc7a6f0000 - 0x00007ffc7a7e5000 	C:\WINDOWS\System32\ucrtbase.dll
0x00007ffc79b90000 - 0x00007ffc79bfa000 	C:\WINDOWS\System32\bcryptPrimitives.dll
0x00007ffc7b160000 - 0x00007ffc7b18e000 	C:\WINDOWS\System32\IMM32.DLL
0x0000000050230000 - 0x0000000050302000 	D:\Program Files\Java\jdk1.8.0_92\jre\bin\msvcr100.dll
0x0000000050cd0000 - 0x0000000051566000 	D:\Program Files\Java\jdk1.8.0_92\jre\bin\server\jvm.dll
0x00007ffc7aa00000 - 0x00007ffc7aa08000 	C:\WINDOWS\System32\PSAPI.DLL
0x00007ffc6d910000 - 0x00007ffc6d919000 	C:\WINDOWS\SYSTEM32\WSOCK32.dll
0x00007ffc7d140000 - 0x00007ffc7d1aa000 	C:\WINDOWS\System32\WS2_32.dll
0x00007ffc77cf0000 - 0x00007ffc77d13000 	C:\WINDOWS\SYSTEM32\WINMM.dll
0x00007ffc6eef0000 - 0x00007ffc6eefa000 	C:\WINDOWS\SYSTEM32\VERSION.dll
0x00007ffc77c90000 - 0x00007ffc77cbb000 	C:\WINDOWS\SYSTEM32\WINMMBASE.dll
0x00007ffc7a6a0000 - 0x00007ffc7a6e2000 	C:\WINDOWS\System32\cfgmgr32.dll
0x0000000050cc0000 - 0x0000000050ccf000 	D:\Program Files\Java\jdk1.8.0_92\jre\bin\verify.dll
0x0000000050c90000 - 0x0000000050cb9000 	D:\Program Files\Java\jdk1.8.0_92\jre\bin\java.dll
0x0000000050c70000 - 0x0000000050c86000 	D:\Program Files\Java\jdk1.8.0_92\jre\bin\zip.dll
0x00007ffc7b1b0000 - 0x00007ffc7c6b8000 	C:\WINDOWS\System32\SHELL32.dll
0x00007ffc79fc0000 - 0x00007ffc7a69a000 	C:\WINDOWS\System32\windows.storage.dll
0x00007ffc79830000 - 0x00007ffc7987c000 	C:\WINDOWS\System32\powrprof.dll
0x00007ffc7d080000 - 0x00007ffc7d0d2000 	C:\WINDOWS\System32\shlwapi.dll
0x00007ffc79890000 - 0x00007ffc7989f000 	C:\WINDOWS\System32\kernel.appcore.dll
0x00007ffc7a810000 - 0x00007ffc7a8b9000 	C:\WINDOWS\System32\shcore.dll
0x00007ffc798a0000 - 0x00007ffc798b4000 	C:\WINDOWS\System32\profapi.dll

VM Arguments:
jvm_args: -Djava.awt.headless=true -Xmx1024M -Dfile.encoding=GBK -Duser.country=CN -Duser.language=zh -Duser.variant 
java_command: com.android.dx.command.Main --dex --force-jumbo --num-threads=4 --output F:\AndroidStudioProjects\MyApplication2\l07_app_music\build\intermediates\pre-dexed\debug\com.android.support-support-media-compat-24.2.0_4d33ee160af994d6831008264b7ccb796e14f4cc.jar F:\AndroidStudioProjects\MyApplication2\l07_app_music\build\intermediates\exploded-aar\com.android.support\support-media-compat\24.2.0\jars\classes.jar
java_class_path (initial): D:\Android_developer_tools\android-sdk-windows\build-tools\24.0.2\lib\dx.jar
Launcher Type: SUN_STANDARD

Environment Variables:
JAVA_HOME=D:\Program Files\Java\jdk1.8.0_92
CLASSPATH=.;D:\Program Files\Java\jdk1.8.0_92\lib\dt.jar;D:\Program Files\Java\jdk1.8.0_92\lib\tools.jar
PATH=D:\Program Files\Java\jdk1.8.0_92\bin;D:\Program Files\Java\jdk1.8.0_92\jre\bin;C:\WINDOWS\system32;C:\WINDOWS;C:\WINDOWS\System32\Wbem;C:\WINDOWS\System32\WindowsPowerShell\v1.0\;C:\Program Files (x86)\ATI Technologies\ATI.ACE\Core-Static;C:\Program Files\Lenovo\Bluetooth Software\;C:\Program Files\Lenovo\Bluetooth Software\syswow64;C:\Program Files (x86)\AMD\ATI.ACE\Core-Static;D:\Program Files (x86)\MySQL\MySQL Server 5.5\bin;D:\Android_developer_tools\android-sdk-windows\platform-tools;D:\Android_developer_tools\android-sdk-windows\tools;C:\Users\Administrator\AppData\Local\Microsoft\WindowsApps;
USERNAME=Administrator
OS=Windows_NT
PROCESSOR_IDENTIFIER=Intel64 Family 6 Model 58 Stepping 9, GenuineIntel



---------------  S Y S T E M  ---------------

OS: Windows 10.0 , 64 bit Build 14393 (10.0.14393.0)

CPU:total 4 (2 cores per cpu, 2 threads per core) family 6 model 58 stepping 9, cmov, cx8, fxsr, mmx, sse, sse2, sse3, ssse3, sse4.1, sse4.2, popcnt, avx, clmul, erms, ht, tsc, tscinvbit, tscinv

Memory: 4k page, physical 4060004k(371792k free), swap 6157156k(5124k free)

vm_info: Java HotSpot(TM) 64-Bit Server VM (25.92-b14) for windows-amd64 JRE (1.8.0_92-b14), built on Mar 31 2016 21:03:04 by "java_re" with MS VC++ 10.0 (VS2010)

time: Sun Sep 11 23:27:05 2016
elapsed time: 2 seconds (0d 0h 0m 2s)

