#
# There is insufficient memory for the Java Runtime Environment to continue.
# Native memory allocation (malloc) failed to allocate 547696 bytes for Chunk::new
# Possible reasons:
#   The system is out of physical RAM or swap space
#   In 32 bit mode, the process size limit was hit
# Possible solutions:
#   Reduce memory load on the system
#   Increase physical memory or swap space
#   Check if swap backing store is full
#   Use 64 bit Java on a 64 bit OS
#   Decrease Java heap size (-Xmx/-Xms)
#   Decrease number of Java threads
#   Decrease Java thread stack sizes (-Xss)
#   Set larger code cache with -XX:ReservedCodeCacheSize=
# This output file may be truncated or incomplete.
#
#  Out of Memory Error (allocation.cpp:390), pid=5956, tid=0x00000000000009ac
#
# JRE version: Java(TM) SE Runtime Environment (8.0_92-b14) (build 1.8.0_92-b14)
# Java VM: Java HotSpot(TM) 64-Bit Server VM (25.92-b14 mixed mode windows-amd64 compressed oops)
# Failed to write core dump. Minidumps are not enabled by default on client versions of Windows
#

---------------  T H R E A D  ---------------

Current thread (0x00000000154b1000):  JavaThread "C2 CompilerThread0" daemon [_thread_in_native, id=2476, stack(0x0000000016e10000,0x0000000016f10000)]

Stack: [0x0000000016e10000,0x0000000016f10000]
[error occurred during error reporting (printing stack bounds), id 0xc0000005]

Native frames: (J=compiled Java code, j=interpreted, Vv=VM code, C=native code)


Current CompileTask:
C2:  27889 2445       4       com.android.dx.dex.code.LocalList::make (102 bytes)


---------------  P R O C E S S  ---------------

Java Threads: ( => current thread )
  0x0000000016881000 JavaThread "Service Thread" daemon [_thread_blocked, id=9956, stack(0x0000000017110000,0x0000000017210000)]
  0x000000001687c000 JavaThread "C1 CompilerThread2" daemon [_thread_blocked, id=6076, stack(0x0000000017010000,0x0000000017110000)]
  0x0000000002dce000 JavaThread "C2 CompilerThread1" daemon [_thread_blocked, id=7732, stack(0x0000000016f10000,0x0000000017010000)]
=>0x00000000154b1000 JavaThread "C2 CompilerThread0" daemon [_thread_in_native, id=2476, stack(0x0000000016e10000,0x0000000016f10000)]
  0x00000000154af000 JavaThread "Attach Listener" daemon [_thread_blocked, id=4084, stack(0x0000000016d10000,0x0000000016e10000)]
  0x00000000154ae000 JavaThread "Signal Dispatcher" daemon [_thread_blocked, id=9716, stack(0x0000000016c10000,0x0000000016d10000)]
  0x0000000002dc4800 JavaThread "Finalizer" daemon [_thread_blocked, id=8564, stack(0x0000000016710000,0x0000000016810000)]
  0x0000000002dbf000 JavaThread "Reference Handler" daemon [_thread_blocked, id=7752, stack(0x0000000016610000,0x0000000016710000)]
  0x0000000002bce000 JavaThread "main" [_thread_in_Java, id=8552, stack(0x0000000002bd0000,0x0000000002cd0000)]

Other Threads:
  0x0000000015467800 VMThread [stack: 0x0000000016510000,0x0000000016610000] [id=6732]
  0x00000000168dc800 WatcherThread [stack: 0x0000000017210000,0x0000000017310000] [id=4948]

VM state:not at safepoint (normal execution)

VM Mutex/Monitor currently owned by a thread: None

Heap:
 PSYoungGen      total 140800K, used 17259K [0x00000000eab00000, 0x00000000fd000000, 0x0000000100000000)
  eden space 125440K, 8% used [0x00000000eab00000,0x00000000eb5e3d60,0x00000000f2580000)
  from space 15360K, 39% used [0x00000000f2580000,0x00000000f2b76ef8,0x00000000f3480000)
  to   space 24576K, 0% used [0x00000000fb800000,0x00000000fb800000,0x00000000fd000000)
 ParOldGen       total 81408K, used 42376K [0x00000000c0000000, 0x00000000c4f80000, 0x00000000eab00000)
  object space 81408K, 52% used [0x00000000c0000000,0x00000000c2962340,0x00000000c4f80000)
 Metaspace       used 6878K, capacity 7544K, committed 7680K, reserved 1056768K
  class space    used 646K, capacity 688K, committed 768K, reserved 1048576K

Card table byte_map: [0x0000000012190000,0x00000000123a0000] byte_map_base: 0x0000000011b90000

Marking Bits: (ParMarkBitMap*) 0x00000000511a64f0
 Begin Bits: [0x0000000012900000, 0x0000000013900000)
 End Bits:   [0x0000000013900000, 0x0000000014900000)

Polling page: 0x0000000000ea0000

CodeCache: size=245760Kb used=11317Kb max_used=11333Kb free=234442Kb
 bounds [0x0000000002dd0000, 0x00000000038f0000, 0x0000000011dd0000]
 total_blobs=2615 nmethods=2343 adapters=184
 compilation: enabled

Compilation events (10 events):
Event: 27.720 Thread 0x000000001687c000 2448       1       com.android.dx.rop.cst.CstKnownNull::fitsInInt (2 bytes)
Event: 27.720 Thread 0x000000001687c000 nmethod 2448 0x00000000038b7e50 code [0x00000000038b7fa0, 0x00000000038b80b0]
Event: 27.721 Thread 0x000000001687c000 2449       1       com.android.dx.rop.cst.CstKnownNull::getIntBits (2 bytes)
Event: 27.721 Thread 0x000000001687c000 nmethod 2449 0x00000000038bfed0 code [0x00000000038c0020, 0x00000000038c0130]
Event: 27.722 Thread 0x0000000002dce000 2450       4       com.android.dx.dex.code.StdCatchBuilder::build (262 bytes)
Event: 27.832 Thread 0x0000000002dce000 nmethod 2450 0x00000000038e8d90 code [0x00000000038e9040, 0x00000000038eb120]
Event: 27.855 Thread 0x000000001687c000 2451       3       com.android.dx.dex.code.form.Form22t::branchFits (22 bytes)
Event: 27.856 Thread 0x000000001687c000 nmethod 2451 0x00000000038d7310 code [0x00000000038d74c0, 0x00000000038d7bf8]
Event: 27.857 Thread 0x000000001687c000 2452       1       com.android.dx.dex.code.form.Form22b::codeSize (2 bytes)
Event: 27.857 Thread 0x000000001687c000 nmethod 2452 0x00000000038ce610 code [0x00000000038ce760, 0x00000000038ce870]

GC Heap History (10 events):
Event: 15.175 GC heap before
{Heap before GC invocations=4 (full 0):
 PSYoungGen      total 34304K, used 34275K [0x00000000eab00000, 0x00000000eee00000, 0x0000000100000000)
  eden space 31744K, 100% used [0x00000000eab00000,0x00000000eca00000,0x00000000eca00000)
  from space 2560K, 98% used [0x00000000eca00000,0x00000000ecc78f40,0x00000000ecc80000)
  to   space 2560K, 0% used [0x00000000eeb80000,0x00000000eeb80000,0x00000000eee00000)
 ParOldGen       total 42496K, used 7875K [0x00000000c0000000, 0x00000000c2980000, 0x00000000eab00000)
  object space 42496K, 18% used [0x00000000c0000000,0x00000000c07b0ed8,0x00000000c2980000)
 Metaspace       used 6303K, capacity 7094K, committed 7296K, reserved 1056768K
  class space    used 608K, capacity 622K, committed 640K, reserved 1048576K
Event: 15.235 GC heap after
Heap after GC invocations=4 (full 0):
 PSYoungGen      total 66048K, used 2560K [0x00000000eab00000, 0x00000000eee00000, 0x0000000100000000)
  eden space 63488K, 0% used [0x00000000eab00000,0x00000000eab00000,0x00000000ee900000)
  from space 2560K, 100% used [0x00000000eeb80000,0x00000000eee00000,0x00000000eee00000)
  to   space 2560K, 0% used [0x00000000ee900000,0x00000000ee900000,0x00000000eeb80000)
 ParOldGen       total 42496K, used 12651K [0x00000000c0000000, 0x00000000c2980000, 0x00000000eab00000)
  object space 42496K, 29% used [0x00000000c0000000,0x00000000c0c5ac00,0x00000000c2980000)
 Metaspace       used 6303K, capacity 7094K, committed 7296K, reserved 1056768K
  class space    used 608K, capacity 622K, committed 640K, reserved 1048576K
}
Event: 17.770 GC heap before
{Heap before GC invocations=5 (full 0):
 PSYoungGen      total 66048K, used 66048K [0x00000000eab00000, 0x00000000eee00000, 0x0000000100000000)
  eden space 63488K, 100% used [0x00000000eab00000,0x00000000ee900000,0x00000000ee900000)
  from space 2560K, 100% used [0x00000000eeb80000,0x00000000eee00000,0x00000000eee00000)
  to   space 2560K, 0% used [0x00000000ee900000,0x00000000ee900000,0x00000000eeb80000)
 ParOldGen       total 42496K, used 12651K [0x00000000c0000000, 0x00000000c2980000, 0x00000000eab00000)
  object space 42496K, 29% used [0x00000000c0000000,0x00000000c0c5ac00,0x00000000c2980000)
 Metaspace       used 6360K, capacity 7158K, committed 7296K, reserved 1056768K
  class space    used 609K, capacity 622K, committed 640K, reserved 1048576K
Event: 17.876 GC heap after
Heap after GC invocations=5 (full 0):
 PSYoungGen      total 66048K, used 2541K [0x00000000eab00000, 0x00000000f4200000, 0x0000000100000000)
  eden space 63488K, 0% used [0x00000000eab00000,0x00000000eab00000,0x00000000ee900000)
  from space 2560K, 99% used [0x00000000ee900000,0x00000000eeb7b748,0x00000000eeb80000)
  to   space 13824K, 0% used [0x00000000f3480000,0x00000000f3480000,0x00000000f4200000)
 ParOldGen       total 42496K, used 23054K [0x00000000c0000000, 0x00000000c2980000, 0x00000000eab00000)
  object space 42496K, 54% used [0x00000000c0000000,0x00000000c1683ad8,0x00000000c2980000)
 Metaspace       used 6360K, capacity 7158K, committed 7296K, reserved 1056768K
  class space    used 609K, capacity 622K, committed 640K, reserved 1048576K
}
Event: 19.438 GC heap before
{Heap before GC invocations=6 (full 0):
 PSYoungGen      total 66048K, used 66029K [0x00000000eab00000, 0x00000000f4200000, 0x0000000100000000)
  eden space 63488K, 100% used [0x00000000eab00000,0x00000000ee900000,0x00000000ee900000)
  from space 2560K, 99% used [0x00000000ee900000,0x00000000eeb7b748,0x00000000eeb80000)
  to   space 13824K, 0% used [0x00000000f3480000,0x00000000f3480000,0x00000000f4200000)
 ParOldGen       total 42496K, used 23054K [0x00000000c0000000, 0x00000000c2980000, 0x00000000eab00000)
  object space 42496K, 54% used [0x00000000c0000000,0x00000000c1683ad8,0x00000000c2980000)
 Metaspace       used 6481K, capacity 7192K, committed 7424K, reserved 1056768K
  class space    used 628K, capacity 656K, committed 768K, reserved 1048576K
Event: 19.549 GC heap after
Heap after GC invocations=6 (full 0):
 PSYoungGen      total 139264K, used 11664K [0x00000000eab00000, 0x00000000f4500000, 0x0000000100000000)
  eden space 125440K, 0% used [0x00000000eab00000,0x00000000eab00000,0x00000000f2580000)
  from space 13824K, 84% used [0x00000000f3480000,0x00000000f3fe41d8,0x00000000f4200000)
  to   space 15360K, 0% used [0x00000000f2580000,0x00000000f2580000,0x00000000f3480000)
 ParOldGen       total 42496K, used 23054K [0x00000000c0000000, 0x00000000c2980000, 0x00000000eab00000)
  object space 42496K, 54% used [0x00000000c0000000,0x00000000c1683ad8,0x00000000c2980000)
 Metaspace       used 6481K, capacity 7192K, committed 7424K, reserved 1056768K
  class space    used 628K, capacity 656K, committed 768K, reserved 1048576K
}
Event: 21.413 GC heap before
{Heap before GC invocations=7 (full 0):
 PSYoungGen      total 139264K, used 137104K [0x00000000eab00000, 0x00000000f4500000, 0x0000000100000000)
  eden space 125440K, 100% used [0x00000000eab00000,0x00000000f2580000,0x00000000f2580000)
  from space 13824K, 84% used [0x00000000f3480000,0x00000000f3fe41d8,0x00000000f4200000)
  to   space 15360K, 0% used [0x00000000f2580000,0x00000000f2580000,0x00000000f3480000)
 ParOldGen       total 42496K, used 23054K [0x00000000c0000000, 0x00000000c2980000, 0x00000000eab00000)
  object space 42496K, 54% used [0x00000000c0000000,0x00000000c1683ad8,0x00000000c2980000)
 Metaspace       used 6577K, capacity 7256K, committed 7424K, reserved 1056768K
  class space    used 630K, capacity 656K, committed 768K, reserved 1048576K
Event: 21.523 GC heap after
Heap after GC invocations=7 (full 0):
 PSYoungGen      total 140800K, used 15356K [0x00000000eab00000, 0x00000000fd000000, 0x0000000100000000)
  eden space 125440K, 0% used [0x00000000eab00000,0x00000000eab00000,0x00000000f2580000)
  from space 15360K, 99% used [0x00000000f2580000,0x00000000f347f350,0x00000000f3480000)
  to   space 24576K, 0% used [0x00000000fb800000,0x00000000fb800000,0x00000000fd000000)
 ParOldGen       total 42496K, used 36387K [0x00000000c0000000, 0x00000000c2980000, 0x00000000eab00000)
  object space 42496K, 85% used [0x00000000c0000000,0x00000000c2388cd8,0x00000000c2980000)
 Metaspace       used 6577K, capacity 7256K, committed 7424K, reserved 1056768K
  class space    used 630K, capacity 656K, committed 768K, reserved 1048576K
}
Event: 21.523 GC heap before
{Heap before GC invocations=8 (full 1):
 PSYoungGen      total 140800K, used 15356K [0x00000000eab00000, 0x00000000fd000000, 0x0000000100000000)
  eden space 125440K, 0% used [0x00000000eab00000,0x00000000eab00000,0x00000000f2580000)
  from space 15360K, 99% used [0x00000000f2580000,0x00000000f347f350,0x00000000f3480000)
  to   space 24576K, 0% used [0x00000000fb800000,0x00000000fb800000,0x00000000fd000000)
 ParOldGen       total 42496K, used 36387K [0x00000000c0000000, 0x00000000c2980000, 0x00000000eab00000)
  object space 42496K, 85% used [0x00000000c0000000,0x00000000c2388cd8,0x00000000c2980000)
 Metaspace       used 6577K, capacity 7256K, committed 7424K, reserved 1056768K
  class space    used 630K, capacity 656K, committed 768K, reserved 1048576K
Event: 22.891 GC heap after
Heap after GC invocations=8 (full 1):
 PSYoungGen      total 140800K, used 6107K [0x00000000eab00000, 0x00000000fd000000, 0x0000000100000000)
  eden space 125440K, 0% used [0x00000000eab00000,0x00000000eab00000,0x00000000f2580000)
  from space 15360K, 39% used [0x00000000f2580000,0x00000000f2b76ef8,0x00000000f3480000)
  to   space 24576K, 0% used [0x00000000fb800000,0x00000000fb800000,0x00000000fd000000)
 ParOldGen       total 81408K, used 42376K [0x00000000c0000000, 0x00000000c4f80000, 0x00000000eab00000)
  object space 81408K, 52% used [0x00000000c0000000,0x00000000c2962340,0x00000000c4f80000)
 Metaspace       used 6577K, capacity 7256K, committed 7424K, reserved 1056768K
  class space    used 630K, capacity 656K, committed 768K, reserved 1048576K
}

Deoptimization events (10 events):
Event: 23.505 Thread 0x0000000002bce000 Uncommon trap: reason=bimorphic action=maybe_recompile pc=0x00000000033262cc method=java.util.HashMap.putVal(ILjava/lang/Object;Ljava/lang/Object;ZZ)Ljava/lang/Object; @ 203
Event: 23.505 Thread 0x0000000002bce000 Uncommon trap: reason=bimorphic action=maybe_recompile pc=0x00000000033262cc method=java.util.HashMap.putVal(ILjava/lang/Object;Ljava/lang/Object;ZZ)Ljava/lang/Object; @ 203
Event: 23.505 Thread 0x0000000002bce000 Uncommon trap: reason=bimorphic action=maybe_recompile pc=0x00000000033262cc method=java.util.HashMap.putVal(ILjava/lang/Object;Ljava/lang/Object;ZZ)Ljava/lang/Object; @ 203
Event: 23.506 Thread 0x0000000002bce000 Uncommon trap: reason=bimorphic action=maybe_recompile pc=0x00000000033262cc method=java.util.HashMap.putVal(ILjava/lang/Object;Ljava/lang/Object;ZZ)Ljava/lang/Object; @ 203
Event: 23.839 Thread 0x0000000002bce000 Uncommon trap: reason=unstable_if action=reinterpret pc=0x00000000037c3608 method=java.util.HashMap.putVal(ILjava/lang/Object;Ljava/lang/Object;ZZ)Ljava/lang/Object; @ 94
Event: 24.238 Thread 0x0000000002bce000 Uncommon trap: reason=unstable_if action=reinterpret pc=0x00000000037c03b0 method=java.util.HashMap.putVal(ILjava/lang/Object;Ljava/lang/Object;ZZ)Ljava/lang/Object; @ 109
Event: 25.812 Thread 0x0000000002bce000 Uncommon trap: reason=unstable_if action=reinterpret pc=0x000000000384b54c method=com.android.dx.dex.code.OutputFinisher.findOpcodeForInsn(Lcom/android/dx/dex/code/DalvInsn;Lcom/android/dx/dex/code/Dop;)Lcom/android/dx/dex/code/Dop; @ 1
Event: 26.764 Thread 0x0000000002bce000 Uncommon trap: reason=unstable_if action=reinterpret pc=0x0000000003609330 method=java.util.TreeMap.put(Ljava/lang/Object;Ljava/lang/Object;)Ljava/lang/Object; @ 163
Event: 26.835 Thread 0x0000000002bce000 Uncommon trap: reason=unstable_if action=reinterpret pc=0x00000000038668e4 method=com.android.dx.rop.code.RegisterSpec.matchesVariable(Lcom/android/dx/rop/code/RegisterSpec;)Z @ 59
Event: 27.711 Thread 0x0000000002bce000 Uncommon trap: reason=unstable_if action=reinterpret pc=0x00000000038cd1cc method=com.android.dx.dex.code.StdCatchBuilder.handlersFor(Lcom/android/dx/rop/code/BasicBlock;Lcom/android/dx/dex/code/BlockAddresses;)Lcom/android/dx/dex/code/CatchHandlerList; @ J

Internal exceptions (7 events):
Event: 0.171 Thread 0x0000000002bce000 Exception <a 'java/lang/NoSuchMethodError': Method sun.misc.Unsafe.defineClass(Ljava/lang/String;[BII)Ljava/lang/Class; name or signature does not match> (0x00000000eab07cc0) thrown at [D:\re\workspace\8-2-build-windows-amd64-cygwin\jdk8u92\6642\hotspot\sràgZ‘õÅ?
Event: 0.172 Thread 0x0000000002bce000 Exception <a 'java/lang/NoSuchMethodError': Method sun.misc.Unsafe.prefetchRead(Ljava/lang/Object;J)V name or signature does not match> (0x00000000eab07fa8) thrown at [D:\re\workspace\8-2-build-windows-amd64-cygwin\jdk8u92\6642\hotspot\src\share\vm\prims\jíZE«=ˆ&@
Event: 11.266 Thread 0x0000000016af5800 Implicit null exception at 0x00000000031708e2 to 0x00000000031709d2
Event: 13.078 Thread 0x0000000016af5800 Implicit null exception at 0x0000000003363e4a to 0x00000000033653e1
Event: 18.454 Thread 0x0000000016af6000 Exception <a 'java/lang/ArrayIndexOutOfBoundsException': 18> (0x00000000ebf1e710) thrown at [D:\re\workspace\8-2-build-windows-amd64-cygwin\jdk8u92\6642\hotspot\src\share\vm\interpreter\interpreterRuntime.cpp, line 366]
Event: 18.455 Thread 0x0000000016af6000 Exception <a 'java/lang/ArrayIndexOutOfBoundsException'> (0x00000000ebf20290) thrown at [D:\re\workspace\8-2-build-windows-amd64-cygwin\jdk8u92\6642\hotspot\src\share\vm\runtime\sharedRuntime.cpp, line 605]
Event: 18.456 Thread 0x0000000016af6000 Exception <a 'java/lang/ArrayIndexOutOfBoundsException'> (0x00000000ebf21578) thrown at [D:\re\workspace\8-2-build-windows-amd64-cygwin\jdk8u92\6642\hotspot\src\share\vm\runtime\sharedRuntime.cpp, line 605]

Events (10 events):
Event: 27.709 Thread 0x0000000002bce000 DEOPT UNPACKING pc=0x0000000002e1787f sp=0x0000000002cce8e0 mode 0
Event: 27.711 Thread 0x0000000002bce000 Uncommon trap: trap_request=0xffffff65 fr.pc=0x00000000038cd1cc
Event: 27.711 Thread 0x0000000002bce000 DEOPT PACKING pc=0x00000000038cd1cc sp=0x0000000002cce8c0
Event: 27.711 Thread 0x0000000002bce000 DEOPT UNPACKING pc=0x0000000002e1582a sp=0x0000000002cce838 mode 2
Event: 27.722 Thread 0x0000000002bce000 DEOPT PACKING pc=0x0000000003858f09 sp=0x0000000002cceb90
Event: 27.722 Thread 0x0000000002bce000 DEOPT UNPACKING pc=0x0000000002e1787f sp=0x0000000002cce8e0 mode 0
Event: 27.849 Thread 0x0000000002bce000 DEOPT PACKING pc=0x0000000003858f09 sp=0x0000000002cceb90
Event: 27.849 Thread 0x0000000002bce000 DEOPT UNPACKING pc=0x0000000002e1787f sp=0x0000000002cce8e0 mode 0
Event: 27.859 Thread 0x0000000002bce000 DEOPT PACKING pc=0x0000000003858f09 sp=0x0000000002cceb90
Event: 27.859 Thread 0x0000000002bce000 DEOPT UNPACKING pc=0x0000000002e1787f sp=0x0000000002cce8e0 mode 0


Dynamic libraries:
0x00007ff617730000 - 0x00007ff617767000 	D:\Program Files\Java\jdk1.8.0_92\bin\java.exe
0x00007ffc7d350000 - 0x00007ffc7d521000 	C:\WINDOWS\SYSTEM32\ntdll.dll
0x00007ffc7ac60000 - 0x00007ffc7ad0b000 	C:\WINDOWS\System32\KERNEL32.DLL
0x00007ffc79970000 - 0x00007ffc79b8d000 	C:\WINDOWS\System32\KERNELBASE.dll
0x00007ffc7aa10000 - 0x00007ffc7aab2000 	C:\WINDOWS\System32\ADVAPI32.dll
0x00007ffc7ae40000 - 0x00007ffc7aede000 	C:\WINDOWS\System32\msvcrt.dll
0x00007ffc7afa0000 - 0x00007ffc7aff9000 	C:\WINDOWS\System32\sechost.dll
0x00007ffc7ad10000 - 0x00007ffc7ae31000 	C:\WINDOWS\System32\RPCRT4.dll
0x00007ffc7aac0000 - 0x00007ffc7ac25000 	C:\WINDOWS\System32\USER32.dll
0x00007ffc7a7f0000 - 0x00007ffc7a80e000 	C:\WINDOWS\System32\win32u.dll
0x00007ffc7d030000 - 0x00007ffc7d064000 	C:\WINDOWS\System32\GDI32.dll
0x00007ffc79dd0000 - 0x00007ffc79f52000 	C:\WINDOWS\System32\gdi32full.dll
0x00007ffc6f2e0000 - 0x00007ffc6f559000 	C:\WINDOWS\WinSxS\amd64_microsoft.windows.common-controls_6595b64144ccf1df_6.0.14393.0_none_2d0f50fcbdb171b8\COMCTL32.dll
0x00007ffc7c890000 - 0x00007ffc7cb57000 	C:\WINDOWS\System32\combase.dll
0x00007ffc7a6f0000 - 0x00007ffc7a7e5000 	C:\WINDOWS\System32\ucrtbase.dll
0x00007ffc79b90000 - 0x00007ffc79bfa000 	C:\WINDOWS\System32\bcryptPrimitives.dll
0x00007ffc7b160000 - 0x00007ffc7b18e000 	C:\WINDOWS\System32\IMM32.DLL
0x0000000051490000 - 0x0000000051562000 	D:\Program Files\Java\jdk1.8.0_92\jre\bin\msvcr100.dll
0x0000000050990000 - 0x0000000051226000 	D:\Program Files\Java\jdk1.8.0_92\jre\bin\server\jvm.dll
0x00007ffc7aa00000 - 0x00007ffc7aa08000 	C:\WINDOWS\System32\PSAPI.DLL
0x00007ffc6d910000 - 0x00007ffc6d919000 	C:\WINDOWS\SYSTEM32\WSOCK32.dll
0x00007ffc7d140000 - 0x00007ffc7d1aa000 	C:\WINDOWS\System32\WS2_32.dll
0x00007ffc77cf0000 - 0x00007ffc77d13000 	C:\WINDOWS\SYSTEM32\WINMM.dll
0x00007ffc6eef0000 - 0x00007ffc6eefa000 	C:\WINDOWS\SYSTEM32\VERSION.dll
0x00007ffc77c90000 - 0x00007ffc77cbb000 	C:\WINDOWS\SYSTEM32\WINMMBASE.dll
0x00007ffc7a6a0000 - 0x00007ffc7a6e2000 	C:\WINDOWS\System32\cfgmgr32.dll
0x0000000050980000 - 0x000000005098f000 	D:\Program Files\Java\jdk1.8.0_92\jre\bin\verify.dll
0x0000000050950000 - 0x0000000050979000 	D:\Program Files\Java\jdk1.8.0_92\jre\bin\java.dll
0x0000000050930000 - 0x0000000050946000 	D:\Program Files\Java\jdk1.8.0_92\jre\bin\zip.dll
0x00007ffc7b1b0000 - 0x00007ffc7c6b8000 	C:\WINDOWS\System32\SHELL32.dll
0x00007ffc79fc0000 - 0x00007ffc7a69a000 	C:\WINDOWS\System32\windows.storage.dll
0x00007ffc79830000 - 0x00007ffc7987c000 	C:\WINDOWS\System32\powrprof.dll
0x00007ffc7d080000 - 0x00007ffc7d0d2000 	C:\WINDOWS\System32\shlwapi.dll
0x00007ffc79890000 - 0x00007ffc7989f000 	C:\WINDOWS\System32\kernel.appcore.dll
0x00007ffc7a810000 - 0x00007ffc7a8b9000 	C:\WINDOWS\System32\shcore.dll
0x00007ffc798a0000 - 0x00007ffc798b4000 	C:\WINDOWS\System32\profapi.dll

VM Arguments:
jvm_args: -Djava.awt.headless=true -Xmx1024M -Dfile.encoding=GBK -Duser.country=CN -Duser.language=zh -Duser.variant 
java_command: com.android.dx.command.Main --dex --force-jumbo --num-threads=4 --output F:\AndroidStudioProjects\MyApplication2\l07_app_music\build\intermediates\pre-dexed\debug\com.android.support-appcompat-v7-24.2.0_0f1e5d496ebc6201bd330a81cc0144858d983f53.jar F:\AndroidStudioProjects\MyApplication2\l07_app_music\build\intermediates\exploded-aar\com.android.support\appcompat-v7\24.2.0\jars\classes.jar
java_class_path (initial): D:\Android_developer_tools\android-sdk-windows\build-tools\24.0.2\lib\dx.jar
Launcher Type: SUN_STANDARD

Environment Variables:
JAVA_HOME=D:\Program Files\Java\jdk1.8.0_92
CLASSPATH=.;D:\Program Files\Java\jdk1.8.0_92\lib\dt.jar;D:\Program Files\Java\jdk1.8.0_92\lib\tools.jar
PATH=D:\Program Files\Java\jdk1.8.0_92\bin;D:\Program Files\Java\jdk1.8.0_92\jre\bin;C:\WINDOWS\system32;C:\WINDOWS;C:\WINDOWS\System32\Wbem;C:\WINDOWS\System32\WindowsPowerShell\v1.0\;C:\Program Files (x86)\ATI Technologies\ATI.ACE\Core-Static;C:\Program Files\Lenovo\Bluetooth Software\;C:\Program Files\Lenovo\Bluetooth Software\syswow64;C:\Program Files (x86)\AMD\ATI.ACE\Core-Static;D:\Program Files (x86)\MySQL\MySQL Server 5.5\bin;D:\Android_developer_tools\android-sdk-windows\platform-tools;D:\Android_developer_tools\android-sdk-windows\tools;C:\Users\Administrator\AppData\Local\Microsoft\WindowsApps;
USERNAME=Administrator
OS=Windows_NT
PROCESSOR_IDENTIFIER=Intel64 Family 6 Model 58 Stepping 9, GenuineIntel



---------------  S Y S T E M  ---------------

OS: Windows 10.0 , 64 bit Build 14393 (10.0.14393.0)

CPU:total 4 (2 cores per cpu, 2 threads per core) family 6 model 58 stepping 9, cmov, cx8, fxsr, mmx, sse, sse2, sse3, ssse3, sse4.1, sse4.2, popcnt, avx, clmul, erms, ht, tsc, tscinvbit, tscinv

Memory: 4k page, physical 4060004k(303512k free), swap 6157156k(5392k free)

vm_info: Java HotSpot(TM) 64-Bit Server VM (25.92-b14) for windows-amd64 JRE (1.8.0_92-b14), built on Mar 31 2016 21:03:04 by "java_re" with MS VC++ 10.0 (VS2010)

time: Sun Sep 11 10:46:16 2016
elapsed time: 27 seconds (0d 0h 0m 27s)

