#
# There is insufficient memory for the Java Runtime Environment to continue.
# Native memory allocation (malloc) failed to allocate 367456 bytes for Chunk::new
# Possible reasons:
#   The system is out of physical RAM or swap space
#   In 32 bit mode, the process size limit was hit
# Possible solutions:
#   Reduce memory load on the system
#   Increase physical memory or swap space
#   Check if swap backing store is full
#   Use 64 bit Java on a 64 bit OS
#   Decrease Java heap size (-Xmx/-Xms)
#   Decrease number of Java threads
#   Decrease Java thread stack sizes (-Xss)
#   Set larger code cache with -XX:ReservedCodeCacheSize=
# This output file may be truncated or incomplete.
#
#  Out of Memory Error (allocation.cpp:390), pid=8256, tid=0x0000000000003dbc
#
# JRE version: Java(TM) SE Runtime Environment (8.0_92-b14) (build 1.8.0_92-b14)
# Java VM: Java HotSpot(TM) 64-Bit Server VM (25.92-b14 mixed mode windows-amd64 compressed oops)
# Failed to write core dump. Minidumps are not enabled by default on client versions of Windows
#

---------------  T H R E A D  ---------------

Current thread (0x000000000288a000):  JavaThread "C2 CompilerThread0" daemon [_thread_in_native, id=15804, stack(0x00000000168d0000,0x00000000169d0000)]

Stack: [0x00000000168d0000,0x00000000169d0000]
[error occurred during error reporting (printing stack bounds), id 0xc0000005]

Native frames: (J=compiled Java code, j=interpreted, Vv=VM code, C=native code)


Current CompileTask:
C2:   8306 1369       4       com.android.dx.rop.code.Rops::ropFor (771 bytes)


---------------  P R O C E S S  ---------------

Java Threads: ( => current thread )
  0x0000000016481000 JavaThread "pool-1-thread-4" [_thread_in_Java, id=16876, stack(0x00000000171d0000,0x00000000172d0000)]
  0x0000000016480000 JavaThread "pool-1-thread-3" [_thread_in_vm, id=16860, stack(0x00000000170d0000,0x00000000171d0000)]
  0x000000001647f800 JavaThread "pool-1-thread-2" [_thread_in_Java, id=11336, stack(0x0000000016fd0000,0x00000000170d0000)]
  0x000000001647b800 JavaThread "pool-2-thread-1" [_thread_blocked, id=16360, stack(0x0000000016ed0000,0x0000000016fd0000)]
  0x0000000016502000 JavaThread "pool-1-thread-1" [_thread_in_Java, id=16436, stack(0x0000000016dd0000,0x0000000016ed0000)]
  0x0000000016343800 JavaThread "Service Thread" daemon [_thread_blocked, id=8928, stack(0x0000000016bd0000,0x0000000016cd0000)]
  0x0000000014fbc800 JavaThread "C1 CompilerThread2" daemon [_thread_in_vm, id=16444, stack(0x0000000016ad0000,0x0000000016bd0000)]
  0x000000000288d800 JavaThread "C2 CompilerThread1" daemon [_thread_in_vm, id=15588, stack(0x00000000169d0000,0x0000000016ad0000)]
=>0x000000000288a000 JavaThread "C2 CompilerThread0" daemon [_thread_in_native, id=15804, stack(0x00000000168d0000,0x00000000169d0000)]
  0x0000000014f72000 JavaThread "Attach Listener" daemon [_thread_blocked, id=16416, stack(0x00000000167d0000,0x00000000168d0000)]
  0x0000000016313800 JavaThread "Signal Dispatcher" daemon [_thread_blocked, id=14136, stack(0x00000000166d0000,0x00000000167d0000)]
  0x0000000014f4a000 JavaThread "Finalizer" daemon [_thread_blocked, id=16840, stack(0x00000000161d0000,0x00000000162d0000)]
  0x0000000014f29000 JavaThread "Reference Handler" daemon [_thread_blocked, id=16824, stack(0x00000000160d0000,0x00000000161d0000)]
  0x000000000268e000 JavaThread "main" [_thread_in_Java, id=9832, stack(0x0000000002690000,0x0000000002790000)]

Other Threads:
  0x0000000014f26800 VMThread [stack: 0x0000000015fd0000,0x00000000160d0000] [id=16916]
  0x0000000016396800 WatcherThread [stack: 0x0000000016cd0000,0x0000000016dd0000] [id=17028]

VM state:not at safepoint (normal execution)

VM Mutex/Monitor currently owned by a thread: None

Heap:
 PSYoungGen      total 34304K, used 16904K [0x00000000eab00000, 0x00000000ecf00000, 0x0000000100000000)
  eden space 31744K, 45% used [0x00000000eab00000,0x00000000eb9076c0,0x00000000eca00000)
  from space 2560K, 99% used [0x00000000ecc80000,0x00000000ecefab08,0x00000000ecf00000)
  to   space 2560K, 0% used [0x00000000eca00000,0x00000000eca00000,0x00000000ecc80000)
 ParOldGen       total 42496K, used 5188K [0x00000000c0000000, 0x00000000c2980000, 0x00000000eab00000)
  object space 42496K, 12% used [0x00000000c0000000,0x00000000c05111f8,0x00000000c2980000)
 Metaspace       used 6152K, capacity 7030K, committed 7296K, reserved 1056768K
  class space    used 608K, capacity 622K, committed 640K, reserved 1048576K

Card table byte_map: [0x0000000011c50000,0x0000000011e60000] byte_map_base: 0x0000000011650000

Marking Bits: (ParMarkBitMap*) 0x00000000514e64f0
 Begin Bits: [0x00000000123c0000, 0x00000000133c0000)
 End Bits:   [0x00000000133c0000, 0x00000000143c0000)

Polling page: 0x0000000002090000

CodeCache: size=245760Kb used=5755Kb max_used=5755Kb free=240004Kb
 bounds [0x0000000002890000, 0x0000000002e40000, 0x0000000011890000]
 total_blobs=1644 nmethods=1373 adapters=184
 compilation: enabled

Compilation events (10 events):
Event: 8.286 Thread 0x0000000014fbc800 1391       3       com.android.dx.ssa.back.FirstFitLocalCombiningAllocator$Multiset::add (68 bytes)
Event: 8.287 Thread 0x0000000014fbc800 nmethod 1391 0x0000000002e2acd0 code [0x0000000002e2ae60, 0x0000000002e2b150]
Event: 8.287 Thread 0x0000000014fbc800 1392       3       com.android.dx.ssa.SsaMethod::onSourceChanged (65 bytes)
Event: 8.288 Thread 0x0000000014fbc800 nmethod 1392 0x0000000002e2b3d0 code [0x0000000002e2b5a0, 0x0000000002e2be18]
Event: 8.288 Thread 0x0000000014fbc800 1393       3       com.android.dx.ssa.SsaBasicBlock::insertNewSuccessor (228 bytes)
Event: 8.291 Thread 0x0000000014fbc800 nmethod 1393 0x0000000002e2c310 code [0x0000000002e2c640, 0x0000000002e2db68]
Event: 8.291 Thread 0x0000000014fbc800 1394       3       com.android.dx.rop.cst.CstKnownNull::equals (5 bytes)
Event: 8.291 Thread 0x0000000014fbc800 nmethod 1394 0x0000000002e2e610 code [0x0000000002e2e760, 0x0000000002e2e9b0]
Event: 8.291 Thread 0x0000000014fbc800 1395       3       com.android.dx.cf.code.LocalVariableList::concat (97 bytes)
Event: 8.294 Thread 0x0000000014fbc800 nmethod 1395 0x0000000002e2ea50 code [0x0000000002e2ed80, 0x0000000002e30ac8]

GC Heap History (4 events):
Event: 4.847 GC heap before
{Heap before GC invocations=1 (full 0):
 PSYoungGen      total 18432K, used 15872K [0x00000000eab00000, 0x00000000ebf80000, 0x0000000100000000)
  eden space 15872K, 100% used [0x00000000eab00000,0x00000000eba80000,0x00000000eba80000)
  from space 2560K, 0% used [0x00000000ebd00000,0x00000000ebd00000,0x00000000ebf80000)
  to   space 2560K, 0% used [0x00000000eba80000,0x00000000eba80000,0x00000000ebd00000)
 ParOldGen       total 42496K, used 0K [0x00000000c0000000, 0x00000000c2980000, 0x00000000eab00000)
  object space 42496K, 0% used [0x00000000c0000000,0x00000000c0000000,0x00000000c2980000)
 Metaspace       used 5863K, capacity 6774K, committed 7040K, reserved 1056768K
  class space    used 608K, capacity 622K, committed 640K, reserved 1048576K
Event: 5.075 GC heap after
Heap after GC invocations=1 (full 0):
 PSYoungGen      total 18432K, used 2550K [0x00000000eab00000, 0x00000000ecf00000, 0x0000000100000000)
  eden space 15872K, 0% used [0x00000000eab00000,0x00000000eab00000,0x00000000eba80000)
  from space 2560K, 99% used [0x00000000eba80000,0x00000000ebcfd928,0x00000000ebd00000)
  to   space 2560K, 0% used [0x00000000ecc80000,0x00000000ecc80000,0x00000000ecf00000)
 ParOldGen       total 42496K, used 2462K [0x00000000c0000000, 0x00000000c2980000, 0x00000000eab00000)
  object space 42496K, 5% used [0x00000000c0000000,0x00000000c0267b78,0x00000000c2980000)
 Metaspace       used 5863K, capacity 6774K, committed 7040K, reserved 1056768K
  class space    used 608K, capacity 622K, committed 640K, reserved 1048576K
}
Event: 7.130 GC heap before
{Heap before GC invocations=2 (full 0):
 PSYoungGen      total 18432K, used 18422K [0x00000000eab00000, 0x00000000ecf00000, 0x0000000100000000)
  eden space 15872K, 100% used [0x00000000eab00000,0x00000000eba80000,0x00000000eba80000)
  from space 2560K, 99% used [0x00000000eba80000,0x00000000ebcfd928,0x00000000ebd00000)
  to   space 2560K, 0% used [0x00000000ecc80000,0x00000000ecc80000,0x00000000ecf00000)
 ParOldGen       total 42496K, used 2462K [0x00000000c0000000, 0x00000000c2980000, 0x00000000eab00000)
  object space 42496K, 5% used [0x00000000c0000000,0x00000000c0267b78,0x00000000c2980000)
 Metaspace       used 6107K, capacity 6966K, committed 7040K, reserved 1056768K
  class space    used 608K, capacity 622K, committed 640K, reserved 1048576K
Event: 7.393 GC heap after
Heap after GC invocations=2 (full 0):
 PSYoungGen      total 34304K, used 2538K [0x00000000eab00000, 0x00000000ecf00000, 0x0000000100000000)
  eden space 31744K, 0% used [0x00000000eab00000,0x00000000eab00000,0x00000000eca00000)
  from space 2560K, 99% used [0x00000000ecc80000,0x00000000ecefab08,0x00000000ecf00000)
  to   space 2560K, 0% used [0x00000000eca00000,0x00000000eca00000,0x00000000ecc80000)
 ParOldGen       total 42496K, used 5188K [0x00000000c0000000, 0x00000000c2980000, 0x00000000eab00000)
  object space 42496K, 12% used [0x00000000c0000000,0x00000000c05111f8,0x00000000c2980000)
 Metaspace       used 6107K, capacity 6966K, committed 7040K, reserved 1056768K
  class space    used 608K, capacity 622K, committed 640K, reserved 1048576K
}

Deoptimization events (10 events):
Event: 4.226 Thread 0x000000000268e000 Uncommon trap: reason=class_check action=maybe_recompile pc=0x0000000002b40c30 method=com.android.dx.ssa.NormalSsaInsn.accept(Lcom/android/dx/ssa/SsaInsn$Visitor;)V @ 9
Event: 4.388 Thread 0x0000000016481000 Uncommon trap: reason=unstable_if action=reinterpret pc=0x0000000002b05e84 method=java.util.HashMap.getNode(ILjava/lang/Object;)Ljava/util/HashMap$Node; @ 62
Event: 7.440 Thread 0x0000000016480000 Uncommon trap: reason=bimorphic action=maybe_recompile pc=0x0000000002d712f0 method=com.android.dx.cf.code.BytecodeArray.parseInstruction(ILcom/android/dx/cf/code/BytecodeArray$Visitor;)I @ 2484
Event: 7.441 Thread 0x000000000268e000 Uncommon trap: reason=bimorphic action=maybe_recompile pc=0x0000000002d720d4 method=com.android.dx.cf.code.BytecodeArray.parseInstruction(ILcom/android/dx/cf/code/BytecodeArray$Visitor;)I @ 955
Event: 7.441 Thread 0x0000000016480000 Uncommon trap: reason=bimorphic action=maybe_recompile pc=0x0000000002d712f0 method=com.android.dx.cf.code.BytecodeArray.parseInstruction(ILcom/android/dx/cf/code/BytecodeArray$Visitor;)I @ 2484
Event: 7.441 Thread 0x000000000268e000 Uncommon trap: reason=bimorphic action=maybe_recompile pc=0x0000000002d71f54 method=com.android.dx.cf.code.BytecodeArray.parseInstruction(ILcom/android/dx/cf/code/BytecodeArray$Visitor;)I @ 907
Event: 7.584 Thread 0x0000000016502000 Uncommon trap: reason=unstable_if action=reinterpret pc=0x0000000002b3bb1c method=com.android.dx.rop.cst.Constant.compareTo(Lcom/android/dx/rop/cst/Constant;)I @ 12
Event: 7.596 Thread 0x000000000268e000 Uncommon trap: reason=bimorphic action=maybe_recompile pc=0x0000000002d73f90 method=com.android.dx.cf.code.BytecodeArray.parseInstruction(ILcom/android/dx/cf/code/BytecodeArray$Visitor;)I @ 1224
Event: 7.596 Thread 0x000000000268e000 Uncommon trap: reason=bimorphic action=maybe_recompile pc=0x0000000002d71fd4 method=com.android.dx.cf.code.BytecodeArray.parseInstruction(ILcom/android/dx/cf/code/BytecodeArray$Visitor;)I @ 923
Event: 7.596 Thread 0x000000000268e000 Uncommon trap: reason=bimorphic action=maybe_recompile pc=0x0000000002d73f90 method=com.android.dx.cf.code.BytecodeArray.parseInstruction(ILcom/android/dx/cf/code/BytecodeArray$Visitor;)I @ 1224

Internal exceptions (2 events):
Event: 0.091 Thread 0x000000000268e000 Exception <a 'java/lang/NoSuchMethodError': Method sun.misc.Unsafe.defineClass(Ljava/lang/String;[BII)Ljava/lang/Class; name or signature does not match> (0x00000000eab07cc0) thrown at [D:\re\workspace\8-2-build-windows-amd64-cygwin\jdk8u92\6642\hotspot\srÝÊªó.Z·?
Event: 0.091 Thread 0x000000000268e000 Exception <a 'java/lang/NoSuchMethodError': Method sun.misc.Unsafe.prefetchRead(Ljava/lang/Object;J)V name or signature does not match> (0x00000000eab07fa8) thrown at [D:\re\workspace\8-2-build-windows-amd64-cygwin\jdk8u92\6642\hotspot\src\share\vm\prims\j

Events (10 events):
Event: 7.441 Thread 0x000000000268e000 DEOPT UNPACKING pc=0x00000000028d582a sp=0x000000000278e668 mode 2
Event: 7.595 Thread 0x000000000268e000 Uncommon trap: trap_request=0xffffffc6 fr.pc=0x0000000002d73f90
Event: 7.596 Thread 0x000000000268e000 DEOPT PACKING pc=0x0000000002d73f90 sp=0x000000000278e6e0
Event: 7.596 Thread 0x000000000268e000 DEOPT UNPACKING pc=0x00000000028d582a sp=0x000000000278e668 mode 2
Event: 7.596 Thread 0x000000000268e000 Uncommon trap: trap_request=0xffffffc6 fr.pc=0x0000000002d71fd4
Event: 7.596 Thread 0x000000000268e000 DEOPT PACKING pc=0x0000000002d71fd4 sp=0x000000000278e6e0
Event: 7.596 Thread 0x000000000268e000 DEOPT UNPACKING pc=0x00000000028d582a sp=0x000000000278e668 mode 2
Event: 7.596 Thread 0x000000000268e000 Uncommon trap: trap_request=0xffffffc6 fr.pc=0x0000000002d73f90
Event: 7.596 Thread 0x000000000268e000 DEOPT PACKING pc=0x0000000002d73f90 sp=0x000000000278e6e0
Event: 7.596 Thread 0x000000000268e000 DEOPT UNPACKING pc=0x00000000028d582a sp=0x000000000278e668 mode 2


Dynamic libraries:
0x00007ff7c87a0000 - 0x00007ff7c87d7000 	D:\Program Files\Java\jdk1.8.0_92\bin\java.exe
0x00007ffc7d350000 - 0x00007ffc7d521000 	C:\WINDOWS\SYSTEM32\ntdll.dll
0x00007ffc7ac60000 - 0x00007ffc7ad0b000 	C:\WINDOWS\System32\KERNEL32.DLL
0x00007ffc79970000 - 0x00007ffc79b8d000 	C:\WINDOWS\System32\KERNELBASE.dll
0x00007ffc7aa10000 - 0x00007ffc7aab2000 	C:\WINDOWS\System32\ADVAPI32.dll
0x00007ffc7ae40000 - 0x00007ffc7aede000 	C:\WINDOWS\System32\msvcrt.dll
0x00007ffc7afa0000 - 0x00007ffc7aff9000 	C:\WINDOWS\System32\sechost.dll
0x00007ffc7ad10000 - 0x00007ffc7ae31000 	C:\WINDOWS\System32\RPCRT4.dll
0x00007ffc7aac0000 - 0x00007ffc7ac25000 	C:\WINDOWS\System32\USER32.dll
0x00007ffc7a7f0000 - 0x00007ffc7a80e000 	C:\WINDOWS\System32\win32u.dll
0x00007ffc7d030000 - 0x00007ffc7d064000 	C:\WINDOWS\System32\GDI32.dll
0x00007ffc79dd0000 - 0x00007ffc79f52000 	C:\WINDOWS\System32\gdi32full.dll
0x00007ffc6f2e0000 - 0x00007ffc6f559000 	C:\WINDOWS\WinSxS\amd64_microsoft.windows.common-controls_6595b64144ccf1df_6.0.14393.0_none_2d0f50fcbdb171b8\COMCTL32.dll
0x00007ffc7c890000 - 0x00007ffc7cb57000 	C:\WINDOWS\System32\combase.dll
0x00007ffc7a6f0000 - 0x00007ffc7a7e5000 	C:\WINDOWS\System32\ucrtbase.dll
0x00007ffc79b90000 - 0x00007ffc79bfa000 	C:\WINDOWS\System32\bcryptPrimitives.dll
0x00007ffc7b160000 - 0x00007ffc7b18e000 	C:\WINDOWS\System32\IMM32.DLL
0x0000000050230000 - 0x0000000050302000 	D:\Program Files\Java\jdk1.8.0_92\jre\bin\msvcr100.dll
0x0000000050cd0000 - 0x0000000051566000 	D:\Program Files\Java\jdk1.8.0_92\jre\bin\server\jvm.dll
0x00007ffc7aa00000 - 0x00007ffc7aa08000 	C:\WINDOWS\System32\PSAPI.DLL
0x00007ffc6d910000 - 0x00007ffc6d919000 	C:\WINDOWS\SYSTEM32\WSOCK32.dll
0x00007ffc77cf0000 - 0x00007ffc77d13000 	C:\WINDOWS\SYSTEM32\WINMM.dll
0x00007ffc7d140000 - 0x00007ffc7d1aa000 	C:\WINDOWS\System32\WS2_32.dll
0x00007ffc6eef0000 - 0x00007ffc6eefa000 	C:\WINDOWS\SYSTEM32\VERSION.dll
0x00007ffc77c90000 - 0x00007ffc77cbb000 	C:\WINDOWS\SYSTEM32\WINMMBASE.dll
0x00007ffc7a6a0000 - 0x00007ffc7a6e2000 	C:\WINDOWS\System32\cfgmgr32.dll
0x0000000050cc0000 - 0x0000000050ccf000 	D:\Program Files\Java\jdk1.8.0_92\jre\bin\verify.dll
0x0000000050c90000 - 0x0000000050cb9000 	D:\Program Files\Java\jdk1.8.0_92\jre\bin\java.dll
0x0000000050c70000 - 0x0000000050c86000 	D:\Program Files\Java\jdk1.8.0_92\jre\bin\zip.dll
0x00007ffc7b1b0000 - 0x00007ffc7c6b8000 	C:\WINDOWS\System32\SHELL32.dll
0x00007ffc79fc0000 - 0x00007ffc7a69a000 	C:\WINDOWS\System32\windows.storage.dll
0x00007ffc79830000 - 0x00007ffc7987c000 	C:\WINDOWS\System32\powrprof.dll
0x00007ffc7d080000 - 0x00007ffc7d0d2000 	C:\WINDOWS\System32\shlwapi.dll
0x00007ffc79890000 - 0x00007ffc7989f000 	C:\WINDOWS\System32\kernel.appcore.dll
0x00007ffc7a810000 - 0x00007ffc7a8b9000 	C:\WINDOWS\System32\shcore.dll
0x00007ffc798a0000 - 0x00007ffc798b4000 	C:\WINDOWS\System32\profapi.dll

VM Arguments:
jvm_args: -Djava.awt.headless=true -Xmx1024M -Dfile.encoding=GBK -Duser.country=CN -Duser.language=zh -Duser.variant 
java_command: com.android.dx.command.Main --dex --force-jumbo --num-threads=4 --output F:\AndroidStudioProjects\MyApplication2\l07_app_music\build\intermediates\pre-dexed\debug\com.android.support-support-fragment-24.2.0_a389e9a06504553b9c29ea5f78df5eb2170e4b7b.jar F:\AndroidStudioProjects\MyApplication2\l07_app_music\build\intermediates\exploded-aar\com.android.support\support-fragment\24.2.0\jars\classes.jar
java_class_path (initial): D:\Android_developer_tools\android-sdk-windows\build-tools\24.0.2\lib\dx.jar
Launcher Type: SUN_STANDARD

Environment Variables:
JAVA_HOME=D:\Program Files\Java\jdk1.8.0_92
CLASSPATH=.;D:\Program Files\Java\jdk1.8.0_92\lib\dt.jar;D:\Program Files\Java\jdk1.8.0_92\lib\tools.jar
PATH=D:\Program Files\Java\jdk1.8.0_92\bin;D:\Program Files\Java\jdk1.8.0_92\jre\bin;C:\WINDOWS\system32;C:\WINDOWS;C:\WINDOWS\System32\Wbem;C:\WINDOWS\System32\WindowsPowerShell\v1.0\;C:\Program Files (x86)\ATI Technologies\ATI.ACE\Core-Static;C:\Program Files\Lenovo\Bluetooth Software\;C:\Program Files\Lenovo\Bluetooth Software\syswow64;C:\Program Files (x86)\AMD\ATI.ACE\Core-Static;D:\Program Files (x86)\MySQL\MySQL Server 5.5\bin;D:\Android_developer_tools\android-sdk-windows\platform-tools;D:\Android_developer_tools\android-sdk-windows\tools;C:\Users\Administrator\AppData\Local\Microsoft\WindowsApps;
USERNAME=Administrator
OS=Windows_NT
PROCESSOR_IDENTIFIER=Intel64 Family 6 Model 58 Stepping 9, GenuineIntel



---------------  S Y S T E M  ---------------

OS: Windows 10.0 , 64 bit Build 14393 (10.0.14393.0)

CPU:total 4 (2 cores per cpu, 2 threads per core) family 6 model 58 stepping 9, cmov, cx8, fxsr, mmx, sse, sse2, sse3, ssse3, sse4.1, sse4.2, popcnt, avx, clmul, erms, ht, tsc, tscinvbit, tscinv

Memory: 4k page, physical 4060004k(501452k free), swap 6157156k(5800k free)

vm_info: Java HotSpot(TM) 64-Bit Server VM (25.92-b14) for windows-amd64 JRE (1.8.0_92-b14), built on Mar 31 2016 21:03:04 by "java_re" with MS VC++ 10.0 (VS2010)

time: Sun Sep 11 23:21:13 2016
elapsed time: 8 seconds (0d 0h 0m 8s)

