#
# There is insufficient memory for the Java Runtime Environment to continue.
# Native memory allocation (malloc) failed to allocate 664816 bytes for Chunk::new
# Possible reasons:
#   The system is out of physical RAM or swap space
#   In 32 bit mode, the process size limit was hit
# Possible solutions:
#   Reduce memory load on the system
#   Increase physical memory or swap space
#   Check if swap backing store is full
#   Use 64 bit Java on a 64 bit OS
#   Decrease Java heap size (-Xmx/-Xms)
#   Decrease number of Java threads
#   Decrease Java thread stack sizes (-Xss)
#   Set larger code cache with -XX:ReservedCodeCacheSize=
# This output file may be truncated or incomplete.
#
#  Out of Memory Error (allocation.cpp:390), pid=7544, tid=0x0000000000002570
#
# JRE version: Java(TM) SE Runtime Environment (8.0_92-b14) (build 1.8.0_92-b14)
# Java VM: Java HotSpot(TM) 64-Bit Server VM (25.92-b14 mixed mode windows-amd64 compressed oops)
# Failed to write core dump. Minidumps are not enabled by default on client versions of Windows
#

---------------  T H R E A D  ---------------

Current thread (0x0000000002f4a000):  JavaThread "C2 CompilerThread0" daemon [_thread_in_native, id=9584, stack(0x0000000016f70000,0x0000000017070000)]

Stack: [0x0000000016f70000,0x0000000017070000]
[error occurred during error reporting (printing stack bounds), id 0xc0000005]

Native frames: (J=compiled Java code, j=interpreted, Vv=VM code, C=native code)


Current CompileTask:
C2:   6299 1438   !   4       com.android.dx.cf.code.BytecodeArray::parseInstruction (2764 bytes)


---------------  P R O C E S S  ---------------

Java Threads: ( => current thread )
  0x0000000016c10800 JavaThread "pool-1-thread-4" [_thread_in_Java, id=6772, stack(0x0000000017870000,0x0000000017970000)]
  0x0000000016c0f800 JavaThread "pool-1-thread-3" [_thread_blocked, id=3276, stack(0x0000000017770000,0x0000000017870000)]
  0x0000000016c0e800 JavaThread "pool-1-thread-2" [_thread_in_Java, id=388, stack(0x0000000017670000,0x0000000017770000)]
  0x0000000016c0d000 JavaThread "pool-2-thread-1" [_thread_blocked, id=2252, stack(0x0000000017570000,0x0000000017670000)]
  0x0000000016c40000 JavaThread "pool-1-thread-1" [_thread_blocked, id=1524, stack(0x0000000017470000,0x0000000017570000)]
  0x00000000169cd000 JavaThread "Service Thread" daemon [_thread_blocked, id=7936, stack(0x0000000017270000,0x0000000017370000)]
  0x000000001567c800 JavaThread "C1 CompilerThread2" daemon [_thread_blocked, id=5352, stack(0x0000000017170000,0x0000000017270000)]
  0x0000000002f4d800 JavaThread "C2 CompilerThread1" daemon [_thread_in_native, id=5940, stack(0x0000000017070000,0x0000000017170000)]
=>0x0000000002f4a000 JavaThread "C2 CompilerThread0" daemon [_thread_in_native, id=9584, stack(0x0000000016f70000,0x0000000017070000)]
  0x0000000015632000 JavaThread "Attach Listener" daemon [_thread_blocked, id=8152, stack(0x0000000016e70000,0x0000000016f70000)]
  0x00000000169b3800 JavaThread "Signal Dispatcher" daemon [_thread_blocked, id=9648, stack(0x0000000016d70000,0x0000000016e70000)]
  0x000000001560a000 JavaThread "Finalizer" daemon [_thread_blocked, id=9508, stack(0x0000000016870000,0x0000000016970000)]
  0x00000000155e9000 JavaThread "Reference Handler" daemon [_thread_blocked, id=7536, stack(0x0000000016770000,0x0000000016870000)]
  0x0000000002a5e000 JavaThread "main" [_thread_in_Java, id=9204, stack(0x0000000002950000,0x0000000002a50000)]

Other Threads:
  0x00000000155e6800 VMThread [stack: 0x0000000016670000,0x0000000016770000] [id=7952]
  0x00000000169e1000 WatcherThread [stack: 0x0000000017370000,0x0000000017470000] [id=7968]

VM state:not at safepoint (normal execution)

VM Mutex/Monitor currently owned by a thread: None

Heap:
 PSYoungGen      total 34304K, used 19997K [0x00000000eab00000, 0x00000000ecf00000, 0x0000000100000000)
  eden space 31744K, 54% used [0x00000000eab00000,0x00000000ebc07958,0x00000000eca00000)
  from space 2560K, 99% used [0x00000000ecc80000,0x00000000eceffc80,0x00000000ecf00000)
  to   space 2560K, 0% used [0x00000000eca00000,0x00000000eca00000,0x00000000ecc80000)
 ParOldGen       total 42496K, used 2345K [0x00000000c0000000, 0x00000000c2980000, 0x00000000eab00000)
  object space 42496K, 5% used [0x00000000c0000000,0x00000000c024a788,0x00000000c2980000)
 Metaspace       used 6260K, capacity 7094K, committed 7296K, reserved 1056768K
  class space    used 609K, capacity 622K, committed 640K, reserved 1048576K

Card table byte_map: [0x0000000012310000,0x0000000012520000] byte_map_base: 0x0000000011d10000

Marking Bits: (ParMarkBitMap*) 0x00000000511a64f0
 Begin Bits: [0x0000000012a80000, 0x0000000013a80000)
 End Bits:   [0x0000000013a80000, 0x0000000014a80000)

Polling page: 0x0000000001180000

CodeCache: size=245760Kb used=5912Kb max_used=5916Kb free=239847Kb
 bounds [0x0000000002f50000, 0x0000000003520000, 0x0000000011f50000]
 total_blobs=1730 nmethods=1459 adapters=184
 compilation: enabled

Compilation events (10 events):
Event: 6.098 Thread 0x000000001567c800 nmethod 1473 0x000000000350e690 code [0x000000000350e860, 0x000000000350f0d8]
Event: 6.099 Thread 0x000000001567c800 1474       3       com.android.dx.rop.cst.CstType::getType (4 bytes)
Event: 6.099 Thread 0x000000001567c800 nmethod 1474 0x00000000035089d0 code [0x0000000003508b20, 0x0000000003508c70]
Event: 6.100 Thread 0x000000001567c800 1475       3       com.android.dx.ssa.SsaMethod::onSourceChanged (65 bytes)
Event: 6.101 Thread 0x000000001567c800 nmethod 1475 0x000000000350d750 code [0x000000000350d920, 0x000000000350e198]
Event: 6.106 Thread 0x000000001567c800 1477       3       java.util.concurrent.locks.ReentrantLock$Sync::tryRelease (45 bytes)
Event: 6.106 Thread 0x000000001567c800 nmethod 1477 0x0000000003513cd0 code [0x0000000003513e60, 0x0000000003514408]
Event: 6.162 Thread 0x0000000002f4d800 nmethod 1470 0x00000000035184d0 code [0x0000000003518780, 0x0000000003519a40]
Event: 6.162 Thread 0x0000000002f4d800 1461       4       com.android.dx.ssa.LocalVariableExtractor::processBlock (383 bytes)
Event: 6.291 Thread 0x000000001567c800 1479       3       com.android.dx.cf.code.BasicBlocker::visitBranch (98 bytes)

GC Heap History (4 events):
Event: 3.257 GC heap before
{Heap before GC invocations=1 (full 0):
 PSYoungGen      total 18432K, used 15872K [0x00000000eab00000, 0x00000000ebf80000, 0x0000000100000000)
  eden space 15872K, 100% used [0x00000000eab00000,0x00000000eba80000,0x00000000eba80000)
  from space 2560K, 0% used [0x00000000ebd00000,0x00000000ebd00000,0x00000000ebf80000)
  to   space 2560K, 0% used [0x00000000eba80000,0x00000000eba80000,0x00000000ebd00000)
 ParOldGen       total 42496K, used 0K [0x00000000c0000000, 0x00000000c2980000, 0x00000000eab00000)
  object space 42496K, 0% used [0x00000000c0000000,0x00000000c0000000,0x00000000c2980000)
 Metaspace       used 5345K, capacity 6256K, committed 6528K, reserved 1056768K
  class space    used 585K, capacity 616K, committed 640K, reserved 1048576K
Event: 3.322 GC heap after
Heap after GC invocations=1 (full 0):
 PSYoungGen      total 18432K, used 2547K [0x00000000eab00000, 0x00000000ecf00000, 0x0000000100000000)
  eden space 15872K, 0% used [0x00000000eab00000,0x00000000eab00000,0x00000000eba80000)
  from space 2560K, 99% used [0x00000000eba80000,0x00000000ebcfcd38,0x00000000ebd00000)
  to   space 2560K, 0% used [0x00000000ecc80000,0x00000000ecc80000,0x00000000ecf00000)
 ParOldGen       total 42496K, used 429K [0x00000000c0000000, 0x00000000c2980000, 0x00000000eab00000)
  object space 42496K, 1% used [0x00000000c0000000,0x00000000c006b410,0x00000000c2980000)
 Metaspace       used 5345K, capacity 6256K, committed 6528K, reserved 1056768K
  class space    used 585K, capacity 616K, committed 640K, reserved 1048576K
}
Event: 5.283 GC heap before
{Heap before GC invocations=2 (full 0):
 PSYoungGen      total 18432K, used 18419K [0x00000000eab00000, 0x00000000ecf00000, 0x0000000100000000)
  eden space 15872K, 100% used [0x00000000eab00000,0x00000000eba80000,0x00000000eba80000)
  from space 2560K, 99% used [0x00000000eba80000,0x00000000ebcfcd38,0x00000000ebd00000)
  to   space 2560K, 0% used [0x00000000ecc80000,0x00000000ecc80000,0x00000000ecf00000)
 ParOldGen       total 42496K, used 429K [0x00000000c0000000, 0x00000000c2980000, 0x00000000eab00000)
  object space 42496K, 1% used [0x00000000c0000000,0x00000000c006b410,0x00000000c2980000)
 Metaspace       used 6137K, capacity 6966K, committed 7040K, reserved 1056768K
  class space    used 609K, capacity 622K, committed 640K, reserved 1048576K
Event: 5.376 GC heap after
Heap after GC invocations=2 (full 0):
 PSYoungGen      total 34304K, used 2559K [0x00000000eab00000, 0x00000000ecf00000, 0x0000000100000000)
  eden space 31744K, 0% used [0x00000000eab00000,0x00000000eab00000,0x00000000eca00000)
  from space 2560K, 99% used [0x00000000ecc80000,0x00000000eceffc80,0x00000000ecf00000)
  to   space 2560K, 0% used [0x00000000eca00000,0x00000000eca00000,0x00000000ecc80000)
 ParOldGen       total 42496K, used 2345K [0x00000000c0000000, 0x00000000c2980000, 0x00000000eab00000)
  object space 42496K, 5% used [0x00000000c0000000,0x00000000c024a788,0x00000000c2980000)
 Metaspace       used 6137K, capacity 6966K, committed 7040K, reserved 1056768K
  class space    used 609K, capacity 622K, committed 640K, reserved 1048576K
}

Deoptimization events (10 events):
Event: 4.286 Thread 0x0000000002a5e000 Uncommon trap: reason=class_check action=maybe_recompile pc=0x00000000031d7af0 method=com.android.dx.ssa.NormalSsaInsn.accept(Lcom/android/dx/ssa/SsaInsn$Visitor;)V @ 9
Event: 4.303 Thread 0x0000000002a5e000 Uncommon trap: reason=unstable_if action=reinterpret pc=0x0000000003198170 method=java.util.BitSet.nextSetBit(I)I @ 87
Event: 4.308 Thread 0x0000000002a5e000 Uncommon trap: reason=unstable_if action=reinterpret pc=0x00000000031a92b0 method=java.util.HashMap.getNode(ILjava/lang/Object;)Ljava/util/HashMap$Node; @ 62
Event: 4.310 Thread 0x0000000002a5e000 Uncommon trap: reason=unstable_if action=reinterpret pc=0x00000000032a47b0 method=java.util.HashMap.putVal(ILjava/lang/Object;Ljava/lang/Object;ZZ)Ljava/lang/Object; @ 193
Event: 4.567 Thread 0x0000000016c0e800 Uncommon trap: reason=class_check action=maybe_recompile pc=0x00000000032bd7a0 method=com.android.dx.rop.type.Type.equals(Ljava/lang/Object;)Z @ 8
Event: 4.567 Thread 0x0000000016c0e800 Uncommon trap: reason=unstable_if action=reinterpret pc=0x00000000032bd784 method=com.android.dx.rop.code.RegisterSpec.equals(ILcom/android/dx/rop/type/TypeBearer;Lcom/android/dx/rop/code/LocalItem;)Z @ 16
Event: 4.770 Thread 0x0000000016c10800 Uncommon trap: reason=unstable_if action=reinterpret pc=0x00000000033b0a6c method=com.android.dx.rop.code.RegisterSpecSet.put(Lcom/android/dx/rop/code/RegisterSpec;)V @ 77
Event: 4.770 Thread 0x0000000016c10800 Uncommon trap: reason=unstable_if action=reinterpret pc=0x000000000336e020 method=com.android.dx.rop.code.RegisterSpecSet.put(Lcom/android/dx/rop/code/RegisterSpec;)V @ 77
Event: 6.092 Thread 0x0000000016c10800 Uncommon trap: reason=null_check action=make_not_entrant pc=0x0000000003366df8 method=com.android.dx.ssa.SsaRenamer.getLocalForNewReg(I)Lcom/android/dx/rop/code/LocalItem; @ 19
Event: 6.093 Thread 0x0000000016c10800 Uncommon trap: reason=null_check action=make_not_entrant pc=0x0000000003356e64 method=com.android.dx.ssa.SsaRenamer.getLocalForNewReg(I)Lcom/android/dx/rop/code/LocalItem; @ 19

Internal exceptions (4 events):
Event: 0.119 Thread 0x0000000002a5e000 Exception <a 'java/lang/NoSuchMethodError': Method sun.misc.Unsafe.defineClass(Ljava/lang/String;[BII)Ljava/lang/Class; name or signature does not match> (0x00000000eab07cc0) thrown at [D:\re\workspace\8-2-build-windows-amd64-cygwin\jdk8u92\6642\hotspot\srªe‚[Kž¾?
Event: 0.120 Thread 0x0000000002a5e000 Exception <a 'java/lang/NoSuchMethodError': Method sun.misc.Unsafe.prefetchRead(Ljava/lang/Object;J)V name or signature does not match> (0x00000000eab07fa8) thrown at [D:\re\workspace\8-2-build-windows-amd64-cygwin\jdk8u92\6642\hotspot\src\share\vm\prims\j:	 ²š^@
Event: 6.092 Thread 0x0000000016c10800 Implicit null exception at 0x00000000033662aa to 0x0000000003366dad
Event: 6.093 Thread 0x0000000016c10800 Implicit null exception at 0x0000000003354cab to 0x0000000003356e41

Events (10 events):
Event: 4.770 Thread 0x0000000016c10800 DEOPT PACKING pc=0x000000000336e020 sp=0x000000001796ed50
Event: 4.770 Thread 0x0000000016c10800 DEOPT UNPACKING pc=0x0000000002f9582a sp=0x000000001796ec70 mode 2
Event: 5.114 Executing VM operation: ParallelGCFailedAllocation
Event: 5.376 Executing VM operation: ParallelGCFailedAllocation done
Event: 6.092 Thread 0x0000000016c10800 Uncommon trap: trap_request=0xfffffff4 fr.pc=0x0000000003366df8
Event: 6.092 Thread 0x0000000016c10800 DEOPT PACKING pc=0x0000000003366df8 sp=0x000000001796ec90
Event: 6.092 Thread 0x0000000016c10800 DEOPT UNPACKING pc=0x0000000002f9582a sp=0x000000001796ea88 mode 2
Event: 6.093 Thread 0x0000000016c10800 Uncommon trap: trap_request=0xfffffff4 fr.pc=0x0000000003356e64
Event: 6.093 Thread 0x0000000016c10800 DEOPT PACKING pc=0x0000000003356e64 sp=0x000000001796ebc0
Event: 6.093 Thread 0x0000000016c10800 DEOPT UNPACKING pc=0x0000000002f9582a sp=0x000000001796ea78 mode 2


Dynamic libraries:
0x00007ff617730000 - 0x00007ff617767000 	D:\Program Files\Java\jdk1.8.0_92\bin\java.exe
0x00007ffc7d350000 - 0x00007ffc7d521000 	C:\WINDOWS\SYSTEM32\ntdll.dll
0x00007ffc7ac60000 - 0x00007ffc7ad0b000 	C:\WINDOWS\System32\KERNEL32.DLL
0x00007ffc79970000 - 0x00007ffc79b8d000 	C:\WINDOWS\System32\KERNELBASE.dll
0x00007ffc7aa10000 - 0x00007ffc7aab2000 	C:\WINDOWS\System32\ADVAPI32.dll
0x00007ffc7ae40000 - 0x00007ffc7aede000 	C:\WINDOWS\System32\msvcrt.dll
0x00007ffc7afa0000 - 0x00007ffc7aff9000 	C:\WINDOWS\System32\sechost.dll
0x00007ffc7ad10000 - 0x00007ffc7ae31000 	C:\WINDOWS\System32\RPCRT4.dll
0x00007ffc7aac0000 - 0x00007ffc7ac25000 	C:\WINDOWS\System32\USER32.dll
0x00007ffc7a7f0000 - 0x00007ffc7a80e000 	C:\WINDOWS\System32\win32u.dll
0x00007ffc7d030000 - 0x00007ffc7d064000 	C:\WINDOWS\System32\GDI32.dll
0x00007ffc79dd0000 - 0x00007ffc79f52000 	C:\WINDOWS\System32\gdi32full.dll
0x00007ffc6f2e0000 - 0x00007ffc6f559000 	C:\WINDOWS\WinSxS\amd64_microsoft.windows.common-controls_6595b64144ccf1df_6.0.14393.0_none_2d0f50fcbdb171b8\COMCTL32.dll
0x00007ffc7c890000 - 0x00007ffc7cb57000 	C:\WINDOWS\System32\combase.dll
0x00007ffc7a6f0000 - 0x00007ffc7a7e5000 	C:\WINDOWS\System32\ucrtbase.dll
0x00007ffc79b90000 - 0x00007ffc79bfa000 	C:\WINDOWS\System32\bcryptPrimitives.dll
0x00007ffc7b160000 - 0x00007ffc7b18e000 	C:\WINDOWS\System32\IMM32.DLL
0x0000000051490000 - 0x0000000051562000 	D:\Program Files\Java\jdk1.8.0_92\jre\bin\msvcr100.dll
0x0000000050990000 - 0x0000000051226000 	D:\Program Files\Java\jdk1.8.0_92\jre\bin\server\jvm.dll
0x00007ffc7aa00000 - 0x00007ffc7aa08000 	C:\WINDOWS\System32\PSAPI.DLL
0x00007ffc6d910000 - 0x00007ffc6d919000 	C:\WINDOWS\SYSTEM32\WSOCK32.dll
0x00007ffc7d140000 - 0x00007ffc7d1aa000 	C:\WINDOWS\System32\WS2_32.dll
0x00007ffc77cf0000 - 0x00007ffc77d13000 	C:\WINDOWS\SYSTEM32\WINMM.dll
0x00007ffc6eef0000 - 0x00007ffc6eefa000 	C:\WINDOWS\SYSTEM32\VERSION.dll
0x00007ffc77c90000 - 0x00007ffc77cbb000 	C:\WINDOWS\SYSTEM32\WINMMBASE.dll
0x00007ffc7a6a0000 - 0x00007ffc7a6e2000 	C:\WINDOWS\System32\cfgmgr32.dll
0x0000000050980000 - 0x000000005098f000 	D:\Program Files\Java\jdk1.8.0_92\jre\bin\verify.dll
0x0000000050950000 - 0x0000000050979000 	D:\Program Files\Java\jdk1.8.0_92\jre\bin\java.dll
0x0000000050930000 - 0x0000000050946000 	D:\Program Files\Java\jdk1.8.0_92\jre\bin\zip.dll
0x00007ffc7b1b0000 - 0x00007ffc7c6b8000 	C:\WINDOWS\System32\SHELL32.dll
0x00007ffc79fc0000 - 0x00007ffc7a69a000 	C:\WINDOWS\System32\windows.storage.dll
0x00007ffc79830000 - 0x00007ffc7987c000 	C:\WINDOWS\System32\powrprof.dll
0x00007ffc7d080000 - 0x00007ffc7d0d2000 	C:\WINDOWS\System32\shlwapi.dll
0x00007ffc79890000 - 0x00007ffc7989f000 	C:\WINDOWS\System32\kernel.appcore.dll
0x00007ffc7a810000 - 0x00007ffc7a8b9000 	C:\WINDOWS\System32\shcore.dll
0x00007ffc798a0000 - 0x00007ffc798b4000 	C:\WINDOWS\System32\profapi.dll

VM Arguments:
jvm_args: -Djava.awt.headless=true -Xmx1024M -Dfile.encoding=GBK -Duser.country=CN -Duser.language=zh -Duser.variant 
java_command: com.android.dx.command.Main --dex --force-jumbo --num-threads=4 --output F:\AndroidStudioProjects\MyApplication2\l07_app_music\build\intermediates\pre-dexed\debug\com.android.support-support-compat-24.2.0_214b415236afeda2e6b0bc8e21afee4da8f4e9d3.jar F:\AndroidStudioProjects\MyApplication2\l07_app_music\build\intermediates\exploded-aar\com.android.support\support-compat\24.2.0\jars\classes.jar
java_class_path (initial): D:\Android_developer_tools\android-sdk-windows\build-tools\24.0.2\lib\dx.jar
Launcher Type: SUN_STANDARD

Environment Variables:
JAVA_HOME=D:\Program Files\Java\jdk1.8.0_92
CLASSPATH=.;D:\Program Files\Java\jdk1.8.0_92\lib\dt.jar;D:\Program Files\Java\jdk1.8.0_92\lib\tools.jar
PATH=D:\Program Files\Java\jdk1.8.0_92\bin;D:\Program Files\Java\jdk1.8.0_92\jre\bin;C:\WINDOWS\system32;C:\WINDOWS;C:\WINDOWS\System32\Wbem;C:\WINDOWS\System32\WindowsPowerShell\v1.0\;C:\Program Files (x86)\ATI Technologies\ATI.ACE\Core-Static;C:\Program Files\Lenovo\Bluetooth Software\;C:\Program Files\Lenovo\Bluetooth Software\syswow64;C:\Program Files (x86)\AMD\ATI.ACE\Core-Static;D:\Program Files (x86)\MySQL\MySQL Server 5.5\bin;D:\Android_developer_tools\android-sdk-windows\platform-tools;D:\Android_developer_tools\android-sdk-windows\tools;C:\Users\Administrator\AppData\Local\Microsoft\WindowsApps;
USERNAME=Administrator
OS=Windows_NT
PROCESSOR_IDENTIFIER=Intel64 Family 6 Model 58 Stepping 9, GenuineIntel



---------------  S Y S T E M  ---------------

OS: Windows 10.0 , 64 bit Build 14393 (10.0.14393.0)

CPU:total 4 (2 cores per cpu, 2 threads per core) family 6 model 58 stepping 9, cmov, cx8, fxsr, mmx, sse, sse2, sse3, ssse3, sse4.1, sse4.2, popcnt, avx, clmul, erms, ht, tsc, tscinvbit, tscinv

Memory: 4k page, physical 4060004k(303448k free), swap 6157156k(5392k free)

vm_info: Java HotSpot(TM) 64-Bit Server VM (25.92-b14) for windows-amd64 JRE (1.8.0_92-b14), built on Mar 31 2016 21:03:04 by "java_re" with MS VC++ 10.0 (VS2010)

time: Sun Sep 11 10:46:16 2016
elapsed time: 6 seconds (0d 0h 0m 6s)

