#
# There is insufficient memory for the Java Runtime Environment to continue.
# Native memory allocation (malloc) failed to allocate 183856 bytes for Chunk::new
# Possible reasons:
#   The system is out of physical RAM or swap space
#   In 32 bit mode, the process size limit was hit
# Possible solutions:
#   Reduce memory load on the system
#   Increase physical memory or swap space
#   Check if swap backing store is full
#   Use 64 bit Java on a 64 bit OS
#   Decrease Java heap size (-Xmx/-Xms)
#   Decrease number of Java threads
#   Decrease Java thread stack sizes (-Xss)
#   Set larger code cache with -XX:ReservedCodeCacheSize=
# This output file may be truncated or incomplete.
#
#  Out of Memory Error (allocation.cpp:390), pid=540, tid=0x00000000000043bc
#
# JRE version: Java(TM) SE Runtime Environment (8.0_92-b14) (build 1.8.0_92-b14)
# Java VM: Java HotSpot(TM) 64-Bit Server VM (25.92-b14 mixed mode windows-amd64 compressed oops)
# Failed to write core dump. Minidumps are not enabled by default on client versions of Windows
#

---------------  T H R E A D  ---------------

Current thread (0x00000000031ba000):  JavaThread "C2 CompilerThread0" daemon [_thread_in_native, id=17340, stack(0x00000000171f0000,0x00000000172f0000)]

Stack: [0x00000000171f0000,0x00000000172f0000]
[error occurred during error reporting (printing stack bounds), id 0xc0000005]

Native frames: (J=compiled Java code, j=interpreted, Vv=VM code, C=native code)


Current CompileTask:
C2:   8334 1151       4       com.android.dx.ssa.back.LivenessAnalyzer::handleTailRecursion (94 bytes)


---------------  P R O C E S S  ---------------

Java Threads: ( => current thread )
  0x0000000016ee8800 JavaThread "pool-1-thread-4" [_thread_in_vm, id=16700, stack(0x0000000017af0000,0x0000000017bf0000)]
  0x0000000016ee7800 JavaThread "pool-1-thread-3" [_thread_in_Java, id=16424, stack(0x00000000179f0000,0x0000000017af0000)]
  0x0000000016ee6800 JavaThread "pool-1-thread-2" [_thread_in_Java, id=15528, stack(0x00000000178f0000,0x00000000179f0000)]
  0x0000000016ee6000 JavaThread "pool-2-thread-1" [_thread_blocked, id=1016, stack(0x00000000177f0000,0x00000000178f0000)]
  0x0000000016ee1000 JavaThread "pool-1-thread-1" [_thread_in_Java, id=16900, stack(0x00000000176f0000,0x00000000177f0000)]
  0x0000000016c53000 JavaThread "Service Thread" daemon [_thread_blocked, id=16720, stack(0x00000000174f0000,0x00000000175f0000)]
  0x0000000016c4d000 JavaThread "C1 CompilerThread2" daemon [_thread_in_native, id=17056, stack(0x00000000173f0000,0x00000000174f0000)]
  0x00000000158ae000 JavaThread "C2 CompilerThread1" daemon [_thread_in_native, id=17328, stack(0x00000000172f0000,0x00000000173f0000)]
=>0x00000000031ba000 JavaThread "C2 CompilerThread0" daemon [_thread_in_native, id=17340, stack(0x00000000171f0000,0x00000000172f0000)]
  0x00000000158a2000 JavaThread "Attach Listener" daemon [_thread_blocked, id=16640, stack(0x00000000170f0000,0x00000000171f0000)]
  0x0000000016c33800 JavaThread "Signal Dispatcher" daemon [_thread_blocked, id=13752, stack(0x0000000016ff0000,0x00000000170f0000)]
  0x00000000031b4800 JavaThread "Finalizer" daemon [_thread_blocked, id=12752, stack(0x0000000016af0000,0x0000000016bf0000)]
  0x00000000031af000 JavaThread "Reference Handler" daemon [_thread_blocked, id=15476, stack(0x00000000169f0000,0x0000000016af0000)]
  0x0000000002afe000 JavaThread "main" [_thread_in_vm, id=16624, stack(0x0000000002fc0000,0x00000000030c0000)]

Other Threads:
  0x0000000015857800 VMThread [stack: 0x00000000168f0000,0x00000000169f0000] [id=16844]
  0x0000000016c97000 WatcherThread [stack: 0x00000000175f0000,0x00000000176f0000] [id=15796]

VM state:not at safepoint (normal execution)

VM Mutex/Monitor currently owned by a thread:  ([mutex/lock_event])
[0x00000000030c1050] Compile_lock - owner thread: 0x0000000000000000

Heap:
 PSYoungGen      total 18432K, used 15954K [0x00000000eab00000, 0x00000000ecf00000, 0x0000000100000000)
  eden space 15872K, 84% used [0x00000000eab00000,0x00000000eb81b7c8,0x00000000eba80000)
  from space 2560K, 98% used [0x00000000eba80000,0x00000000ebcf9268,0x00000000ebd00000)
  to   space 2560K, 0% used [0x00000000ecc80000,0x00000000ecc80000,0x00000000ecf00000)
 ParOldGen       total 42496K, used 966K [0x00000000c0000000, 0x00000000c2980000, 0x00000000eab00000)
  object space 42496K, 2% used [0x00000000c0000000,0x00000000c00f1be0,0x00000000c2980000)
 Metaspace       used 6032K, capacity 6902K, committed 7040K, reserved 1056768K
  class space    used 607K, capacity 622K, committed 640K, reserved 1048576K

Card table byte_map: [0x0000000012580000,0x0000000012790000] byte_map_base: 0x0000000011f80000

Marking Bits: (ParMarkBitMap*) 0x00000000514e64f0
 Begin Bits: [0x0000000012cf0000, 0x0000000013cf0000)
 End Bits:   [0x0000000013cf0000, 0x0000000014cf0000)

Polling page: 0x0000000000fc0000

CodeCache: size=245760Kb used=4571Kb max_used=4571Kb free=241188Kb
 bounds [0x00000000031c0000, 0x0000000003640000, 0x00000000121c0000]
 total_blobs=1430 nmethods=1159 adapters=184
 compilation: enabled

Compilation events (10 events):
Event: 8.310 Thread 0x0000000016c4d000 nmethod 1148 0x0000000003617290 code [0x0000000003617460, 0x0000000003617b48]
Event: 8.311 Thread 0x0000000016c4d000 1152       3       com.android.dx.cf.code.BasicBlocker::visitNoArgs (298 bytes)
Event: 8.312 Thread 0x00000000158ae000 nmethod 1150 0x00000000036169d0 code [0x0000000003616b40, 0x0000000003616df8]
Event: 8.313 Thread 0x0000000016c4d000 nmethod 1152 0x00000000036261d0 code [0x0000000003626440, 0x00000000036271f8]
Event: 8.313 Thread 0x0000000016c4d000 1153       3       com.android.dx.cf.code.Simulator$SimVisitor::visitNoArgs (2136 bytes)
Event: 8.313 Thread 0x00000000158ae000 1154       4       com.android.dx.dex.code.DalvInsn::<init> (67 bytes)
Event: 8.315 Thread 0x00000000158ae000 nmethod 1154 0x0000000003608890 code [0x00000000036089c0, 0x0000000003608ab8]
Event: 8.315 Thread 0x00000000158ae000 1156       4       com.android.dx.dex.code.OutputFinisher::updateInfo (44 bytes)
Event: 8.322 Thread 0x00000000158ae000 nmethod 1156 0x0000000003616390 code [0x0000000003616500, 0x00000000036166e8]
Event: 8.322 Thread 0x00000000158ae000 1163       4       com.android.dx.ssa.back.LivenessAnalyzer::liveOutAtStatement (61 bytes)

GC Heap History (2 events):
Event: 5.725 GC heap before
{Heap before GC invocations=1 (full 0):
 PSYoungGen      total 18432K, used 15872K [0x00000000eab00000, 0x00000000ebf80000, 0x0000000100000000)
  eden space 15872K, 100% used [0x00000000eab00000,0x00000000eba80000,0x00000000eba80000)
  from space 2560K, 0% used [0x00000000ebd00000,0x00000000ebd00000,0x00000000ebf80000)
  to   space 2560K, 0% used [0x00000000eba80000,0x00000000eba80000,0x00000000ebd00000)
 ParOldGen       total 42496K, used 0K [0x00000000c0000000, 0x00000000c2980000, 0x00000000eab00000)
  object space 42496K, 0% used [0x00000000c0000000,0x00000000c0000000,0x00000000c2980000)
 Metaspace       used 5506K, capacity 6450K, committed 6528K, reserved 1056768K
  class space    used 599K, capacity 618K, committed 640K, reserved 1048576K
Event: 6.477 GC heap after
Heap after GC invocations=1 (full 0):
 PSYoungGen      total 18432K, used 2532K [0x00000000eab00000, 0x00000000ecf00000, 0x0000000100000000)
  eden space 15872K, 0% used [0x00000000eab00000,0x00000000eab00000,0x00000000eba80000)
  from space 2560K, 98% used [0x00000000eba80000,0x00000000ebcf9268,0x00000000ebd00000)
  to   space 2560K, 0% used [0x00000000ecc80000,0x00000000ecc80000,0x00000000ecf00000)
 ParOldGen       total 42496K, used 966K [0x00000000c0000000, 0x00000000c2980000, 0x00000000eab00000)
  object space 42496K, 2% used [0x00000000c0000000,0x00000000c00f1be0,0x00000000c2980000)
 Metaspace       used 5506K, capacity 6450K, committed 6528K, reserved 1056768K
  class space    used 599K, capacity 618K, committed 640K, reserved 1048576K
}

Deoptimization events (6 events):
Event: 1.183 Thread 0x0000000002afe000 Uncommon trap: reason=unstable_if action=reinterpret pc=0x0000000003316594 method=java.lang.String.compareTo(Ljava/lang/String;)I @ 38
Event: 6.578 Thread 0x0000000016ee1000 Uncommon trap: reason=unstable_if action=reinterpret pc=0x00000000033f2b48 method=java.util.HashMap.getNode(ILjava/lang/Object;)Ljava/util/HashMap$Node; @ 62
Event: 7.090 Thread 0x0000000002afe000 Uncommon trap: reason=unstable_if action=reinterpret pc=0x000000000349d79c method=com.android.dx.rop.code.LocalItem.hashCode()I @ 25
Event: 7.229 Thread 0x0000000016ee6800 Uncommon trap: reason=unstable_if action=reinterpret pc=0x0000000003466484 method=java.util.HashMap.getNode(ILjava/lang/Object;)Ljava/util/HashMap$Node; @ 129
Event: 8.284 Thread 0x0000000016ee6800 Uncommon trap: reason=bimorphic action=maybe_recompile pc=0x00000000035b7f40 method=java.util.HashMap.getNode(ILjava/lang/Object;)Ljava/util/HashMap$Node; @ 126
Event: 8.284 Thread 0x0000000016ee6800 Uncommon trap: reason=class_check action=maybe_recompile pc=0x00000000035ec628 method=java.util.HashMap.putVal(ILjava/lang/Object;Ljava/lang/Object;ZZ)Ljava/lang/Object; @ 203

Internal exceptions (2 events):
Event: 0.104 Thread 0x0000000002afe000 Exception <a 'java/lang/NoSuchMethodError': Method sun.misc.Unsafe.defineClass(Ljava/lang/String;[BII)Ljava/lang/Class; name or signature does not match> (0x00000000eab07cc0) thrown at [D:\re\workspace\8-2-build-windows-amd64-cygwin\jdk8u92\6642\hotspot\srÎoè√â∫?
Event: 0.104 Thread 0x0000000002afe000 Exception <a 'java/lang/NoSuchMethodError': Method sun.misc.Unsafe.prefetchRead(Ljava/lang/Object;J)V name or signature does not match> (0x00000000eab07fa8) thrown at [D:\re\workspace\8-2-build-windows-amd64-cygwin\jdk8u92\6642\hotspot\src\share\vm\prims\j

Events (10 events):
Event: 7.229 Thread 0x0000000016ee6800 DEOPT PACKING pc=0x0000000003466484 sp=0x00000000179eeb10
Event: 7.229 Thread 0x0000000016ee6800 DEOPT UNPACKING pc=0x000000000320582a sp=0x00000000179eea30 mode 2
Event: 7.250 Executing VM operation: ForceSafepoint
Event: 7.699 Executing VM operation: ForceSafepoint done
Event: 8.284 Thread 0x0000000016ee6800 Uncommon trap: trap_request=0xffffffc6 fr.pc=0x00000000035b7f40
Event: 8.284 Thread 0x0000000016ee6800 DEOPT PACKING pc=0x00000000035b7f40 sp=0x00000000179eeb90
Event: 8.284 Thread 0x0000000016ee6800 DEOPT UNPACKING pc=0x000000000320582a sp=0x00000000179eeab8 mode 2
Event: 8.284 Thread 0x0000000016ee6800 Uncommon trap: trap_request=0xffffffde fr.pc=0x00000000035ec628
Event: 8.284 Thread 0x0000000016ee6800 DEOPT PACKING pc=0x00000000035ec628 sp=0x00000000179eeb70
Event: 8.284 Thread 0x0000000016ee6800 DEOPT UNPACKING pc=0x000000000320582a sp=0x00000000179eea98 mode 2


Dynamic libraries:
0x00007ff7c87a0000 - 0x00007ff7c87d7000 	D:\Program Files\Java\jdk1.8.0_92\bin\java.exe
0x00007ffc7d350000 - 0x00007ffc7d521000 	C:\WINDOWS\SYSTEM32\ntdll.dll
0x00007ffc7ac60000 - 0x00007ffc7ad0b000 	C:\WINDOWS\System32\KERNEL32.DLL
0x00007ffc79970000 - 0x00007ffc79b8d000 	C:\WINDOWS\System32\KERNELBASE.dll
0x00007ffc7aa10000 - 0x00007ffc7aab2000 	C:\WINDOWS\System32\ADVAPI32.dll
0x00007ffc7ae40000 - 0x00007ffc7aede000 	C:\WINDOWS\System32\msvcrt.dll
0x00007ffc7afa0000 - 0x00007ffc7aff9000 	C:\WINDOWS\System32\sechost.dll
0x00007ffc7ad10000 - 0x00007ffc7ae31000 	C:\WINDOWS\System32\RPCRT4.dll
0x00007ffc7aac0000 - 0x00007ffc7ac25000 	C:\WINDOWS\System32\USER32.dll
0x00007ffc7a7f0000 - 0x00007ffc7a80e000 	C:\WINDOWS\System32\win32u.dll
0x00007ffc7d030000 - 0x00007ffc7d064000 	C:\WINDOWS\System32\GDI32.dll
0x00007ffc79dd0000 - 0x00007ffc79f52000 	C:\WINDOWS\System32\gdi32full.dll
0x00007ffc6f2e0000 - 0x00007ffc6f559000 	C:\WINDOWS\WinSxS\amd64_microsoft.windows.common-controls_6595b64144ccf1df_6.0.14393.0_none_2d0f50fcbdb171b8\COMCTL32.dll
0x00007ffc7c890000 - 0x00007ffc7cb57000 	C:\WINDOWS\System32\combase.dll
0x00007ffc7a6f0000 - 0x00007ffc7a7e5000 	C:\WINDOWS\System32\ucrtbase.dll
0x00007ffc79b90000 - 0x00007ffc79bfa000 	C:\WINDOWS\System32\bcryptPrimitives.dll
0x00007ffc7b160000 - 0x00007ffc7b18e000 	C:\WINDOWS\System32\IMM32.DLL
0x0000000050230000 - 0x0000000050302000 	D:\Program Files\Java\jdk1.8.0_92\jre\bin\msvcr100.dll
0x0000000050cd0000 - 0x0000000051566000 	D:\Program Files\Java\jdk1.8.0_92\jre\bin\server\jvm.dll
0x00007ffc7aa00000 - 0x00007ffc7aa08000 	C:\WINDOWS\System32\PSAPI.DLL
0x00007ffc6d910000 - 0x00007ffc6d919000 	C:\WINDOWS\SYSTEM32\WSOCK32.dll
0x00007ffc7d140000 - 0x00007ffc7d1aa000 	C:\WINDOWS\System32\WS2_32.dll
0x00007ffc77cf0000 - 0x00007ffc77d13000 	C:\WINDOWS\SYSTEM32\WINMM.dll
0x00007ffc6eef0000 - 0x00007ffc6eefa000 	C:\WINDOWS\SYSTEM32\VERSION.dll
0x00007ffc77c90000 - 0x00007ffc77cbb000 	C:\WINDOWS\SYSTEM32\WINMMBASE.dll
0x00007ffc7a6a0000 - 0x00007ffc7a6e2000 	C:\WINDOWS\System32\cfgmgr32.dll
0x0000000050cc0000 - 0x0000000050ccf000 	D:\Program Files\Java\jdk1.8.0_92\jre\bin\verify.dll
0x0000000050c90000 - 0x0000000050cb9000 	D:\Program Files\Java\jdk1.8.0_92\jre\bin\java.dll
0x0000000050c70000 - 0x0000000050c86000 	D:\Program Files\Java\jdk1.8.0_92\jre\bin\zip.dll
0x00007ffc7b1b0000 - 0x00007ffc7c6b8000 	C:\WINDOWS\System32\SHELL32.dll
0x00007ffc79fc0000 - 0x00007ffc7a69a000 	C:\WINDOWS\System32\windows.storage.dll
0x00007ffc79830000 - 0x00007ffc7987c000 	C:\WINDOWS\System32\powrprof.dll
0x00007ffc7d080000 - 0x00007ffc7d0d2000 	C:\WINDOWS\System32\shlwapi.dll
0x00007ffc79890000 - 0x00007ffc7989f000 	C:\WINDOWS\System32\kernel.appcore.dll
0x00007ffc7a810000 - 0x00007ffc7a8b9000 	C:\WINDOWS\System32\shcore.dll
0x00007ffc798a0000 - 0x00007ffc798b4000 	C:\WINDOWS\System32\profapi.dll

VM Arguments:
jvm_args: -Djava.awt.headless=true -Xmx1024M -Dfile.encoding=GBK -Duser.country=CN -Duser.language=zh -Duser.variant 
java_command: com.android.dx.command.Main --dex --force-jumbo --num-threads=4 --output F:\AndroidStudioProjects\MyApplication2\l07_app_music\build\intermediates\pre-dexed\debug\com.android.support-appcompat-v7-24.2.0_0f1e5d496ebc6201bd330a81cc0144858d983f53.jar F:\AndroidStudioProjects\MyApplication2\l07_app_music\build\intermediates\exploded-aar\com.android.support\appcompat-v7\24.2.0\jars\classes.jar
java_class_path (initial): D:\Android_developer_tools\android-sdk-windows\build-tools\24.0.2\lib\dx.jar
Launcher Type: SUN_STANDARD

Environment Variables:
JAVA_HOME=D:\Program Files\Java\jdk1.8.0_92
CLASSPATH=.;D:\Program Files\Java\jdk1.8.0_92\lib\dt.jar;D:\Program Files\Java\jdk1.8.0_92\lib\tools.jar
PATH=D:\Program Files\Java\jdk1.8.0_92\bin;D:\Program Files\Java\jdk1.8.0_92\jre\bin;C:\WINDOWS\system32;C:\WINDOWS;C:\WINDOWS\System32\Wbem;C:\WINDOWS\System32\WindowsPowerShell\v1.0\;C:\Program Files (x86)\ATI Technologies\ATI.ACE\Core-Static;C:\Program Files\Lenovo\Bluetooth Software\;C:\Program Files\Lenovo\Bluetooth Software\syswow64;C:\Program Files (x86)\AMD\ATI.ACE\Core-Static;D:\Program Files (x86)\MySQL\MySQL Server 5.5\bin;D:\Android_developer_tools\android-sdk-windows\platform-tools;D:\Android_developer_tools\android-sdk-windows\tools;C:\Users\Administrator\AppData\Local\Microsoft\WindowsApps;
USERNAME=Administrator
OS=Windows_NT
PROCESSOR_IDENTIFIER=Intel64 Family 6 Model 58 Stepping 9, GenuineIntel



---------------  S Y S T E M  ---------------

OS: Windows 10.0 , 64 bit Build 14393 (10.0.14393.0)

CPU:total 4 (2 cores per cpu, 2 threads per core) family 6 model 58 stepping 9, cmov, cx8, fxsr, mmx, sse, sse2, sse3, ssse3, sse4.1, sse4.2, popcnt, avx, clmul, erms, ht, tsc, tscinvbit, tscinv

Memory: 4k page, physical 4060004k(500244k free), swap 6157156k(3564k free)

vm_info: Java HotSpot(TM) 64-Bit Server VM (25.92-b14) for windows-amd64 JRE (1.8.0_92-b14), built on Mar 31 2016 21:03:04 by "java_re" with MS VC++ 10.0 (VS2010)

time: Sun Sep 11 23:21:13 2016
elapsed time: 8 seconds (0d 0h 0m 8s)

