#
# There is insufficient memory for the Java Runtime Environment to continue.
# Native memory allocation (malloc) failed to allocate 82496 bytes for Chunk::new
# Possible reasons:
#   The system is out of physical RAM or swap space
#   In 32 bit mode, the process size limit was hit
# Possible solutions:
#   Reduce memory load on the system
#   Increase physical memory or swap space
#   Check if swap backing store is full
#   Use 64 bit Java on a 64 bit OS
#   Decrease Java heap size (-Xmx/-Xms)
#   Decrease number of Java threads
#   Decrease Java thread stack sizes (-Xss)
#   Set larger code cache with -XX:ReservedCodeCacheSize=
# This output file may be truncated or incomplete.
#
#  Out of Memory Error (allocation.cpp:390), pid=23708, tid=0x0000000000006af8
#
# JRE version: Java(TM) SE Runtime Environment (8.0_92-b14) (build 1.8.0_92-b14)
# Java VM: Java HotSpot(TM) 64-Bit Server VM (25.92-b14 mixed mode windows-amd64 compressed oops)
# Failed to write core dump. Minidumps are not enabled by default on client versions of Windows
#

---------------  T H R E A D  ---------------

Current thread (0x000000001568b800):  JavaThread "C2 CompilerThread0" daemon [_thread_in_native, id=27384, stack(0x0000000016b90000,0x0000000016c90000)]

Stack: [0x0000000016b90000,0x0000000016c90000]
[error occurred during error reporting (printing stack bounds), id 0xc0000005]

Native frames: (J=compiled Java code, j=interpreted, Vv=VM code, C=native code)


Current CompileTask:
C2:   1481  227       4       com.android.dx.rop.cst.CstString::utf8BytesToString (391 bytes)


---------------  P R O C E S S  ---------------

Java Threads: ( => current thread )
  0x0000000016e8c800 JavaThread "pool-1-thread-4" [_thread_new, id=26668, stack(0x0000000000000000,0x0000000000000000)]
  0x0000000016e34000 JavaThread "pool-1-thread-3" [_thread_new, id=27636, stack(0x0000000000000000,0x0000000000000000)]
  0x0000000016e2b000 JavaThread "pool-1-thread-2" [_thread_new, id=27640, stack(0x0000000000000000,0x0000000000000000)]
  0x0000000016e28000 JavaThread "pool-2-thread-1" [_thread_new, id=23924, stack(0x0000000000000000,0x0000000000000000)]
  0x0000000016e26800 JavaThread "pool-1-thread-1" [_thread_new, id=27600, stack(0x0000000000000000,0x0000000000000000)]
  0x0000000016cf6000 JavaThread "Service Thread" daemon [_thread_blocked, id=26828, stack(0x0000000017290000,0x0000000017390000)]
  0x0000000016cf3000 JavaThread "C1 CompilerThread2" daemon [_thread_in_native, id=26928, stack(0x0000000017190000,0x0000000017290000)]
  0x000000001568d800 JavaThread "C2 CompilerThread1" daemon [_thread_blocked, id=26856, stack(0x0000000017090000,0x0000000017190000)]
=>0x000000001568b800 JavaThread "C2 CompilerThread0" daemon [_thread_in_native, id=27384, stack(0x0000000016b90000,0x0000000016c90000)]
  0x0000000015689800 JavaThread "Attach Listener" daemon [_thread_blocked, id=26988, stack(0x0000000016a90000,0x0000000016b90000)]
  0x000000001563f000 JavaThread "Signal Dispatcher" daemon [_thread_blocked, id=26660, stack(0x0000000016990000,0x0000000016a90000)]
  0x0000000002e9a800 JavaThread "Finalizer" daemon [_thread_blocked, id=25280, stack(0x0000000016890000,0x0000000016990000)]
  0x0000000002e8f800 JavaThread "Reference Handler" daemon [_thread_blocked, id=27380, stack(0x0000000016790000,0x0000000016890000)]
  0x0000000002f5e000 JavaThread "main" [_thread_in_Java, id=27164, stack(0x0000000002950000,0x0000000002a50000)]

Other Threads:
  0x00000000155f7800 VMThread [stack: 0x0000000016690000,0x0000000016790000] [id=27404]
  0x0000000016d07000 WatcherThread [stack: 0x0000000017390000,0x0000000017490000] [id=27644]

VM state:not at safepoint (normal execution)

VM Mutex/Monitor currently owned by a thread: None

Heap:
 PSYoungGen      total 18432K, used 4770K [0x00000000eab00000, 0x00000000ebf80000, 0x0000000100000000)
  eden space 15872K, 30% used [0x00000000eab00000,0x00000000eafa8888,0x00000000eba80000)
  from space 2560K, 0% used [0x00000000ebd00000,0x00000000ebd00000,0x00000000ebf80000)
  to   space 2560K, 0% used [0x00000000eba80000,0x00000000eba80000,0x00000000ebd00000)
 ParOldGen       total 42496K, used 0K [0x00000000c0000000, 0x00000000c2980000, 0x00000000eab00000)
  object space 42496K, 0% used [0x00000000c0000000,0x00000000c0000000,0x00000000c2980000)
 Metaspace       used 4072K, capacity 5168K, committed 5376K, reserved 1056768K
  class space    used 459K, capacity 488K, committed 512K, reserved 1048576K

Card table byte_map: [0x0000000012320000,0x0000000012530000] byte_map_base: 0x0000000011d20000

Marking Bits: (ParMarkBitMap*) 0x00000000734364f0
 Begin Bits: [0x0000000012a90000, 0x0000000013a90000)
 End Bits:   [0x0000000013a90000, 0x0000000014a90000)

Polling page: 0x0000000001190000

CodeCache: size=245760Kb used=1625Kb max_used=1625Kb free=244135Kb
 bounds [0x0000000002f60000, 0x00000000031d0000, 0x0000000011f60000]
 total_blobs=489 nmethods=229 adapters=173
 compilation: enabled

Compilation events (10 events):
Event: 1.466 Thread 0x0000000016cf3000  215   !   3       com.android.dx.util.FixedSizeList::<init> (36 bytes)
Event: 1.467 Thread 0x0000000016cf3000 nmethod 215 0x00000000030e4f50 code [0x00000000030e50e0, 0x00000000030e54e8]
Event: 1.467 Thread 0x0000000016cf3000  221   !   3       com.android.dx.cf.direct.AttributeFactory::parse (248 bytes)
Event: 1.469 Thread 0x000000001568d800 nmethod 222 0x00000000030e83d0 code [0x00000000030e8520, 0x00000000030e8678]
Event: 1.472 Thread 0x000000001568b800  227       4       com.android.dx.rop.cst.CstString::utf8BytesToString (391 bytes)
Event: 1.473 Thread 0x000000001568d800  228       4       java.lang.String::equals (81 bytes)
Event: 1.474 Thread 0x0000000016cf3000 nmethod 221 0x00000000030e8810 code [0x00000000030e8e00, 0x00000000030ecc68]
Event: 1.474 Thread 0x0000000016cf3000  223       3       com.android.dx.cf.direct.AttributeListParser::parseIfNecessary (12 bytes)
Event: 1.474 Thread 0x0000000016cf3000 nmethod 223 0x00000000030e8010 code [0x00000000030e8180, 0x00000000030e8348]
Event: 1.474 Thread 0x0000000016cf3000  230       3       com.android.dx.cf.direct.StdAttributeFactory::parse0 (532 bytes)

GC Heap History (0 events):
No events

Deoptimization events (0 events):
No events

Internal exceptions (2 events):
Event: 0.137 Thread 0x0000000002f5e000 Exception <a 'java/lang/NoSuchMethodError': Method sun.misc.Unsafe.defineClass(Ljava/lang/String;[BII)Ljava/lang/Class; name or signature does not match> (0x00000000eab07cc0) thrown at [D:\re\workspace\8-2-build-windows-amd64-cygwin\jdk8u92\6642\hotspot\sréŸ|tê¡?
Event: 0.137 Thread 0x0000000002f5e000 Exception <a 'java/lang/NoSuchMethodError': Method sun.misc.Unsafe.prefetchRead(Ljava/lang/Object;J)V name or signature does not match> (0x00000000eab07fa8) thrown at [D:\re\workspace\8-2-build-windows-amd64-cygwin\jdk8u92\6642\hotspot\src\share\vm\prims\j

Events (10 events):
Event: 1.413 loading class com/android/dx/cf/attrib/BaseAnnotations
Event: 1.413 loading class com/android/dx/cf/attrib/BaseAnnotations done
Event: 1.460 loading class com/android/dx/rop/annotation/AnnotationsList
Event: 1.460 loading class com/android/dx/rop/annotation/AnnotationsList done
Event: 1.461 loading class com/android/dx/cf/attrib/AttRuntimeInvisibleParameterAnnotations
Event: 1.461 loading class com/android/dx/cf/attrib/AttRuntimeInvisibleParameterAnnotations done
Event: 1.461 loading class com/android/dx/cf/attrib/BaseParameterAnnotations
Event: 1.461 loading class com/android/dx/cf/attrib/BaseParameterAnnotations done
Event: 1.465 loading class com/android/dx/cf/attrib/AttExceptions
Event: 1.465 loading class com/android/dx/cf/attrib/AttExceptions done


Dynamic libraries:
0x00007ff731bd0000 - 0x00007ff731c07000 	D:\Program Files\Java\jdk1.8.0_92\bin\java.exe
0x00007fff45ee0000 - 0x00007fff460b1000 	C:\WINDOWS\SYSTEM32\ntdll.dll
0x00007fff44480000 - 0x00007fff4452b000 	C:\WINDOWS\System32\KERNEL32.DLL
0x00007fff431e0000 - 0x00007fff433fd000 	C:\WINDOWS\System32\KERNELBASE.dll
0x00007fff44530000 - 0x00007fff445d2000 	C:\WINDOWS\System32\ADVAPI32.dll
0x00007fff43f70000 - 0x00007fff4400e000 	C:\WINDOWS\System32\msvcrt.dll
0x00007fff439c0000 - 0x00007fff43a19000 	C:\WINDOWS\System32\sechost.dll
0x00007fff45d40000 - 0x00007fff45e61000 	C:\WINDOWS\System32\RPCRT4.dll
0x00007fff434b0000 - 0x00007fff43615000 	C:\WINDOWS\System32\USER32.dll
0x00007fff42e30000 - 0x00007fff42e4e000 	C:\WINDOWS\System32\win32u.dll
0x00007fff44440000 - 0x00007fff44474000 	C:\WINDOWS\System32\GDI32.dll
0x00007fff42ca0000 - 0x00007fff42e22000 	C:\WINDOWS\System32\gdi32full.dll
0x00007fff374a0000 - 0x00007fff37719000 	C:\WINDOWS\WinSxS\amd64_microsoft.windows.common-controls_6595b64144ccf1df_6.0.14393.0_none_2d0f50fcbdb171b8\COMCTL32.dll
0x00007fff436f0000 - 0x00007fff439b7000 	C:\WINDOWS\System32\combase.dll
0x00007fff42450000 - 0x00007fff42545000 	C:\WINDOWS\System32\ucrtbase.dll
0x00007fff42c30000 - 0x00007fff42c9a000 	C:\WINDOWS\System32\bcryptPrimitives.dll
0x00007fff43cb0000 - 0x00007fff43cde000 	C:\WINDOWS\System32\IMM32.DLL
0x0000000072500000 - 0x00000000725d2000 	D:\Program Files\Java\jdk1.8.0_92\jre\bin\msvcr100.dll
0x0000000072c20000 - 0x00000000734b6000 	D:\Program Files\Java\jdk1.8.0_92\jre\bin\server\jvm.dll
0x00007fff45e70000 - 0x00007fff45e78000 	C:\WINDOWS\System32\PSAPI.DLL
0x00007fff35520000 - 0x00007fff35529000 	C:\WINDOWS\SYSTEM32\WSOCK32.dll
0x00007fff43620000 - 0x00007fff4368a000 	C:\WINDOWS\System32\WS2_32.dll
0x00007fff40880000 - 0x00007fff408a3000 	C:\WINDOWS\SYSTEM32\WINMM.dll
0x00007fff368b0000 - 0x00007fff368ba000 	C:\WINDOWS\SYSTEM32\VERSION.dll
0x00007fff40820000 - 0x00007fff4084b000 	C:\WINDOWS\SYSTEM32\WINMMBASE.dll
0x00007fff43400000 - 0x00007fff43442000 	C:\WINDOWS\System32\cfgmgr32.dll
0x0000000072c10000 - 0x0000000072c1f000 	D:\Program Files\Java\jdk1.8.0_92\jre\bin\verify.dll
0x0000000072be0000 - 0x0000000072c09000 	D:\Program Files\Java\jdk1.8.0_92\jre\bin\java.dll
0x0000000072bc0000 - 0x0000000072bd6000 	D:\Program Files\Java\jdk1.8.0_92\jre\bin\zip.dll
0x00007fff44830000 - 0x00007fff45d38000 	C:\WINDOWS\System32\SHELL32.dll
0x00007fff42550000 - 0x00007fff42c2a000 	C:\WINDOWS\System32\windows.storage.dll
0x00007fff42400000 - 0x00007fff4244c000 	C:\WINDOWS\System32\powrprof.dll
0x00007fff43690000 - 0x00007fff436e2000 	C:\WINDOWS\System32\shlwapi.dll
0x00007fff423e0000 - 0x00007fff423ef000 	C:\WINDOWS\System32\kernel.appcore.dll
0x00007fff43130000 - 0x00007fff431d9000 	C:\WINDOWS\System32\shcore.dll
0x00007fff423c0000 - 0x00007fff423d4000 	C:\WINDOWS\System32\profapi.dll

VM Arguments:
jvm_args: -Djava.awt.headless=true -Xmx1024M -Dfile.encoding=GBK -Duser.country=CN -Duser.language=zh -Duser.variant 
java_command: com.android.dx.command.Main --dex --force-jumbo --num-threads=4 --output F:\AndroidStudioProjects\MyApplication2\l05_app_handler\build\intermediates\pre-dexed\debug\com.android.support-support-vector-drawable-24.2.0_a1662e35cb7bcf624187383aa9f9f658592a99b9.jar F:\AndroidStudioProjects\MyApplication2\l05_app_handler\build\intermediates\exploded-aar\com.android.support\support-vector-drawable\24.2.0\jars\classes.jar
java_class_path (initial): D:\Android_developer_tools\android-sdk-windows\build-tools\24.0.2\lib\dx.jar
Launcher Type: SUN_STANDARD

Environment Variables:
JAVA_HOME=D:\Program Files\Java\jdk1.8.0_92
CLASSPATH=.;D:\Program Files\Java\jdk1.8.0_92\lib\dt.jar;D:\Program Files\Java\jdk1.8.0_92\lib\tools.jar
PATH=D:\Program Files\Java\jdk1.8.0_92\bin;D:\Program Files\Java\jdk1.8.0_92\jre\bin;C:\WINDOWS\system32;C:\WINDOWS;C:\WINDOWS\System32\Wbem;C:\WINDOWS\System32\WindowsPowerShell\v1.0\;C:\Program Files (x86)\ATI Technologies\ATI.ACE\Core-Static;C:\Program Files\Lenovo\Bluetooth Software\;C:\Program Files\Lenovo\Bluetooth Software\syswow64;C:\Program Files (x86)\AMD\ATI.ACE\Core-Static;D:\Program Files (x86)\MySQL\MySQL Server 5.5\bin;D:\Android_developer_tools\android-sdk-windows\platform-tools;D:\Android_developer_tools\android-sdk-windows\tools;C:\Users\Administrator\AppData\Local\Microsoft\WindowsApps;
USERNAME=Administrator
OS=Windows_NT
PROCESSOR_IDENTIFIER=Intel64 Family 6 Model 58 Stepping 9, GenuineIntel



---------------  S Y S T E M  ---------------

OS: Windows 10.0 , 64 bit Build 14393 (10.0.14393.0)

CPU:total 4 (2 cores per cpu, 2 threads per core) family 6 model 58 stepping 9, cmov, cx8, fxsr, mmx, sse, sse2, sse3, ssse3, sse4.1, sse4.2, popcnt, avx, clmul, erms, ht, tsc, tscinvbit, tscinv

Memory: 4k page, physical 4060004k(272356k free), swap 6157156k(3296k free)

vm_info: Java HotSpot(TM) 64-Bit Server VM (25.92-b14) for windows-amd64 JRE (1.8.0_92-b14), built on Mar 31 2016 21:03:04 by "java_re" with MS VC++ 10.0 (VS2010)

time: Sat Sep 10 20:02:13 2016
elapsed time: 1 seconds (0d 0h 0m 1s)

