#
# There is insufficient memory for the Java Runtime Environment to continue.
# Native memory allocation (malloc) failed to allocate 1048576 bytes for AllocateHeap
# Possible reasons:
#   The system is out of physical RAM or swap space
#   In 32 bit mode, the process size limit was hit
# Possible solutions:
#   Reduce memory load on the system
#   Increase physical memory or swap space
#   Check if swap backing store is full
#   Use 64 bit Java on a 64 bit OS
#   Decrease Java heap size (-Xmx/-Xms)
#   Decrease number of Java threads
#   Decrease Java thread stack sizes (-Xss)
#   Set larger code cache with -XX:ReservedCodeCacheSize=
# This output file may be truncated or incomplete.
#
#  Out of Memory Error (memory/allocation.inline.hpp:61), pid=26800, tid=0x000000000000695c
#
# JRE version:  (8.0_92-b14) (build )
# Java VM: Java HotSpot(TM) 64-Bit Server VM (25.92-b14 mixed mode windows-amd64 compressed oops)
# Failed to write core dump. Minidumps are not enabled by default on client versions of Windows
#

---------------  T H R E A D  ---------------

Current thread (0x0000000002a5e000):  JavaThread "Unknown thread" [_thread_in_vm, id=26972, stack(0x0000000002a60000,0x0000000002b60000)]

Stack: [0x0000000002a60000,0x0000000002b60000]
[error occurred during error reporting (printing stack bounds), id 0xc0000005]

Native frames: (J=compiled Java code, j=interpreted, Vv=VM code, C=native code)


---------------  P R O C E S S  ---------------

Java Threads: ( => current thread )

Other Threads:

=>0x0000000002a5e000 (exited) JavaThread "Unknown thread" [_thread_in_vm, id=26972, stack(0x0000000002a60000,0x0000000002b60000)]

VM state:not at safepoint (normal execution)

VM Mutex/Monitor currently owned by a thread: None

Heap:
 PSYoungGen      total 18432K, used 317K [0x00000000eab00000, 0x00000000ebf80000, 0x0000000100000000)
  eden space 15872K, 2% used [0x00000000eab00000,0x00000000eab4f5d0,0x00000000eba80000)
  from space 2560K, 0% used [0x00000000ebd00000,0x00000000ebd00000,0x00000000ebf80000)
  to   space 2560K, 0% used [0x00000000eba80000,0x00000000eba80000,0x00000000ebd00000)
 ParOldGen       total 42496K, used 0K [0x00000000c0000000, 0x00000000c2980000, 0x00000000eab00000)
  object space 42496K, 0% used [0x00000000c0000000,0x00000000c0000000,0x00000000c2980000)
 Metaspace       used 769K, capacity 4480K, committed 4480K, reserved 1056768K
  class space    used 75K, capacity 384K, committed 384K, reserved 1048576K

Card table byte_map: [0x0000000012020000,0x0000000012230000] byte_map_base: 0x0000000011a20000

Marking Bits: (ParMarkBitMap*) 0x00000000734364f0
 Begin Bits: [0x0000000012790000, 0x0000000013790000)
 End Bits:   [0x0000000013790000, 0x0000000014790000)

Polling page: 0x0000000000b70000

CodeCache: size=245760Kb used=328Kb max_used=328Kb free=245431Kb
 bounds [0x0000000002c60000, 0x0000000002ed0000, 0x0000000011c60000]
 total_blobs=58 nmethods=0 adapters=38
 compilation: enabled

Compilation events (0 events):
No events

GC Heap History (0 events):
No events

Deoptimization events (0 events):
No events

Internal exceptions (0 events):
No events

Events (10 events):
Event: 0.083 loading class java/lang/Short
Event: 0.084 loading class java/lang/Short done
Event: 0.084 loading class java/lang/Integer
Event: 0.084 loading class java/lang/Integer done
Event: 0.084 loading class java/lang/Long
Event: 0.084 loading class java/lang/Long done
Event: 0.085 loading class java/lang/NullPointerException
Event: 0.085 loading class java/lang/NullPointerException done
Event: 0.085 loading class java/lang/ArithmeticException
Event: 0.085 loading class java/lang/ArithmeticException done


Dynamic libraries:
0x00007ff731bd0000 - 0x00007ff731c07000 	D:\Program Files\Java\jdk1.8.0_92\bin\java.exe
0x00007fff45ee0000 - 0x00007fff460b1000 	C:\WINDOWS\SYSTEM32\ntdll.dll
0x00007fff44480000 - 0x00007fff4452b000 	C:\WINDOWS\System32\KERNEL32.DLL
0x00007fff431e0000 - 0x00007fff433fd000 	C:\WINDOWS\System32\KERNELBASE.dll
0x00007fff44530000 - 0x00007fff445d2000 	C:\WINDOWS\System32\ADVAPI32.dll
0x00007fff43f70000 - 0x00007fff4400e000 	C:\WINDOWS\System32\msvcrt.dll
0x00007fff439c0000 - 0x00007fff43a19000 	C:\WINDOWS\System32\sechost.dll
0x00007fff45d40000 - 0x00007fff45e61000 	C:\WINDOWS\System32\RPCRT4.dll
0x00007fff434b0000 - 0x00007fff43615000 	C:\WINDOWS\System32\USER32.dll
0x00007fff42e30000 - 0x00007fff42e4e000 	C:\WINDOWS\System32\win32u.dll
0x00007fff44440000 - 0x00007fff44474000 	C:\WINDOWS\System32\GDI32.dll
0x00007fff42ca0000 - 0x00007fff42e22000 	C:\WINDOWS\System32\gdi32full.dll
0x00007fff374a0000 - 0x00007fff37719000 	C:\WINDOWS\WinSxS\amd64_microsoft.windows.common-controls_6595b64144ccf1df_6.0.14393.0_none_2d0f50fcbdb171b8\COMCTL32.dll
0x00007fff436f0000 - 0x00007fff439b7000 	C:\WINDOWS\System32\combase.dll
0x00007fff42450000 - 0x00007fff42545000 	C:\WINDOWS\System32\ucrtbase.dll
0x00007fff42c30000 - 0x00007fff42c9a000 	C:\WINDOWS\System32\bcryptPrimitives.dll
0x00007fff43cb0000 - 0x00007fff43cde000 	C:\WINDOWS\System32\IMM32.DLL
0x0000000072500000 - 0x00000000725d2000 	D:\Program Files\Java\jdk1.8.0_92\jre\bin\msvcr100.dll
0x0000000072c20000 - 0x00000000734b6000 	D:\Program Files\Java\jdk1.8.0_92\jre\bin\server\jvm.dll
0x00007fff45e70000 - 0x00007fff45e78000 	C:\WINDOWS\System32\PSAPI.DLL
0x00007fff35520000 - 0x00007fff35529000 	C:\WINDOWS\SYSTEM32\WSOCK32.dll
0x00007fff43620000 - 0x00007fff4368a000 	C:\WINDOWS\System32\WS2_32.dll
0x00007fff40880000 - 0x00007fff408a3000 	C:\WINDOWS\SYSTEM32\WINMM.dll
0x00007fff368b0000 - 0x00007fff368ba000 	C:\WINDOWS\SYSTEM32\VERSION.dll
0x00007fff40820000 - 0x00007fff4084b000 	C:\WINDOWS\SYSTEM32\WINMMBASE.dll
0x00007fff43400000 - 0x00007fff43442000 	C:\WINDOWS\System32\cfgmgr32.dll
0x0000000072c10000 - 0x0000000072c1f000 	D:\Program Files\Java\jdk1.8.0_92\jre\bin\verify.dll
0x0000000072be0000 - 0x0000000072c09000 	D:\Program Files\Java\jdk1.8.0_92\jre\bin\java.dll
0x0000000072bc0000 - 0x0000000072bd6000 	D:\Program Files\Java\jdk1.8.0_92\jre\bin\zip.dll

VM Arguments:
jvm_args: -Djava.awt.headless=true -Xmx1024M -Dfile.encoding=GBK -Duser.country=CN -Duser.language=zh -Duser.variant 
java_command: com.android.dx.command.Main --dex --force-jumbo --num-threads=4 --output F:\AndroidStudioProjects\MyApplication2\l05_app_handler\build\intermediates\pre-dexed\debug\internal_impl-24.2.0_999aa60345253591f69b5270ab938c5891d32f47.jar F:\AndroidStudioProjects\MyApplication2\l05_app_handler\build\intermediates\exploded-aar\com.android.support\support-compat\24.2.0\jars\libs\internal_impl-24.2.0.jar
java_class_path (initial): D:\Android_developer_tools\android-sdk-windows\build-tools\24.0.2\lib\dx.jar
Launcher Type: SUN_STANDARD

Environment Variables:
JAVA_HOME=D:\Program Files\Java\jdk1.8.0_92
CLASSPATH=.;D:\Program Files\Java\jdk1.8.0_92\lib\dt.jar;D:\Program Files\Java\jdk1.8.0_92\lib\tools.jar
PATH=D:\Program Files\Java\jdk1.8.0_92\bin;D:\Program Files\Java\jdk1.8.0_92\jre\bin;C:\WINDOWS\system32;C:\WINDOWS;C:\WINDOWS\System32\Wbem;C:\WINDOWS\System32\WindowsPowerShell\v1.0\;C:\Program Files (x86)\ATI Technologies\ATI.ACE\Core-Static;C:\Program Files\Lenovo\Bluetooth Software\;C:\Program Files\Lenovo\Bluetooth Software\syswow64;C:\Program Files (x86)\AMD\ATI.ACE\Core-Static;D:\Program Files (x86)\MySQL\MySQL Server 5.5\bin;D:\Android_developer_tools\android-sdk-windows\platform-tools;D:\Android_developer_tools\android-sdk-windows\tools;C:\Users\Administrator\AppData\Local\Microsoft\WindowsApps;
USERNAME=Administrator
OS=Windows_NT
PROCESSOR_IDENTIFIER=Intel64 Family 6 Model 58 Stepping 9, GenuineIntel



---------------  S Y S T E M  ---------------

OS: Windows 10.0 , 64 bit Build 14393 (10.0.14393.0)

CPU:total 4 (2 cores per cpu, 2 threads per core) family 6 model 58 stepping 9, cmov, cx8, fxsr, mmx, sse, sse2, sse3, ssse3, sse4.1, sse4.2, popcnt, avx, clmul, erms, ht, tsc, tscinvbit, tscinv

Memory: 4k page, physical 4060004k(275964k free), swap 6157156k(5328k free)

vm_info: Java HotSpot(TM) 64-Bit Server VM (25.92-b14) for windows-amd64 JRE (1.8.0_92-b14), built on Mar 31 2016 21:03:04 by "java_re" with MS VC++ 10.0 (VS2010)

time: Sat Sep 10 20:01:58 2016
elapsed time: 0 seconds (0d 0h 0m 0s)

