#
# There is insufficient memory for the Java Runtime Environment to continue.
# Native memory allocation (malloc) failed to allocate 856576 bytes for Chunk::new
# Possible reasons:
#   The system is out of physical RAM or swap space
#   In 32 bit mode, the process size limit was hit
# Possible solutions:
#   Reduce memory load on the system
#   Increase physical memory or swap space
#   Check if swap backing store is full
#   Use 64 bit Java on a 64 bit OS
#   Decrease Java heap size (-Xmx/-Xms)
#   Decrease number of Java threads
#   Decrease Java thread stack sizes (-Xss)
#   Set larger code cache with -XX:ReservedCodeCacheSize=
# This output file may be truncated or incomplete.
#
#  Out of Memory Error (allocation.cpp:390), pid=27112, tid=0x000000000000691c
#
# JRE version: Java(TM) SE Runtime Environment (8.0_92-b14) (build 1.8.0_92-b14)
# Java VM: Java HotSpot(TM) 64-Bit Server VM (25.92-b14 mixed mode windows-amd64 compressed oops)
# Failed to write core dump. Minidumps are not enabled by default on client versions of Windows
#

---------------  T H R E A D  ---------------

Current thread (0x00000000150bd800):  JavaThread "C2 CompilerThread1" daemon [_thread_in_native, id=26908, stack(0x0000000016ab0000,0x0000000016bb0000)]

Stack: [0x0000000016ab0000,0x0000000016bb0000]
[error occurred during error reporting (printing stack bounds), id 0xc0000005]

Native frames: (J=compiled Java code, j=interpreted, Vv=VM code, C=native code)


Current CompileTask:
C2:   7135 1607   !   4       com.android.dx.cf.code.Ropper::processBlock (1101 bytes)


---------------  P R O C E S S  ---------------

Java Threads: ( => current thread )
  0x000000001692f800 JavaThread "pool-1-thread-3" [_thread_in_Java, id=26944, stack(0x00000000171b0000,0x00000000172b0000)]
  0x000000001692b800 JavaThread "pool-1-thread-2" [_thread_in_Java, id=26904, stack(0x00000000170b0000,0x00000000171b0000)]
  0x0000000016928800 JavaThread "pool-2-thread-1" [_thread_blocked, id=26796, stack(0x0000000016fb0000,0x00000000170b0000)]
  0x0000000016719000 JavaThread "Service Thread" daemon [_thread_blocked, id=27060, stack(0x0000000016cb0000,0x0000000016db0000)]
  0x0000000016713000 JavaThread "C1 CompilerThread2" daemon [_thread_blocked, id=27072, stack(0x0000000016bb0000,0x0000000016cb0000)]
=>0x00000000150bd800 JavaThread "C2 CompilerThread1" daemon [_thread_in_native, id=26908, stack(0x0000000016ab0000,0x0000000016bb0000)]
  0x00000000150bb000 JavaThread "C2 CompilerThread0" daemon [_thread_in_native, id=25276, stack(0x00000000165b0000,0x00000000166b0000)]
  0x00000000150b9800 JavaThread "Attach Listener" daemon [_thread_blocked, id=26676, stack(0x00000000164b0000,0x00000000165b0000)]
  0x00000000150b8800 JavaThread "Signal Dispatcher" daemon [_thread_blocked, id=26712, stack(0x00000000163b0000,0x00000000164b0000)]
  0x000000001504a000 JavaThread "Finalizer" daemon [_thread_blocked, id=27076, stack(0x00000000162b0000,0x00000000163b0000)]
  0x0000000015029000 JavaThread "Reference Handler" daemon [_thread_blocked, id=27080, stack(0x00000000161b0000,0x00000000162b0000)]
  0x000000000237d800 JavaThread "main" [_thread_blocked, id=26920, stack(0x0000000002790000,0x0000000002890000)]

Other Threads:
  0x0000000015026800 VMThread [stack: 0x00000000160b0000,0x00000000161b0000] [id=27048]
  0x0000000016737800 WatcherThread [stack: 0x0000000016db0000,0x0000000016eb0000] [id=26964]

VM state:not at safepoint (normal execution)

VM Mutex/Monitor currently owned by a thread: None

Heap:
 PSYoungGen      total 34304K, used 23826K [0x00000000eab00000, 0x00000000ecf00000, 0x0000000100000000)
  eden space 31744K, 67% used [0x00000000eab00000,0x00000000ebfc6938,0x00000000eca00000)
  from space 2560K, 99% used [0x00000000eca00000,0x00000000ecc7e040,0x00000000ecc80000)
  to   space 2560K, 0% used [0x00000000ecc80000,0x00000000ecc80000,0x00000000ecf00000)
 ParOldGen       total 42496K, used 9322K [0x00000000c0000000, 0x00000000c2980000, 0x00000000eab00000)
  object space 42496K, 21% used [0x00000000c0000000,0x00000000c091aa20,0x00000000c2980000)
 Metaspace       used 6325K, capacity 7128K, committed 7424K, reserved 1056768K
  class space    used 608K, capacity 656K, committed 768K, reserved 1048576K

Card table byte_map: [0x0000000011d50000,0x0000000011f60000] byte_map_base: 0x0000000011750000

Marking Bits: (ParMarkBitMap*) 0x00000000734364f0
 Begin Bits: [0x00000000124c0000, 0x00000000134c0000)
 End Bits:   [0x00000000134c0000, 0x00000000144c0000)

Polling page: 0x0000000000820000

CodeCache: size=245760Kb used=7073Kb max_used=7073Kb free=238686Kb
 bounds [0x0000000002990000, 0x0000000003080000, 0x0000000011990000]
 total_blobs=1951 nmethods=1679 adapters=184
 compilation: enabled

Compilation events (10 events):
Event: 6.962 Thread 0x0000000016713000 1692       2       com.android.dx.rop.code.Rops::opGetStatic (97 bytes)
Event: 6.963 Thread 0x0000000016713000 nmethod 1692 0x0000000003066c50 code [0x0000000003066e20, 0x0000000003067398]
Event: 6.974 Thread 0x0000000016713000 1693       2       com.android.dx.dex.code.RopTranslator$TranslationVisitor::visitThrowingInsn (118 bytes)
Event: 6.976 Thread 0x0000000016713000 nmethod 1693 0x0000000003065990 code [0x0000000003065be0, 0x0000000003066348]
Event: 6.979 Thread 0x0000000016713000 1694       2       java.util.concurrent.ThreadPoolExecutor::afterExecute (1 bytes)
Event: 6.980 Thread 0x0000000016713000 nmethod 1694 0x000000000307b950 code [0x000000000307baa0, 0x000000000307bbf0]
Event: 6.980 Thread 0x0000000016713000 1695   !   2       java.util.concurrent.ThreadPoolExecutor::getTask (179 bytes)
Event: 6.981 Thread 0x0000000016713000 nmethod 1695 0x000000000307bc50 code [0x000000000307be20, 0x000000000307c3f8]
Event: 6.998 Thread 0x0000000016713000 1696       2       java.util.concurrent.locks.ReentrantLock::lockInterruptibly (9 bytes)
Event: 6.998 Thread 0x0000000016713000 nmethod 1696 0x000000000307c7d0 code [0x000000000307c960, 0x000000000307cbf8]

GC Heap History (6 events):
Event: 3.756 GC heap before
{Heap before GC invocations=1 (full 0):
 PSYoungGen      total 18432K, used 15872K [0x00000000eab00000, 0x00000000ebf80000, 0x0000000100000000)
  eden space 15872K, 100% used [0x00000000eab00000,0x00000000eba80000,0x00000000eba80000)
  from space 2560K, 0% used [0x00000000ebd00000,0x00000000ebd00000,0x00000000ebf80000)
  to   space 2560K, 0% used [0x00000000eba80000,0x00000000eba80000,0x00000000ebd00000)
 ParOldGen       total 42496K, used 0K [0x00000000c0000000, 0x00000000c2980000, 0x00000000eab00000)
  object space 42496K, 0% used [0x00000000c0000000,0x00000000c0000000,0x00000000c2980000)
 Metaspace       used 5808K, capacity 6712K, committed 6784K, reserved 1056768K
  class space    used 602K, capacity 624K, committed 640K, reserved 1048576K
Event: 3.800 GC heap after
Heap after GC invocations=1 (full 0):
 PSYoungGen      total 18432K, used 2528K [0x00000000eab00000, 0x00000000ecf00000, 0x0000000100000000)
  eden space 15872K, 0% used [0x00000000eab00000,0x00000000eab00000,0x00000000eba80000)
  from space 2560K, 98% used [0x00000000eba80000,0x00000000ebcf8378,0x00000000ebd00000)
  to   space 2560K, 0% used [0x00000000ecc80000,0x00000000ecc80000,0x00000000ecf00000)
 ParOldGen       total 42496K, used 1854K [0x00000000c0000000, 0x00000000c2980000, 0x00000000eab00000)
  object space 42496K, 4% used [0x00000000c0000000,0x00000000c01cf9f8,0x00000000c2980000)
 Metaspace       used 5808K, capacity 6712K, committed 6784K, reserved 1056768K
  class space    used 602K, capacity 624K, committed 640K, reserved 1048576K
}
Event: 5.463 GC heap before
{Heap before GC invocations=2 (full 0):
 PSYoungGen      total 18432K, used 18400K [0x00000000eab00000, 0x00000000ecf00000, 0x0000000100000000)
  eden space 15872K, 100% used [0x00000000eab00000,0x00000000eba80000,0x00000000eba80000)
  from space 2560K, 98% used [0x00000000eba80000,0x00000000ebcf8378,0x00000000ebd00000)
  to   space 2560K, 0% used [0x00000000ecc80000,0x00000000ecc80000,0x00000000ecf00000)
 ParOldGen       total 42496K, used 1854K [0x00000000c0000000, 0x00000000c2980000, 0x00000000eab00000)
  object space 42496K, 4% used [0x00000000c0000000,0x00000000c01cf9f8,0x00000000c2980000)
 Metaspace       used 6160K, capacity 7032K, committed 7296K, reserved 1056768K
  class space    used 605K, capacity 624K, committed 640K, reserved 1048576K
Event: 5.554 GC heap after
Heap after GC invocations=2 (full 0):
 PSYoungGen      total 34304K, used 2536K [0x00000000eab00000, 0x00000000ecf00000, 0x0000000100000000)
  eden space 31744K, 0% used [0x00000000eab00000,0x00000000eab00000,0x00000000eca00000)
  from space 2560K, 99% used [0x00000000ecc80000,0x00000000ecefa030,0x00000000ecf00000)
  to   space 2560K, 0% used [0x00000000eca00000,0x00000000eca00000,0x00000000ecc80000)
 ParOldGen       total 42496K, used 4035K [0x00000000c0000000, 0x00000000c2980000, 0x00000000eab00000)
  object space 42496K, 9% used [0x00000000c0000000,0x00000000c03f0d98,0x00000000c2980000)
 Metaspace       used 6160K, capacity 7032K, committed 7296K, reserved 1056768K
  class space    used 605K, capacity 624K, committed 640K, reserved 1048576K
}
Event: 6.291 GC heap before
{Heap before GC invocations=3 (full 0):
 PSYoungGen      total 34304K, used 34280K [0x00000000eab00000, 0x00000000ecf00000, 0x0000000100000000)
  eden space 31744K, 100% used [0x00000000eab00000,0x00000000eca00000,0x00000000eca00000)
  from space 2560K, 99% used [0x00000000ecc80000,0x00000000ecefa030,0x00000000ecf00000)
  to   space 2560K, 0% used [0x00000000eca00000,0x00000000eca00000,0x00000000ecc80000)
 ParOldGen       total 42496K, used 4035K [0x00000000c0000000, 0x00000000c2980000, 0x00000000eab00000)
  object space 42496K, 9% used [0x00000000c0000000,0x00000000c03f0d98,0x00000000c2980000)
 Metaspace       used 6289K, capacity 7096K, committed 7296K, reserved 1056768K
  class space    used 606K, capacity 624K, committed 640K, reserved 1048576K
Event: 6.324 GC heap after
Heap after GC invocations=3 (full 0):
 PSYoungGen      total 34304K, used 2552K [0x00000000eab00000, 0x00000000ecf00000, 0x0000000100000000)
  eden space 31744K, 0% used [0x00000000eab00000,0x00000000eab00000,0x00000000eca00000)
  from space 2560K, 99% used [0x00000000eca00000,0x00000000ecc7e040,0x00000000ecc80000)
  to   space 2560K, 0% used [0x00000000ecc80000,0x00000000ecc80000,0x00000000ecf00000)
 ParOldGen       total 42496K, used 9322K [0x00000000c0000000, 0x00000000c2980000, 0x00000000eab00000)
  object space 42496K, 21% used [0x00000000c0000000,0x00000000c091aa20,0x00000000c2980000)
 Metaspace       used 6289K, capacity 7096K, committed 7296K, reserved 1056768K
  class space    used 606K, capacity 624K, committed 640K, reserved 1048576K
}

Deoptimization events (10 events):
Event: 5.619 Thread 0x000000001692f800 Uncommon trap: reason=unstable_if action=reinterpret pc=0x0000000002dd6a94 method=com.android.dx.ssa.SsaRenamer$BlockRenamer.addMapping(ILcom/android/dx/rop/code/RegisterSpec;)V @ 120
Event: 5.796 Thread 0x00000000169bf000 Uncommon trap: reason=unstable_if action=reinterpret pc=0x0000000002cda31c method=com.android.dx.rop.cst.Constant.compareTo(Lcom/android/dx/rop/cst/Constant;)I @ 12
Event: 5.805 Thread 0x000000000237d800 Uncommon trap: reason=unstable_if action=reinterpret pc=0x0000000002f6200c method=com.android.dx.ssa.MoveParamCombiner$1.visitNonMoveInsn(Lcom/android/dx/ssa/NormalSsaInsn;)V @ 27
Event: 6.108 Thread 0x000000001692f800 Uncommon trap: reason=bimorphic action=maybe_recompile pc=0x0000000002ec5d04 method=com.android.dx.cf.code.BytecodeArray.parseInstruction(ILcom/android/dx/cf/code/BytecodeArray$Visitor;)I @ 2281
Event: 6.108 Thread 0x000000001692f800 Uncommon trap: reason=bimorphic action=maybe_recompile pc=0x0000000002ec5d04 method=com.android.dx.cf.code.BytecodeArray.parseInstruction(ILcom/android/dx/cf/code/BytecodeArray$Visitor;)I @ 2281
Event: 6.558 Thread 0x000000001692b800 Uncommon trap: reason=unstable_if action=reinterpret pc=0x0000000003002440 method=com.android.dx.rop.code.LocalItem.compareHandlesNulls(Lcom/android/dx/rop/cst/CstString;Lcom/android/dx/rop/cst/CstString;)I @ 14
Event: 6.610 Thread 0x0000000016931800 Uncommon trap: reason=bimorphic action=maybe_recompile pc=0x0000000002ec5d04 method=com.android.dx.cf.code.BytecodeArray.parseInstruction(ILcom/android/dx/cf/code/BytecodeArray$Visitor;)I @ 2281
Event: 6.611 Thread 0x0000000016931800 Uncommon trap: reason=bimorphic action=maybe_recompile pc=0x0000000002ec5d04 method=com.android.dx.cf.code.BytecodeArray.parseInstruction(ILcom/android/dx/cf/code/BytecodeArray$Visitor;)I @ 2281
Event: 6.663 Thread 0x00000000169bf000 Uncommon trap: reason=unstable_if action=reinterpret pc=0x000000000302a138 method=com.android.dx.rop.code.RegisterSpec.equals(ILcom/android/dx/rop/type/TypeBearer;Lcom/android/dx/rop/code/LocalItem;)Z @ 42
Event: 6.663 Thread 0x00000000169bf000 Uncommon trap: reason=unstable_if action=reinterpret pc=0x0000000002cb9cd0 method=com.android.dx.rop.code.RegisterSpec.equals(ILcom/android/dx/rop/type/TypeBearer;Lcom/android/dx/rop/code/LocalItem;)Z @ 42

Internal exceptions (4 events):
Event: 0.086 Thread 0x000000000237d800 Exception <a 'java/lang/NoSuchMethodError': Method sun.misc.Unsafe.defineClass(Ljava/lang/String;[BII)Ljava/lang/Class; name or signature does not match> (0x00000000eab07cc0) thrown at [D:\re\workspace\8-2-build-windows-amd64-cygwin\jdk8u92\6642\hotspot\srîYŠ9W¶?
Event: 0.086 Thread 0x000000000237d800 Exception <a 'java/lang/NoSuchMethodError': Method sun.misc.Unsafe.prefetchRead(Ljava/lang/Object;J)V name or signature does not match> (0x00000000eab07fa8) thrown at [D:\re\workspace\8-2-build-windows-amd64-cygwin\jdk8u92\6642\hotspot\src\share\vm\prims\jPïmË¨}@
Event: 3.811 Thread 0x00000000169bf000 Implicit null exception at 0x0000000002cba8ca to 0x0000000002cbc705
Event: 6.558 Thread 0x000000001692b800 Implicit null exception at 0x0000000003000b0b to 0x0000000003002419

Events (10 events):
Event: 6.663 Thread 0x00000000169bf000 DEOPT UNPACKING pc=0x00000000029d582a sp=0x0000000016fae5f8 mode 2
Event: 6.663 Thread 0x00000000169bf000 Uncommon trap: trap_request=0xffffff65 fr.pc=0x0000000002cb9cd0
Event: 6.663 Thread 0x00000000169bf000 DEOPT PACKING pc=0x0000000002cb9cd0 sp=0x0000000016fae660
Event: 6.663 Thread 0x00000000169bf000 DEOPT UNPACKING pc=0x00000000029d582a sp=0x0000000016fae5e8 mode 2
Event: 6.686 loading class java/util/HashMap$KeySet
Event: 6.686 loading class java/util/HashMap$KeySet done
Event: 6.687 loading class java/util/HashMap$KeyIterator
Event: 6.687 loading class java/util/HashMap$KeyIterator done
Event: 6.980 Thread 0x0000000016931800 Thread exited: 0x0000000016931800
Event: 6.998 Thread 0x00000000169bf000 Thread exited: 0x00000000169bf000


Dynamic libraries:
0x00007ff731bd0000 - 0x00007ff731c07000 	D:\Program Files\Java\jdk1.8.0_92\bin\java.exe
0x00007fff45ee0000 - 0x00007fff460b1000 	C:\WINDOWS\SYSTEM32\ntdll.dll
0x00007fff44480000 - 0x00007fff4452b000 	C:\WINDOWS\System32\KERNEL32.DLL
0x00007fff431e0000 - 0x00007fff433fd000 	C:\WINDOWS\System32\KERNELBASE.dll
0x00007fff44530000 - 0x00007fff445d2000 	C:\WINDOWS\System32\ADVAPI32.dll
0x00007fff43f70000 - 0x00007fff4400e000 	C:\WINDOWS\System32\msvcrt.dll
0x00007fff439c0000 - 0x00007fff43a19000 	C:\WINDOWS\System32\sechost.dll
0x00007fff45d40000 - 0x00007fff45e61000 	C:\WINDOWS\System32\RPCRT4.dll
0x00007fff434b0000 - 0x00007fff43615000 	C:\WINDOWS\System32\USER32.dll
0x00007fff42e30000 - 0x00007fff42e4e000 	C:\WINDOWS\System32\win32u.dll
0x00007fff44440000 - 0x00007fff44474000 	C:\WINDOWS\System32\GDI32.dll
0x00007fff42ca0000 - 0x00007fff42e22000 	C:\WINDOWS\System32\gdi32full.dll
0x00007fff374a0000 - 0x00007fff37719000 	C:\WINDOWS\WinSxS\amd64_microsoft.windows.common-controls_6595b64144ccf1df_6.0.14393.0_none_2d0f50fcbdb171b8\COMCTL32.dll
0x00007fff436f0000 - 0x00007fff439b7000 	C:\WINDOWS\System32\combase.dll
0x00007fff42450000 - 0x00007fff42545000 	C:\WINDOWS\System32\ucrtbase.dll
0x00007fff42c30000 - 0x00007fff42c9a000 	C:\WINDOWS\System32\bcryptPrimitives.dll
0x00007fff43cb0000 - 0x00007fff43cde000 	C:\WINDOWS\System32\IMM32.DLL
0x0000000072500000 - 0x00000000725d2000 	D:\Program Files\Java\jdk1.8.0_92\jre\bin\msvcr100.dll
0x0000000072c20000 - 0x00000000734b6000 	D:\Program Files\Java\jdk1.8.0_92\jre\bin\server\jvm.dll
0x00007fff45e70000 - 0x00007fff45e78000 	C:\WINDOWS\System32\PSAPI.DLL
0x00007fff35520000 - 0x00007fff35529000 	C:\WINDOWS\SYSTEM32\WSOCK32.dll
0x00007fff43620000 - 0x00007fff4368a000 	C:\WINDOWS\System32\WS2_32.dll
0x00007fff40880000 - 0x00007fff408a3000 	C:\WINDOWS\SYSTEM32\WINMM.dll
0x00007fff368b0000 - 0x00007fff368ba000 	C:\WINDOWS\SYSTEM32\VERSION.dll
0x00007fff40820000 - 0x00007fff4084b000 	C:\WINDOWS\SYSTEM32\WINMMBASE.dll
0x00007fff43400000 - 0x00007fff43442000 	C:\WINDOWS\System32\cfgmgr32.dll
0x0000000072c10000 - 0x0000000072c1f000 	D:\Program Files\Java\jdk1.8.0_92\jre\bin\verify.dll
0x0000000072be0000 - 0x0000000072c09000 	D:\Program Files\Java\jdk1.8.0_92\jre\bin\java.dll
0x0000000072bc0000 - 0x0000000072bd6000 	D:\Program Files\Java\jdk1.8.0_92\jre\bin\zip.dll
0x00007fff44830000 - 0x00007fff45d38000 	C:\WINDOWS\System32\SHELL32.dll
0x00007fff42550000 - 0x00007fff42c2a000 	C:\WINDOWS\System32\windows.storage.dll
0x00007fff42400000 - 0x00007fff4244c000 	C:\WINDOWS\System32\powrprof.dll
0x00007fff43690000 - 0x00007fff436e2000 	C:\WINDOWS\System32\shlwapi.dll
0x00007fff423e0000 - 0x00007fff423ef000 	C:\WINDOWS\System32\kernel.appcore.dll
0x00007fff43130000 - 0x00007fff431d9000 	C:\WINDOWS\System32\shcore.dll
0x00007fff423c0000 - 0x00007fff423d4000 	C:\WINDOWS\System32\profapi.dll

VM Arguments:
jvm_args: -Djava.awt.headless=true -Xmx1024M -Dfile.encoding=GBK -Duser.country=CN -Duser.language=zh -Duser.variant 
java_command: com.android.dx.command.Main --dex --force-jumbo --num-threads=4 --output F:\AndroidStudioProjects\MyApplication2\l05_app_handler\build\intermediates\pre-dexed\debug\gson-2.1_a9d1ff8b910da05e96c1d09f9ec5c91c238f929a.jar F:\AndroidStudioProjects\MyApplication2\l05_app_handler\libs\gson-2.1.jar
java_class_path (initial): D:\Android_developer_tools\android-sdk-windows\build-tools\24.0.2\lib\dx.jar
Launcher Type: SUN_STANDARD

Environment Variables:
JAVA_HOME=D:\Program Files\Java\jdk1.8.0_92
CLASSPATH=.;D:\Program Files\Java\jdk1.8.0_92\lib\dt.jar;D:\Program Files\Java\jdk1.8.0_92\lib\tools.jar
PATH=D:\Program Files\Java\jdk1.8.0_92\bin;D:\Program Files\Java\jdk1.8.0_92\jre\bin;C:\WINDOWS\system32;C:\WINDOWS;C:\WINDOWS\System32\Wbem;C:\WINDOWS\System32\WindowsPowerShell\v1.0\;C:\Program Files (x86)\ATI Technologies\ATI.ACE\Core-Static;C:\Program Files\Lenovo\Bluetooth Software\;C:\Program Files\Lenovo\Bluetooth Software\syswow64;C:\Program Files (x86)\AMD\ATI.ACE\Core-Static;D:\Program Files (x86)\MySQL\MySQL Server 5.5\bin;D:\Android_developer_tools\android-sdk-windows\platform-tools;D:\Android_developer_tools\android-sdk-windows\tools;C:\Users\Administrator\AppData\Local\Microsoft\WindowsApps;
USERNAME=Administrator
OS=Windows_NT
PROCESSOR_IDENTIFIER=Intel64 Family 6 Model 58 Stepping 9, GenuineIntel



---------------  S Y S T E M  ---------------

OS: Windows 10.0 , 64 bit Build 14393 (10.0.14393.0)

CPU:total 4 (2 cores per cpu, 2 threads per core) family 6 model 58 stepping 9, cmov, cx8, fxsr, mmx, sse, sse2, sse3, ssse3, sse4.1, sse4.2, popcnt, avx, clmul, erms, ht, tsc, tscinvbit, tscinv

Memory: 4k page, physical 4060004k(172364k free), swap 6157156k(5128k free)

vm_info: Java HotSpot(TM) 64-Bit Server VM (25.92-b14) for windows-amd64 JRE (1.8.0_92-b14), built on Mar 31 2016 21:03:04 by "java_re" with MS VC++ 10.0 (VS2010)

time: Sat Sep 10 20:02:11 2016
elapsed time: 7 seconds (0d 0h 0m 7s)

