#
# There is insufficient memory for the Java Runtime Environment to continue.
# Native memory allocation (malloc) failed to allocate 262160 bytes for Chunk::new
# Possible reasons:
#   The system is out of physical RAM or swap space
#   In 32 bit mode, the process size limit was hit
# Possible solutions:
#   Reduce memory load on the system
#   Increase physical memory or swap space
#   Check if swap backing store is full
#   Use 64 bit Java on a 64 bit OS
#   Decrease Java heap size (-Xmx/-Xms)
#   Decrease number of Java threads
#   Decrease Java thread stack sizes (-Xss)
#   Set larger code cache with -XX:ReservedCodeCacheSize=
# This output file may be truncated or incomplete.
#
#  Out of Memory Error (allocation.cpp:390), pid=27016, tid=0x00000000000059b8
#
# JRE version: Java(TM) SE Runtime Environment (8.0_92-b14) (build 1.8.0_92-b14)
# Java VM: Java HotSpot(TM) 64-Bit Server VM (25.92-b14 mixed mode windows-amd64 compressed oops)
# Failed to write core dump. Minidumps are not enabled by default on client versions of Windows
#

---------------  T H R E A D  ---------------

Current thread (0x0000000014fbd000):  JavaThread "C2 CompilerThread1" daemon [_thread_in_native, id=22968, stack(0x00000000169d0000,0x0000000016ad0000)]

Stack: [0x00000000169d0000,0x0000000016ad0000]
[error occurred during error reporting (printing stack bounds), id 0xc0000005]

Native frames: (J=compiled Java code, j=interpreted, Vv=VM code, C=native code)


Current CompileTask:
C2:   5455 1361   !   4       com.android.dx.cf.code.BytecodeArray::parseInstruction (2764 bytes)


---------------  P R O C E S S  ---------------

Java Threads: ( => current thread )
  0x0000000016867800 JavaThread "pool-1-thread-4" [_thread_blocked, id=3708, stack(0x00000000171d0000,0x00000000172d0000)]
  0x0000000016866800 JavaThread "pool-1-thread-3" [_thread_blocked, id=20748, stack(0x00000000170d0000,0x00000000171d0000)]
  0x0000000016865800 JavaThread "pool-1-thread-2" [_thread_in_Java, id=27000, stack(0x0000000016fd0000,0x00000000170d0000)]
  0x000000001685b000 JavaThread "pool-2-thread-1" [_thread_blocked, id=26444, stack(0x0000000016ed0000,0x0000000016fd0000)]
  0x000000001684b000 JavaThread "pool-1-thread-1" [_thread_in_Java, id=27628, stack(0x0000000016dd0000,0x0000000016ed0000)]
  0x000000001662e000 JavaThread "Service Thread" daemon [_thread_blocked, id=26832, stack(0x0000000016bd0000,0x0000000016cd0000)]
  0x0000000016627800 JavaThread "C1 CompilerThread2" daemon [_thread_blocked, id=26784, stack(0x0000000016ad0000,0x0000000016bd0000)]
=>0x0000000014fbd000 JavaThread "C2 CompilerThread1" daemon [_thread_in_native, id=22968, stack(0x00000000169d0000,0x0000000016ad0000)]
  0x0000000014fbb000 JavaThread "C2 CompilerThread0" daemon [_thread_in_native, id=26904, stack(0x00000000164d0000,0x00000000165d0000)]
  0x0000000014fb9000 JavaThread "Attach Listener" daemon [_thread_blocked, id=26952, stack(0x00000000163d0000,0x00000000164d0000)]
  0x0000000014fb8800 JavaThread "Signal Dispatcher" daemon [_thread_blocked, id=27160, stack(0x00000000162d0000,0x00000000163d0000)]
  0x0000000014f4a800 JavaThread "Finalizer" daemon [_thread_blocked, id=27480, stack(0x00000000161d0000,0x00000000162d0000)]
  0x0000000014f29000 JavaThread "Reference Handler" daemon [_thread_blocked, id=25832, stack(0x00000000160d0000,0x00000000161d0000)]
  0x0000000000a1e000 JavaThread "main" [_thread_in_Java, id=26192, stack(0x0000000002690000,0x0000000002790000)]

Other Threads:
  0x0000000014f26800 VMThread [stack: 0x0000000015fd0000,0x00000000160d0000] [id=27084]
  0x000000001667f000 WatcherThread [stack: 0x0000000016cd0000,0x0000000016dd0000] [id=26608]

VM state:not at safepoint (normal execution)

VM Mutex/Monitor currently owned by a thread: None

Heap:
 PSYoungGen      total 34304K, used 16586K [0x00000000eab00000, 0x00000000ecf00000, 0x0000000100000000)
  eden space 31744K, 44% used [0x00000000eab00000,0x00000000eb8b4598,0x00000000eca00000)
  from space 2560K, 99% used [0x00000000eca00000,0x00000000ecc7e368,0x00000000ecc80000)
  to   space 2560K, 0% used [0x00000000ecc80000,0x00000000ecc80000,0x00000000ecf00000)
 ParOldGen       total 42496K, used 15063K [0x00000000c0000000, 0x00000000c2980000, 0x00000000eab00000)
  object space 42496K, 35% used [0x00000000c0000000,0x00000000c0eb5fa8,0x00000000c2980000)
 Metaspace       used 6377K, capacity 7128K, committed 7424K, reserved 1056768K
  class space    used 629K, capacity 656K, committed 768K, reserved 1048576K

Card table byte_map: [0x0000000011c50000,0x0000000011e60000] byte_map_base: 0x0000000011650000

Marking Bits: (ParMarkBitMap*) 0x00000000734364f0
 Begin Bits: [0x00000000123c0000, 0x00000000133c0000)
 End Bits:   [0x00000000133c0000, 0x00000000143c0000)

Polling page: 0x0000000000a00000

CodeCache: size=245760Kb used=5802Kb max_used=5802Kb free=239958Kb
 bounds [0x0000000002890000, 0x0000000002e40000, 0x0000000011890000]
 total_blobs=1855 nmethods=1583 adapters=184
 compilation: enabled

Compilation events (10 events):
Event: 5.407 Thread 0x0000000016627800 1630 %     3       com.android.dx.ssa.back.LivenessAnalyzer::coInterferePhis @ 8 (128 bytes)
Event: 5.409 Thread 0x0000000016627800 nmethod 1630% 0x0000000002e37f50 code [0x0000000002e381e0, 0x0000000002e39568]
Event: 5.409 Thread 0x0000000016627800 1631 %     3       com.android.dx.ssa.back.FirstFitLocalCombiningAllocator::handleNormalUnassociated @ 10 (99 bytes)
Event: 5.411 Thread 0x0000000016627800 nmethod 1631% 0x0000000002e39f50 code [0x0000000002e3a220, 0x0000000002e3b678]
Event: 5.413 Thread 0x0000000016627800 1632       2       com.android.dx.rop.code.CstInsn::contentEquals (31 bytes)
Event: 5.414 Thread 0x0000000016627800 nmethod 1632 0x0000000002e3c110 code [0x0000000002e3c280, 0x0000000002e3c498]
Event: 5.414 Thread 0x0000000016627800 1633       2       com.android.dx.ssa.SsaConverter::edgeSplitMoveExceptionsAndResults (157 bytes)
Event: 5.416 Thread 0x0000000016627800 nmethod 1633 0x0000000002e3c590 code [0x0000000002e3c820, 0x0000000002e3d148]
Event: 5.448 Thread 0x0000000016627800 1635 %     3       com.android.dx.ssa.PhiTypeResolver::run @ 10 (179 bytes)
Event: 5.450 Thread 0x0000000016627800 nmethod 1635% 0x0000000002e3e010 code [0x0000000002e3e2a0, 0x0000000002e3f468]

GC Heap History (10 events):
Event: 3.371 GC heap before
{Heap before GC invocations=1 (full 0):
 PSYoungGen      total 18432K, used 15872K [0x00000000eab00000, 0x00000000ebf80000, 0x0000000100000000)
  eden space 15872K, 100% used [0x00000000eab00000,0x00000000eba80000,0x00000000eba80000)
  from space 2560K, 0% used [0x00000000ebd00000,0x00000000ebd00000,0x00000000ebf80000)
  to   space 2560K, 0% used [0x00000000eba80000,0x00000000eba80000,0x00000000ebd00000)
 ParOldGen       total 42496K, used 0K [0x00000000c0000000, 0x00000000c2980000, 0x00000000eab00000)
  object space 42496K, 0% used [0x00000000c0000000,0x00000000c0000000,0x00000000c2980000)
 Metaspace       used 5828K, capacity 6710K, committed 6784K, reserved 1056768K
  class space    used 608K, capacity 622K, committed 640K, reserved 1048576K
Event: 3.399 GC heap after
Heap after GC invocations=1 (full 0):
 PSYoungGen      total 18432K, used 2546K [0x00000000eab00000, 0x00000000ebf80000, 0x0000000100000000)
  eden space 15872K, 0% used [0x00000000eab00000,0x00000000eab00000,0x00000000eba80000)
  from space 2560K, 99% used [0x00000000eba80000,0x00000000ebcfcac8,0x00000000ebd00000)
  to   space 2560K, 0% used [0x00000000ebd00000,0x00000000ebd00000,0x00000000ebf80000)
 ParOldGen       total 42496K, used 1703K [0x00000000c0000000, 0x00000000c2980000, 0x00000000eab00000)
  object space 42496K, 4% used [0x00000000c0000000,0x00000000c01a9d08,0x00000000c2980000)
 Metaspace       used 5828K, capacity 6710K, committed 6784K, reserved 1056768K
  class space    used 608K, capacity 622K, committed 640K, reserved 1048576K
}
Event: 3.945 GC heap before
{Heap before GC invocations=2 (full 0):
 PSYoungGen      total 18432K, used 18418K [0x00000000eab00000, 0x00000000ebf80000, 0x0000000100000000)
  eden space 15872K, 100% used [0x00000000eab00000,0x00000000eba80000,0x00000000eba80000)
  from space 2560K, 99% used [0x00000000eba80000,0x00000000ebcfcac8,0x00000000ebd00000)
  to   space 2560K, 0% used [0x00000000ebd00000,0x00000000ebd00000,0x00000000ebf80000)
 ParOldGen       total 42496K, used 1703K [0x00000000c0000000, 0x00000000c2980000, 0x00000000eab00000)
  object space 42496K, 4% used [0x00000000c0000000,0x00000000c01a9d08,0x00000000c2980000)
 Metaspace       used 6026K, capacity 6902K, committed 7040K, reserved 1056768K
  class space    used 609K, capacity 622K, committed 640K, reserved 1048576K
Event: 3.962 GC heap after
Heap after GC invocations=2 (full 0):
 PSYoungGen      total 18432K, used 2537K [0x00000000eab00000, 0x00000000ecf00000, 0x0000000100000000)
  eden space 15872K, 0% used [0x00000000eab00000,0x00000000eab00000,0x00000000eba80000)
  from space 2560K, 99% used [0x00000000ebd00000,0x00000000ebf7a6d0,0x00000000ebf80000)
  to   space 2560K, 0% used [0x00000000eba80000,0x00000000eba80000,0x00000000ebd00000)
 ParOldGen       total 42496K, used 4268K [0x00000000c0000000, 0x00000000c2980000, 0x00000000eab00000)
  object space 42496K, 10% used [0x00000000c0000000,0x00000000c042b200,0x00000000c2980000)
 Metaspace       used 6026K, capacity 6902K, committed 7040K, reserved 1056768K
  class space    used 609K, capacity 622K, committed 640K, reserved 1048576K
}
Event: 4.223 GC heap before
{Heap before GC invocations=3 (full 0):
 PSYoungGen      total 18432K, used 18409K [0x00000000eab00000, 0x00000000ecf00000, 0x0000000100000000)
  eden space 15872K, 100% used [0x00000000eab00000,0x00000000eba80000,0x00000000eba80000)
  from space 2560K, 99% used [0x00000000ebd00000,0x00000000ebf7a6d0,0x00000000ebf80000)
  to   space 2560K, 0% used [0x00000000eba80000,0x00000000eba80000,0x00000000ebd00000)
 ParOldGen       total 42496K, used 4268K [0x00000000c0000000, 0x00000000c2980000, 0x00000000eab00000)
  object space 42496K, 10% used [0x00000000c0000000,0x00000000c042b200,0x00000000c2980000)
 Metaspace       used 6173K, capacity 7000K, committed 7168K, reserved 1056768K
  class space    used 629K, capacity 656K, committed 768K, reserved 1048576K
Event: 4.235 GC heap after
Heap after GC invocations=3 (full 0):
 PSYoungGen      total 18432K, used 2541K [0x00000000eab00000, 0x00000000ecf00000, 0x0000000100000000)
  eden space 15872K, 0% used [0x00000000eab00000,0x00000000eab00000,0x00000000eba80000)
  from space 2560K, 99% used [0x00000000eba80000,0x00000000ebcfb6f8,0x00000000ebd00000)
  to   space 2560K, 0% used [0x00000000ecc80000,0x00000000ecc80000,0x00000000ecf00000)
 ParOldGen       total 42496K, used 7083K [0x00000000c0000000, 0x00000000c2980000, 0x00000000eab00000)
  object space 42496K, 16% used [0x00000000c0000000,0x00000000c06eaea8,0x00000000c2980000)
 Metaspace       used 6173K, capacity 7000K, committed 7168K, reserved 1056768K
  class space    used 629K, capacity 656K, committed 768K, reserved 1048576K
}
Event: 4.668 GC heap before
{Heap before GC invocations=4 (full 0):
 PSYoungGen      total 18432K, used 18413K [0x00000000eab00000, 0x00000000ecf00000, 0x0000000100000000)
  eden space 15872K, 100% used [0x00000000eab00000,0x00000000eba80000,0x00000000eba80000)
  from space 2560K, 99% used [0x00000000eba80000,0x00000000ebcfb6f8,0x00000000ebd00000)
  to   space 2560K, 0% used [0x00000000ecc80000,0x00000000ecc80000,0x00000000ecf00000)
 ParOldGen       total 42496K, used 7083K [0x00000000c0000000, 0x00000000c2980000, 0x00000000eab00000)
  object space 42496K, 16% used [0x00000000c0000000,0x00000000c06eaea8,0x00000000c2980000)
 Metaspace       used 6263K, capacity 7064K, committed 7424K, reserved 1056768K
  class space    used 629K, capacity 656K, committed 768K, reserved 1048576K
Event: 4.686 GC heap after
Heap after GC invocations=4 (full 0):
 PSYoungGen      total 34304K, used 2528K [0x00000000eab00000, 0x00000000ecf00000, 0x0000000100000000)
  eden space 31744K, 0% used [0x00000000eab00000,0x00000000eab00000,0x00000000eca00000)
  from space 2560K, 98% used [0x00000000ecc80000,0x00000000ecef8110,0x00000000ecf00000)
  to   space 2560K, 0% used [0x00000000eca00000,0x00000000eca00000,0x00000000ecc80000)
 ParOldGen       total 42496K, used 9969K [0x00000000c0000000, 0x00000000c2980000, 0x00000000eab00000)
  object space 42496K, 23% used [0x00000000c0000000,0x00000000c09bc788,0x00000000c2980000)
 Metaspace       used 6263K, capacity 7064K, committed 7424K, reserved 1056768K
  class space    used 629K, capacity 656K, committed 768K, reserved 1048576K
}
Event: 5.235 GC heap before
{Heap before GC invocations=5 (full 0):
 PSYoungGen      total 34304K, used 34272K [0x00000000eab00000, 0x00000000ecf00000, 0x0000000100000000)
  eden space 31744K, 100% used [0x00000000eab00000,0x00000000eca00000,0x00000000eca00000)
  from space 2560K, 98% used [0x00000000ecc80000,0x00000000ecef8110,0x00000000ecf00000)
  to   space 2560K, 0% used [0x00000000eca00000,0x00000000eca00000,0x00000000ecc80000)
 ParOldGen       total 42496K, used 9969K [0x00000000c0000000, 0x00000000c2980000, 0x00000000eab00000)
  object space 42496K, 23% used [0x00000000c0000000,0x00000000c09bc788,0x00000000c2980000)
 Metaspace       used 6352K, capacity 7128K, committed 7424K, reserved 1056768K
  class space    used 629K, capacity 656K, committed 768K, reserved 1048576K
Event: 5.294 GC heap after
Heap after GC invocations=5 (full 0):
 PSYoungGen      total 34304K, used 2552K [0x00000000eab00000, 0x00000000ecf00000, 0x0000000100000000)
  eden space 31744K, 0% used [0x00000000eab00000,0x00000000eab00000,0x00000000eca00000)
  from space 2560K, 99% used [0x00000000eca00000,0x00000000ecc7e368,0x00000000ecc80000)
  to   space 2560K, 0% used [0x00000000ecc80000,0x00000000ecc80000,0x00000000ecf00000)
 ParOldGen       total 42496K, used 15063K [0x00000000c0000000, 0x00000000c2980000, 0x00000000eab00000)
  object space 42496K, 35% used [0x00000000c0000000,0x00000000c0eb5fa8,0x00000000c2980000)
 Metaspace       used 6352K, capacity 7128K, committed 7424K, reserved 1056768K
  class space    used 629K, capacity 656K, committed 768K, reserved 1048576K
}

Deoptimization events (10 events):
Event: 3.973 Thread 0x0000000016867800 Uncommon trap: reason=bimorphic action=maybe_recompile pc=0x0000000002b0c99c method=java.util.HashMap.getNode(ILjava/lang/Object;)Ljava/util/HashMap$Node; @ 126
Event: 3.973 Thread 0x0000000016867800 Uncommon trap: reason=bimorphic action=maybe_recompile pc=0x0000000002b0c99c method=java.util.HashMap.getNode(ILjava/lang/Object;)Ljava/util/HashMap$Node; @ 126
Event: 3.985 Thread 0x0000000016867800 Uncommon trap: reason=unstable_if action=reinterpret pc=0x0000000002ba62ac method=com.android.dx.rop.code.RegisterSpecSet.put(Lcom/android/dx/rop/code/RegisterSpec;)V @ 77
Event: 4.149 Thread 0x0000000016865800 Uncommon trap: reason=unstable_if action=reinterpret pc=0x0000000002b696a8 method=java.util.HashMap.putVal(ILjava/lang/Object;Ljava/lang/Object;ZZ)Ljava/lang/Object; @ 162
Event: 4.156 Thread 0x000000001684b000 Uncommon trap: reason=unstable_if action=reinterpret pc=0x0000000002b2460c method=java.util.HashMap.getNode(ILjava/lang/Object;)Ljava/util/HashMap$Node; @ 84
Event: 4.188 Thread 0x0000000016866800 Uncommon trap: reason=unstable_if action=reinterpret pc=0x0000000002ba6b40 method=com.android.dx.rop.code.LocalItem.hashCode()I @ 25
Event: 4.188 Thread 0x0000000016866800 Uncommon trap: reason=unstable_if action=reinterpret pc=0x0000000002b65750 method=com.android.dx.rop.code.LocalItem.hashCode()I @ 25
Event: 4.253 Thread 0x0000000000a1e000 Uncommon trap: reason=null_check action=make_not_entrant pc=0x0000000002b63760 method=com.android.dx.rop.type.Type.equals(Ljava/lang/Object;)Z @ 8
Event: 4.271 Thread 0x000000001684b000 Uncommon trap: reason=unstable_if action=reinterpret pc=0x0000000002be2190 method=com.android.dx.rop.code.RegisterSpec.equals(ILcom/android/dx/rop/type/TypeBearer;Lcom/android/dx/rop/code/LocalItem;)Z @ 42
Event: 5.165 Thread 0x0000000016866800 Uncommon trap: reason=unstable_if action=reinterpret pc=0x0000000002da5cf0 method=com.android.dx.ssa.SCCP.simulateStmt(Lcom/android/dx/ssa/SsaInsn;)V @ 59

Internal exceptions (6 events):
Event: 0.090 Thread 0x0000000000a1e000 Exception <a 'java/lang/NoSuchMethodError': Method sun.misc.Unsafe.defineClass(Ljava/lang/String;[BII)Ljava/lang/Class; name or signature does not match> (0x00000000eab07cc0) thrown at [D:\re\workspace\8-2-build-windows-amd64-cygwin\jdk8u92\6642\hotspot\sràDðù¶?
Event: 0.090 Thread 0x0000000000a1e000 Exception <a 'java/lang/NoSuchMethodError': Method sun.misc.Unsafe.prefetchRead(Ljava/lang/Object;J)V name or signature does not match> (0x00000000eab07fa8) thrown at [D:\re\workspace\8-2-build-windows-amd64-cygwin\jdk8u92\6642\hotspot\src\share\vm\prims\jo«‹Ú›@
Event: 4.152 Thread 0x0000000016865800 Exception <a 'java/lang/ArrayIndexOutOfBoundsException': 18> (0x00000000eb3332f0) thrown at [D:\re\workspace\8-2-build-windows-amd64-cygwin\jdk8u92\6642\hotspot\src\share\vm\interpreter\interpreterRuntime.cpp, line 366]
Event: 4.153 Thread 0x0000000016865800 Exception <a 'java/lang/ArrayIndexOutOfBoundsException': 145> (0x00000000eb334e70) thrown at [D:\re\workspace\8-2-build-windows-amd64-cygwin\jdk8u92\6642\hotspot\src\share\vm\interpreter\interpreterRuntime.cpp, line 366]
Event: 4.154 Thread 0x0000000016865800 Exception <a 'java/lang/ArrayIndexOutOfBoundsException': 40> (0x00000000eb5ee7b8) thrown at [D:\re\workspace\8-2-build-windows-amd64-cygwin\jdk8u92\6642\hotspot\src\share\vm\interpreter\interpreterRuntime.cpp, line 366]
Event: 4.253 Thread 0x0000000000a1e000 Implicit null exception at 0x0000000002b63662 to 0x0000000002b63752

Events (10 events):
Event: 5.202 Executing VM operation: ParallelGCFailedAllocation
Event: 5.294 Executing VM operation: ParallelGCFailedAllocation done
Event: 5.323 Thread 0x0000000016865800 DEOPT PACKING pc=0x0000000002c9e57f sp=0x00000000170ce920
Event: 5.323 Thread 0x0000000016865800 DEOPT UNPACKING pc=0x00000000028d787f sp=0x00000000170ce680 mode 0
Event: 5.326 Thread 0x0000000016865800 DEOPT PACKING pc=0x0000000002cb9086 sp=0x00000000170ce560
Event: 5.326 Thread 0x0000000016865800 DEOPT UNPACKING pc=0x00000000028d787f sp=0x00000000170ce3a0 mode 0
Event: 5.402 Thread 0x0000000000a1e000 DEOPT PACKING pc=0x0000000002cb6f97 sp=0x000000000278e420
Event: 5.402 Thread 0x0000000000a1e000 DEOPT UNPACKING pc=0x00000000028d787f sp=0x000000000278e1b0 mode 0
Event: 5.416 Thread 0x0000000000a1e000 DEOPT PACKING pc=0x0000000002cf17c2 sp=0x000000000278e390
Event: 5.416 Thread 0x0000000000a1e000 DEOPT UNPACKING pc=0x00000000028d787f sp=0x000000000278e0c8 mode 0


Dynamic libraries:
0x00007ff731bd0000 - 0x00007ff731c07000 	D:\Program Files\Java\jdk1.8.0_92\bin\java.exe
0x00007fff45ee0000 - 0x00007fff460b1000 	C:\WINDOWS\SYSTEM32\ntdll.dll
0x00007fff44480000 - 0x00007fff4452b000 	C:\WINDOWS\System32\KERNEL32.DLL
0x00007fff431e0000 - 0x00007fff433fd000 	C:\WINDOWS\System32\KERNELBASE.dll
0x00007fff44530000 - 0x00007fff445d2000 	C:\WINDOWS\System32\ADVAPI32.dll
0x00007fff43f70000 - 0x00007fff4400e000 	C:\WINDOWS\System32\msvcrt.dll
0x00007fff439c0000 - 0x00007fff43a19000 	C:\WINDOWS\System32\sechost.dll
0x00007fff45d40000 - 0x00007fff45e61000 	C:\WINDOWS\System32\RPCRT4.dll
0x00007fff434b0000 - 0x00007fff43615000 	C:\WINDOWS\System32\USER32.dll
0x00007fff42e30000 - 0x00007fff42e4e000 	C:\WINDOWS\System32\win32u.dll
0x00007fff44440000 - 0x00007fff44474000 	C:\WINDOWS\System32\GDI32.dll
0x00007fff42ca0000 - 0x00007fff42e22000 	C:\WINDOWS\System32\gdi32full.dll
0x00007fff374a0000 - 0x00007fff37719000 	C:\WINDOWS\WinSxS\amd64_microsoft.windows.common-controls_6595b64144ccf1df_6.0.14393.0_none_2d0f50fcbdb171b8\COMCTL32.dll
0x00007fff436f0000 - 0x00007fff439b7000 	C:\WINDOWS\System32\combase.dll
0x00007fff42450000 - 0x00007fff42545000 	C:\WINDOWS\System32\ucrtbase.dll
0x00007fff42c30000 - 0x00007fff42c9a000 	C:\WINDOWS\System32\bcryptPrimitives.dll
0x00007fff43cb0000 - 0x00007fff43cde000 	C:\WINDOWS\System32\IMM32.DLL
0x0000000072500000 - 0x00000000725d2000 	D:\Program Files\Java\jdk1.8.0_92\jre\bin\msvcr100.dll
0x0000000072c20000 - 0x00000000734b6000 	D:\Program Files\Java\jdk1.8.0_92\jre\bin\server\jvm.dll
0x00007fff45e70000 - 0x00007fff45e78000 	C:\WINDOWS\System32\PSAPI.DLL
0x00007fff35520000 - 0x00007fff35529000 	C:\WINDOWS\SYSTEM32\WSOCK32.dll
0x00007fff43620000 - 0x00007fff4368a000 	C:\WINDOWS\System32\WS2_32.dll
0x00007fff40880000 - 0x00007fff408a3000 	C:\WINDOWS\SYSTEM32\WINMM.dll
0x00007fff368b0000 - 0x00007fff368ba000 	C:\WINDOWS\SYSTEM32\VERSION.dll
0x00007fff40820000 - 0x00007fff4084b000 	C:\WINDOWS\SYSTEM32\WINMMBASE.dll
0x00007fff43400000 - 0x00007fff43442000 	C:\WINDOWS\System32\cfgmgr32.dll
0x0000000072c10000 - 0x0000000072c1f000 	D:\Program Files\Java\jdk1.8.0_92\jre\bin\verify.dll
0x0000000072be0000 - 0x0000000072c09000 	D:\Program Files\Java\jdk1.8.0_92\jre\bin\java.dll
0x0000000072bc0000 - 0x0000000072bd6000 	D:\Program Files\Java\jdk1.8.0_92\jre\bin\zip.dll
0x00007fff44830000 - 0x00007fff45d38000 	C:\WINDOWS\System32\SHELL32.dll
0x00007fff42550000 - 0x00007fff42c2a000 	C:\WINDOWS\System32\windows.storage.dll
0x00007fff42400000 - 0x00007fff4244c000 	C:\WINDOWS\System32\powrprof.dll
0x00007fff43690000 - 0x00007fff436e2000 	C:\WINDOWS\System32\shlwapi.dll
0x00007fff423e0000 - 0x00007fff423ef000 	C:\WINDOWS\System32\kernel.appcore.dll
0x00007fff43130000 - 0x00007fff431d9000 	C:\WINDOWS\System32\shcore.dll
0x00007fff423c0000 - 0x00007fff423d4000 	C:\WINDOWS\System32\profapi.dll

VM Arguments:
jvm_args: -Djava.awt.headless=true -Xmx1024M -Dfile.encoding=GBK -Duser.country=CN -Duser.language=zh -Duser.variant 
java_command: com.android.dx.command.Main --dex --force-jumbo --num-threads=4 --output F:\AndroidStudioProjects\MyApplication2\l05_app_handler\build\intermediates\pre-dexed\debug\com.android.support-support-core-ui-24.2.0_8b665e72ef4bbefe85d98f173d92fcc005402037.jar F:\AndroidStudioProjects\MyApplication2\l05_app_handler\build\intermediates\exploded-aar\com.android.support\support-core-ui\24.2.0\jars\classes.jar
java_class_path (initial): D:\Android_developer_tools\android-sdk-windows\build-tools\24.0.2\lib\dx.jar
Launcher Type: SUN_STANDARD

Environment Variables:
JAVA_HOME=D:\Program Files\Java\jdk1.8.0_92
CLASSPATH=.;D:\Program Files\Java\jdk1.8.0_92\lib\dt.jar;D:\Program Files\Java\jdk1.8.0_92\lib\tools.jar
PATH=D:\Program Files\Java\jdk1.8.0_92\bin;D:\Program Files\Java\jdk1.8.0_92\jre\bin;C:\WINDOWS\system32;C:\WINDOWS;C:\WINDOWS\System32\Wbem;C:\WINDOWS\System32\WindowsPowerShell\v1.0\;C:\Program Files (x86)\ATI Technologies\ATI.ACE\Core-Static;C:\Program Files\Lenovo\Bluetooth Software\;C:\Program Files\Lenovo\Bluetooth Software\syswow64;C:\Program Files (x86)\AMD\ATI.ACE\Core-Static;D:\Program Files (x86)\MySQL\MySQL Server 5.5\bin;D:\Android_developer_tools\android-sdk-windows\platform-tools;D:\Android_developer_tools\android-sdk-windows\tools;C:\Users\Administrator\AppData\Local\Microsoft\WindowsApps;
USERNAME=Administrator
OS=Windows_NT
PROCESSOR_IDENTIFIER=Intel64 Family 6 Model 58 Stepping 9, GenuineIntel



---------------  S Y S T E M  ---------------

OS: Windows 10.0 , 64 bit Build 14393 (10.0.14393.0)

CPU:total 4 (2 cores per cpu, 2 threads per core) family 6 model 58 stepping 9, cmov, cx8, fxsr, mmx, sse, sse2, sse3, ssse3, sse4.1, sse4.2, popcnt, avx, clmul, erms, ht, tsc, tscinvbit, tscinv

Memory: 4k page, physical 4060004k(498272k free), swap 6157156k(5188k free)

vm_info: Java HotSpot(TM) 64-Bit Server VM (25.92-b14) for windows-amd64 JRE (1.8.0_92-b14), built on Mar 31 2016 21:03:04 by "java_re" with MS VC++ 10.0 (VS2010)

time: Sat Sep 10 20:03:36 2016
elapsed time: 5 seconds (0d 0h 0m 5s)

