#
# There is insufficient memory for the Java Runtime Environment to continue.
# Native memory allocation (malloc) failed to allocate 31944 bytes for AllocateHeap
# Possible reasons:
#   The system is out of physical RAM or swap space
#   In 32 bit mode, the process size limit was hit
# Possible solutions:
#   Reduce memory load on the system
#   Increase physical memory or swap space
#   Check if swap backing store is full
#   Use 64 bit Java on a 64 bit OS
#   Decrease Java heap size (-Xmx/-Xms)
#   Decrease number of Java threads
#   Decrease Java thread stack sizes (-Xss)
#   Set larger code cache with -XX:ReservedCodeCacheSize=
# This output file may be truncated or incomplete.
#
#  Out of Memory Error (memory/allocation.inline.hpp:61), pid=25968, tid=0x0000000000006884
#
# JRE version: Java(TM) SE Runtime Environment (8.0_92-b14) (build 1.8.0_92-b14)
# Java VM: Java HotSpot(TM) 64-Bit Server VM (25.92-b14 mixed mode windows-amd64 compressed oops)
# Failed to write core dump. Minidumps are not enabled by default on client versions of Windows
#

---------------  T H R E A D  ---------------

Current thread (0x0000000016a1b800):  JavaThread "C1 CompilerThread2" daemon [_thread_in_vm, id=26756, stack(0x0000000016ec0000,0x0000000016fc0000)]

Stack: [0x0000000016ec0000,0x0000000016fc0000]
[error occurred during error reporting (printing stack bounds), id 0xc0000005]

Native frames: (J=compiled Java code, j=interpreted, Vv=VM code, C=native code)


Current CompileTask:
C1:   3591  625   !   3       com.android.dx.cf.code.RopperMachine::run (1550 bytes)


---------------  P R O C E S S  ---------------

Java Threads: ( => current thread )
  0x0000000016c37000 JavaThread "pool-1-thread-4" [_thread_in_Java, id=8208, stack(0x00000000175c0000,0x00000000176c0000)]
  0x0000000016c36000 JavaThread "pool-1-thread-3" [_thread_blocked, id=22708, stack(0x00000000174c0000,0x00000000175c0000)]
  0x0000000016b14000 JavaThread "pool-1-thread-2" [_thread_in_Java, id=27468, stack(0x00000000173c0000,0x00000000174c0000)]
  0x0000000016b11800 JavaThread "pool-2-thread-1" [_thread_blocked, id=24348, stack(0x00000000172c0000,0x00000000173c0000)]
  0x0000000016b10800 JavaThread "pool-1-thread-1" [_thread_blocked, id=27236, stack(0x00000000171c0000,0x00000000172c0000)]
  0x0000000016a22000 JavaThread "Service Thread" daemon [_thread_blocked, id=27264, stack(0x0000000016fc0000,0x00000000170c0000)]
=>0x0000000016a1b800 JavaThread "C1 CompilerThread2" daemon [_thread_in_vm, id=26756, stack(0x0000000016ec0000,0x0000000016fc0000)]
  0x000000001535e000 JavaThread "C2 CompilerThread1" daemon [_thread_blocked, id=25064, stack(0x0000000016dc0000,0x0000000016ec0000)]
  0x000000001535b000 JavaThread "C2 CompilerThread0" daemon [_thread_blocked, id=26640, stack(0x00000000168c0000,0x00000000169c0000)]
  0x0000000015359000 JavaThread "Attach Listener" daemon [_thread_blocked, id=26760, stack(0x00000000167c0000,0x00000000168c0000)]
  0x0000000015358800 JavaThread "Signal Dispatcher" daemon [_thread_blocked, id=27132, stack(0x00000000166c0000,0x00000000167c0000)]
  0x00000000152ea000 JavaThread "Finalizer" daemon [_thread_blocked, id=26976, stack(0x0000000016560000,0x0000000016660000)]
  0x00000000152c9000 JavaThread "Reference Handler" daemon [_thread_blocked, id=25992, stack(0x0000000016460000,0x0000000016560000)]
  0x0000000000f9e000 JavaThread "main" [_thread_in_Java, id=27244, stack(0x0000000002a30000,0x0000000002b30000)]

Other Threads:
  0x00000000152c6800 VMThread [stack: 0x0000000016360000,0x0000000016460000] [id=27304]
  0x0000000016a34800 WatcherThread [stack: 0x00000000170c0000,0x00000000171c0000] [id=27216]

VM state:not at safepoint (normal execution)

VM Mutex/Monitor currently owned by a thread:  ([mutex/lock_event])
[0x0000000000f9c480] CodeCache_lock - owner thread: 0x0000000016a1b800
[0x0000000002b303d0] Compile_lock - owner thread: 0x0000000016a1b800
[0x0000000002b308d0] MethodCompileQueue_lock - owner thread: 0x0000000016a1b800

Heap:
 PSYoungGen      total 18432K, used 11724K [0x00000000eab00000, 0x00000000ebf80000, 0x0000000100000000)
  eden space 15872K, 73% used [0x00000000eab00000,0x00000000eb6732e8,0x00000000eba80000)
  from space 2560K, 0% used [0x00000000ebd00000,0x00000000ebd00000,0x00000000ebf80000)
  to   space 2560K, 0% used [0x00000000eba80000,0x00000000eba80000,0x00000000ebd00000)
 ParOldGen       total 42496K, used 0K [0x00000000c0000000, 0x00000000c2980000, 0x00000000eab00000)
  object space 42496K, 0% used [0x00000000c0000000,0x00000000c0000000,0x00000000c2980000)
 Metaspace       used 5485K, capacity 6576K, committed 6784K, reserved 1056768K
  class space    used 579K, capacity 616K, committed 640K, reserved 1048576K

Card table byte_map: [0x0000000011ff0000,0x0000000012200000] byte_map_base: 0x00000000119f0000

Marking Bits: (ParMarkBitMap*) 0x00000000734364f0
 Begin Bits: [0x0000000012760000, 0x0000000013760000)
 End Bits:   [0x0000000013760000, 0x0000000014760000)

Polling page: 0x00000000007f0000

CodeCache: size=245760Kb used=2677Kb max_used=2677Kb free=243082Kb
 bounds [0x0000000002c30000, 0x0000000002ee0000, 0x0000000011c30000]
 total_blobs=889 nmethods=625 adapters=176
 compilation: enabled

Compilation events (10 events):
Event: 3.539 Thread 0x000000001535e000 nmethod 643 0x0000000002eaca50 code [0x0000000002eacb80, 0x0000000002eacc58]
Event: 3.540 Thread 0x000000001535b000 nmethod 645 0x0000000002eac7d0 code [0x0000000002eac900, 0x0000000002eac998]
Event: 3.541 Thread 0x000000001535e000  646       4       com.android.dx.ssa.NormalSsaInsn::isNormalMoveInsn (20 bytes)
Event: 3.542 Thread 0x000000001535e000 nmethod 646 0x0000000002eac550 code [0x0000000002eac680, 0x0000000002eac718]
Event: 3.560 Thread 0x000000001535b000  647       4       java.util.AbstractList::<init> (10 bytes)
Event: 3.561 Thread 0x000000001535b000 nmethod 647 0x0000000002eac2d0 code [0x0000000002eac400, 0x0000000002eac458]
Event: 3.565 Thread 0x000000001535e000  648       4       com.android.dx.rop.code.InsnList::get (9 bytes)
Event: 3.567 Thread 0x000000001535e000 nmethod 648 0x0000000002ea5810 code [0x0000000002ea5960, 0x0000000002ea5a58]
Event: 3.568 Thread 0x000000001535b000  649       4       java.util.ArrayList::ensureExplicitCapacity (26 bytes)
Event: 3.573 Thread 0x000000001535b000 nmethod 649 0x0000000002ea5310 code [0x0000000002ea5460, 0x0000000002ea56b8]

GC Heap History (0 events):
No events

Deoptimization events (5 events):
Event: 3.380 Thread 0x0000000016b14000 Uncommon trap: reason=class_check action=maybe_recompile pc=0x0000000002dedf50 method=com.android.dx.rop.cst.CstMemberRef.compareTo0(Lcom/android/dx/rop/cst/Constant;)I @ 1
Event: 3.457 Thread 0x0000000000f9e000 Uncommon trap: reason=class_check action=maybe_recompile pc=0x0000000002dedf50 method=com.android.dx.rop.cst.CstMemberRef.compareTo0(Lcom/android/dx/rop/cst/Constant;)I @ 1
Event: 3.457 Thread 0x0000000000f9e000 Uncommon trap: reason=class_check action=maybe_recompile pc=0x0000000002dedf50 method=com.android.dx.rop.cst.CstMemberRef.compareTo0(Lcom/android/dx/rop/cst/Constant;)I @ 1
Event: 3.469 Thread 0x0000000016b10800 Uncommon trap: reason=class_check action=maybe_recompile pc=0x0000000002dedf50 method=com.android.dx.rop.cst.CstMemberRef.compareTo0(Lcom/android/dx/rop/cst/Constant;)I @ 1
Event: 3.475 Thread 0x0000000000f9e000 Uncommon trap: reason=unstable_if action=reinterpret pc=0x0000000002e48cf4 method=java.util.HashMap.getNode(ILjava/lang/Object;)Ljava/util/HashMap$Node; @ 62

Internal exceptions (2 events):
Event: 0.083 Thread 0x0000000000f9e000 Exception <a 'java/lang/NoSuchMethodError': Method sun.misc.Unsafe.defineClass(Ljava/lang/String;[BII)Ljava/lang/Class; name or signature does not match> (0x00000000eab07cc0) thrown at [D:\re\workspace\8-2-build-windows-amd64-cygwin\jdk8u92\6642\hotspot\srdèA¿1µ?
Event: 0.083 Thread 0x0000000000f9e000 Exception <a 'java/lang/NoSuchMethodError': Method sun.misc.Unsafe.prefetchRead(Ljava/lang/Object;J)V name or signature does not match> (0x00000000eab07fa8) thrown at [D:\re\workspace\8-2-build-windows-amd64-cygwin\jdk8u92\6642\hotspot\src\share\vm\prims\j

Events (10 events):
Event: 3.469 Thread 0x0000000016b10800 Uncommon trap: trap_request=0xffffffde fr.pc=0x0000000002dedf50
Event: 3.469 Thread 0x0000000016b10800 DEOPT PACKING pc=0x0000000002dedf50 sp=0x00000000172beb80
Event: 3.469 Thread 0x0000000016b10800 DEOPT UNPACKING pc=0x0000000002c7582a sp=0x00000000172beb08 mode 2
Event: 3.475 Thread 0x0000000000f9e000 Uncommon trap: trap_request=0xffffff65 fr.pc=0x0000000002e48cf4
Event: 3.475 Thread 0x0000000000f9e000 DEOPT PACKING pc=0x0000000002e48cf4 sp=0x0000000002b2d660
Event: 3.475 Thread 0x0000000000f9e000 DEOPT UNPACKING pc=0x0000000002c7582a sp=0x0000000002b2d5d8 mode 2
Event: 3.531 loading class com/android/dx/ssa/back/FirstFitLocalCombiningAllocator$Multiset
Event: 3.531 loading class com/android/dx/ssa/back/FirstFitLocalCombiningAllocator$Multiset done
Event: 3.537 loading class java/util/DualPivotQuicksort
Event: 3.537 loading class java/util/DualPivotQuicksort done


Dynamic libraries:
0x00007ff731bd0000 - 0x00007ff731c07000 	D:\Program Files\Java\jdk1.8.0_92\bin\java.exe
0x00007fff45ee0000 - 0x00007fff460b1000 	C:\WINDOWS\SYSTEM32\ntdll.dll
0x00007fff44480000 - 0x00007fff4452b000 	C:\WINDOWS\System32\KERNEL32.DLL
0x00007fff431e0000 - 0x00007fff433fd000 	C:\WINDOWS\System32\KERNELBASE.dll
0x00007fff44530000 - 0x00007fff445d2000 	C:\WINDOWS\System32\ADVAPI32.dll
0x00007fff43f70000 - 0x00007fff4400e000 	C:\WINDOWS\System32\msvcrt.dll
0x00007fff439c0000 - 0x00007fff43a19000 	C:\WINDOWS\System32\sechost.dll
0x00007fff45d40000 - 0x00007fff45e61000 	C:\WINDOWS\System32\RPCRT4.dll
0x00007fff434b0000 - 0x00007fff43615000 	C:\WINDOWS\System32\USER32.dll
0x00007fff42e30000 - 0x00007fff42e4e000 	C:\WINDOWS\System32\win32u.dll
0x00007fff44440000 - 0x00007fff44474000 	C:\WINDOWS\System32\GDI32.dll
0x00007fff42ca0000 - 0x00007fff42e22000 	C:\WINDOWS\System32\gdi32full.dll
0x00007fff374a0000 - 0x00007fff37719000 	C:\WINDOWS\WinSxS\amd64_microsoft.windows.common-controls_6595b64144ccf1df_6.0.14393.0_none_2d0f50fcbdb171b8\COMCTL32.dll
0x00007fff436f0000 - 0x00007fff439b7000 	C:\WINDOWS\System32\combase.dll
0x00007fff42450000 - 0x00007fff42545000 	C:\WINDOWS\System32\ucrtbase.dll
0x00007fff42c30000 - 0x00007fff42c9a000 	C:\WINDOWS\System32\bcryptPrimitives.dll
0x00007fff43cb0000 - 0x00007fff43cde000 	C:\WINDOWS\System32\IMM32.DLL
0x0000000072500000 - 0x00000000725d2000 	D:\Program Files\Java\jdk1.8.0_92\jre\bin\msvcr100.dll
0x0000000072c20000 - 0x00000000734b6000 	D:\Program Files\Java\jdk1.8.0_92\jre\bin\server\jvm.dll
0x00007fff45e70000 - 0x00007fff45e78000 	C:\WINDOWS\System32\PSAPI.DLL
0x00007fff35520000 - 0x00007fff35529000 	C:\WINDOWS\SYSTEM32\WSOCK32.dll
0x00007fff43620000 - 0x00007fff4368a000 	C:\WINDOWS\System32\WS2_32.dll
0x00007fff40880000 - 0x00007fff408a3000 	C:\WINDOWS\SYSTEM32\WINMM.dll
0x00007fff368b0000 - 0x00007fff368ba000 	C:\WINDOWS\SYSTEM32\VERSION.dll
0x00007fff40820000 - 0x00007fff4084b000 	C:\WINDOWS\SYSTEM32\WINMMBASE.dll
0x00007fff43400000 - 0x00007fff43442000 	C:\WINDOWS\System32\cfgmgr32.dll
0x0000000072c10000 - 0x0000000072c1f000 	D:\Program Files\Java\jdk1.8.0_92\jre\bin\verify.dll
0x0000000072be0000 - 0x0000000072c09000 	D:\Program Files\Java\jdk1.8.0_92\jre\bin\java.dll
0x0000000072bc0000 - 0x0000000072bd6000 	D:\Program Files\Java\jdk1.8.0_92\jre\bin\zip.dll
0x00007fff44830000 - 0x00007fff45d38000 	C:\WINDOWS\System32\SHELL32.dll
0x00007fff42550000 - 0x00007fff42c2a000 	C:\WINDOWS\System32\windows.storage.dll
0x00007fff42400000 - 0x00007fff4244c000 	C:\WINDOWS\System32\powrprof.dll
0x00007fff43690000 - 0x00007fff436e2000 	C:\WINDOWS\System32\shlwapi.dll
0x00007fff423e0000 - 0x00007fff423ef000 	C:\WINDOWS\System32\kernel.appcore.dll
0x00007fff43130000 - 0x00007fff431d9000 	C:\WINDOWS\System32\shcore.dll
0x00007fff423c0000 - 0x00007fff423d4000 	C:\WINDOWS\System32\profapi.dll

VM Arguments:
jvm_args: -Djava.awt.headless=true -Xmx1024M -Dfile.encoding=GBK -Duser.country=CN -Duser.language=zh -Duser.variant 
java_command: com.android.dx.command.Main --dex --force-jumbo --num-threads=4 --output F:\AndroidStudioProjects\MyApplication2\l05_app_handler\build\intermediates\pre-dexed\debug\main_9c35f8bcb8d64c5be90e17028dba84dc0807f7ba.jar F:\AndroidStudioProjects\MyApplication2\l05_app_handler\build\intermediates\transforms\instantRun\debug\folders\1\5\main
java_class_path (initial): D:\Android_developer_tools\android-sdk-windows\build-tools\24.0.2\lib\dx.jar
Launcher Type: SUN_STANDARD

Environment Variables:
JAVA_HOME=D:\Program Files\Java\jdk1.8.0_92
CLASSPATH=.;D:\Program Files\Java\jdk1.8.0_92\lib\dt.jar;D:\Program Files\Java\jdk1.8.0_92\lib\tools.jar
PATH=D:\Program Files\Java\jdk1.8.0_92\bin;D:\Program Files\Java\jdk1.8.0_92\jre\bin;C:\WINDOWS\system32;C:\WINDOWS;C:\WINDOWS\System32\Wbem;C:\WINDOWS\System32\WindowsPowerShell\v1.0\;C:\Program Files (x86)\ATI Technologies\ATI.ACE\Core-Static;C:\Program Files\Lenovo\Bluetooth Software\;C:\Program Files\Lenovo\Bluetooth Software\syswow64;C:\Program Files (x86)\AMD\ATI.ACE\Core-Static;D:\Program Files (x86)\MySQL\MySQL Server 5.5\bin;D:\Android_developer_tools\android-sdk-windows\platform-tools;D:\Android_developer_tools\android-sdk-windows\tools;C:\Users\Administrator\AppData\Local\Microsoft\WindowsApps;
USERNAME=Administrator
OS=Windows_NT
PROCESSOR_IDENTIFIER=Intel64 Family 6 Model 58 Stepping 9, GenuineIntel



---------------  S Y S T E M  ---------------

OS: Windows 10.0 , 64 bit Build 14393 (10.0.14393.0)

CPU:total 4 (2 cores per cpu, 2 threads per core) family 6 model 58 stepping 9, cmov, cx8, fxsr, mmx, sse, sse2, sse3, ssse3, sse4.1, sse4.2, popcnt, avx, clmul, erms, ht, tsc, tscinvbit, tscinv

Memory: 4k page, physical 4060004k(509080k free), swap 6157156k(4332k free)

vm_info: Java HotSpot(TM) 64-Bit Server VM (25.92-b14) for windows-amd64 JRE (1.8.0_92-b14), built on Mar 31 2016 21:03:04 by "java_re" with MS VC++ 10.0 (VS2010)

time: Sat Sep 10 20:03:34 2016
elapsed time: 3 seconds (0d 0h 0m 3s)

