#
# There is insufficient memory for the Java Runtime Environment to continue.
# Native memory allocation (malloc) failed to allocate 32744 bytes for ChunkPool::allocate
# Possible reasons:
#   The system is out of physical RAM or swap space
#   In 32 bit mode, the process size limit was hit
# Possible solutions:
#   Reduce memory load on the system
#   Increase physical memory or swap space
#   Check if swap backing store is full
#   Use 64 bit Java on a 64 bit OS
#   Decrease Java heap size (-Xmx/-Xms)
#   Decrease number of Java threads
#   Decrease Java thread stack sizes (-Xss)
#   Set larger code cache with -XX:ReservedCodeCacheSize=
# This output file may be truncated or incomplete.
#
#  Out of Memory Error (allocation.cpp:273), pid=7244, tid=0x0000000000000444
#
# JRE version: Java(TM) SE Runtime Environment (8.0_92-b14) (build 1.8.0_92-b14)
# Java VM: Java HotSpot(TM) 64-Bit Server VM (25.92-b14 mixed mode windows-amd64 compressed oops)
# Failed to write core dump. Minidumps are not enabled by default on client versions of Windows
#

---------------  T H R E A D  ---------------

Current thread (0x000000001531c000):  JavaThread "C2 CompilerThread0" daemon [_thread_in_vm, id=1092, stack(0x0000000016cc0000,0x0000000016dc0000)]

Stack: [0x0000000016cc0000,0x0000000016dc0000]
[error occurred during error reporting (printing stack bounds), id 0xc0000005]

Native frames: (J=compiled Java code, j=interpreted, Vv=VM code, C=native code)


---------------  P R O C E S S  ---------------

Java Threads: ( => current thread )
  0x000000001535b800 JavaThread "C1 CompilerThread2" daemon [_thread_new, id=3228, stack(0x0000000000000000,0x0000000000000000)]
  0x0000000002bfc800 JavaThread "C2 CompilerThread1" daemon [_thread_blocked, id=6652, stack(0x0000000016dc0000,0x0000000016ec0000)]
=>0x000000001531c000 JavaThread "C2 CompilerThread0" daemon [_thread_in_vm, id=1092, stack(0x0000000016cc0000,0x0000000016dc0000)]
  0x0000000015311800 JavaThread "Attach Listener" daemon [_thread_blocked, id=6692, stack(0x0000000016bc0000,0x0000000016cc0000)]
  0x0000000015310800 JavaThread "Signal Dispatcher" daemon [_thread_blocked, id=5904, stack(0x0000000016ac0000,0x0000000016bc0000)]
  0x0000000002bf4800 JavaThread "Finalizer" daemon [_thread_blocked, id=4664, stack(0x0000000016550000,0x0000000016650000)]
  0x0000000002bef800 JavaThread "Reference Handler" daemon [_thread_blocked, id=2584, stack(0x0000000016450000,0x0000000016550000)]
  0x00000000029fe000 JavaThread "main" [_thread_in_vm, id=8256, stack(0x0000000002a00000,0x0000000002b00000)]

Other Threads:
  0x00000000152c7800 VMThread [stack: 0x0000000016350000,0x0000000016450000] [id=3596]

VM state:not at safepoint (normal execution)

VM Mutex/Monitor currently owned by a thread:  ([mutex/lock_event])
[0x00000000029fd6e0] Threads_lock - owner thread: 0x00000000029fe000

Heap:
 PSYoungGen      total 18432K, used 635K [0x00000000eab00000, 0x00000000ebf80000, 0x0000000100000000)
  eden space 15872K, 4% used [0x00000000eab00000,0x00000000eab9ed20,0x00000000eba80000)
  from space 2560K, 0% used [0x00000000ebd00000,0x00000000ebd00000,0x00000000ebf80000)
  to   space 2560K, 0% used [0x00000000eba80000,0x00000000eba80000,0x00000000ebd00000)
 ParOldGen       total 42496K, used 0K [0x00000000c0000000, 0x00000000c2980000, 0x00000000eab00000)
  object space 42496K, 0% used [0x00000000c0000000,0x00000000c0000000,0x00000000c2980000)
 Metaspace       used 2274K, capacity 4480K, committed 4480K, reserved 1056768K
  class space    used 246K, capacity 384K, committed 384K, reserved 1048576K

Card table byte_map: [0x0000000011fd0000,0x00000000121e0000] byte_map_base: 0x00000000119d0000

Marking Bits: (ParMarkBitMap*) 0x00000000716964f0
 Begin Bits: [0x0000000012740000, 0x0000000013740000)
 End Bits:   [0x0000000013740000, 0x0000000014740000)

Polling page: 0x00000000029d0000

CodeCache: size=245760Kb used=473Kb max_used=473Kb free=245286Kb
 bounds [0x0000000002c10000, 0x0000000002e80000, 0x0000000011c10000]
 total_blobs=185 nmethods=0 adapters=140
 compilation: enabled

Compilation events (0 events):
No events

GC Heap History (0 events):
No events

Deoptimization events (0 events):
No events

Internal exceptions (2 events):
Event: 0.109 Thread 0x00000000029fe000 Exception <a 'java/lang/NoSuchMethodError': Method sun.misc.Unsafe.defineClass(Ljava/lang/String;[BII)Ljava/lang/Class; name or signature does not match> (0x00000000eab07cc0) thrown at [D:\re\workspace\8-2-build-windows-amd64-cygwin\jdk8u92\6642\hotspot\srQKoà}ë»?
Event: 0.109 Thread 0x00000000029fe000 Exception <a 'java/lang/NoSuchMethodError': Method sun.misc.Unsafe.prefetchRead(Ljava/lang/Object;J)V name or signature does not match> (0x00000000eab07fa8) thrown at [D:\re\workspace\8-2-build-windows-amd64-cygwin\jdk8u92\6642\hotspot\src\share\vm\prims\j

Events (10 events):
Event: 0.332 loading class sun/net/www/protocol/jar/Handler
Event: 0.332 loading class sun/net/www/protocol/jar/Handler done
Event: 0.333 loading class sun/misc/Launcher$AppClassLoader$1
Event: 0.333 loading class sun/misc/Launcher$AppClassLoader$1 done
Event: 0.334 loading class java/lang/SystemClassLoaderAction
Event: 0.334 loading class java/lang/SystemClassLoaderAction done
Event: 0.335 Thread 0x0000000015310800 Thread added: 0x0000000015310800
Event: 0.335 Thread 0x0000000015311800 Thread added: 0x0000000015311800
Event: 0.335 Thread 0x000000001531c000 Thread added: 0x000000001531c000
Event: 0.340 Thread 0x0000000002bfc800 Thread added: 0x0000000002bfc800


Dynamic libraries:
0x00007ff7e8cd0000 - 0x00007ff7e8d07000 	D:\Program Files\Java\jdk1.8.0_92\bin\java.exe
0x00007ff8bf460000 - 0x00007ff8bf631000 	C:\WINDOWS\SYSTEM32\ntdll.dll
0x00007ff8bf250000 - 0x00007ff8bf2fb000 	C:\WINDOWS\System32\KERNEL32.DLL
0x00007ff8bbb60000 - 0x00007ff8bbd7d000 	C:\WINDOWS\System32\KERNELBASE.dll
0x00007ff8befd0000 - 0x00007ff8bf072000 	C:\WINDOWS\System32\ADVAPI32.dll
0x00007ff8bef00000 - 0x00007ff8bef9e000 	C:\WINDOWS\System32\msvcrt.dll
0x00007ff8bf3e0000 - 0x00007ff8bf439000 	C:\WINDOWS\System32\sechost.dll
0x00007ff8beae0000 - 0x00007ff8bec01000 	C:\WINDOWS\System32\RPCRT4.dll
0x00007ff8be970000 - 0x00007ff8bead5000 	C:\WINDOWS\System32\USER32.dll
0x00007ff8bc900000 - 0x00007ff8bc91e000 	C:\WINDOWS\System32\win32u.dll
0x00007ff8be600000 - 0x00007ff8be634000 	C:\WINDOWS\System32\GDI32.dll
0x00007ff8bb9d0000 - 0x00007ff8bbb52000 	C:\WINDOWS\System32\gdi32full.dll
0x00007ff8b0880000 - 0x00007ff8b0af9000 	C:\WINDOWS\WinSxS\amd64_microsoft.windows.common-controls_6595b64144ccf1df_6.0.14393.0_none_2d0f50fcbdb171b8\COMCTL32.dll
0x00007ff8be640000 - 0x00007ff8be907000 	C:\WINDOWS\System32\combase.dll
0x00007ff8bc520000 - 0x00007ff8bc615000 	C:\WINDOWS\System32\ucrtbase.dll
0x00007ff8bc4b0000 - 0x00007ff8bc51a000 	C:\WINDOWS\System32\bcryptPrimitives.dll
0x00007ff8bf300000 - 0x00007ff8bf32e000 	C:\WINDOWS\System32\IMM32.DLL
0x0000000070760000 - 0x0000000070832000 	D:\Program Files\Java\jdk1.8.0_92\jre\bin\msvcr100.dll
0x0000000070e80000 - 0x0000000071716000 	D:\Program Files\Java\jdk1.8.0_92\jre\bin\server\jvm.dll
0x00007ff8be5f0000 - 0x00007ff8be5f8000 	C:\WINDOWS\System32\PSAPI.DLL
0x00007ff8b0d30000 - 0x00007ff8b0d39000 	C:\WINDOWS\SYSTEM32\WSOCK32.dll
0x00007ff8bec10000 - 0x00007ff8bec7a000 	C:\WINDOWS\System32\WS2_32.dll
0x00007ff8b9e00000 - 0x00007ff8b9e23000 	C:\WINDOWS\SYSTEM32\WINMM.dll
0x00007ff8b1720000 - 0x00007ff8b172a000 	C:\WINDOWS\SYSTEM32\VERSION.dll
0x00007ff8b9da0000 - 0x00007ff8b9dcb000 	C:\WINDOWS\SYSTEM32\WINMMBASE.dll
0x00007ff8bbd80000 - 0x00007ff8bbdc2000 	C:\WINDOWS\System32\cfgmgr32.dll
0x0000000070e70000 - 0x0000000070e7f000 	D:\Program Files\Java\jdk1.8.0_92\jre\bin\verify.dll
0x0000000070e40000 - 0x0000000070e69000 	D:\Program Files\Java\jdk1.8.0_92\jre\bin\java.dll
0x0000000070e20000 - 0x0000000070e36000 	D:\Program Files\Java\jdk1.8.0_92\jre\bin\zip.dll
0x00007ff8bc9d0000 - 0x00007ff8bded8000 	C:\WINDOWS\System32\SHELL32.dll
0x00007ff8bbdd0000 - 0x00007ff8bc4aa000 	C:\WINDOWS\System32\windows.storage.dll
0x00007ff8bb960000 - 0x00007ff8bb9ac000 	C:\WINDOWS\System32\powrprof.dll
0x00007ff8be910000 - 0x00007ff8be962000 	C:\WINDOWS\System32\shlwapi.dll
0x00007ff8bb9b0000 - 0x00007ff8bb9bf000 	C:\WINDOWS\System32\kernel.appcore.dll
0x00007ff8bc620000 - 0x00007ff8bc6c9000 	C:\WINDOWS\System32\shcore.dll
0x00007ff8bb940000 - 0x00007ff8bb954000 	C:\WINDOWS\System32\profapi.dll

VM Arguments:
jvm_args: -Djava.awt.headless=true -Xmx1024M -Dfile.encoding=GBK -Duser.country=CN -Duser.language=zh -Duser.variant 
java_command: com.android.dx.command.Main --dex --force-jumbo --num-threads=4 --output F:\AndroidStudioProjects\MyApplication2\l05_app_download\build\intermediates\pre-dexed\debug\com.android.support-support-media-compat-24.2.0_b207282c232e4c3be72238a7318440e3fc411b30.jar F:\AndroidStudioProjects\MyApplication2\l05_app_download\build\intermediates\exploded-aar\com.android.support\support-media-compat\24.2.0\jars\classes.jar
java_class_path (initial): D:\Android_developer_tools\android-sdk-windows\build-tools\24.0.2\lib\dx.jar
Launcher Type: SUN_STANDARD

Environment Variables:
JAVA_HOME=D:\Program Files\Java\jdk1.8.0_92
CLASSPATH=.;D:\Program Files\Java\jdk1.8.0_92\lib\dt.jar;D:\Program Files\Java\jdk1.8.0_92\lib\tools.jar
PATH=D:\Program Files\Java\jdk1.8.0_92\bin;D:\Program Files\Java\jdk1.8.0_92\jre\bin;C:\WINDOWS\system32;C:\WINDOWS;C:\WINDOWS\System32\Wbem;C:\WINDOWS\System32\WindowsPowerShell\v1.0\;C:\Program Files (x86)\ATI Technologies\ATI.ACE\Core-Static;C:\Program Files\Lenovo\Bluetooth Software\;C:\Program Files\Lenovo\Bluetooth Software\syswow64;C:\Program Files (x86)\AMD\ATI.ACE\Core-Static;D:\Program Files (x86)\MySQL\MySQL Server 5.5\bin;D:\Android_developer_tools\android-sdk-windows\platform-tools;D:\Android_developer_tools\android-sdk-windows\tools;C:\Users\Administrator\AppData\Local\Microsoft\WindowsApps;
USERNAME=Administrator
OS=Windows_NT
PROCESSOR_IDENTIFIER=Intel64 Family 6 Model 58 Stepping 9, GenuineIntel



---------------  S Y S T E M  ---------------

OS: Windows 10.0 , 64 bit Build 14393 (10.0.14393.0)

CPU:total 4 (2 cores per cpu, 2 threads per core) family 6 model 58 stepping 9, cmov, cx8, fxsr, mmx, sse, sse2, sse3, ssse3, sse4.1, sse4.2, popcnt, avx, clmul, erms, ht, tsc, tscinvbit, tscinv

Memory: 4k page, physical 4060004k(350360k free), swap 6157156k(3376k free)

vm_info: Java HotSpot(TM) 64-Bit Server VM (25.92-b14) for windows-amd64 JRE (1.8.0_92-b14), built on Mar 31 2016 21:03:04 by "java_re" with MS VC++ 10.0 (VS2010)

time: Thu Sep 08 12:53:24 2016
elapsed time: 0 seconds (0d 0h 0m 0s)

