#
# There is insufficient memory for the Java Runtime Environment to continue.
# Native memory allocation (malloc) failed to allocate 32744 bytes for ChunkPool::allocate
# Possible reasons:
#   The system is out of physical RAM or swap space
#   In 32 bit mode, the process size limit was hit
# Possible solutions:
#   Reduce memory load on the system
#   Increase physical memory or swap space
#   Check if swap backing store is full
#   Use 64 bit Java on a 64 bit OS
#   Decrease Java heap size (-Xmx/-Xms)
#   Decrease number of Java threads
#   Decrease Java thread stack sizes (-Xss)
#   Set larger code cache with -XX:ReservedCodeCacheSize=
# This output file may be truncated or incomplete.
#
#  Out of Memory Error (allocation.cpp:273), pid=3108, tid=0x0000000000002760
#
# JRE version: Java(TM) SE Runtime Environment (8.0_92-b14) (build 1.8.0_92-b14)
# Java VM: Java HotSpot(TM) 64-Bit Server VM (25.92-b14 mixed mode windows-amd64 compressed oops)
# Failed to write core dump. Minidumps are not enabled by default on client versions of Windows
#

---------------  T H R E A D  ---------------

Current thread (0x000000001586d800):  JavaThread "C2 CompilerThread1" daemon [_thread_in_native, id=10080, stack(0x0000000017280000,0x0000000017380000)]

Stack: [0x0000000017280000,0x0000000017380000]
[error occurred during error reporting (printing stack bounds), id 0xc0000005]

Native frames: (J=compiled Java code, j=interpreted, Vv=VM code, C=native code)


Current CompileTask:
C2:  16652 1836   !   4       com.android.dx.cf.code.RopperMachine::run (1550 bytes)


---------------  P R O C E S S  ---------------

Java Threads: ( => current thread )
  0x0000000016ee3000 JavaThread "Service Thread" daemon [_thread_blocked, id=540, stack(0x0000000017480000,0x0000000017580000)]
  0x0000000016edd000 JavaThread "C1 CompilerThread2" daemon [_thread_blocked, id=8020, stack(0x0000000017380000,0x0000000017480000)]
=>0x000000001586d800 JavaThread "C2 CompilerThread1" daemon [_thread_in_native, id=10080, stack(0x0000000017280000,0x0000000017380000)]
  0x000000001586a800 JavaThread "C2 CompilerThread0" daemon [_thread_in_native, id=3936, stack(0x0000000016d80000,0x0000000016e80000)]
  0x0000000015868800 JavaThread "Attach Listener" daemon [_thread_blocked, id=4708, stack(0x0000000016c80000,0x0000000016d80000)]
  0x000000001581d000 JavaThread "Signal Dispatcher" daemon [_thread_blocked, id=9040, stack(0x0000000016b80000,0x0000000016c80000)]
  0x00000000157fa800 JavaThread "Finalizer" daemon [_thread_blocked, id=5032, stack(0x0000000016a80000,0x0000000016b80000)]
  0x00000000157d9000 JavaThread "Reference Handler" daemon [_thread_blocked, id=6856, stack(0x0000000016980000,0x0000000016a80000)]
  0x0000000002cee000 JavaThread "main" [_thread_in_vm, id=9244, stack(0x0000000002b80000,0x0000000002c80000)]

Other Threads:
  0x00000000157d7800 VMThread [stack: 0x0000000016880000,0x0000000016980000] [id=6788]
  0x0000000016f48000 WatcherThread [stack: 0x0000000017580000,0x0000000017680000] [id=4256]

VM state:not at safepoint (normal execution)

VM Mutex/Monitor currently owned by a thread: None

Heap:
 PSYoungGen      total 134144K, used 114914K [0x00000000eab00000, 0x00000000f4900000, 0x0000000100000000)
  eden space 120320K, 84% used [0x00000000eab00000,0x00000000f0dbaeb0,0x00000000f2080000)
  from space 13824K, 99% used [0x00000000f3280000,0x00000000f3ffda48,0x00000000f4000000)
  to   space 18432K, 0% used [0x00000000f2080000,0x00000000f2080000,0x00000000f3280000)
 ParOldGen       total 42496K, used 25164K [0x00000000c0000000, 0x00000000c2980000, 0x00000000eab00000)
  object space 42496K, 59% used [0x00000000c0000000,0x00000000c1893208,0x00000000c2980000)
 Metaspace       used 6820K, capacity 7480K, committed 7680K, reserved 1056768K
  class space    used 646K, capacity 688K, committed 768K, reserved 1048576K

Card table byte_map: [0x0000000012500000,0x0000000012710000] byte_map_base: 0x0000000011f00000

Marking Bits: (ParMarkBitMap*) 0x000000005a3c64f0
 Begin Bits: [0x0000000012c70000, 0x0000000013c70000)
 End Bits:   [0x0000000013c70000, 0x0000000014c70000)

Polling page: 0x0000000001080000

CodeCache: size=245760Kb used=9597Kb max_used=9597Kb free=236162Kb
 bounds [0x0000000003140000, 0x0000000003ab0000, 0x0000000012140000]
 total_blobs=2481 nmethods=2209 adapters=184
 compilation: enabled

Compilation events (10 events):
Event: 16.605 Thread 0x0000000016edd000 nmethod 2295 0x0000000003a9cb10 code [0x0000000003a9cd00, 0x0000000003a9d598]
Event: 16.605 Thread 0x0000000016edd000 2296   !   3       com.android.dx.dex.code.OutputFinisher::fixBranches (234 bytes)
Event: 16.610 Thread 0x0000000016edd000 nmethod 2296 0x0000000003a9dad0 code [0x0000000003a9dee0, 0x0000000003aa0418]
Event: 16.610 Thread 0x0000000016edd000 2294       2       com.android.dx.dex.code.InsnFormat::signedFitsInByte (12 bytes)
Event: 16.610 Thread 0x0000000016edd000 nmethod 2294 0x0000000003aa1e90 code [0x0000000003aa1fe0, 0x0000000003aa2130]
Event: 16.610 Thread 0x0000000016edd000 2297       2       com.android.dx.dex.code.form.Form10x::isCompatible (23 bytes)
Event: 16.610 Thread 0x0000000016edd000 nmethod 2297 0x0000000003aa21d0 code [0x0000000003aa2320, 0x0000000003aa24f0]
Event: 16.629 Thread 0x0000000016edd000 2298       3       com.android.dx.dex.code.PositionList::make (224 bytes)
Event: 16.632 Thread 0x0000000016edd000 nmethod 2298 0x0000000003aa2610 code [0x0000000003aa2900, 0x0000000003aa43c8]
Event: 16.640 Thread 0x0000000016edd000 2299       3       com.android.dx.dex.code.OutputFinisher::calculateReservedCount (122 bytes)

GC Heap History (10 events):
Event: 9.983 GC heap before
{Heap before GC invocations=4 (full 0):
 PSYoungGen      total 18432K, used 18431K [0x00000000eab00000, 0x00000000ecf00000, 0x0000000100000000)
  eden space 15872K, 100% used [0x00000000eab00000,0x00000000eba80000,0x00000000eba80000)
  from space 2560K, 99% used [0x00000000eba80000,0x00000000ebcffee0,0x00000000ebd00000)
  to   space 2560K, 0% used [0x00000000ecc80000,0x00000000ecc80000,0x00000000ecf00000)
 ParOldGen       total 42496K, used 5378K [0x00000000c0000000, 0x00000000c2980000, 0x00000000eab00000)
  object space 42496K, 12% used [0x00000000c0000000,0x00000000c05409d8,0x00000000c2980000)
 Metaspace       used 6239K, capacity 7094K, committed 7296K, reserved 1056768K
  class space    used 608K, capacity 622K, committed 640K, reserved 1048576K
Event: 10.131 GC heap after
Heap after GC invocations=4 (full 0):
 PSYoungGen      total 34304K, used 2545K [0x00000000eab00000, 0x00000000ecf00000, 0x0000000100000000)
  eden space 31744K, 0% used [0x00000000eab00000,0x00000000eab00000,0x00000000eca00000)
  from space 2560K, 99% used [0x00000000ecc80000,0x00000000ecefc640,0x00000000ecf00000)
  to   space 2560K, 0% used [0x00000000eca00000,0x00000000eca00000,0x00000000ecc80000)
 ParOldGen       total 42496K, used 7662K [0x00000000c0000000, 0x00000000c2980000, 0x00000000eab00000)
  object space 42496K, 18% used [0x00000000c0000000,0x00000000c077b830,0x00000000c2980000)
 Metaspace       used 6239K, capacity 7094K, committed 7296K, reserved 1056768K
  class space    used 608K, capacity 622K, committed 640K, reserved 1048576K
}
Event: 11.596 GC heap before
{Heap before GC invocations=5 (full 0):
 PSYoungGen      total 34304K, used 34289K [0x00000000eab00000, 0x00000000ecf00000, 0x0000000100000000)
  eden space 31744K, 100% used [0x00000000eab00000,0x00000000eca00000,0x00000000eca00000)
  from space 2560K, 99% used [0x00000000ecc80000,0x00000000ecefc640,0x00000000ecf00000)
  to   space 2560K, 0% used [0x00000000eca00000,0x00000000eca00000,0x00000000ecc80000)
 ParOldGen       total 42496K, used 7662K [0x00000000c0000000, 0x00000000c2980000, 0x00000000eab00000)
  object space 42496K, 18% used [0x00000000c0000000,0x00000000c077b830,0x00000000c2980000)
 Metaspace       used 6305K, capacity 7094K, committed 7296K, reserved 1056768K
  class space    used 608K, capacity 622K, committed 640K, reserved 1048576K
Event: 11.672 GC heap after
Heap after GC invocations=5 (full 0):
 PSYoungGen      total 34304K, used 2528K [0x00000000eab00000, 0x00000000ef900000, 0x0000000100000000)
  eden space 31744K, 0% used [0x00000000eab00000,0x00000000eab00000,0x00000000eca00000)
  from space 2560K, 98% used [0x00000000eca00000,0x00000000ecc780b8,0x00000000ecc80000)
  to   space 8192K, 0% used [0x00000000ef100000,0x00000000ef100000,0x00000000ef900000)
 ParOldGen       total 42496K, used 12918K [0x00000000c0000000, 0x00000000c2980000, 0x00000000eab00000)
  object space 42496K, 30% used [0x00000000c0000000,0x00000000c0c9db58,0x00000000c2980000)
 Metaspace       used 6305K, capacity 7094K, committed 7296K, reserved 1056768K
  class space    used 608K, capacity 622K, committed 640K, reserved 1048576K
}
Event: 12.176 GC heap before
{Heap before GC invocations=6 (full 0):
 PSYoungGen      total 34304K, used 34272K [0x00000000eab00000, 0x00000000ef900000, 0x0000000100000000)
  eden space 31744K, 100% used [0x00000000eab00000,0x00000000eca00000,0x00000000eca00000)
  from space 2560K, 98% used [0x00000000eca00000,0x00000000ecc780b8,0x00000000ecc80000)
  to   space 8192K, 0% used [0x00000000ef100000,0x00000000ef100000,0x00000000ef900000)
 ParOldGen       total 42496K, used 12918K [0x00000000c0000000, 0x00000000c2980000, 0x00000000eab00000)
  object space 42496K, 30% used [0x00000000c0000000,0x00000000c0c9db58,0x00000000c2980000)
 Metaspace       used 6331K, capacity 7158K, committed 7296K, reserved 1056768K
  class space    used 609K, capacity 622K, committed 640K, reserved 1048576K
Event: 12.214 GC heap after
Heap after GC invocations=6 (full 0):
 PSYoungGen      total 70656K, used 7679K [0x00000000eab00000, 0x00000000efb00000, 0x0000000100000000)
  eden space 62464K, 0% used [0x00000000eab00000,0x00000000eab00000,0x00000000ee800000)
  from space 8192K, 93% used [0x00000000ef100000,0x00000000ef87ff00,0x00000000ef900000)
  to   space 9216K, 0% used [0x00000000ee800000,0x00000000ee800000,0x00000000ef100000)
 ParOldGen       total 42496K, used 12918K [0x00000000c0000000, 0x00000000c2980000, 0x00000000eab00000)
  object space 42496K, 30% used [0x00000000c0000000,0x00000000c0c9db58,0x00000000c2980000)
 Metaspace       used 6331K, capacity 7158K, committed 7296K, reserved 1056768K
  class space    used 609K, capacity 622K, committed 640K, reserved 1048576K
}
Event: 13.586 GC heap before
{Heap before GC invocations=7 (full 0):
 PSYoungGen      total 70656K, used 70143K [0x00000000eab00000, 0x00000000efb00000, 0x0000000100000000)
  eden space 62464K, 100% used [0x00000000eab00000,0x00000000ee800000,0x00000000ee800000)
  from space 8192K, 93% used [0x00000000ef100000,0x00000000ef87ff00,0x00000000ef900000)
  to   space 9216K, 0% used [0x00000000ee800000,0x00000000ee800000,0x00000000ef100000)
 ParOldGen       total 42496K, used 12918K [0x00000000c0000000, 0x00000000c2980000, 0x00000000eab00000)
  object space 42496K, 30% used [0x00000000c0000000,0x00000000c0c9db58,0x00000000c2980000)
 Metaspace       used 6452K, capacity 7192K, committed 7424K, reserved 1056768K
  class space    used 628K, capacity 656K, committed 768K, reserved 1048576K
Event: 13.681 GC heap after
Heap after GC invocations=7 (full 0):
 PSYoungGen      total 71680K, used 9215K [0x00000000eab00000, 0x00000000f4000000, 0x0000000100000000)
  eden space 62464K, 0% used [0x00000000eab00000,0x00000000eab00000,0x00000000ee800000)
  from space 9216K, 99% used [0x00000000ee800000,0x00000000ef0ffee0,0x00000000ef100000)
  to   space 13824K, 0% used [0x00000000f3280000,0x00000000f3280000,0x00000000f4000000)
 ParOldGen       total 42496K, used 20024K [0x00000000c0000000, 0x00000000c2980000, 0x00000000eab00000)
  object space 42496K, 47% used [0x00000000c0000000,0x00000000c138e060,0x00000000c2980000)
 Metaspace       used 6452K, capacity 7192K, committed 7424K, reserved 1056768K
  class space    used 628K, capacity 656K, committed 768K, reserved 1048576K
}
Event: 14.215 GC heap before
{Heap before GC invocations=8 (full 0):
 PSYoungGen      total 71680K, used 71679K [0x00000000eab00000, 0x00000000f4000000, 0x0000000100000000)
  eden space 62464K, 100% used [0x00000000eab00000,0x00000000ee800000,0x00000000ee800000)
  from space 9216K, 99% used [0x00000000ee800000,0x00000000ef0ffee0,0x00000000ef100000)
  to   space 13824K, 0% used [0x00000000f3280000,0x00000000f3280000,0x00000000f4000000)
 ParOldGen       total 42496K, used 20024K [0x00000000c0000000, 0x00000000c2980000, 0x00000000eab00000)
  object space 42496K, 47% used [0x00000000c0000000,0x00000000c138e060,0x00000000c2980000)
 Metaspace       used 6521K, capacity 7256K, committed 7424K, reserved 1056768K
  class space    used 628K, capacity 656K, committed 768K, reserved 1048576K
Event: 14.329 GC heap after
Heap after GC invocations=8 (full 0):
 PSYoungGen      total 134144K, used 13814K [0x00000000eab00000, 0x00000000f4900000, 0x0000000100000000)
  eden space 120320K, 0% used [0x00000000eab00000,0x00000000eab00000,0x00000000f2080000)
  from space 13824K, 99% used [0x00000000f3280000,0x00000000f3ffda48,0x00000000f4000000)
  to   space 18432K, 0% used [0x00000000f2080000,0x00000000f2080000,0x00000000f3280000)
 ParOldGen       total 42496K, used 25164K [0x00000000c0000000, 0x00000000c2980000, 0x00000000eab00000)
  object space 42496K, 59% used [0x00000000c0000000,0x00000000c1893208,0x00000000c2980000)
 Metaspace       used 6521K, capacity 7256K, committed 7424K, reserved 1056768K
  class space    used 628K, capacity 656K, committed 768K, reserved 1048576K
}

Deoptimization events (10 events):
Event: 15.248 Thread 0x0000000002cee000 Uncommon trap: reason=class_check action=maybe_recompile pc=0x000000000361aec8 method=java.util.Arrays.hashCode([Ljava/lang/Object;)I @ 43
Event: 15.248 Thread 0x0000000002cee000 Uncommon trap: reason=class_check action=maybe_recompile pc=0x000000000361aec8 method=java.util.Arrays.hashCode([Ljava/lang/Object;)I @ 43
Event: 15.248 Thread 0x0000000002cee000 Uncommon trap: reason=class_check action=maybe_recompile pc=0x000000000361aec8 method=java.util.Arrays.hashCode([Ljava/lang/Object;)I @ 43
Event: 15.249 Thread 0x0000000002cee000 Uncommon trap: reason=class_check action=maybe_recompile pc=0x00000000035d10f4 method=java.util.Arrays.hashCode([Ljava/lang/Object;)I @ 43
Event: 15.303 Thread 0x0000000002cee000 Uncommon trap: reason=bimorphic action=maybe_recompile pc=0x00000000036b7654 method=java.util.HashMap.putVal(ILjava/lang/Object;Ljava/lang/Object;ZZ)Ljava/lang/Object; @ 203
Event: 16.362 Thread 0x0000000002cee000 Uncommon trap: reason=speculate_class_check action=maybe_recompile pc=0x000000000350b0d8 method=com.android.dx.util.FixedSizeList.equals(Ljava/lang/Object;)Z @ 25
Event: 16.362 Thread 0x0000000002cee000 Uncommon trap: reason=unstable_if action=reinterpret pc=0x0000000003502f34 method=java.util.Arrays.equals([Ljava/lang/Object;[Ljava/lang/Object;)Z @ 23
Event: 16.480 Thread 0x0000000002cee000 Uncommon trap: reason=speculate_class_check action=maybe_recompile pc=0x000000000350b0d8 method=com.android.dx.util.FixedSizeList.equals(Ljava/lang/Object;)Z @ 25
Event: 16.480 Thread 0x0000000002cee000 Uncommon trap: reason=speculate_class_check action=maybe_recompile pc=0x000000000350b0d8 method=com.android.dx.util.FixedSizeList.equals(Ljava/lang/Object;)Z @ 25
Event: 16.480 Thread 0x0000000002cee000 Uncommon trap: reason=speculate_class_check action=maybe_recompile pc=0x000000000350b0d8 method=com.android.dx.util.FixedSizeList.equals(Ljava/lang/Object;)Z @ 25

Internal exceptions (6 events):
Event: 0.122 Thread 0x0000000002cee000 Exception <a 'java/lang/NoSuchMethodError': Method sun.misc.Unsafe.defineClass(Ljava/lang/String;[BII)Ljava/lang/Class; name or signature does not match> (0x00000000eab07cc0) thrown at [D:\re\workspace\8-2-build-windows-amd64-cygwin\jdk8u92\6642\hotspot\sr¿uZíkø?
Event: 0.123 Thread 0x0000000002cee000 Exception <a 'java/lang/NoSuchMethodError': Method sun.misc.Unsafe.prefetchRead(Ljava/lang/Object;J)V name or signature does not match> (0x00000000eab07fa8) thrown at [D:\re\workspace\8-2-build-windows-amd64-cygwin\jdk8u92\6642\hotspot\src\share\vm\prims\jvFrd≤ä#@
Event: 9.771 Thread 0x0000000017128800 Implicit null exception at 0x0000000003468179 to 0x0000000003469875
Event: 13.319 Thread 0x0000000002cee000 Exception <a 'java/lang/ArrayIndexOutOfBoundsException': 18> (0x00000000edd4e968) thrown at [D:\re\workspace\8-2-build-windows-amd64-cygwin\jdk8u92\6642\hotspot\src\share\vm\interpreter\interpreterRuntime.cpp, line 366]
Event: 13.320 Thread 0x0000000002cee000 Exception <a 'java/lang/ArrayIndexOutOfBoundsException'> (0x00000000edd96578) thrown at [D:\re\workspace\8-2-build-windows-amd64-cygwin\jdk8u92\6642\hotspot\src\share\vm\runtime\sharedRuntime.cpp, line 605]
Event: 13.323 Thread 0x0000000002cee000 Exception <a 'java/lang/ArrayIndexOutOfBoundsException'> (0x00000000edd97860) thrown at [D:\re\workspace\8-2-build-windows-amd64-cygwin\jdk8u92\6642\hotspot\src\share\vm\runtime\sharedRuntime.cpp, line 605]

Events (10 events):
Event: 16.501 loading class com/android/dx/rop/code/RegisterSpecList$Expander
Event: 16.501 loading class com/android/dx/rop/code/RegisterSpecList$Expander done
Event: 16.574 Thread 0x0000000002cee000 DEOPT PACKING pc=0x0000000003a6aa01 sp=0x0000000002c7ecf0
Event: 16.574 Thread 0x0000000002cee000 DEOPT UNPACKING pc=0x000000000318787f sp=0x0000000002c7ea50 mode 0
Event: 16.604 Thread 0x0000000002cee000 DEOPT PACKING pc=0x0000000003a612b5 sp=0x0000000002c7eb50
Event: 16.604 Thread 0x0000000002cee000 DEOPT UNPACKING pc=0x000000000318787f sp=0x0000000002c7e8d0 mode 0
Event: 16.604 Thread 0x0000000002cee000 DEOPT PACKING pc=0x0000000003a6273c sp=0x0000000002c7ea60
Event: 16.604 Thread 0x0000000002cee000 DEOPT UNPACKING pc=0x000000000318787f sp=0x0000000002c7e8b0 mode 0
Event: 16.639 Thread 0x0000000002cee000 DEOPT PACKING pc=0x0000000003a5c73a sp=0x0000000002c7ed20
Event: 16.640 Thread 0x0000000002cee000 DEOPT UNPACKING pc=0x000000000318787f sp=0x0000000002c7eae8 mode 0


Dynamic libraries:
0x00007ff6973c0000 - 0x00007ff6973f7000 	D:\Program Files\Java\jdk1.8.0_92\bin\java.exe
0x00007ffccdbf0000 - 0x00007ffccddc1000 	C:\WINDOWS\SYSTEM32\ntdll.dll
0x00007ffcccee0000 - 0x00007ffcccf8b000 	C:\WINDOWS\System32\KERNEL32.DLL
0x00007ffcca860000 - 0x00007ffccaa7d000 	C:\WINDOWS\System32\KERNELBASE.dll
0x00007ffccb170000 - 0x00007ffccb212000 	C:\WINDOWS\System32\ADVAPI32.dll
0x00007ffcccc60000 - 0x00007ffccccfe000 	C:\WINDOWS\System32\msvcrt.dll
0x00007ffccd580000 - 0x00007ffccd5d9000 	C:\WINDOWS\System32\sechost.dll
0x00007ffcccaa0000 - 0x00007ffcccbc1000 	C:\WINDOWS\System32\RPCRT4.dll
0x00007ffccd410000 - 0x00007ffccd575000 	C:\WINDOWS\System32\USER32.dll
0x00007ffcca620000 - 0x00007ffcca63e000 	C:\WINDOWS\System32\win32u.dll
0x00007ffccb4e0000 - 0x00007ffccb514000 	C:\WINDOWS\System32\GDI32.dll
0x00007ffcca490000 - 0x00007ffcca612000 	C:\WINDOWS\System32\gdi32full.dll
0x00007ffcbf550000 - 0x00007ffcbf7c9000 	C:\WINDOWS\WinSxS\amd64_microsoft.windows.common-controls_6595b64144ccf1df_6.0.14393.0_none_2d0f50fcbdb171b8\COMCTL32.dll
0x00007ffcccff0000 - 0x00007ffccd2b7000 	C:\WINDOWS\System32\combase.dll
0x00007ffcca210000 - 0x00007ffcca305000 	C:\WINDOWS\System32\ucrtbase.dll
0x00007ffcca310000 - 0x00007ffcca37a000 	C:\WINDOWS\System32\bcryptPrimitives.dll
0x00007ffccdbb0000 - 0x00007ffccdbde000 	C:\WINDOWS\System32\IMM32.DLL
0x0000000059100000 - 0x00000000591d2000 	D:\Program Files\Java\jdk1.8.0_92\jre\bin\msvcr100.dll
0x0000000059bb0000 - 0x000000005a446000 	D:\Program Files\Java\jdk1.8.0_92\jre\bin\server\jvm.dll
0x00007ffccd2c0000 - 0x00007ffccd2c8000 	C:\WINDOWS\System32\PSAPI.DLL
0x00007ffcbf4c0000 - 0x00007ffcbf4c9000 	C:\WINDOWS\SYSTEM32\WSOCK32.dll
0x00007ffccb520000 - 0x00007ffccb58a000 	C:\WINDOWS\System32\WS2_32.dll
0x00007ffcc8590000 - 0x00007ffcc85b3000 	C:\WINDOWS\SYSTEM32\WINMM.dll
0x00007ffcc0100000 - 0x00007ffcc010a000 	C:\WINDOWS\SYSTEM32\VERSION.dll
0x00007ffcc8530000 - 0x00007ffcc855b000 	C:\WINDOWS\SYSTEM32\WINMMBASE.dll
0x00007ffcca810000 - 0x00007ffcca852000 	C:\WINDOWS\System32\cfgmgr32.dll
0x0000000059ba0000 - 0x0000000059baf000 	D:\Program Files\Java\jdk1.8.0_92\jre\bin\verify.dll
0x0000000059b70000 - 0x0000000059b99000 	D:\Program Files\Java\jdk1.8.0_92\jre\bin\java.dll
0x0000000059b50000 - 0x0000000059b66000 	D:\Program Files\Java\jdk1.8.0_92\jre\bin\zip.dll
0x00007ffccb590000 - 0x00007ffccca98000 	C:\WINDOWS\System32\SHELL32.dll
0x00007ffccaa80000 - 0x00007ffccb15a000 	C:\WINDOWS\System32\windows.storage.dll
0x00007ffcca0d0000 - 0x00007ffcca11c000 	C:\WINDOWS\System32\powrprof.dll
0x00007ffccce60000 - 0x00007ffccceb2000 	C:\WINDOWS\System32\shlwapi.dll
0x00007ffcca140000 - 0x00007ffcca14f000 	C:\WINDOWS\System32\kernel.appcore.dll
0x00007ffcca160000 - 0x00007ffcca209000 	C:\WINDOWS\System32\shcore.dll
0x00007ffcca120000 - 0x00007ffcca134000 	C:\WINDOWS\System32\profapi.dll

VM Arguments:
jvm_args: -Djava.awt.headless=true -Xmx1024M -Dfile.encoding=GBK -Duser.country=CN -Duser.language=zh -Duser.variant 
java_command: com.android.dx.command.Main --dex --force-jumbo --num-threads=4 --output F:\AndroidStudioProjects\MyApplication2\app\build\intermediates\pre-dexed\debug\com.android.support-appcompat-v7-24.2.0_caad00eecd0e8c3b334acb877f8ec1f83fefbd3d.jar F:\AndroidStudioProjects\MyApplication2\app\build\intermediates\exploded-aar\com.android.support\appcompat-v7\24.2.0\jars\classes.jar
java_class_path (initial): D:\Android_developer_tools\android-sdk-windows\build-tools\24.0.2\lib\dx.jar
Launcher Type: SUN_STANDARD

Environment Variables:
JAVA_HOME=D:\Program Files\Java\jdk1.8.0_92
CLASSPATH=.;D:\Program Files\Java\jdk1.8.0_92\lib\dt.jar;D:\Program Files\Java\jdk1.8.0_92\lib\tools.jar
PATH=D:\Program Files\Java\jdk1.8.0_92\bin;D:\Program Files\Java\jdk1.8.0_92\jre\bin;C:\WINDOWS\system32;C:\WINDOWS;C:\WINDOWS\System32\Wbem;C:\WINDOWS\System32\WindowsPowerShell\v1.0\;C:\Program Files (x86)\ATI Technologies\ATI.ACE\Core-Static;C:\Program Files\Lenovo\Bluetooth Software\;C:\Program Files\Lenovo\Bluetooth Software\syswow64;C:\Program Files (x86)\AMD\ATI.ACE\Core-Static;D:\Program Files (x86)\MySQL\MySQL Server 5.5\bin;D:\Android_developer_tools\android-sdk-windows\platform-tools;D:\Android_developer_tools\android-sdk-windows\tools;C:\Users\Administrator\AppData\Local\Microsoft\WindowsApps;
USERNAME=Administrator
OS=Windows_NT
PROCESSOR_IDENTIFIER=Intel64 Family 6 Model 58 Stepping 9, GenuineIntel



---------------  S Y S T E M  ---------------

OS: Windows 10.0 , 64 bit Build 14393 (10.0.14393.0)

CPU:total 4 (2 cores per cpu, 2 threads per core) family 6 model 58 stepping 9, cmov, cx8, fxsr, mmx, sse, sse2, sse3, ssse3, sse4.1, sse4.2, popcnt, avx, clmul, erms, ht, tsc, tscinvbit, tscinv

Memory: 4k page, physical 4060004k(374932k free), swap 6157156k(4220k free)

vm_info: Java HotSpot(TM) 64-Bit Server VM (25.92-b14) for windows-amd64 JRE (1.8.0_92-b14), built on Mar 31 2016 21:03:04 by "java_re" with MS VC++ 10.0 (VS2010)

time: Tue Sep 06 19:01:14 2016
elapsed time: 16 seconds (0d 0h 0m 16s)

