#
# There is insufficient memory for the Java Runtime Environment to continue.
# Native memory allocation (malloc) failed to allocate 536656 bytes for Chunk::new
# Possible reasons:
#   The system is out of physical RAM or swap space
#   In 32 bit mode, the process size limit was hit
# Possible solutions:
#   Reduce memory load on the system
#   Increase physical memory or swap space
#   Check if swap backing store is full
#   Use 64 bit Java on a 64 bit OS
#   Decrease Java heap size (-Xmx/-Xms)
#   Decrease number of Java threads
#   Decrease Java thread stack sizes (-Xss)
#   Set larger code cache with -XX:ReservedCodeCacheSize=
# This output file may be truncated or incomplete.
#
#  Out of Memory Error (allocation.cpp:390), pid=9460, tid=0x0000000000002330
#
# JRE version: Java(TM) SE Runtime Environment (8.0_92-b14) (build 1.8.0_92-b14)
# Java VM: Java HotSpot(TM) 64-Bit Server VM (25.92-b14 mixed mode windows-amd64 compressed oops)
# Failed to write core dump. Minidumps are not enabled by default on client versions of Windows
#

---------------  T H R E A D  ---------------

Current thread (0x00000000165b3000):  JavaThread "C2 CompilerThread0" daemon [_thread_in_native, id=9008, stack(0x0000000016b70000,0x0000000016c70000)]

Stack: [0x0000000016b70000,0x0000000016c70000]
[error occurred during error reporting (printing stack bounds), id 0xc0000005]

Native frames: (J=compiled Java code, j=interpreted, Vv=VM code, C=native code)


Current CompileTask:
C2:  10103 1331       4       com.android.dx.ssa.SCCP::simulatePhi (169 bytes)


---------------  P R O C E S S  ---------------

Java Threads: ( => current thread )
  0x00000000167ff000 JavaThread "pool-1-thread-4" [_thread_in_Java, id=1084, stack(0x0000000017470000,0x0000000017570000)]
  0x00000000167e8000 JavaThread "pool-1-thread-3" [_thread_in_vm, id=9340, stack(0x0000000017370000,0x0000000017470000)]
  0x00000000166f1000 JavaThread "pool-1-thread-2" [_thread_in_Java, id=4392, stack(0x0000000017270000,0x0000000017370000)]
  0x00000000166d3000 JavaThread "pool-2-thread-1" [_thread_blocked, id=6648, stack(0x0000000017170000,0x0000000017270000)]
  0x00000000166c8000 JavaThread "pool-1-thread-1" [_thread_in_vm, id=9772, stack(0x0000000017070000,0x0000000017170000)]
  0x00000000165d2000 JavaThread "Service Thread" daemon [_thread_blocked, id=3036, stack(0x0000000016e70000,0x0000000016f70000)]
  0x00000000151fb800 JavaThread "C1 CompilerThread2" daemon [_thread_blocked, id=9140, stack(0x0000000016d70000,0x0000000016e70000)]
  0x0000000002acc800 JavaThread "C2 CompilerThread1" daemon [_thread_in_native, id=9384, stack(0x0000000016c70000,0x0000000016d70000)]
=>0x00000000165b3000 JavaThread "C2 CompilerThread0" daemon [_thread_in_native, id=9008, stack(0x0000000016b70000,0x0000000016c70000)]
  0x00000000151b3000 JavaThread "Attach Listener" daemon [_thread_blocked, id=4396, stack(0x0000000016a70000,0x0000000016b70000)]
  0x00000000151b2000 JavaThread "Signal Dispatcher" daemon [_thread_blocked, id=8092, stack(0x0000000016970000,0x0000000016a70000)]
  0x000000001518a000 JavaThread "Finalizer" daemon [_thread_blocked, id=776, stack(0x0000000016400000,0x0000000016500000)]
  0x0000000015169000 JavaThread "Reference Handler" daemon [_thread_blocked, id=2756, stack(0x0000000016300000,0x0000000016400000)]
  0x00000000028ce000 JavaThread "main" [_thread_in_vm, id=3348, stack(0x00000000028d0000,0x00000000029d0000)]

Other Threads:
  0x0000000015167000 VMThread [stack: 0x0000000016200000,0x0000000016300000] [id=7024]
  0x0000000016628000 WatcherThread [stack: 0x0000000016f70000,0x0000000017070000] [id=4552]

VM state:synchronizing (normal execution)

VM Mutex/Monitor currently owned by a thread:  ([mutex/lock_event])
[0x00000000028ccaa0] Safepoint_lock - owner thread: 0x0000000015167000
[0x00000000028ccba0] Threads_lock - owner thread: 0x0000000015167000

Heap:
 PSYoungGen      total 34304K, used 12654K [0x00000000eab00000, 0x00000000ecf00000, 0x0000000100000000)
  eden space 31744K, 31% used [0x00000000eab00000,0x00000000eb4dd9b0,0x00000000eca00000)
  from space 2560K, 99% used [0x00000000ecc80000,0x00000000ecefe030,0x00000000ecf00000)
  to   space 2560K, 0% used [0x00000000eca00000,0x00000000eca00000,0x00000000ecc80000)
 ParOldGen       total 42496K, used 4019K [0x00000000c0000000, 0x00000000c2980000, 0x00000000eab00000)
  object space 42496K, 9% used [0x00000000c0000000,0x00000000c03ecc30,0x00000000c2980000)
 Metaspace       used 6164K, capacity 7032K, committed 7296K, reserved 1056768K
  class space    used 610K, capacity 624K, committed 640K, reserved 1048576K

Card table byte_map: [0x0000000011e90000,0x00000000120a0000] byte_map_base: 0x0000000011890000

Marking Bits: (ParMarkBitMap*) 0x000000005a3c64f0
 Begin Bits: [0x0000000012600000, 0x0000000013600000)
 End Bits:   [0x0000000013600000, 0x0000000014600000)

Polling page: 0x0000000000d00000

CodeCache: size=245760Kb used=5588Kb max_used=5614Kb free=240172Kb
 bounds [0x0000000002ad0000, 0x0000000003060000, 0x0000000011ad0000]
 total_blobs=1647 nmethods=1376 adapters=184
 compilation: enabled

Compilation events (10 events):
Event: 9.721 Thread 0x00000000151fb800 1383       3       com.android.dx.rop.type.Prototype::intern (31 bytes)
Event: 9.721 Thread 0x00000000151fb800 nmethod 1383 0x000000000303e190 code [0x000000000303e320, 0x000000000303e6a8]
Event: 9.721 Thread 0x00000000151fb800 1384       3       com.android.dx.cf.attrib.RawAttribute::byteLength (11 bytes)
Event: 9.722 Thread 0x00000000151fb800 nmethod 1384 0x000000000303e810 code [0x000000000303e960, 0x000000000303eb50]
Event: 9.723 Thread 0x00000000151fb800 1385       3       com.android.dx.ssa.Dominators::<init> (55 bytes)
Event: 9.724 Thread 0x00000000151fb800 nmethod 1385 0x000000000303ec10 code [0x000000000303eda0, 0x000000000303f2f0]
Event: 9.726 Thread 0x00000000151fb800 1386       1       com.android.dx.rop.code.Insn$BaseVisitor::visitThrowingCstInsn (1 bytes)
Event: 9.726 Thread 0x00000000151fb800 nmethod 1386 0x000000000303f550 code [0x000000000303f6a0, 0x000000000303f7b0]
Event: 9.897 Thread 0x00000000165b3000 nmethod 1284 0x0000000003046190 code [0x0000000003046660, 0x000000000304a250]
Event: 9.898 Thread 0x00000000165b3000 1331       4       com.android.dx.ssa.SCCP::simulatePhi (169 bytes)

GC Heap History (4 events):
Event: 7.567 GC heap before
{Heap before GC invocations=1 (full 0):
 PSYoungGen      total 18432K, used 15872K [0x00000000eab00000, 0x00000000ebf80000, 0x0000000100000000)
  eden space 15872K, 100% used [0x00000000eab00000,0x00000000eba80000,0x00000000eba80000)
  from space 2560K, 0% used [0x00000000ebd00000,0x00000000ebd00000,0x00000000ebf80000)
  to   space 2560K, 0% used [0x00000000eba80000,0x00000000eba80000,0x00000000ebd00000)
 ParOldGen       total 42496K, used 0K [0x00000000c0000000, 0x00000000c2980000, 0x00000000eab00000)
  object space 42496K, 0% used [0x00000000c0000000,0x00000000c0000000,0x00000000c2980000)
 Metaspace       used 5837K, capacity 6774K, committed 7040K, reserved 1056768K
  class space    used 604K, capacity 622K, committed 640K, reserved 1048576K
Event: 7.763 GC heap after
Heap after GC invocations=1 (full 0):
 PSYoungGen      total 18432K, used 2543K [0x00000000eab00000, 0x00000000ecf00000, 0x0000000100000000)
  eden space 15872K, 0% used [0x00000000eab00000,0x00000000eab00000,0x00000000eba80000)
  from space 2560K, 99% used [0x00000000eba80000,0x00000000ebcfbc70,0x00000000ebd00000)
  to   space 2560K, 0% used [0x00000000ecc80000,0x00000000ecc80000,0x00000000ecf00000)
 ParOldGen       total 42496K, used 1731K [0x00000000c0000000, 0x00000000c2980000, 0x00000000eab00000)
  object space 42496K, 4% used [0x00000000c0000000,0x00000000c01b0ea8,0x00000000c2980000)
 Metaspace       used 5837K, capacity 6774K, committed 7040K, reserved 1056768K
  class space    used 604K, capacity 622K, committed 640K, reserved 1048576K
}
Event: 9.047 GC heap before
{Heap before GC invocations=2 (full 0):
 PSYoungGen      total 18432K, used 18415K [0x00000000eab00000, 0x00000000ecf00000, 0x0000000100000000)
  eden space 15872K, 100% used [0x00000000eab00000,0x00000000eba80000,0x00000000eba80000)
  from space 2560K, 99% used [0x00000000eba80000,0x00000000ebcfbc70,0x00000000ebd00000)
  to   space 2560K, 0% used [0x00000000ecc80000,0x00000000ecc80000,0x00000000ecf00000)
 ParOldGen       total 42496K, used 1731K [0x00000000c0000000, 0x00000000c2980000, 0x00000000eab00000)
  object space 42496K, 4% used [0x00000000c0000000,0x00000000c01b0ea8,0x00000000c2980000)
 Metaspace       used 6093K, capacity 6968K, committed 7040K, reserved 1056768K
  class space    used 609K, capacity 624K, committed 640K, reserved 1048576K
Event: 9.096 GC heap after
Heap after GC invocations=2 (full 0):
 PSYoungGen      total 34304K, used 2552K [0x00000000eab00000, 0x00000000ecf00000, 0x0000000100000000)
  eden space 31744K, 0% used [0x00000000eab00000,0x00000000eab00000,0x00000000eca00000)
  from space 2560K, 99% used [0x00000000ecc80000,0x00000000ecefe030,0x00000000ecf00000)
  to   space 2560K, 0% used [0x00000000eca00000,0x00000000eca00000,0x00000000ecc80000)
 ParOldGen       total 42496K, used 4019K [0x00000000c0000000, 0x00000000c2980000, 0x00000000eab00000)
  object space 42496K, 9% used [0x00000000c0000000,0x00000000c03ecc30,0x00000000c2980000)
 Metaspace       used 6093K, capacity 6968K, committed 7040K, reserved 1056768K
  class space    used 609K, capacity 624K, committed 640K, reserved 1048576K
}

Deoptimization events (10 events):
Event: 7.275 Thread 0x00000000166f1000 Uncommon trap: reason=class_check action=maybe_recompile pc=0x0000000002d1e3b0 method=com.android.dx.ssa.NormalSsaInsn.accept(Lcom/android/dx/ssa/SsaInsn$Visitor;)V @ 9
Event: 7.476 Thread 0x00000000166f1000 Uncommon trap: reason=class_check action=maybe_recompile pc=0x0000000002e17c34 method=com.android.dx.ssa.NormalSsaInsn.accept(Lcom/android/dx/ssa/SsaInsn$Visitor;)V @ 9
Event: 7.476 Thread 0x00000000166f1000 Uncommon trap: reason=class_check action=maybe_recompile pc=0x0000000002d1e3b0 method=com.android.dx.ssa.NormalSsaInsn.accept(Lcom/android/dx/ssa/SsaInsn$Visitor;)V @ 9
Event: 7.476 Thread 0x00000000166f1000 Uncommon trap: reason=class_check action=maybe_recompile pc=0x0000000002d1e3b0 method=com.android.dx.ssa.NormalSsaInsn.accept(Lcom/android/dx/ssa/SsaInsn$Visitor;)V @ 9
Event: 7.505 Thread 0x00000000028ce000 Uncommon trap: reason=unstable_if action=reinterpret pc=0x0000000002d5abf4 method=java.util.BitSet.ensureCapacity(I)V @ 6
Event: 7.506 Thread 0x00000000028ce000 Uncommon trap: reason=unstable_if action=reinterpret pc=0x0000000002cf9cb0 method=java.util.BitSet.nextSetBit(I)I @ 87
Event: 7.914 Thread 0x00000000167e8000 Uncommon trap: reason=null_check action=make_not_entrant pc=0x0000000002e18924 method=com.android.dx.ssa.SsaRenamer.getLocalForNewReg(I)Lcom/android/dx/rop/code/LocalItem; @ 19
Event: 8.565 Thread 0x00000000167e8000 Uncommon trap: reason=unstable_if action=reinterpret pc=0x0000000002e8c3dc method=com.android.dx.rop.cst.Constant.compareTo(Lcom/android/dx/rop/cst/Constant;)I @ 12
Event: 8.930 Thread 0x00000000166f1000 Uncommon trap: reason=bimorphic action=maybe_recompile pc=0x0000000002d5d768 method=java.util.HashMap.getNode(ILjava/lang/Object;)Ljava/util/HashMap$Node; @ 126
Event: 8.930 Thread 0x00000000166f1000 Uncommon trap: reason=class_check action=maybe_recompile pc=0x0000000002f24504 method=java.util.HashMap.putVal(ILjava/lang/Object;Ljava/lang/Object;ZZ)Ljava/lang/Object; @ 203

Internal exceptions (3 events):
Event: 0.127 Thread 0x00000000028ce000 Exception <a 'java/lang/NoSuchMethodError': Method sun.misc.Unsafe.defineClass(Ljava/lang/String;[BII)Ljava/lang/Class; name or signature does not match> (0x00000000eab07cc0) thrown at [D:\re\workspace\8-2-build-windows-amd64-cygwin\jdk8u92\6642\hotspot\srÎ19Á‰@À?
Event: 0.127 Thread 0x00000000028ce000 Exception <a 'java/lang/NoSuchMethodError': Method sun.misc.Unsafe.prefetchRead(Ljava/lang/Object;J)V name or signature does not match> (0x00000000eab07fa8) thrown at [D:\re\workspace\8-2-build-windows-amd64-cygwin\jdk8u92\6642\hotspot\src\share\vm\prims\jrvCúµ§@
Event: 7.914 Thread 0x00000000167e8000 Implicit null exception at 0x0000000002e16699 to 0x0000000002e188e1

Events (10 events):
Event: 8.930 Thread 0x00000000166f1000 DEOPT PACKING pc=0x0000000002d5d768 sp=0x000000001736e7f0
Event: 8.930 Thread 0x00000000166f1000 DEOPT UNPACKING pc=0x0000000002b1582a sp=0x000000001736e770 mode 2
Event: 8.930 Thread 0x00000000166f1000 Uncommon trap: trap_request=0xffffffde fr.pc=0x0000000002f24504
Event: 8.930 Thread 0x00000000166f1000 DEOPT PACKING pc=0x0000000002f24504 sp=0x000000001736e7c0
Event: 8.930 Thread 0x00000000166f1000 DEOPT UNPACKING pc=0x0000000002b1582a sp=0x000000001736e748 mode 2
Event: 8.971 Executing VM operation: ParallelGCFailedAllocation
Event: 9.096 Executing VM operation: ParallelGCFailedAllocation done
Event: 9.722 loading class java/util/HashMap$KeySet
Event: 9.723 loading class java/util/HashMap$KeySet done
Event: 9.723 loading class java/util/HashMap$KeyIterator


Dynamic libraries:
0x00007ff6973c0000 - 0x00007ff6973f7000 	D:\Program Files\Java\jdk1.8.0_92\bin\java.exe
0x00007ffccdbf0000 - 0x00007ffccddc1000 	C:\WINDOWS\SYSTEM32\ntdll.dll
0x00007ffcccee0000 - 0x00007ffcccf8b000 	C:\WINDOWS\System32\KERNEL32.DLL
0x00007ffcca860000 - 0x00007ffccaa7d000 	C:\WINDOWS\System32\KERNELBASE.dll
0x00007ffccb170000 - 0x00007ffccb212000 	C:\WINDOWS\System32\ADVAPI32.dll
0x00007ffcccc60000 - 0x00007ffccccfe000 	C:\WINDOWS\System32\msvcrt.dll
0x00007ffccd580000 - 0x00007ffccd5d9000 	C:\WINDOWS\System32\sechost.dll
0x00007ffcccaa0000 - 0x00007ffcccbc1000 	C:\WINDOWS\System32\RPCRT4.dll
0x00007ffccd410000 - 0x00007ffccd575000 	C:\WINDOWS\System32\USER32.dll
0x00007ffcca620000 - 0x00007ffcca63e000 	C:\WINDOWS\System32\win32u.dll
0x00007ffccb4e0000 - 0x00007ffccb514000 	C:\WINDOWS\System32\GDI32.dll
0x00007ffcca490000 - 0x00007ffcca612000 	C:\WINDOWS\System32\gdi32full.dll
0x00007ffcbf550000 - 0x00007ffcbf7c9000 	C:\WINDOWS\WinSxS\amd64_microsoft.windows.common-controls_6595b64144ccf1df_6.0.14393.0_none_2d0f50fcbdb171b8\COMCTL32.dll
0x00007ffcccff0000 - 0x00007ffccd2b7000 	C:\WINDOWS\System32\combase.dll
0x00007ffcca210000 - 0x00007ffcca305000 	C:\WINDOWS\System32\ucrtbase.dll
0x00007ffcca310000 - 0x00007ffcca37a000 	C:\WINDOWS\System32\bcryptPrimitives.dll
0x00007ffccdbb0000 - 0x00007ffccdbde000 	C:\WINDOWS\System32\IMM32.DLL
0x0000000059100000 - 0x00000000591d2000 	D:\Program Files\Java\jdk1.8.0_92\jre\bin\msvcr100.dll
0x0000000059bb0000 - 0x000000005a446000 	D:\Program Files\Java\jdk1.8.0_92\jre\bin\server\jvm.dll
0x00007ffccd2c0000 - 0x00007ffccd2c8000 	C:\WINDOWS\System32\PSAPI.DLL
0x00007ffcbf4c0000 - 0x00007ffcbf4c9000 	C:\WINDOWS\SYSTEM32\WSOCK32.dll
0x00007ffccb520000 - 0x00007ffccb58a000 	C:\WINDOWS\System32\WS2_32.dll
0x00007ffcc8590000 - 0x00007ffcc85b3000 	C:\WINDOWS\SYSTEM32\WINMM.dll
0x00007ffcc0100000 - 0x00007ffcc010a000 	C:\WINDOWS\SYSTEM32\VERSION.dll
0x00007ffcc8530000 - 0x00007ffcc855b000 	C:\WINDOWS\SYSTEM32\WINMMBASE.dll
0x00007ffcca810000 - 0x00007ffcca852000 	C:\WINDOWS\System32\cfgmgr32.dll
0x0000000059ba0000 - 0x0000000059baf000 	D:\Program Files\Java\jdk1.8.0_92\jre\bin\verify.dll
0x0000000059b70000 - 0x0000000059b99000 	D:\Program Files\Java\jdk1.8.0_92\jre\bin\java.dll
0x0000000059b50000 - 0x0000000059b66000 	D:\Program Files\Java\jdk1.8.0_92\jre\bin\zip.dll
0x00007ffccb590000 - 0x00007ffccca98000 	C:\WINDOWS\System32\SHELL32.dll
0x00007ffccaa80000 - 0x00007ffccb15a000 	C:\WINDOWS\System32\windows.storage.dll
0x00007ffcca0d0000 - 0x00007ffcca11c000 	C:\WINDOWS\System32\powrprof.dll
0x00007ffccce60000 - 0x00007ffccceb2000 	C:\WINDOWS\System32\shlwapi.dll
0x00007ffcca140000 - 0x00007ffcca14f000 	C:\WINDOWS\System32\kernel.appcore.dll
0x00007ffcca160000 - 0x00007ffcca209000 	C:\WINDOWS\System32\shcore.dll
0x00007ffcca120000 - 0x00007ffcca134000 	C:\WINDOWS\System32\profapi.dll

VM Arguments:
jvm_args: -Djava.awt.headless=true -Xmx1024M -Dfile.encoding=GBK -Duser.country=CN -Duser.language=zh -Duser.variant 
java_command: com.android.dx.command.Main --dex --force-jumbo --num-threads=4 --output F:\AndroidStudioProjects\MyApplication2\app\build\intermediates\pre-dexed\debug\com.android.support-support-core-utils-24.2.0_f78e0e160342b247fabcd986392fd04ca9951b93.jar F:\AndroidStudioProjects\MyApplication2\app\build\intermediates\exploded-aar\com.android.support\support-core-utils\24.2.0\jars\classes.jar
java_class_path (initial): D:\Android_developer_tools\android-sdk-windows\build-tools\24.0.2\lib\dx.jar
Launcher Type: SUN_STANDARD

Environment Variables:
JAVA_HOME=D:\Program Files\Java\jdk1.8.0_92
CLASSPATH=.;D:\Program Files\Java\jdk1.8.0_92\lib\dt.jar;D:\Program Files\Java\jdk1.8.0_92\lib\tools.jar
PATH=D:\Program Files\Java\jdk1.8.0_92\bin;D:\Program Files\Java\jdk1.8.0_92\jre\bin;C:\WINDOWS\system32;C:\WINDOWS;C:\WINDOWS\System32\Wbem;C:\WINDOWS\System32\WindowsPowerShell\v1.0\;C:\Program Files (x86)\ATI Technologies\ATI.ACE\Core-Static;C:\Program Files\Lenovo\Bluetooth Software\;C:\Program Files\Lenovo\Bluetooth Software\syswow64;C:\Program Files (x86)\AMD\ATI.ACE\Core-Static;D:\Program Files (x86)\MySQL\MySQL Server 5.5\bin;D:\Android_developer_tools\android-sdk-windows\platform-tools;D:\Android_developer_tools\android-sdk-windows\tools;C:\Users\Administrator\AppData\Local\Microsoft\WindowsApps;
USERNAME=Administrator
OS=Windows_NT
PROCESSOR_IDENTIFIER=Intel64 Family 6 Model 58 Stepping 9, GenuineIntel



---------------  S Y S T E M  ---------------

OS: Windows 10.0 , 64 bit Build 14393 (10.0.14393.0)

CPU:total 4 (2 cores per cpu, 2 threads per core) family 6 model 58 stepping 9, cmov, cx8, fxsr, mmx, sse, sse2, sse3, ssse3, sse4.1, sse4.2, popcnt, avx, clmul, erms, ht, tsc, tscinvbit, tscinv

Memory: 4k page, physical 4060004k(371352k free), swap 6157156k(5180k free)

vm_info: Java HotSpot(TM) 64-Bit Server VM (25.92-b14) for windows-amd64 JRE (1.8.0_92-b14), built on Mar 31 2016 21:03:04 by "java_re" with MS VC++ 10.0 (VS2010)

time: Tue Sep 06 19:00:57 2016
elapsed time: 10 seconds (0d 0h 0m 10s)

