#
# There is insufficient memory for the Java Runtime Environment to continue.
# Native memory allocation (malloc) failed to allocate 131088 bytes for Chunk::new
# Possible reasons:
#   The system is out of physical RAM or swap space
#   In 32 bit mode, the process size limit was hit
# Possible solutions:
#   Reduce memory load on the system
#   Increase physical memory or swap space
#   Check if swap backing store is full
#   Use 64 bit Java on a 64 bit OS
#   Decrease Java heap size (-Xmx/-Xms)
#   Decrease number of Java threads
#   Decrease Java thread stack sizes (-Xss)
#   Set larger code cache with -XX:ReservedCodeCacheSize=
# This output file may be truncated or incomplete.
#
#  Out of Memory Error (allocation.cpp:390), pid=8768, tid=0x000000000000226c
#
# JRE version: Java(TM) SE Runtime Environment (8.0_92-b14) (build 1.8.0_92-b14)
# Java VM: Java HotSpot(TM) 64-Bit Server VM (25.92-b14 mixed mode windows-amd64 compressed oops)
# Failed to write core dump. Minidumps are not enabled by default on client versions of Windows
#

---------------  T H R E A D  ---------------

Current thread (0x0000000015842000):  JavaThread "C2 CompilerThread0" daemon [_thread_in_native, id=8812, stack(0x00000000171f0000,0x00000000172f0000)]

Stack: [0x00000000171f0000,0x00000000172f0000]
[error occurred during error reporting (printing stack bounds), id 0xc0000005]

Native frames: (J=compiled Java code, j=interpreted, Vv=VM code, C=native code)


Current CompileTask:
C2:  10335 1655 %     4       com.android.dx.ssa.SCCP::run @ 133 (298 bytes)


---------------  P R O C E S S  ---------------

Java Threads: ( => current thread )
  0x0000000016d87000 JavaThread "pool-2-thread-1" [_thread_blocked, id=5220, stack(0x00000000177f0000,0x00000000178f0000)]
  0x0000000016d7f000 JavaThread "pool-1-thread-1" [_thread_in_Java, id=8660, stack(0x00000000176f0000,0x00000000177f0000)]
  0x0000000016c5a000 JavaThread "Service Thread" daemon [_thread_blocked, id=3508, stack(0x00000000174f0000,0x00000000175f0000)]
  0x0000000016c44000 JavaThread "C1 CompilerThread2" daemon [_thread_blocked, id=1480, stack(0x00000000173f0000,0x00000000174f0000)]
  0x000000000315c800 JavaThread "C2 CompilerThread1" daemon [_thread_in_native, id=5568, stack(0x00000000172f0000,0x00000000173f0000)]
=>0x0000000015842000 JavaThread "C2 CompilerThread0" daemon [_thread_in_native, id=8812, stack(0x00000000171f0000,0x00000000172f0000)]
  0x000000001584c000 JavaThread "Attach Listener" daemon [_thread_blocked, id=10148, stack(0x00000000170f0000,0x00000000171f0000)]
  0x0000000016c33800 JavaThread "Signal Dispatcher" daemon [_thread_blocked, id=528, stack(0x0000000016ff0000,0x00000000170f0000)]
  0x000000001581a000 JavaThread "Finalizer" daemon [_thread_blocked, id=6640, stack(0x0000000016a90000,0x0000000016b90000)]
  0x00000000157f9000 JavaThread "Reference Handler" daemon [_thread_blocked, id=10004, stack(0x0000000016990000,0x0000000016a90000)]
  0x00000000014ae000 JavaThread "main" [_thread_blocked, id=2620, stack(0x0000000002c10000,0x0000000002d10000)]

Other Threads:
  0x00000000157f7000 VMThread [stack: 0x0000000016890000,0x0000000016990000] [id=1504]
  0x0000000016cb4000 WatcherThread [stack: 0x00000000175f0000,0x00000000176f0000] [id=4200]

VM state:not at safepoint (normal execution)

VM Mutex/Monitor currently owned by a thread: None

Heap:
 PSYoungGen      total 34304K, used 32496K [0x00000000eab00000, 0x00000000eee00000, 0x0000000100000000)
  eden space 31744K, 94% used [0x00000000eab00000,0x00000000ec843ea0,0x00000000eca00000)
  from space 2560K, 98% used [0x00000000eca00000,0x00000000ecc78398,0x00000000ecc80000)
  to   space 2560K, 0% used [0x00000000eeb80000,0x00000000eeb80000,0x00000000eee00000)
 ParOldGen       total 42496K, used 10176K [0x00000000c0000000, 0x00000000c2980000, 0x00000000eab00000)
  object space 42496K, 23% used [0x00000000c0000000,0x00000000c09f01e0,0x00000000c2980000)
 Metaspace       used 6272K, capacity 7096K, committed 7296K, reserved 1056768K
  class space    used 611K, capacity 624K, committed 640K, reserved 1048576K

Card table byte_map: [0x0000000012520000,0x0000000012730000] byte_map_base: 0x0000000011f20000

Marking Bits: (ParMarkBitMap*) 0x000000005a3c64f0
 Begin Bits: [0x0000000012c90000, 0x0000000013c90000)
 End Bits:   [0x0000000013c90000, 0x0000000014c90000)

Polling page: 0x0000000001470000

CodeCache: size=245760Kb used=7319Kb max_used=7319Kb free=238440Kb
 bounds [0x0000000003160000, 0x0000000003890000, 0x0000000012160000]
 total_blobs=1910 nmethods=1639 adapters=184
 compilation: enabled

Compilation events (10 events):
Event: 10.227 Thread 0x0000000016c44000 1658       3       com.android.dx.rop.code.BasicBlockList$RegCountVisitor::visitThrowingInsn (6 bytes)
Event: 10.228 Thread 0x0000000016c44000 nmethod 1658 0x000000000385a450 code [0x000000000385a5c0, 0x000000000385a748]
Event: 10.233 Thread 0x0000000016c44000 1663       3       com.android.dx.cf.code.ByteCatchList::typeNotFound (47 bytes)
Event: 10.234 Thread 0x0000000016c44000 nmethod 1663 0x0000000003855910 code [0x0000000003855aa0, 0x0000000003855eb0]
Event: 10.237 Thread 0x0000000016c44000 1665       3       com.android.dx.ssa.DomFront::calcDomFronts (154 bytes)
Event: 10.239 Thread 0x0000000016c44000 nmethod 1665 0x000000000388a990 code [0x000000000388ac00, 0x000000000388b988]
Event: 10.244 Thread 0x0000000016c44000 1668       3       com.android.dx.cf.code.RopperMachine::<init> (134 bytes)
Event: 10.245 Thread 0x0000000016c44000 nmethod 1668 0x000000000386d2d0 code [0x000000000386d4c0, 0x000000000386de38]
Event: 10.247 Thread 0x0000000016c44000 1670       3       com.android.dx.cf.code.Simulator::<init> (66 bytes)
Event: 10.248 Thread 0x0000000016c44000 nmethod 1670 0x000000000388c490 code [0x000000000388c640, 0x000000000388cd98]

GC Heap History (6 events):
Event: 2.242 GC heap before
{Heap before GC invocations=1 (full 0):
 PSYoungGen      total 18432K, used 15872K [0x00000000eab00000, 0x00000000ebf80000, 0x0000000100000000)
  eden space 15872K, 100% used [0x00000000eab00000,0x00000000eba80000,0x00000000eba80000)
  from space 2560K, 0% used [0x00000000ebd00000,0x00000000ebd00000,0x00000000ebf80000)
  to   space 2560K, 0% used [0x00000000eba80000,0x00000000eba80000,0x00000000ebd00000)
 ParOldGen       total 42496K, used 0K [0x00000000c0000000, 0x00000000c2980000, 0x00000000eab00000)
  object space 42496K, 0% used [0x00000000c0000000,0x00000000c0000000,0x00000000c2980000)
 Metaspace       used 5849K, capacity 6772K, committed 7040K, reserved 1056768K
  class space    used 606K, capacity 620K, committed 640K, reserved 1048576K
Event: 2.428 GC heap after
Heap after GC invocations=1 (full 0):
 PSYoungGen      total 18432K, used 2530K [0x00000000eab00000, 0x00000000ecf00000, 0x0000000100000000)
  eden space 15872K, 0% used [0x00000000eab00000,0x00000000eab00000,0x00000000eba80000)
  from space 2560K, 98% used [0x00000000eba80000,0x00000000ebcf8ad8,0x00000000ebd00000)
  to   space 2560K, 0% used [0x00000000ecc80000,0x00000000ecc80000,0x00000000ecf00000)
 ParOldGen       total 42496K, used 2603K [0x00000000c0000000, 0x00000000c2980000, 0x00000000eab00000)
  object space 42496K, 6% used [0x00000000c0000000,0x00000000c028acb8,0x00000000c2980000)
 Metaspace       used 5849K, capacity 6772K, committed 7040K, reserved 1056768K
  class space    used 606K, capacity 620K, committed 640K, reserved 1048576K
}
Event: 4.955 GC heap before
{Heap before GC invocations=2 (full 0):
 PSYoungGen      total 18432K, used 18402K [0x00000000eab00000, 0x00000000ecf00000, 0x0000000100000000)
  eden space 15872K, 100% used [0x00000000eab00000,0x00000000eba80000,0x00000000eba80000)
  from space 2560K, 98% used [0x00000000eba80000,0x00000000ebcf8ad8,0x00000000ebd00000)
  to   space 2560K, 0% used [0x00000000ecc80000,0x00000000ecc80000,0x00000000ecf00000)
 ParOldGen       total 42496K, used 2603K [0x00000000c0000000, 0x00000000c2980000, 0x00000000eab00000)
  object space 42496K, 6% used [0x00000000c0000000,0x00000000c028acb8,0x00000000c2980000)
 Metaspace       used 6094K, capacity 6966K, committed 7040K, reserved 1056768K
  class space    used 608K, capacity 622K, committed 640K, reserved 1048576K
Event: 5.247 GC heap after
Heap after GC invocations=2 (full 0):
 PSYoungGen      total 34304K, used 2528K [0x00000000eab00000, 0x00000000ecf00000, 0x0000000100000000)
  eden space 31744K, 0% used [0x00000000eab00000,0x00000000eab00000,0x00000000eca00000)
  from space 2560K, 98% used [0x00000000ecc80000,0x00000000ecef8398,0x00000000ecf00000)
  to   space 2560K, 0% used [0x00000000eca00000,0x00000000eca00000,0x00000000ecc80000)
 ParOldGen       total 42496K, used 5230K [0x00000000c0000000, 0x00000000c2980000, 0x00000000eab00000)
  object space 42496K, 12% used [0x00000000c0000000,0x00000000c051b9b8,0x00000000c2980000)
 Metaspace       used 6094K, capacity 6966K, committed 7040K, reserved 1056768K
  class space    used 608K, capacity 622K, committed 640K, reserved 1048576K
}
Event: 7.626 GC heap before
{Heap before GC invocations=3 (full 0):
 PSYoungGen      total 34304K, used 34272K [0x00000000eab00000, 0x00000000ecf00000, 0x0000000100000000)
  eden space 31744K, 100% used [0x00000000eab00000,0x00000000eca00000,0x00000000eca00000)
  from space 2560K, 98% used [0x00000000ecc80000,0x00000000ecef8398,0x00000000ecf00000)
  to   space 2560K, 0% used [0x00000000eca00000,0x00000000eca00000,0x00000000ecc80000)
 ParOldGen       total 42496K, used 5230K [0x00000000c0000000, 0x00000000c2980000, 0x00000000eab00000)
  object space 42496K, 12% used [0x00000000c0000000,0x00000000c051b9b8,0x00000000c2980000)
 Metaspace       used 6246K, capacity 7094K, committed 7296K, reserved 1056768K
  class space    used 608K, capacity 622K, committed 640K, reserved 1048576K
Event: 7.761 GC heap after
Heap after GC invocations=3 (full 0):
 PSYoungGen      total 34304K, used 2528K [0x00000000eab00000, 0x00000000eee00000, 0x0000000100000000)
  eden space 31744K, 0% used [0x00000000eab00000,0x00000000eab00000,0x00000000eca00000)
  from space 2560K, 98% used [0x00000000eca00000,0x00000000ecc78398,0x00000000ecc80000)
  to   space 2560K, 0% used [0x00000000eeb80000,0x00000000eeb80000,0x00000000eee00000)
 ParOldGen       total 42496K, used 10176K [0x00000000c0000000, 0x00000000c2980000, 0x00000000eab00000)
  object space 42496K, 23% used [0x00000000c0000000,0x00000000c09f01e0,0x00000000c2980000)
 Metaspace       used 6246K, capacity 7094K, committed 7296K, reserved 1056768K
  class space    used 608K, capacity 622K, committed 640K, reserved 1048576K
}

Deoptimization events (10 events):
Event: 7.502 Thread 0x0000000016e64000 Uncommon trap: reason=bimorphic action=maybe_recompile pc=0x00000000034c4694 method=java.util.HashMap.getNode(ILjava/lang/Object;)Ljava/util/HashMap$Node; @ 126
Event: 7.502 Thread 0x0000000016e64000 Uncommon trap: reason=bimorphic action=maybe_recompile pc=0x00000000034c4694 method=java.util.HashMap.getNode(ILjava/lang/Object;)Ljava/util/HashMap$Node; @ 126
Event: 7.503 Thread 0x0000000016e64000 Uncommon trap: reason=class_check action=maybe_recompile pc=0x0000000003574610 method=java.util.HashMap.putVal(ILjava/lang/Object;Ljava/lang/Object;ZZ)Ljava/lang/Object; @ 203
Event: 7.779 Thread 0x0000000016d7f000 Uncommon trap: reason=bimorphic action=maybe_recompile pc=0x00000000037fb284 method=com.android.dx.ssa.SCCP.simulatePhi(Lcom/android/dx/ssa/PhiInsn;)V @ 124
Event: 7.780 Thread 0x0000000016dc8000 Uncommon trap: reason=null_check action=make_not_entrant pc=0x00000000036931ec method=com.android.dx.ssa.SsaRenamer.getLocalForNewReg(I)Lcom/android/dx/rop/code/LocalItem; @ 19
Event: 7.844 Thread 0x0000000016e64000 Uncommon trap: reason=unstable_if action=reinterpret pc=0x000000000371d4b4 method=com.android.dx.ssa.SsaRenamer$BlockRenamer.process()V @ 90
Event: 9.201 Thread 0x0000000016d7f000 Uncommon trap: reason=unstable_if action=reinterpret pc=0x00000000035d34fc method=com.android.dx.util.IntList.binarysearch(I)I @ 105
Event: 9.202 Thread 0x0000000016d7f000 Uncommon trap: reason=unstable_if action=reinterpret pc=0x00000000037c5838 method=com.android.dx.ssa.SsaBasicBlock.newFromRop(Lcom/android/dx/rop/code/RopMethod;ILcom/android/dx/ssa/SsaMethod;)Lcom/android/dx/ssa/SsaBasicBlock; @ 164
Event: 9.908 Thread 0x0000000016d7f000 Uncommon trap: reason=unstable_if action=reinterpret pc=0x0000000003865ebc method=com.android.dx.ssa.SsaMethod.blockIndexToRopLabel(I)I @ 1
Event: 10.230 Thread 0x0000000016d7f000 Uncommon trap: reason=class_check action=maybe_recompile pc=0x000000000376e648 method=com.android.dx.ssa.SCCP.simulatePhi(Lcom/android/dx/ssa/PhiInsn;)V @ 124

Internal exceptions (3 events):
Event: 0.167 Thread 0x00000000014ae000 Exception <a 'java/lang/NoSuchMethodError': Method sun.misc.Unsafe.defineClass(Ljava/lang/String;[BII)Ljava/lang/Class; name or signature does not match> (0x00000000eab07cc0) thrown at [D:\re\workspace\8-2-build-windows-amd64-cygwin\jdk8u92\6642\hotspot\sraæ–´lÅ?
Event: 0.167 Thread 0x00000000014ae000 Exception <a 'java/lang/NoSuchMethodError': Method sun.misc.Unsafe.prefetchRead(Ljava/lang/Object;J)V name or signature does not match> (0x00000000eab07fa8) thrown at [D:\re\workspace\8-2-build-windows-amd64-cygwin\jdk8u92\6642\hotspot\src\share\vm\prims\j(1“@
Event: 7.780 Thread 0x0000000016dc8000 Implicit null exception at 0x00000000036927e1 to 0x00000000036931c9

Events (10 events):
Event: 9.903 Thread 0x0000000016d7f000 DEOPT PACKING pc=0x00000000037c5838 sp=0x00000000177ee4c0
Event: 9.903 Thread 0x0000000016d7f000 DEOPT UNPACKING pc=0x00000000031a582a sp=0x00000000177ee4c8 mode 2
Event: 9.908 Thread 0x0000000016d7f000 Uncommon trap: trap_request=0xffffff65 fr.pc=0x0000000003865ebc
Event: 9.908 Thread 0x0000000016d7f000 DEOPT PACKING pc=0x0000000003865ebc sp=0x00000000177ee480
Event: 9.913 Thread 0x0000000016d7f000 DEOPT UNPACKING pc=0x00000000031a582a sp=0x00000000177ee388 mode 2
Event: 10.230 Thread 0x0000000016d7f000 Uncommon trap: trap_request=0xffffffde fr.pc=0x000000000376e648
Event: 10.230 Thread 0x0000000016d7f000 DEOPT PACKING pc=0x000000000376e648 sp=0x00000000177ee4c0
Event: 10.230 Thread 0x0000000016d7f000 DEOPT UNPACKING pc=0x00000000031a582a sp=0x00000000177ee448 mode 2
Event: 10.239 Thread 0x0000000016d7f000 DEOPT PACKING pc=0x00000000035d57b4 sp=0x00000000177ee2c0
Event: 10.239 Thread 0x0000000016d7f000 DEOPT UNPACKING pc=0x00000000031a787f sp=0x00000000177edfd0 mode 0


Dynamic libraries:
0x00007ff6973c0000 - 0x00007ff6973f7000 	D:\Program Files\Java\jdk1.8.0_92\bin\java.exe
0x00007ffccdbf0000 - 0x00007ffccddc1000 	C:\WINDOWS\SYSTEM32\ntdll.dll
0x00007ffcccee0000 - 0x00007ffcccf8b000 	C:\WINDOWS\System32\KERNEL32.DLL
0x00007ffcca860000 - 0x00007ffccaa7d000 	C:\WINDOWS\System32\KERNELBASE.dll
0x00007ffccb170000 - 0x00007ffccb212000 	C:\WINDOWS\System32\ADVAPI32.dll
0x00007ffcccc60000 - 0x00007ffccccfe000 	C:\WINDOWS\System32\msvcrt.dll
0x00007ffccd580000 - 0x00007ffccd5d9000 	C:\WINDOWS\System32\sechost.dll
0x00007ffcccaa0000 - 0x00007ffcccbc1000 	C:\WINDOWS\System32\RPCRT4.dll
0x00007ffccd410000 - 0x00007ffccd575000 	C:\WINDOWS\System32\USER32.dll
0x00007ffcca620000 - 0x00007ffcca63e000 	C:\WINDOWS\System32\win32u.dll
0x00007ffccb4e0000 - 0x00007ffccb514000 	C:\WINDOWS\System32\GDI32.dll
0x00007ffcca490000 - 0x00007ffcca612000 	C:\WINDOWS\System32\gdi32full.dll
0x00007ffcbf550000 - 0x00007ffcbf7c9000 	C:\WINDOWS\WinSxS\amd64_microsoft.windows.common-controls_6595b64144ccf1df_6.0.14393.0_none_2d0f50fcbdb171b8\COMCTL32.dll
0x00007ffcccff0000 - 0x00007ffccd2b7000 	C:\WINDOWS\System32\combase.dll
0x00007ffcca210000 - 0x00007ffcca305000 	C:\WINDOWS\System32\ucrtbase.dll
0x00007ffcca310000 - 0x00007ffcca37a000 	C:\WINDOWS\System32\bcryptPrimitives.dll
0x00007ffccdbb0000 - 0x00007ffccdbde000 	C:\WINDOWS\System32\IMM32.DLL
0x0000000059100000 - 0x00000000591d2000 	D:\Program Files\Java\jdk1.8.0_92\jre\bin\msvcr100.dll
0x0000000059bb0000 - 0x000000005a446000 	D:\Program Files\Java\jdk1.8.0_92\jre\bin\server\jvm.dll
0x00007ffccd2c0000 - 0x00007ffccd2c8000 	C:\WINDOWS\System32\PSAPI.DLL
0x00007ffcbf4c0000 - 0x00007ffcbf4c9000 	C:\WINDOWS\SYSTEM32\WSOCK32.dll
0x00007ffccb520000 - 0x00007ffccb58a000 	C:\WINDOWS\System32\WS2_32.dll
0x00007ffcc8590000 - 0x00007ffcc85b3000 	C:\WINDOWS\SYSTEM32\WINMM.dll
0x00007ffcc0100000 - 0x00007ffcc010a000 	C:\WINDOWS\SYSTEM32\VERSION.dll
0x00007ffcc8530000 - 0x00007ffcc855b000 	C:\WINDOWS\SYSTEM32\WINMMBASE.dll
0x00007ffcca810000 - 0x00007ffcca852000 	C:\WINDOWS\System32\cfgmgr32.dll
0x0000000059ba0000 - 0x0000000059baf000 	D:\Program Files\Java\jdk1.8.0_92\jre\bin\verify.dll
0x0000000059b70000 - 0x0000000059b99000 	D:\Program Files\Java\jdk1.8.0_92\jre\bin\java.dll
0x0000000059b50000 - 0x0000000059b66000 	D:\Program Files\Java\jdk1.8.0_92\jre\bin\zip.dll
0x00007ffccb590000 - 0x00007ffccca98000 	C:\WINDOWS\System32\SHELL32.dll
0x00007ffccaa80000 - 0x00007ffccb15a000 	C:\WINDOWS\System32\windows.storage.dll
0x00007ffcca0d0000 - 0x00007ffcca11c000 	C:\WINDOWS\System32\powrprof.dll
0x00007ffccce60000 - 0x00007ffccceb2000 	C:\WINDOWS\System32\shlwapi.dll
0x00007ffcca140000 - 0x00007ffcca14f000 	C:\WINDOWS\System32\kernel.appcore.dll
0x00007ffcca160000 - 0x00007ffcca209000 	C:\WINDOWS\System32\shcore.dll
0x00007ffcca120000 - 0x00007ffcca134000 	C:\WINDOWS\System32\profapi.dll

VM Arguments:
jvm_args: -Djava.awt.headless=true -Xmx1024M -Dfile.encoding=GBK -Duser.country=CN -Duser.language=zh -Duser.variant 
java_command: com.android.dx.command.Main --dex --force-jumbo --num-threads=4 --output F:\AndroidStudioProjects\MyApplication2\app\build\intermediates\pre-dexed\debug\com.android.support-support-fragment-24.2.0_5db10b17e78a2530af48ba6116157650c0d53bc3.jar F:\AndroidStudioProjects\MyApplication2\app\build\intermediates\exploded-aar\com.android.support\support-fragment\24.2.0\jars\classes.jar
java_class_path (initial): D:\Android_developer_tools\android-sdk-windows\build-tools\24.0.2\lib\dx.jar
Launcher Type: SUN_STANDARD

Environment Variables:
JAVA_HOME=D:\Program Files\Java\jdk1.8.0_92
CLASSPATH=.;D:\Program Files\Java\jdk1.8.0_92\lib\dt.jar;D:\Program Files\Java\jdk1.8.0_92\lib\tools.jar
PATH=D:\Program Files\Java\jdk1.8.0_92\bin;D:\Program Files\Java\jdk1.8.0_92\jre\bin;C:\WINDOWS\system32;C:\WINDOWS;C:\WINDOWS\System32\Wbem;C:\WINDOWS\System32\WindowsPowerShell\v1.0\;C:\Program Files (x86)\ATI Technologies\ATI.ACE\Core-Static;C:\Program Files\Lenovo\Bluetooth Software\;C:\Program Files\Lenovo\Bluetooth Software\syswow64;C:\Program Files (x86)\AMD\ATI.ACE\Core-Static;D:\Program Files (x86)\MySQL\MySQL Server 5.5\bin;D:\Android_developer_tools\android-sdk-windows\platform-tools;D:\Android_developer_tools\android-sdk-windows\tools;C:\Users\Administrator\AppData\Local\Microsoft\WindowsApps;
USERNAME=Administrator
OS=Windows_NT
PROCESSOR_IDENTIFIER=Intel64 Family 6 Model 58 Stepping 9, GenuineIntel



---------------  S Y S T E M  ---------------

OS: Windows 10.0 , 64 bit Build 14393 (10.0.14393.0)

CPU:total 4 (2 cores per cpu, 2 threads per core) family 6 model 58 stepping 9, cmov, cx8, fxsr, mmx, sse, sse2, sse3, ssse3, sse4.1, sse4.2, popcnt, avx, clmul, erms, ht, tsc, tscinvbit, tscinv

Memory: 4k page, physical 4060004k(371416k free), swap 6157156k(4156k free)

vm_info: Java HotSpot(TM) 64-Bit Server VM (25.92-b14) for windows-amd64 JRE (1.8.0_92-b14), built on Mar 31 2016 21:03:04 by "java_re" with MS VC++ 10.0 (VS2010)

time: Tue Sep 06 19:00:57 2016
elapsed time: 10 seconds (0d 0h 0m 10s)

