#
# There is insufficient memory for the Java Runtime Environment to continue.
# Native memory allocation (malloc) failed to allocate 32744 bytes for ChunkPool::allocate
# Possible reasons:
#   The system is out of physical RAM or swap space
#   In 32 bit mode, the process size limit was hit
# Possible solutions:
#   Reduce memory load on the system
#   Increase physical memory or swap space
#   Check if swap backing store is full
#   Use 64 bit Java on a 64 bit OS
#   Decrease Java heap size (-Xmx/-Xms)
#   Decrease number of Java threads
#   Decrease Java thread stack sizes (-Xss)
#   Set larger code cache with -XX:ReservedCodeCacheSize=
# This output file may be truncated or incomplete.
#
#  Out of Memory Error (allocation.cpp:273), pid=9612, tid=0x00000000000028dc
#
# JRE version: Java(TM) SE Runtime Environment (8.0_92-b14) (build 1.8.0_92-b14)
# Java VM: Java HotSpot(TM) 64-Bit Server VM (25.92-b14 mixed mode windows-amd64 compressed oops)
# Failed to write core dump. Minidumps are not enabled by default on client versions of Windows
#

---------------  T H R E A D  ---------------

Current thread (0x00000000158de000):  JavaThread "C2 CompilerThread0" daemon [_thread_in_native, id=10460, stack(0x0000000017620000,0x0000000017720000)]

Stack: [0x0000000017620000,0x0000000017720000]
[error occurred during error reporting (printing stack bounds), id 0xc0000005]

Native frames: (J=compiled Java code, j=interpreted, Vv=VM code, C=native code)


Current CompileTask:
C2:   1092  148       4       com.android.dx.util.ByteArray::checkOffsets (66 bytes)


---------------  P R O C E S S  ---------------

Java Threads: ( => current thread )
  0x0000000016d85000 JavaThread "pool-1-thread-2" [_thread_new, id=10688, stack(0x0000000000000000,0x0000000000000000)]
  0x0000000016d7d000 JavaThread "pool-2-thread-1" [_thread_new, id=9708, stack(0x0000000000000000,0x0000000000000000)]
  0x0000000016d7c800 JavaThread "pool-1-thread-1" [_thread_new, id=6200, stack(0x0000000000000000,0x0000000000000000)]
  0x0000000016c85000 JavaThread "Service Thread" daemon [_thread_blocked, id=8344, stack(0x0000000017920000,0x0000000017a20000)]
  0x0000000016c7e000 JavaThread "C1 CompilerThread2" daemon [_thread_in_native, id=9720, stack(0x0000000017820000,0x0000000017920000)]
  0x00000000031ed800 JavaThread "C2 CompilerThread1" daemon [_thread_in_native, id=8592, stack(0x0000000017720000,0x0000000017820000)]
=>0x00000000158de000 JavaThread "C2 CompilerThread0" daemon [_thread_in_native, id=10460, stack(0x0000000017620000,0x0000000017720000)]
  0x00000000158d2800 JavaThread "Attach Listener" daemon [_thread_blocked, id=10368, stack(0x0000000017520000,0x0000000017620000)]
  0x0000000016c63800 JavaThread "Signal Dispatcher" daemon [_thread_blocked, id=4404, stack(0x0000000017420000,0x0000000017520000)]
  0x00000000158aa000 JavaThread "Finalizer" daemon [_thread_blocked, id=9048, stack(0x0000000016b20000,0x0000000016c20000)]
  0x0000000015889000 JavaThread "Reference Handler" daemon [_thread_blocked, id=11000, stack(0x0000000016a20000,0x0000000016b20000)]
  0x0000000002d7e000 JavaThread "main" [_thread_in_Java, id=8068, stack(0x0000000002bc0000,0x0000000002cc0000)]

Other Threads:
  0x0000000015886800 VMThread [stack: 0x0000000016920000,0x0000000016a20000] [id=10840]
  0x0000000016ce0800 WatcherThread [stack: 0x0000000017a20000,0x0000000017b20000] [id=2768]

VM state:not at safepoint (normal execution)

VM Mutex/Monitor currently owned by a thread: None

Heap:
 PSYoungGen      total 18432K, used 3207K [0x00000000eab00000, 0x00000000ebf80000, 0x0000000100000000)
  eden space 15872K, 20% used [0x00000000eab00000,0x00000000eae21f80,0x00000000eba80000)
  from space 2560K, 0% used [0x00000000ebd00000,0x00000000ebd00000,0x00000000ebf80000)
  to   space 2560K, 0% used [0x00000000eba80000,0x00000000eba80000,0x00000000ebd00000)
 ParOldGen       total 42496K, used 0K [0x00000000c0000000, 0x00000000c2980000, 0x00000000eab00000)
  object space 42496K, 0% used [0x00000000c0000000,0x00000000c0000000,0x00000000c2980000)
 Metaspace       used 3784K, capacity 5104K, committed 5376K, reserved 1056768K
  class space    used 429K, capacity 488K, committed 512K, reserved 1048576K

Card table byte_map: [0x00000000125b0000,0x00000000127c0000] byte_map_base: 0x0000000011fb0000

Marking Bits: (ParMarkBitMap*) 0x00000000545f64f0
 Begin Bits: [0x0000000012d20000, 0x0000000013d20000)
 End Bits:   [0x0000000013d20000, 0x0000000014d20000)

Polling page: 0x0000000001350000

CodeCache: size=245760Kb used=1329Kb max_used=1340Kb free=244430Kb
 bounds [0x00000000031f0000, 0x0000000003460000, 0x00000000121f0000]
 total_blobs=396 nmethods=144 adapters=165
 compilation: enabled

Compilation events (10 events):
Event: 1.080 Thread 0x0000000016c7e000 nmethod 140 0x000000000333b5d0 code [0x000000000333b740, 0x000000000333b8f0]
Event: 1.082 Thread 0x0000000016c7e000  141       3       java.util.WeakHashMap::getTable (9 bytes)
Event: 1.082 Thread 0x0000000016c7e000 nmethod 141 0x000000000333b9d0 code [0x000000000333bb40, 0x000000000333bce8]
Event: 1.082 Thread 0x0000000016c7e000  142       3       java.util.WeakHashMap::indexFor (6 bytes)
Event: 1.082 Thread 0x0000000016c7e000 nmethod 142 0x000000000333bd90 code [0x000000000333bee0, 0x000000000333c010]
Event: 1.083 Thread 0x00000000158de000 nmethod 139 0x000000000333ee10 code [0x000000000333ef40, 0x000000000333f0b8]
Event: 1.084 Thread 0x0000000016c7e000  143   !   3       com.android.dx.cf.cst.ConstantPoolParser::parse0 (731 bytes)
Event: 1.085 Thread 0x00000000031ed800  144       4       com.android.dx.util.ByteArray::getUnsignedByte0 (16 bytes)
Event: 1.086 Thread 0x00000000031ed800 nmethod 144 0x000000000333f190 code [0x000000000333f2c0, 0x000000000333f358]
Event: 1.089 Thread 0x00000000158de000  148       4       com.android.dx.util.ByteArray::checkOffsets (66 bytes)

GC Heap History (0 events):
No events

Deoptimization events (0 events):
No events

Internal exceptions (2 events):
Event: 0.232 Thread 0x0000000002d7e000 Exception <a 'java/lang/NoSuchMethodError': Method sun.misc.Unsafe.defineClass(Ljava/lang/String;[BII)Ljava/lang/Class; name or signature does not match> (0x00000000eab07cc0) thrown at [D:\re\workspace\8-2-build-windows-amd64-cygwin\jdk8u92\6642\hotspot\srîê›Õ¯Í?
Event: 0.232 Thread 0x0000000002d7e000 Exception <a 'java/lang/NoSuchMethodError': Method sun.misc.Unsafe.prefetchRead(Ljava/lang/Object;J)V name or signature does not match> (0x00000000eab07fa8) thrown at [D:\re\workspace\8-2-build-windows-amd64-cygwin\jdk8u92\6642\hotspot\src\share\vm\prims\j

Events (10 events):
Event: 1.081 loading class java/util/concurrent/FutureTask$WaitNode done
Event: 1.081 loading class java/util/concurrent/ThreadPoolExecutor$Worker
Event: 1.081 loading class java/util/concurrent/ThreadPoolExecutor$Worker done
Event: 1.081 Thread 0x0000000016d7c800 Thread added: 0x0000000016d7c800
Event: 1.082 loading class com/android/dx/command/dexer/Main$ClassDefItemConsumer
Event: 1.082 loading class com/android/dx/command/dexer/Main$ClassDefItemConsumer done
Event: 1.083 Thread 0x0000000016d7d000 Thread added: 0x0000000016d7d000
Event: 1.086 loading class com/android/dx/cf/attrib/AttConstantValue
Event: 1.086 loading class com/android/dx/cf/attrib/AttConstantValue done
Event: 1.088 Thread 0x0000000016d85000 Thread added: 0x0000000016d85000


Dynamic libraries:
0x00007ff77d390000 - 0x00007ff77d3c7000 	D:\Program Files\Java\jdk1.8.0_92\bin\java.exe
0x00007ff955770000 - 0x00007ff955941000 	C:\WINDOWS\SYSTEM32\ntdll.dll
0x00007ff953750000 - 0x00007ff9537fb000 	C:\WINDOWS\System32\KERNEL32.DLL
0x00007ff952950000 - 0x00007ff952b6d000 	C:\WINDOWS\System32\KERNELBASE.dll
0x00007ff953fe0000 - 0x00007ff954082000 	C:\WINDOWS\System32\ADVAPI32.dll
0x00007ff953800000 - 0x00007ff95389e000 	C:\WINDOWS\System32\msvcrt.dll
0x00007ff952ce0000 - 0x00007ff952d39000 	C:\WINDOWS\System32\sechost.dll
0x00007ff953540000 - 0x00007ff953661000 	C:\WINDOWS\System32\RPCRT4.dll
0x00007ff9539b0000 - 0x00007ff953b15000 	C:\WINDOWS\System32\USER32.dll
0x00007ff952250000 - 0x00007ff95226e000 	C:\WINDOWS\System32\win32u.dll
0x00007ff9540b0000 - 0x00007ff9540e4000 	C:\WINDOWS\System32\GDI32.dll
0x00007ff951ce0000 - 0x00007ff951e62000 	C:\WINDOWS\System32\gdi32full.dll
0x00007ff9463a0000 - 0x00007ff946619000 	C:\WINDOWS\WinSxS\amd64_microsoft.windows.common-controls_6595b64144ccf1df_6.0.14393.0_none_2d0f50fcbdb171b8\COMCTL32.dll
0x00007ff953cb0000 - 0x00007ff953f77000 	C:\WINDOWS\System32\combase.dll
0x00007ff952be0000 - 0x00007ff952cd5000 	C:\WINDOWS\System32\ucrtbase.dll
0x00007ff952b70000 - 0x00007ff952bda000 	C:\WINDOWS\System32\bcryptPrimitives.dll
0x00007ff953b20000 - 0x00007ff953b4e000 	C:\WINDOWS\System32\IMM32.DLL
0x0000000053380000 - 0x0000000053452000 	D:\Program Files\Java\jdk1.8.0_92\jre\bin\msvcr100.dll
0x0000000053de0000 - 0x0000000054676000 	D:\Program Files\Java\jdk1.8.0_92\jre\bin\server\jvm.dll
0x00007ff954090000 - 0x00007ff954098000 	C:\WINDOWS\System32\PSAPI.DLL
0x00007ff947480000 - 0x00007ff947489000 	C:\WINDOWS\SYSTEM32\WSOCK32.dll
0x00007ff955700000 - 0x00007ff95576a000 	C:\WINDOWS\System32\WS2_32.dll
0x00007ff950190000 - 0x00007ff9501b3000 	C:\WINDOWS\SYSTEM32\WINMM.dll
0x00007ff947da0000 - 0x00007ff947daa000 	C:\WINDOWS\SYSTEM32\VERSION.dll
0x00007ff950130000 - 0x00007ff95015b000 	C:\WINDOWS\SYSTEM32\WINMMBASE.dll
0x00007ff951e70000 - 0x00007ff951eb2000 	C:\WINDOWS\System32\cfgmgr32.dll
0x0000000053dd0000 - 0x0000000053ddf000 	D:\Program Files\Java\jdk1.8.0_92\jre\bin\verify.dll
0x0000000053da0000 - 0x0000000053dc9000 	D:\Program Files\Java\jdk1.8.0_92\jre\bin\java.dll
0x0000000053d80000 - 0x0000000053d96000 	D:\Program Files\Java\jdk1.8.0_92\jre\bin\zip.dll
0x00007ff9540f0000 - 0x00007ff9555f8000 	C:\WINDOWS\System32\SHELL32.dll
0x00007ff952270000 - 0x00007ff95294a000 	C:\WINDOWS\System32\windows.storage.dll
0x00007ff951c50000 - 0x00007ff951c9c000 	C:\WINDOWS\System32\powrprof.dll
0x00007ff953f80000 - 0x00007ff953fd2000 	C:\WINDOWS\System32\shlwapi.dll
0x00007ff951ca0000 - 0x00007ff951caf000 	C:\WINDOWS\System32\kernel.appcore.dll
0x00007ff9520f0000 - 0x00007ff952199000 	C:\WINDOWS\System32\shcore.dll
0x00007ff951cb0000 - 0x00007ff951cc4000 	C:\WINDOWS\System32\profapi.dll

VM Arguments:
jvm_args: -Djava.awt.headless=true -Xmx1024M -Dfile.encoding=GBK -Duser.country=CN -Duser.language=zh -Duser.variant 
java_command: com.android.dx.command.Main --dex --force-jumbo --num-threads=4 --output F:\AndroidStudioProjects\MyApplication2\l06_app_motionevent\build\intermediates\pre-dexed\debug\main_47e08cc43bd458035b3f65ed392b18bd89b7668d.jar F:\AndroidStudioProjects\MyApplication2\l06_app_motionevent\build\intermediates\transforms\instantRun\debug\folders\1\5\main
java_class_path (initial): D:\Android_developer_tools\android-sdk-windows\build-tools\24.0.2\lib\dx.jar
Launcher Type: SUN_STANDARD

Environment Variables:
JAVA_HOME=D:\Program Files\Java\jdk1.8.0_92
CLASSPATH=.;D:\Program Files\Java\jdk1.8.0_92\lib\dt.jar;D:\Program Files\Java\jdk1.8.0_92\lib\tools.jar
PATH=D:\Program Files\Java\jdk1.8.0_92\bin;D:\Program Files\Java\jdk1.8.0_92\jre\bin;C:\WINDOWS\system32;C:\WINDOWS;C:\WINDOWS\System32\Wbem;C:\WINDOWS\System32\WindowsPowerShell\v1.0\;C:\Program Files (x86)\ATI Technologies\ATI.ACE\Core-Static;C:\Program Files\Lenovo\Bluetooth Software\;C:\Program Files\Lenovo\Bluetooth Software\syswow64;C:\Program Files (x86)\AMD\ATI.ACE\Core-Static;D:\Program Files (x86)\MySQL\MySQL Server 5.5\bin;D:\Android_developer_tools\android-sdk-windows\platform-tools;D:\Android_developer_tools\android-sdk-windows\tools;C:\Users\Administrator\AppData\Local\Microsoft\WindowsApps;
USERNAME=Administrator
OS=Windows_NT
PROCESSOR_IDENTIFIER=Intel64 Family 6 Model 58 Stepping 9, GenuineIntel



---------------  S Y S T E M  ---------------

OS: Windows 10.0 , 64 bit Build 14393 (10.0.14393.0)

CPU:total 4 (2 cores per cpu, 2 threads per core) family 6 model 58 stepping 9, cmov, cx8, fxsr, mmx, sse, sse2, sse3, ssse3, sse4.1, sse4.2, popcnt, avx, clmul, erms, ht, tsc, tscinvbit, tscinv

Memory: 4k page, physical 4060004k(249440k free), swap 6157156k(3160k free)

vm_info: Java HotSpot(TM) 64-Bit Server VM (25.92-b14) for windows-amd64 JRE (1.8.0_92-b14), built on Mar 31 2016 21:03:04 by "java_re" with MS VC++ 10.0 (VS2010)

time: Fri Sep 09 19:30:57 2016
elapsed time: 1 seconds (0d 0h 0m 1s)

