#
# There is insufficient memory for the Java Runtime Environment to continue.
# Native memory allocation (malloc) failed to allocate 131088 bytes for Chunk::new
# Possible reasons:
#   The system is out of physical RAM or swap space
#   In 32 bit mode, the process size limit was hit
# Possible solutions:
#   Reduce memory load on the system
#   Increase physical memory or swap space
#   Check if swap backing store is full
#   Use 64 bit Java on a 64 bit OS
#   Decrease Java heap size (-Xmx/-Xms)
#   Decrease number of Java threads
#   Decrease Java thread stack sizes (-Xss)
#   Set larger code cache with -XX:ReservedCodeCacheSize=
# This output file may be truncated or incomplete.
#
#  Out of Memory Error (allocation.cpp:390), pid=8968, tid=0x0000000000001e0c
#
# JRE version: Java(TM) SE Runtime Environment (8.0_92-b14) (build 1.8.0_92-b14)
# Java VM: Java HotSpot(TM) 64-Bit Server VM (25.92-b14 mixed mode windows-amd64 compressed oops)
# Failed to write core dump. Minidumps are not enabled by default on client versions of Windows
#

---------------  T H R E A D  ---------------

Current thread (0x0000000016bd1800):  JavaThread "C2 CompilerThread1" daemon [_thread_in_native, id=7692, stack(0x0000000016fd0000,0x00000000170d0000)]

Stack: [0x0000000016fd0000,0x00000000170d0000]
[error occurred during error reporting (printing stack bounds), id 0xc0000005]

Native frames: (J=compiled Java code, j=interpreted, Vv=VM code, C=native code)


Current CompileTask:
C2:   5786 1764   !   4       com.android.dx.cf.code.RopperMachine::run (1550 bytes)


---------------  P R O C E S S  ---------------

Java Threads: ( => current thread )
  0x0000000016e5f800 JavaThread "pool-1-thread-4" [_thread_in_Java, id=8328, stack(0x00000000177d0000,0x00000000178d0000)]
  0x0000000016e5e800 JavaThread "pool-1-thread-3" [_thread_blocked, id=6068, stack(0x00000000176d0000,0x00000000177d0000)]
  0x0000000016e56000 JavaThread "pool-1-thread-2" [_thread_blocked, id=8320, stack(0x00000000175d0000,0x00000000176d0000)]
  0x0000000016e55800 JavaThread "pool-2-thread-1" [_thread_blocked, id=6768, stack(0x00000000174d0000,0x00000000175d0000)]
  0x0000000016e52800 JavaThread "pool-1-thread-1" [_thread_blocked, id=10188, stack(0x00000000173d0000,0x00000000174d0000)]
  0x0000000016c4b000 JavaThread "Service Thread" daemon [_thread_blocked, id=960, stack(0x00000000171d0000,0x00000000172d0000)]
  0x0000000016c22000 JavaThread "C1 CompilerThread2" daemon [_thread_blocked, id=1204, stack(0x00000000170d0000,0x00000000171d0000)]
=>0x0000000016bd1800 JavaThread "C2 CompilerThread1" daemon [_thread_in_native, id=7692, stack(0x0000000016fd0000,0x00000000170d0000)]
  0x000000001545d000 JavaThread "C2 CompilerThread0" daemon [_thread_in_native, id=10220, stack(0x0000000016ad0000,0x0000000016bd0000)]
  0x000000001545b000 JavaThread "Attach Listener" daemon [_thread_blocked, id=7296, stack(0x00000000169d0000,0x0000000016ad0000)]
  0x0000000015458800 JavaThread "Signal Dispatcher" daemon [_thread_blocked, id=2644, stack(0x00000000168d0000,0x00000000169d0000)]
  0x0000000002d0a000 JavaThread "Finalizer" daemon [_thread_blocked, id=10892, stack(0x0000000016660000,0x0000000016760000)]
  0x0000000002cff000 JavaThread "Reference Handler" daemon [_thread_blocked, id=8596, stack(0x0000000016560000,0x0000000016660000)]
  0x0000000000cfe000 JavaThread "main" [_thread_in_Java, id=6784, stack(0x0000000002b10000,0x0000000002c10000)]

Other Threads:
  0x00000000153c7800 VMThread [stack: 0x0000000016460000,0x0000000016560000] [id=9976]
  0x0000000016c96800 WatcherThread [stack: 0x00000000172d0000,0x00000000173d0000] [id=11212]

VM state:not at safepoint (normal execution)

VM Mutex/Monitor currently owned by a thread: None

Heap:
 PSYoungGen      total 71168K, used 16511K [0x00000000eab00000, 0x00000000f4000000, 0x0000000100000000)
  eden space 62464K, 12% used [0x00000000eab00000,0x00000000eb2a4098,0x00000000ee800000)
  from space 8704K, 99% used [0x00000000ee800000,0x00000000ef07bb88,0x00000000ef080000)
  to   space 13824K, 0% used [0x00000000f3280000,0x00000000f3280000,0x00000000f4000000)
 ParOldGen       total 42496K, used 20013K [0x00000000c0000000, 0x00000000c2980000, 0x00000000eab00000)
  object space 42496K, 47% used [0x00000000c0000000,0x00000000c138b740,0x00000000c2980000)
 Metaspace       used 6452K, capacity 7192K, committed 7424K, reserved 1056768K
  class space    used 628K, capacity 656K, committed 768K, reserved 1048576K

Card table byte_map: [0x00000000120d0000,0x00000000122e0000] byte_map_base: 0x0000000011ad0000

Marking Bits: (ParMarkBitMap*) 0x00000000545f64f0
 Begin Bits: [0x0000000012840000, 0x0000000013840000)
 End Bits:   [0x0000000013840000, 0x0000000014840000)

Polling page: 0x0000000000d80000

CodeCache: size=245760Kb used=7359Kb max_used=7359Kb free=238400Kb
 bounds [0x0000000002d10000, 0x0000000003450000, 0x0000000011d10000]
 total_blobs=2062 nmethods=1790 adapters=184
 compilation: enabled

Compilation events (10 events):
Event: 5.757 Thread 0x0000000016c22000 1828       2       com.android.dx.cf.code.ByteCatchList::typeNotFound (47 bytes)
Event: 5.758 Thread 0x0000000016c22000 nmethod 1828 0x0000000003445290 code [0x0000000003445400, 0x0000000003445610]
Event: 5.758 Thread 0x0000000016c22000 1829       2       com.android.dx.cf.code.ExecutionStack::clear (40 bytes)
Event: 5.758 Thread 0x0000000016c22000 nmethod 1829 0x0000000003444bd0 code [0x0000000003444d60, 0x0000000003445048]
Event: 5.758 Thread 0x0000000016c22000 1830       2       com.android.dx.cf.code.Ropper$CatchInfo::getSetup (53 bytes)
Event: 5.759 Thread 0x0000000016c22000 nmethod 1830 0x00000000034444d0 code [0x0000000003444660, 0x00000000034449a8]
Event: 5.763 Thread 0x0000000016c22000 1831       2       com.android.dx.ssa.back.IdenticalBlockCombiner::replaceSucc (83 bytes)
Event: 5.764 Thread 0x0000000016c22000 nmethod 1831 0x0000000003443cd0 code [0x0000000003443e80, 0x00000000034441d8]
Event: 5.770 Thread 0x0000000016c22000 1832       1       com.android.dx.cf.attrib.AttConstantValue::byteLength (3 bytes)
Event: 5.770 Thread 0x0000000016c22000 nmethod 1832 0x0000000003443a10 code [0x0000000003443b60, 0x0000000003443c70]

GC Heap History (10 events):
Event: 3.510 GC heap before
{Heap before GC invocations=3 (full 0):
 PSYoungGen      total 18432K, used 18402K [0x00000000eab00000, 0x00000000ebf80000, 0x0000000100000000)
  eden space 15872K, 100% used [0x00000000eab00000,0x00000000eba80000,0x00000000eba80000)
  from space 2560K, 98% used [0x00000000ebd00000,0x00000000ebf78aa0,0x00000000ebf80000)
  to   space 2560K, 0% used [0x00000000eba80000,0x00000000eba80000,0x00000000ebd00000)
 ParOldGen       total 42496K, used 2976K [0x00000000c0000000, 0x00000000c2980000, 0x00000000eab00000)
  object space 42496K, 7% used [0x00000000c0000000,0x00000000c02e8118,0x00000000c2980000)
 Metaspace       used 6161K, capacity 7030K, committed 7296K, reserved 1056768K
  class space    used 607K, capacity 622K, committed 640K, reserved 1048576K
Event: 3.533 GC heap after
Heap after GC invocations=3 (full 0):
 PSYoungGen      total 18432K, used 2559K [0x00000000eab00000, 0x00000000ecf00000, 0x0000000100000000)
  eden space 15872K, 0% used [0x00000000eab00000,0x00000000eab00000,0x00000000eba80000)
  from space 2560K, 99% used [0x00000000eba80000,0x00000000ebcffec8,0x00000000ebd00000)
  to   space 2560K, 0% used [0x00000000ecc80000,0x00000000ecc80000,0x00000000ecf00000)
 ParOldGen       total 42496K, used 5275K [0x00000000c0000000, 0x00000000c2980000, 0x00000000eab00000)
  object space 42496K, 12% used [0x00000000c0000000,0x00000000c0526de8,0x00000000c2980000)
 Metaspace       used 6161K, capacity 7030K, committed 7296K, reserved 1056768K
  class space    used 607K, capacity 622K, committed 640K, reserved 1048576K
}
Event: 3.996 GC heap before
{Heap before GC invocations=4 (full 0):
 PSYoungGen      total 18432K, used 18431K [0x00000000eab00000, 0x00000000ecf00000, 0x0000000100000000)
  eden space 15872K, 100% used [0x00000000eab00000,0x00000000eba80000,0x00000000eba80000)
  from space 2560K, 99% used [0x00000000eba80000,0x00000000ebcffec8,0x00000000ebd00000)
  to   space 2560K, 0% used [0x00000000ecc80000,0x00000000ecc80000,0x00000000ecf00000)
 ParOldGen       total 42496K, used 5275K [0x00000000c0000000, 0x00000000c2980000, 0x00000000eab00000)
  object space 42496K, 12% used [0x00000000c0000000,0x00000000c0526de8,0x00000000c2980000)
 Metaspace       used 6196K, capacity 7030K, committed 7296K, reserved 1056768K
  class space    used 607K, capacity 622K, committed 640K, reserved 1048576K
Event: 4.024 GC heap after
Heap after GC invocations=4 (full 0):
 PSYoungGen      total 34304K, used 2545K [0x00000000eab00000, 0x00000000ecf00000, 0x0000000100000000)
  eden space 31744K, 0% used [0x00000000eab00000,0x00000000eab00000,0x00000000eca00000)
  from space 2560K, 99% used [0x00000000ecc80000,0x00000000ecefc5f8,0x00000000ecf00000)
  to   space 2560K, 0% used [0x00000000eca00000,0x00000000eca00000,0x00000000ecc80000)
 ParOldGen       total 42496K, used 7493K [0x00000000c0000000, 0x00000000c2980000, 0x00000000eab00000)
  object space 42496K, 17% used [0x00000000c0000000,0x00000000c07517c0,0x00000000c2980000)
 Metaspace       used 6196K, capacity 7030K, committed 7296K, reserved 1056768K
  class space    used 607K, capacity 622K, committed 640K, reserved 1048576K
}
Event: 4.625 GC heap before
{Heap before GC invocations=5 (full 0):
 PSYoungGen      total 34304K, used 34289K [0x00000000eab00000, 0x00000000ecf00000, 0x0000000100000000)
  eden space 31744K, 100% used [0x00000000eab00000,0x00000000eca00000,0x00000000eca00000)
  from space 2560K, 99% used [0x00000000ecc80000,0x00000000ecefc5f8,0x00000000ecf00000)
  to   space 2560K, 0% used [0x00000000eca00000,0x00000000eca00000,0x00000000ecc80000)
 ParOldGen       total 42496K, used 7493K [0x00000000c0000000, 0x00000000c2980000, 0x00000000eab00000)
  object space 42496K, 17% used [0x00000000c0000000,0x00000000c07517c0,0x00000000c2980000)
 Metaspace       used 6288K, capacity 7094K, committed 7296K, reserved 1056768K
  class space    used 608K, capacity 622K, committed 640K, reserved 1048576K
Event: 4.648 GC heap after
Heap after GC invocations=5 (full 0):
 PSYoungGen      total 34304K, used 2532K [0x00000000eab00000, 0x00000000ef800000, 0x0000000100000000)
  eden space 31744K, 0% used [0x00000000eab00000,0x00000000eab00000,0x00000000eca00000)
  from space 2560K, 98% used [0x00000000eca00000,0x00000000ecc79150,0x00000000ecc80000)
  to   space 7680K, 0% used [0x00000000ef080000,0x00000000ef080000,0x00000000ef800000)
 ParOldGen       total 42496K, used 12280K [0x00000000c0000000, 0x00000000c2980000, 0x00000000eab00000)
  object space 42496K, 28% used [0x00000000c0000000,0x00000000c0bfe2e8,0x00000000c2980000)
 Metaspace       used 6288K, capacity 7094K, committed 7296K, reserved 1056768K
  class space    used 608K, capacity 622K, committed 640K, reserved 1048576K
}
Event: 4.954 GC heap before
{Heap before GC invocations=6 (full 0):
 PSYoungGen      total 34304K, used 34276K [0x00000000eab00000, 0x00000000ef800000, 0x0000000100000000)
  eden space 31744K, 100% used [0x00000000eab00000,0x00000000eca00000,0x00000000eca00000)
  from space 2560K, 98% used [0x00000000eca00000,0x00000000ecc79150,0x00000000ecc80000)
  to   space 7680K, 0% used [0x00000000ef080000,0x00000000ef080000,0x00000000ef800000)
 ParOldGen       total 42496K, used 12280K [0x00000000c0000000, 0x00000000c2980000, 0x00000000eab00000)
  object space 42496K, 28% used [0x00000000c0000000,0x00000000c0bfe2e8,0x00000000c2980000)
 Metaspace       used 6333K, capacity 7158K, committed 7296K, reserved 1056768K
  class space    used 608K, capacity 622K, committed 640K, reserved 1048576K
Event: 4.983 GC heap after
Heap after GC invocations=6 (full 0):
 PSYoungGen      total 70144K, used 7661K [0x00000000eab00000, 0x00000000efa00000, 0x0000000100000000)
  eden space 62464K, 0% used [0x00000000eab00000,0x00000000eab00000,0x00000000ee800000)
  from space 7680K, 99% used [0x00000000ef080000,0x00000000ef7fb520,0x00000000ef800000)
  to   space 8704K, 0% used [0x00000000ee800000,0x00000000ee800000,0x00000000ef080000)
 ParOldGen       total 42496K, used 12425K [0x00000000c0000000, 0x00000000c2980000, 0x00000000eab00000)
  object space 42496K, 29% used [0x00000000c0000000,0x00000000c0c227a8,0x00000000c2980000)
 Metaspace       used 6333K, capacity 7158K, committed 7296K, reserved 1056768K
  class space    used 608K, capacity 622K, committed 640K, reserved 1048576K
}
Event: 5.671 GC heap before
{Heap before GC invocations=7 (full 0):
 PSYoungGen      total 70144K, used 70125K [0x00000000eab00000, 0x00000000efa00000, 0x0000000100000000)
  eden space 62464K, 100% used [0x00000000eab00000,0x00000000ee800000,0x00000000ee800000)
  from space 7680K, 99% used [0x00000000ef080000,0x00000000ef7fb520,0x00000000ef800000)
  to   space 8704K, 0% used [0x00000000ee800000,0x00000000ee800000,0x00000000ef080000)
 ParOldGen       total 42496K, used 12425K [0x00000000c0000000, 0x00000000c2980000, 0x00000000eab00000)
  object space 42496K, 29% used [0x00000000c0000000,0x00000000c0c227a8,0x00000000c2980000)
 Metaspace       used 6449K, capacity 7192K, committed 7424K, reserved 1056768K
  class space    used 628K, capacity 656K, committed 768K, reserved 1048576K
Event: 5.721 GC heap after
Heap after GC invocations=7 (full 0):
 PSYoungGen      total 71168K, used 8686K [0x00000000eab00000, 0x00000000f4000000, 0x0000000100000000)
  eden space 62464K, 0% used [0x00000000eab00000,0x00000000eab00000,0x00000000ee800000)
  from space 8704K, 99% used [0x00000000ee800000,0x00000000ef07bb88,0x00000000ef080000)
  to   space 13824K, 0% used [0x00000000f3280000,0x00000000f3280000,0x00000000f4000000)
 ParOldGen       total 42496K, used 20013K [0x00000000c0000000, 0x00000000c2980000, 0x00000000eab00000)
  object space 42496K, 47% used [0x00000000c0000000,0x00000000c138b740,0x00000000c2980000)
 Metaspace       used 6449K, capacity 7192K, committed 7424K, reserved 1056768K
  class space    used 628K, capacity 656K, committed 768K, reserved 1048576K
}

Deoptimization events (10 events):
Event: 4.705 Thread 0x0000000016e52800 Uncommon trap: reason=unstable_if action=reinterpret pc=0x00000000032a94d4 method=com.android.dx.ssa.SCCP.simulateStmt(Lcom/android/dx/ssa/SsaInsn;)V @ 53
Event: 4.743 Thread 0x0000000016e56000 Uncommon trap: reason=unstable_if action=reinterpret pc=0x00000000031c13bc method=com.android.dx.util.IntList.binarysearch(I)I @ 105
Event: 4.859 Thread 0x0000000016e56000 Uncommon trap: reason=unstable_if action=reinterpret pc=0x000000000332b550 method=com.android.dx.ssa.SCCP.simulateBranch(Lcom/android/dx/ssa/SsaInsn;)V @ 64
Event: 4.859 Thread 0x0000000016e56000 Uncommon trap: reason=unstable_if action=reinterpret pc=0x0000000003384c50 method=com.android.dx.ssa.LiteralOpUpgrader$1.visitNonMoveInsn(Lcom/android/dx/ssa/NormalSsaInsn;)V @ 55
Event: 4.860 Thread 0x0000000016e56000 Uncommon trap: reason=unstable_if action=reinterpret pc=0x000000000319495c method=com.android.dx.ssa.SsaMethod.updateOneDefinition(Lcom/android/dx/ssa/SsaInsn;Lcom/android/dx/rop/code/RegisterSpec;)V @ 4
Event: 5.536 Thread 0x0000000000cfe000 Uncommon trap: reason=unstable_if action=reinterpret pc=0x00000000031088cc method=java.util.HashMap.putVal(ILjava/lang/Object;Ljava/lang/Object;ZZ)Ljava/lang/Object; @ 162
Event: 5.612 Thread 0x0000000000cfe000 Uncommon trap: reason=unstable_if action=reinterpret pc=0x000000000319260c method=java.util.HashMap.getNode(ILjava/lang/Object;)Ljava/util/HashMap$Node; @ 84
Event: 5.612 Thread 0x0000000000cfe000 Uncommon trap: reason=unstable_if action=reinterpret pc=0x00000000031db2c4 method=java.util.HashMap.getNode(ILjava/lang/Object;)Ljava/util/HashMap$Node; @ 84
Event: 5.614 Thread 0x0000000000cfe000 Uncommon trap: reason=unstable_if action=reinterpret pc=0x00000000031cdc84 method=java.util.HashMap.getNode(ILjava/lang/Object;)Ljava/util/HashMap$Node; @ 84
Event: 5.761 Thread 0x0000000016e5f800 Uncommon trap: reason=bimorphic action=maybe_recompile pc=0x000000000337d448 method=com.android.dx.ssa.LiteralOpUpgrader.tryReplacingWithConstant(Lcom/android/dx/ssa/NormalSsaInsn;)Z @ 62

Internal exceptions (6 events):
Event: 0.106 Thread 0x0000000000cfe000 Exception <a 'java/lang/NoSuchMethodError': Method sun.misc.Unsafe.defineClass(Ljava/lang/String;[BII)Ljava/lang/Class; name or signature does not match> (0x00000000eab07cc0) thrown at [D:\re\workspace\8-2-build-windows-amd64-cygwin\jdk8u92\6642\hotspot\sr¯Üþc9»?
Event: 0.106 Thread 0x0000000000cfe000 Exception <a 'java/lang/NoSuchMethodError': Method sun.misc.Unsafe.prefetchRead(Ljava/lang/Object;J)V name or signature does not match> (0x00000000eab07fa8) thrown at [D:\re\workspace\8-2-build-windows-amd64-cygwin\jdk8u92\6642\hotspot\src\share\vm\prims\j¸
Event: 3.956 Thread 0x0000000016e5e800 Implicit null exception at 0x00000000032a38f8 to 0x00000000032a458d
Event: 5.540 Thread 0x0000000000cfe000 Exception <a 'java/lang/ArrayIndexOutOfBoundsException': 18> (0x00000000edc9f9d0) thrown at [D:\re\workspace\8-2-build-windows-amd64-cygwin\jdk8u92\6642\hotspot\src\share\vm\interpreter\interpreterRuntime.cpp, line 366]
Event: 5.540 Thread 0x0000000000cfe000 Exception <a 'java/lang/ArrayIndexOutOfBoundsException': 145> (0x00000000edca1550) thrown at [D:\re\workspace\8-2-build-windows-amd64-cygwin\jdk8u92\6642\hotspot\src\share\vm\interpreter\interpreterRuntime.cpp, line 366]
Event: 5.542 Thread 0x0000000000cfe000 Exception <a 'java/lang/ArrayIndexOutOfBoundsException'> (0x00000000edca2838) thrown at [D:\re\workspace\8-2-build-windows-amd64-cygwin\jdk8u92\6642\hotspot\src\share\vm\runtime\sharedRuntime.cpp, line 605]

Events (10 events):
Event: 5.612 Thread 0x0000000000cfe000 DEOPT PACKING pc=0x00000000031db2c4 sp=0x0000000002c0dde0
Event: 5.612 Thread 0x0000000000cfe000 DEOPT UNPACKING pc=0x0000000002d5582a sp=0x0000000002c0dc90 mode 2
Event: 5.614 Thread 0x0000000000cfe000 Uncommon trap: trap_request=0xffffff65 fr.pc=0x00000000031cdc84
Event: 5.614 Thread 0x0000000000cfe000 DEOPT PACKING pc=0x00000000031cdc84 sp=0x0000000002c0ddc0
Event: 5.614 Thread 0x0000000000cfe000 DEOPT UNPACKING pc=0x0000000002d5582a sp=0x0000000002c0dce0 mode 2
Event: 5.671 Executing VM operation: ParallelGCFailedAllocation
Event: 5.721 Executing VM operation: ParallelGCFailedAllocation done
Event: 5.761 Thread 0x0000000016e5f800 Uncommon trap: trap_request=0xffffffc6 fr.pc=0x000000000337d448
Event: 5.761 Thread 0x0000000016e5f800 DEOPT PACKING pc=0x000000000337d448 sp=0x00000000178ce8f0
Event: 5.761 Thread 0x0000000016e5f800 DEOPT UNPACKING pc=0x0000000002d5582a sp=0x00000000178ce890 mode 2


Dynamic libraries:
0x00007ff77d390000 - 0x00007ff77d3c7000 	D:\Program Files\Java\jdk1.8.0_92\bin\java.exe
0x00007ff955770000 - 0x00007ff955941000 	C:\WINDOWS\SYSTEM32\ntdll.dll
0x00007ff953750000 - 0x00007ff9537fb000 	C:\WINDOWS\System32\KERNEL32.DLL
0x00007ff952950000 - 0x00007ff952b6d000 	C:\WINDOWS\System32\KERNELBASE.dll
0x00007ff953fe0000 - 0x00007ff954082000 	C:\WINDOWS\System32\ADVAPI32.dll
0x00007ff953800000 - 0x00007ff95389e000 	C:\WINDOWS\System32\msvcrt.dll
0x00007ff952ce0000 - 0x00007ff952d39000 	C:\WINDOWS\System32\sechost.dll
0x00007ff953540000 - 0x00007ff953661000 	C:\WINDOWS\System32\RPCRT4.dll
0x00007ff9539b0000 - 0x00007ff953b15000 	C:\WINDOWS\System32\USER32.dll
0x00007ff952250000 - 0x00007ff95226e000 	C:\WINDOWS\System32\win32u.dll
0x00007ff9540b0000 - 0x00007ff9540e4000 	C:\WINDOWS\System32\GDI32.dll
0x00007ff951ce0000 - 0x00007ff951e62000 	C:\WINDOWS\System32\gdi32full.dll
0x00007ff9463a0000 - 0x00007ff946619000 	C:\WINDOWS\WinSxS\amd64_microsoft.windows.common-controls_6595b64144ccf1df_6.0.14393.0_none_2d0f50fcbdb171b8\COMCTL32.dll
0x00007ff953cb0000 - 0x00007ff953f77000 	C:\WINDOWS\System32\combase.dll
0x00007ff952be0000 - 0x00007ff952cd5000 	C:\WINDOWS\System32\ucrtbase.dll
0x00007ff952b70000 - 0x00007ff952bda000 	C:\WINDOWS\System32\bcryptPrimitives.dll
0x00007ff953b20000 - 0x00007ff953b4e000 	C:\WINDOWS\System32\IMM32.DLL
0x0000000053380000 - 0x0000000053452000 	D:\Program Files\Java\jdk1.8.0_92\jre\bin\msvcr100.dll
0x0000000053de0000 - 0x0000000054676000 	D:\Program Files\Java\jdk1.8.0_92\jre\bin\server\jvm.dll
0x00007ff954090000 - 0x00007ff954098000 	C:\WINDOWS\System32\PSAPI.DLL
0x00007ff947480000 - 0x00007ff947489000 	C:\WINDOWS\SYSTEM32\WSOCK32.dll
0x00007ff955700000 - 0x00007ff95576a000 	C:\WINDOWS\System32\WS2_32.dll
0x00007ff950190000 - 0x00007ff9501b3000 	C:\WINDOWS\SYSTEM32\WINMM.dll
0x00007ff947da0000 - 0x00007ff947daa000 	C:\WINDOWS\SYSTEM32\VERSION.dll
0x00007ff950130000 - 0x00007ff95015b000 	C:\WINDOWS\SYSTEM32\WINMMBASE.dll
0x00007ff951e70000 - 0x00007ff951eb2000 	C:\WINDOWS\System32\cfgmgr32.dll
0x0000000053dd0000 - 0x0000000053ddf000 	D:\Program Files\Java\jdk1.8.0_92\jre\bin\verify.dll
0x0000000053da0000 - 0x0000000053dc9000 	D:\Program Files\Java\jdk1.8.0_92\jre\bin\java.dll
0x0000000053d80000 - 0x0000000053d96000 	D:\Program Files\Java\jdk1.8.0_92\jre\bin\zip.dll
0x00007ff9540f0000 - 0x00007ff9555f8000 	C:\WINDOWS\System32\SHELL32.dll
0x00007ff952270000 - 0x00007ff95294a000 	C:\WINDOWS\System32\windows.storage.dll
0x00007ff951c50000 - 0x00007ff951c9c000 	C:\WINDOWS\System32\powrprof.dll
0x00007ff953f80000 - 0x00007ff953fd2000 	C:\WINDOWS\System32\shlwapi.dll
0x00007ff951ca0000 - 0x00007ff951caf000 	C:\WINDOWS\System32\kernel.appcore.dll
0x00007ff9520f0000 - 0x00007ff952199000 	C:\WINDOWS\System32\shcore.dll
0x00007ff951cb0000 - 0x00007ff951cc4000 	C:\WINDOWS\System32\profapi.dll

VM Arguments:
jvm_args: -Djava.awt.headless=true -Xmx1024M -Dfile.encoding=GBK -Duser.country=CN -Duser.language=zh -Duser.variant 
java_command: com.android.dx.command.Main --dex --force-jumbo --num-threads=4 --output F:\AndroidStudioProjects\MyApplication2\l06_app_motionevent\build\intermediates\pre-dexed\debug\com.android.support-appcompat-v7-24.2.0_078b0c9e022cc84f1244201b79a061c376007c29.jar F:\AndroidStudioProjects\MyApplication2\l06_app_motionevent\build\intermediates\exploded-aar\com.android.support\appcompat-v7\24.2.0\jars\classes.jar
java_class_path (initial): D:\Android_developer_tools\android-sdk-windows\build-tools\24.0.2\lib\dx.jar
Launcher Type: SUN_STANDARD

Environment Variables:
JAVA_HOME=D:\Program Files\Java\jdk1.8.0_92
CLASSPATH=.;D:\Program Files\Java\jdk1.8.0_92\lib\dt.jar;D:\Program Files\Java\jdk1.8.0_92\lib\tools.jar
PATH=D:\Program Files\Java\jdk1.8.0_92\bin;D:\Program Files\Java\jdk1.8.0_92\jre\bin;C:\WINDOWS\system32;C:\WINDOWS;C:\WINDOWS\System32\Wbem;C:\WINDOWS\System32\WindowsPowerShell\v1.0\;C:\Program Files (x86)\ATI Technologies\ATI.ACE\Core-Static;C:\Program Files\Lenovo\Bluetooth Software\;C:\Program Files\Lenovo\Bluetooth Software\syswow64;C:\Program Files (x86)\AMD\ATI.ACE\Core-Static;D:\Program Files (x86)\MySQL\MySQL Server 5.5\bin;D:\Android_developer_tools\android-sdk-windows\platform-tools;D:\Android_developer_tools\android-sdk-windows\tools;C:\Users\Administrator\AppData\Local\Microsoft\WindowsApps;
USERNAME=Administrator
OS=Windows_NT
PROCESSOR_IDENTIFIER=Intel64 Family 6 Model 58 Stepping 9, GenuineIntel



---------------  S Y S T E M  ---------------

OS: Windows 10.0 , 64 bit Build 14393 (10.0.14393.0)

CPU:total 4 (2 cores per cpu, 2 threads per core) family 6 model 58 stepping 9, cmov, cx8, fxsr, mmx, sse, sse2, sse3, ssse3, sse4.1, sse4.2, popcnt, avx, clmul, erms, ht, tsc, tscinvbit, tscinv

Memory: 4k page, physical 4060004k(251456k free), swap 6157156k(5148k free)

vm_info: Java HotSpot(TM) 64-Bit Server VM (25.92-b14) for windows-amd64 JRE (1.8.0_92-b14), built on Mar 31 2016 21:03:04 by "java_re" with MS VC++ 10.0 (VS2010)

time: Fri Sep 09 19:31:05 2016
elapsed time: 5 seconds (0d 0h 0m 5s)

