#
# There is insufficient memory for the Java Runtime Environment to continue.
# Native memory allocation (malloc) failed to allocate 557616 bytes for Chunk::new
# Possible reasons:
#   The system is out of physical RAM or swap space
#   In 32 bit mode, the process size limit was hit
# Possible solutions:
#   Reduce memory load on the system
#   Increase physical memory or swap space
#   Check if swap backing store is full
#   Use 64 bit Java on a 64 bit OS
#   Decrease Java heap size (-Xmx/-Xms)
#   Decrease number of Java threads
#   Decrease Java thread stack sizes (-Xss)
#   Set larger code cache with -XX:ReservedCodeCacheSize=
# This output file may be truncated or incomplete.
#
#  Out of Memory Error (allocation.cpp:390), pid=6384, tid=0x00000000000027e8
#
# JRE version: Java(TM) SE Runtime Environment (8.0_92-b14) (build 1.8.0_92-b14)
# Java VM: Java HotSpot(TM) 64-Bit Server VM (25.92-b14 mixed mode windows-amd64 compressed oops)
# Failed to write core dump. Minidumps are not enabled by default on client versions of Windows
#

---------------  T H R E A D  ---------------

Current thread (0x00000000154ae000):  JavaThread "C2 CompilerThread1" daemon [_thread_in_native, id=10216, stack(0x0000000016ea0000,0x0000000016fa0000)]

Stack: [0x0000000016ea0000,0x0000000016fa0000]
[error occurred during error reporting (printing stack bounds), id 0xc0000005]

Native frames: (J=compiled Java code, j=interpreted, Vv=VM code, C=native code)


Current CompileTask:
C2:   6182 1424   !   4       com.android.dx.cf.code.RopperMachine::run (1550 bytes)


---------------  P R O C E S S  ---------------

Java Threads: ( => current thread )
  0x0000000016d2a000 JavaThread "pool-1-thread-4" [_thread_blocked, id=9824, stack(0x00000000176a0000,0x00000000177a0000)]
  0x0000000016d26000 JavaThread "pool-1-thread-3" [_thread_blocked, id=932, stack(0x00000000175a0000,0x00000000176a0000)]
  0x0000000016d21800 JavaThread "pool-1-thread-2" [_thread_blocked, id=10052, stack(0x00000000174a0000,0x00000000175a0000)]
  0x0000000016db1800 JavaThread "pool-2-thread-1" [_thread_blocked, id=1952, stack(0x00000000173a0000,0x00000000174a0000)]
  0x0000000016db1000 JavaThread "pool-1-thread-1" [_thread_blocked, id=3636, stack(0x00000000172a0000,0x00000000173a0000)]
  0x0000000016afb800 JavaThread "Service Thread" daemon [_thread_blocked, id=3584, stack(0x00000000170a0000,0x00000000171a0000)]
  0x0000000016af8800 JavaThread "C1 CompilerThread2" daemon [_thread_blocked, id=116, stack(0x0000000016fa0000,0x00000000170a0000)]
=>0x00000000154ae000 JavaThread "C2 CompilerThread1" daemon [_thread_in_native, id=10216, stack(0x0000000016ea0000,0x0000000016fa0000)]
  0x00000000154ab000 JavaThread "C2 CompilerThread0" daemon [_thread_in_native, id=9956, stack(0x00000000169a0000,0x0000000016aa0000)]
  0x000000001545c800 JavaThread "Attach Listener" daemon [_thread_blocked, id=8524, stack(0x00000000168a0000,0x00000000169a0000)]
  0x000000001545b800 JavaThread "Signal Dispatcher" daemon [_thread_blocked, id=3532, stack(0x00000000167a0000,0x00000000168a0000)]
  0x0000000002d7a000 JavaThread "Finalizer" daemon [_thread_blocked, id=6912, stack(0x00000000166a0000,0x00000000167a0000)]
  0x0000000002d6f800 JavaThread "Reference Handler" daemon [_thread_blocked, id=3624, stack(0x00000000165a0000,0x00000000166a0000)]
  0x000000000273e000 JavaThread "main" [_thread_in_Java, id=8216, stack(0x0000000002b80000,0x0000000002c80000)]

Other Threads:
  0x0000000015418000 VMThread [stack: 0x00000000164a0000,0x00000000165a0000] [id=3208]
  0x0000000016b10000 WatcherThread [stack: 0x00000000171a0000,0x00000000172a0000] [id=9372]

VM state:not at safepoint (normal execution)

VM Mutex/Monitor currently owned by a thread: None

Heap:
 PSYoungGen      total 34304K, used 24490K [0x00000000eab00000, 0x00000000ecf00000, 0x0000000100000000)
  eden space 31744K, 69% used [0x00000000eab00000,0x00000000ec070210,0x00000000eca00000)
  from space 2560K, 99% used [0x00000000ecc80000,0x00000000ecefa6d0,0x00000000ecf00000)
  to   space 2560K, 0% used [0x00000000eca00000,0x00000000eca00000,0x00000000ecc80000)
 ParOldGen       total 42496K, used 3755K [0x00000000c0000000, 0x00000000c2980000, 0x00000000eab00000)
  object space 42496K, 8% used [0x00000000c0000000,0x00000000c03aacb0,0x00000000c2980000)
 Metaspace       used 6280K, capacity 7064K, committed 7424K, reserved 1056768K
  class space    used 629K, capacity 656K, committed 768K, reserved 1048576K

Card table byte_map: [0x0000000012140000,0x0000000012350000] byte_map_base: 0x0000000011b40000

Marking Bits: (ParMarkBitMap*) 0x000000005a3c64f0
 Begin Bits: [0x00000000128b0000, 0x00000000138b0000)
 End Bits:   [0x00000000138b0000, 0x00000000148b0000)

Polling page: 0x0000000000d80000

CodeCache: size=245760Kb used=6227Kb max_used=6227Kb free=239532Kb
 bounds [0x0000000002d80000, 0x00000000033a0000, 0x0000000011d80000]
 total_blobs=1717 nmethods=1446 adapters=184
 compilation: enabled

Compilation events (10 events):
Event: 6.140 Thread 0x0000000016af8800 1449       3       com.android.dx.ssa.back.FirstFitLocalCombiningAllocator::analyzeInstructions (16 bytes)
Event: 6.140 Thread 0x0000000016af8800 nmethod 1449 0x0000000003396d50 code [0x0000000003396ec0, 0x0000000003397208]
Event: 6.145 Thread 0x0000000016af8800 1450       3       com.android.dx.rop.code.AccessFlags::isSynchronized (13 bytes)
Event: 6.145 Thread 0x0000000016af8800 nmethod 1450 0x0000000003397350 code [0x00000000033974a0, 0x0000000003397630]
Event: 6.145 Thread 0x0000000016af8800 1451       3       com.android.dx.dex.file.EncodedMethod::<init> (68 bytes)
Event: 6.146 Thread 0x0000000016af8800 nmethod 1451 0x00000000033976d0 code [0x0000000003397860, 0x0000000003397d18]
Event: 6.146 Thread 0x0000000016af8800 1453       3       java.util.HashMap$HashIterator::<init> (79 bytes)
Event: 6.147 Thread 0x0000000016af8800 nmethod 1453 0x0000000003397ed0 code [0x0000000003398040, 0x00000000033983d0]
Event: 6.147 Thread 0x0000000016af8800 1452       3       com.android.dx.dex.cf.AttributeTranslator::getMethodAnnotations (37 bytes)
Event: 6.149 Thread 0x0000000016af8800 nmethod 1452 0x0000000003398550 code [0x0000000003398840, 0x0000000003399e38]

GC Heap History (4 events):
Event: 2.153 GC heap before
{Heap before GC invocations=1 (full 0):
 PSYoungGen      total 18432K, used 15872K [0x00000000eab00000, 0x00000000ebf80000, 0x0000000100000000)
  eden space 15872K, 100% used [0x00000000eab00000,0x00000000eba80000,0x00000000eba80000)
  from space 2560K, 0% used [0x00000000ebd00000,0x00000000ebd00000,0x00000000ebf80000)
  to   space 2560K, 0% used [0x00000000eba80000,0x00000000eba80000,0x00000000ebd00000)
 ParOldGen       total 42496K, used 0K [0x00000000c0000000, 0x00000000c2980000, 0x00000000eab00000)
  object space 42496K, 0% used [0x00000000c0000000,0x00000000c0000000,0x00000000c2980000)
 Metaspace       used 5830K, capacity 6710K, committed 6784K, reserved 1056768K
  class space    used 607K, capacity 622K, committed 640K, reserved 1048576K
Event: 2.318 GC heap after
Heap after GC invocations=1 (full 0):
 PSYoungGen      total 18432K, used 2546K [0x00000000eab00000, 0x00000000ecf00000, 0x0000000100000000)
  eden space 15872K, 0% used [0x00000000eab00000,0x00000000eab00000,0x00000000eba80000)
  from space 2560K, 99% used [0x00000000eba80000,0x00000000ebcfcac8,0x00000000ebd00000)
  to   space 2560K, 0% used [0x00000000ecc80000,0x00000000ecc80000,0x00000000ecf00000)
 ParOldGen       total 42496K, used 1435K [0x00000000c0000000, 0x00000000c2980000, 0x00000000eab00000)
  object space 42496K, 3% used [0x00000000c0000000,0x00000000c0166f50,0x00000000c2980000)
 Metaspace       used 5830K, capacity 6710K, committed 6784K, reserved 1056768K
  class space    used 607K, capacity 622K, committed 640K, reserved 1048576K
}
Event: 4.233 GC heap before
{Heap before GC invocations=2 (full 0):
 PSYoungGen      total 18432K, used 18418K [0x00000000eab00000, 0x00000000ecf00000, 0x0000000100000000)
  eden space 15872K, 100% used [0x00000000eab00000,0x00000000eba80000,0x00000000eba80000)
  from space 2560K, 99% used [0x00000000eba80000,0x00000000ebcfcac8,0x00000000ebd00000)
  to   space 2560K, 0% used [0x00000000ecc80000,0x00000000ecc80000,0x00000000ecf00000)
 ParOldGen       total 42496K, used 1435K [0x00000000c0000000, 0x00000000c2980000, 0x00000000eab00000)
  object space 42496K, 3% used [0x00000000c0000000,0x00000000c0166f50,0x00000000c2980000)
 Metaspace       used 6127K, capacity 6966K, committed 7040K, reserved 1056768K
  class space    used 609K, capacity 622K, committed 640K, reserved 1048576K
Event: 4.282 GC heap after
Heap after GC invocations=2 (full 0):
 PSYoungGen      total 34304K, used 2537K [0x00000000eab00000, 0x00000000ecf00000, 0x0000000100000000)
  eden space 31744K, 0% used [0x00000000eab00000,0x00000000eab00000,0x00000000eca00000)
  from space 2560K, 99% used [0x00000000ecc80000,0x00000000ecefa6d0,0x00000000ecf00000)
  to   space 2560K, 0% used [0x00000000eca00000,0x00000000eca00000,0x00000000ecc80000)
 ParOldGen       total 42496K, used 3755K [0x00000000c0000000, 0x00000000c2980000, 0x00000000eab00000)
  object space 42496K, 8% used [0x00000000c0000000,0x00000000c03aacb0,0x00000000c2980000)
 Metaspace       used 6127K, capacity 6966K, committed 7040K, reserved 1056768K
  class space    used 609K, capacity 622K, committed 640K, reserved 1048576K
}

Deoptimization events (10 events):
Event: 4.638 Thread 0x000000000273e000 Uncommon trap: reason=unstable_if action=reinterpret pc=0x00000000032fa580 method=com.android.dx.rop.code.RegisterSpecSet.localItemToSpec(Lcom/android/dx/rop/code/LocalItem;)Lcom/android/dx/rop/code/RegisterSpec; @ 35
Event: 5.021 Thread 0x000000000273e000 Uncommon trap: reason=unstable_if action=reinterpret pc=0x00000000030afabc method=com.android.dx.rop.code.LocalItem.hashCode()I @ 25
Event: 5.021 Thread 0x000000000273e000 Uncommon trap: reason=unstable_if action=reinterpret pc=0x000000000304924c method=com.android.dx.rop.code.LocalItem.hashCode()I @ 25
Event: 5.171 Thread 0x000000000273e000 Uncommon trap: reason=unstable_if action=reinterpret pc=0x00000000030822ec method=java.util.HashMap.putVal(ILjava/lang/Object;Ljava/lang/Object;ZZ)Ljava/lang/Object; @ 162
Event: 5.334 Thread 0x000000000273e000 Uncommon trap: reason=unstable_if action=reinterpret pc=0x00000000032fcc84 method=java.util.HashMap.getNode(ILjava/lang/Object;)Ljava/util/HashMap$Node; @ 84
Event: 5.334 Thread 0x000000000273e000 Uncommon trap: reason=unstable_if action=reinterpret pc=0x00000000032fd4d8 method=java.util.HashMap.getNode(ILjava/lang/Object;)Ljava/util/HashMap$Node; @ 84
Event: 6.034 Thread 0x000000000273e000 Uncommon trap: reason=unstable_if action=reinterpret pc=0x0000000003342454 method=com.android.dx.rop.code.RegisterSpecSet.put(Lcom/android/dx/rop/code/RegisterSpec;)V @ 77
Event: 6.034 Thread 0x000000000273e000 Uncommon trap: reason=unstable_if action=reinterpret pc=0x00000000031c8fec method=com.android.dx.rop.code.RegisterSpecSet.put(Lcom/android/dx/rop/code/RegisterSpec;)V @ 77
Event: 6.034 Thread 0x000000000273e000 Uncommon trap: reason=unstable_if action=reinterpret pc=0x000000000310c16c method=com.android.dx.rop.code.RegisterSpecSet.put(Lcom/android/dx/rop/code/RegisterSpec;)V @ 77
Event: 6.151 Thread 0x000000000273e000 Uncommon trap: reason=null_check action=make_not_entrant pc=0x00000000030ff5e0 method=com.android.dx.rop.type.Type.equals(Ljava/lang/Object;)Z @ 8

Internal exceptions (6 events):
Event: 0.090 Thread 0x000000000273e000 Exception <a 'java/lang/NoSuchMethodError': Method sun.misc.Unsafe.defineClass(Ljava/lang/String;[BII)Ljava/lang/Class; name or signature does not match> (0x00000000eab07cc0) thrown at [D:\re\workspace\8-2-build-windows-amd64-cygwin\jdk8u92\6642\hotspot\srºþëÂ·?
Event: 0.090 Thread 0x000000000273e000 Exception <a 'java/lang/NoSuchMethodError': Method sun.misc.Unsafe.prefetchRead(Ljava/lang/Object;J)V name or signature does not match> (0x00000000eab07fa8) thrown at [D:\re\workspace\8-2-build-windows-amd64-cygwin\jdk8u92\6642\hotspot\src\share\vm\prims\jeU¾r¸²@
Event: 5.175 Thread 0x000000000273e000 Exception <a 'java/lang/ArrayIndexOutOfBoundsException': 18> (0x00000000eb400fe0) thrown at [D:\re\workspace\8-2-build-windows-amd64-cygwin\jdk8u92\6642\hotspot\src\share\vm\interpreter\interpreterRuntime.cpp, line 366]
Event: 5.175 Thread 0x000000000273e000 Exception <a 'java/lang/ArrayIndexOutOfBoundsException': 145> (0x00000000eb402b60) thrown at [D:\re\workspace\8-2-build-windows-amd64-cygwin\jdk8u92\6642\hotspot\src\share\vm\interpreter\interpreterRuntime.cpp, line 366]
Event: 5.177 Thread 0x000000000273e000 Exception <a 'java/lang/ArrayIndexOutOfBoundsException'> (0x00000000eb403e48) thrown at [D:\re\workspace\8-2-build-windows-amd64-cygwin\jdk8u92\6642\hotspot\src\share\vm\runtime\sharedRuntime.cpp, line 605]
Event: 6.151 Thread 0x000000000273e000 Implicit null exception at 0x00000000030ff4e2 to 0x00000000030ff5d2

Events (10 events):
Event: 6.034 Thread 0x000000000273e000 DEOPT UNPACKING pc=0x0000000002dc582a sp=0x0000000002c7e320 mode 2
Event: 6.034 Thread 0x000000000273e000 Uncommon trap: trap_request=0xffffff65 fr.pc=0x00000000031c8fec
Event: 6.034 Thread 0x000000000273e000 DEOPT PACKING pc=0x00000000031c8fec sp=0x0000000002c7e300
Event: 6.034 Thread 0x000000000273e000 DEOPT UNPACKING pc=0x0000000002dc582a sp=0x0000000002c7e228 mode 2
Event: 6.034 Thread 0x000000000273e000 Uncommon trap: trap_request=0xffffff65 fr.pc=0x000000000310c16c
Event: 6.034 Thread 0x000000000273e000 DEOPT PACKING pc=0x000000000310c16c sp=0x0000000002c7e290
Event: 6.034 Thread 0x000000000273e000 DEOPT UNPACKING pc=0x0000000002dc582a sp=0x0000000002c7e228 mode 2
Event: 6.151 Thread 0x000000000273e000 Uncommon trap: trap_request=0xfffffff4 fr.pc=0x00000000030ff5e0
Event: 6.151 Thread 0x000000000273e000 DEOPT PACKING pc=0x00000000030ff5e0 sp=0x0000000002c7df40
Event: 6.151 Thread 0x000000000273e000 DEOPT UNPACKING pc=0x0000000002dc582a sp=0x0000000002c7dec8 mode 2


Dynamic libraries:
0x00007ff6973c0000 - 0x00007ff6973f7000 	D:\Program Files\Java\jdk1.8.0_92\bin\java.exe
0x00007ffccdbf0000 - 0x00007ffccddc1000 	C:\WINDOWS\SYSTEM32\ntdll.dll
0x00007ffcccee0000 - 0x00007ffcccf8b000 	C:\WINDOWS\System32\KERNEL32.DLL
0x00007ffcca860000 - 0x00007ffccaa7d000 	C:\WINDOWS\System32\KERNELBASE.dll
0x00007ffccb170000 - 0x00007ffccb212000 	C:\WINDOWS\System32\ADVAPI32.dll
0x00007ffcccc60000 - 0x00007ffccccfe000 	C:\WINDOWS\System32\msvcrt.dll
0x00007ffccd580000 - 0x00007ffccd5d9000 	C:\WINDOWS\System32\sechost.dll
0x00007ffcccaa0000 - 0x00007ffcccbc1000 	C:\WINDOWS\System32\RPCRT4.dll
0x00007ffccd410000 - 0x00007ffccd575000 	C:\WINDOWS\System32\USER32.dll
0x00007ffcca620000 - 0x00007ffcca63e000 	C:\WINDOWS\System32\win32u.dll
0x00007ffccb4e0000 - 0x00007ffccb514000 	C:\WINDOWS\System32\GDI32.dll
0x00007ffcca490000 - 0x00007ffcca612000 	C:\WINDOWS\System32\gdi32full.dll
0x00007ffcbf550000 - 0x00007ffcbf7c9000 	C:\WINDOWS\WinSxS\amd64_microsoft.windows.common-controls_6595b64144ccf1df_6.0.14393.0_none_2d0f50fcbdb171b8\COMCTL32.dll
0x00007ffcccff0000 - 0x00007ffccd2b7000 	C:\WINDOWS\System32\combase.dll
0x00007ffcca210000 - 0x00007ffcca305000 	C:\WINDOWS\System32\ucrtbase.dll
0x00007ffcca310000 - 0x00007ffcca37a000 	C:\WINDOWS\System32\bcryptPrimitives.dll
0x00007ffccdbb0000 - 0x00007ffccdbde000 	C:\WINDOWS\System32\IMM32.DLL
0x0000000059720000 - 0x00000000597f2000 	D:\Program Files\Java\jdk1.8.0_92\jre\bin\msvcr100.dll
0x0000000059bb0000 - 0x000000005a446000 	D:\Program Files\Java\jdk1.8.0_92\jre\bin\server\jvm.dll
0x00007ffccd2c0000 - 0x00007ffccd2c8000 	C:\WINDOWS\System32\PSAPI.DLL
0x00007ffcbf4c0000 - 0x00007ffcbf4c9000 	C:\WINDOWS\SYSTEM32\WSOCK32.dll
0x00007ffccb520000 - 0x00007ffccb58a000 	C:\WINDOWS\System32\WS2_32.dll
0x00007ffcc8590000 - 0x00007ffcc85b3000 	C:\WINDOWS\SYSTEM32\WINMM.dll
0x00007ffcc0100000 - 0x00007ffcc010a000 	C:\WINDOWS\SYSTEM32\VERSION.dll
0x00007ffcc8530000 - 0x00007ffcc855b000 	C:\WINDOWS\SYSTEM32\WINMMBASE.dll
0x00007ffcca810000 - 0x00007ffcca852000 	C:\WINDOWS\System32\cfgmgr32.dll
0x0000000059ba0000 - 0x0000000059baf000 	D:\Program Files\Java\jdk1.8.0_92\jre\bin\verify.dll
0x0000000059b70000 - 0x0000000059b99000 	D:\Program Files\Java\jdk1.8.0_92\jre\bin\java.dll
0x0000000059b50000 - 0x0000000059b66000 	D:\Program Files\Java\jdk1.8.0_92\jre\bin\zip.dll
0x00007ffccb590000 - 0x00007ffccca98000 	C:\WINDOWS\System32\SHELL32.dll
0x00007ffccaa80000 - 0x00007ffccb15a000 	C:\WINDOWS\System32\windows.storage.dll
0x00007ffcca0d0000 - 0x00007ffcca11c000 	C:\WINDOWS\System32\powrprof.dll
0x00007ffccce60000 - 0x00007ffccceb2000 	C:\WINDOWS\System32\shlwapi.dll
0x00007ffcca140000 - 0x00007ffcca14f000 	C:\WINDOWS\System32\kernel.appcore.dll
0x00007ffcca160000 - 0x00007ffcca209000 	C:\WINDOWS\System32\shcore.dll
0x00007ffcca120000 - 0x00007ffcca134000 	C:\WINDOWS\System32\profapi.dll

VM Arguments:
jvm_args: -Djava.awt.headless=true -Xmx1024M -Dfile.encoding=GBK -Duser.country=CN -Duser.language=zh -Duser.variant 
java_command: com.android.dx.command.Main --dex --force-jumbo --num-threads=4 --output F:\AndroidStudioProjects\MyApplication2\l05_handler\build\intermediates\pre-dexed\debug\com.android.support-support-core-ui-24.2.0_de74169727293397131daf346fbdae7c5c7fcf92.jar F:\AndroidStudioProjects\MyApplication2\l05_handler\build\intermediates\exploded-aar\com.android.support\support-core-ui\24.2.0\jars\classes.jar
java_class_path (initial): D:\Android_developer_tools\android-sdk-windows\build-tools\24.0.2\lib\dx.jar
Launcher Type: SUN_STANDARD

Environment Variables:
JAVA_HOME=D:\Program Files\Java\jdk1.8.0_92
CLASSPATH=.;D:\Program Files\Java\jdk1.8.0_92\lib\dt.jar;D:\Program Files\Java\jdk1.8.0_92\lib\tools.jar
PATH=D:\Program Files\Java\jdk1.8.0_92\bin;D:\Program Files\Java\jdk1.8.0_92\jre\bin;C:\WINDOWS\system32;C:\WINDOWS;C:\WINDOWS\System32\Wbem;C:\WINDOWS\System32\WindowsPowerShell\v1.0\;C:\Program Files (x86)\ATI Technologies\ATI.ACE\Core-Static;C:\Program Files\Lenovo\Bluetooth Software\;C:\Program Files\Lenovo\Bluetooth Software\syswow64;C:\Program Files (x86)\AMD\ATI.ACE\Core-Static;D:\Program Files (x86)\MySQL\MySQL Server 5.5\bin;D:\Android_developer_tools\android-sdk-windows\platform-tools;D:\Android_developer_tools\android-sdk-windows\tools;C:\Users\Administrator\AppData\Local\Microsoft\WindowsApps;
USERNAME=Administrator
OS=Windows_NT
PROCESSOR_IDENTIFIER=Intel64 Family 6 Model 58 Stepping 9, GenuineIntel



---------------  S Y S T E M  ---------------

OS: Windows 10.0 , 64 bit Build 14393 (10.0.14393.0)

CPU:total 4 (2 cores per cpu, 2 threads per core) family 6 model 58 stepping 9, cmov, cx8, fxsr, mmx, sse, sse2, sse3, ssse3, sse4.1, sse4.2, popcnt, avx, clmul, erms, ht, tsc, tscinvbit, tscinv

Memory: 4k page, physical 4060004k(468536k free), swap 6157156k(5284k free)

vm_info: Java HotSpot(TM) 64-Bit Server VM (25.92-b14) for windows-amd64 JRE (1.8.0_92-b14), built on Mar 31 2016 21:03:04 by "java_re" with MS VC++ 10.0 (VS2010)

time: Tue Sep 06 21:05:17 2016
elapsed time: 6 seconds (0d 0h 0m 6s)

