#
# There is insufficient memory for the Java Runtime Environment to continue.
# Native memory allocation (malloc) failed to allocate 32744 bytes for ChunkPool::allocate
# Possible reasons:
#   The system is out of physical RAM or swap space
#   In 32 bit mode, the process size limit was hit
# Possible solutions:
#   Reduce memory load on the system
#   Increase physical memory or swap space
#   Check if swap backing store is full
#   Use 64 bit Java on a 64 bit OS
#   Decrease Java heap size (-Xmx/-Xms)
#   Decrease number of Java threads
#   Decrease Java thread stack sizes (-Xss)
#   Set larger code cache with -XX:ReservedCodeCacheSize=
# This output file may be truncated or incomplete.
#
#  Out of Memory Error (allocation.cpp:273), pid=6332, tid=0x0000000000001fc8
#
# JRE version: Java(TM) SE Runtime Environment (8.0_92-b14) (build 1.8.0_92-b14)
# Java VM: Java HotSpot(TM) 64-Bit Server VM (25.92-b14 mixed mode windows-amd64 compressed oops)
# Failed to write core dump. Minidumps are not enabled by default on client versions of Windows
#

---------------  T H R E A D  ---------------

Current thread (0x0000000014db9800):  JavaThread "C2 CompilerThread1" daemon [_thread_in_native, id=8136, stack(0x0000000016830000,0x0000000016930000)]

Stack: [0x0000000016830000,0x0000000016930000]
[error occurred during error reporting (printing stack bounds), id 0xc0000005]

Native frames: (J=compiled Java code, j=interpreted, Vv=VM code, C=native code)


Current CompileTask:
C2:   6579 1891   !   4       com.android.dx.cf.cst.ConstantPoolParser::parse0 (731 bytes)


---------------  P R O C E S S  ---------------

Java Threads: ( => current thread )
  0x000000001639b000 JavaThread "pool-1-thread-4" [_thread_in_Java, id=8584, stack(0x0000000017030000,0x0000000017130000)]
  0x000000001639a800 JavaThread "pool-1-thread-3" [_thread_in_Java, id=8440, stack(0x0000000016f30000,0x0000000017030000)]
  0x0000000016399800 JavaThread "pool-1-thread-2" [_thread_in_Java, id=3644, stack(0x0000000016e30000,0x0000000016f30000)]
  0x0000000016398800 JavaThread "pool-2-thread-1" [_thread_blocked, id=7620, stack(0x0000000016d30000,0x0000000016e30000)]
  0x0000000016395800 JavaThread "pool-1-thread-1" [_thread_in_Java, id=9624, stack(0x0000000016c30000,0x0000000016d30000)]
  0x0000000016190800 JavaThread "Service Thread" daemon [_thread_blocked, id=3508, stack(0x0000000016a30000,0x0000000016b30000)]
  0x0000000014dbc800 JavaThread "C1 CompilerThread2" daemon [_thread_blocked, id=5108, stack(0x0000000016930000,0x0000000016a30000)]
=>0x0000000014db9800 JavaThread "C2 CompilerThread1" daemon [_thread_in_native, id=8136, stack(0x0000000016830000,0x0000000016930000)]
  0x000000000266a000 JavaThread "C2 CompilerThread0" daemon [_thread_in_native, id=1456, stack(0x0000000016730000,0x0000000016830000)]
  0x0000000014d72000 JavaThread "Attach Listener" daemon [_thread_blocked, id=9384, stack(0x0000000016630000,0x0000000016730000)]
  0x0000000016173800 JavaThread "Signal Dispatcher" daemon [_thread_blocked, id=3612, stack(0x0000000016530000,0x0000000016630000)]
  0x0000000014d4a000 JavaThread "Finalizer" daemon [_thread_blocked, id=4636, stack(0x0000000015fc0000,0x00000000160c0000)]
  0x0000000014d29000 JavaThread "Reference Handler" daemon [_thread_blocked, id=9316, stack(0x0000000015ec0000,0x0000000015fc0000)]
  0x000000000066e000 JavaThread "main" [_thread_in_Java, id=1472, stack(0x0000000002370000,0x0000000002470000)]

Other Threads:
  0x0000000014d27000 VMThread [stack: 0x0000000015dc0000,0x0000000015ec0000] [id=2092]
  0x00000000161ee800 WatcherThread [stack: 0x0000000016b30000,0x0000000016c30000] [id=748]

VM state:synchronizing (normal execution)

VM Mutex/Monitor currently owned by a thread:  ([mutex/lock_event])
[0x000000000066d120] Safepoint_lock - owner thread: 0x0000000014d27000
[0x000000000066c820] Threads_lock - owner thread: 0x0000000014d27000

Heap:
 PSYoungGen      total 138752K, used 49711K [0x00000000eab00000, 0x00000000f4400000, 0x0000000100000000)
  eden space 125440K, 30% used [0x00000000eab00000,0x00000000ed05be90,0x00000000f2580000)
  from space 13312K, 86% used [0x00000000f3400000,0x00000000f3f2fe60,0x00000000f4100000)
  to   space 14848K, 0% used [0x00000000f2580000,0x00000000f2580000,0x00000000f3400000)
 ParOldGen       total 42496K, used 22075K [0x00000000c0000000, 0x00000000c2980000, 0x00000000eab00000)
  object space 42496K, 51% used [0x00000000c0000000,0x00000000c158ede8,0x00000000c2980000)
 Metaspace       used 6571K, capacity 7256K, committed 7424K, reserved 1056768K
  class space    used 628K, capacity 656K, committed 768K, reserved 1048576K

Card table byte_map: [0x0000000011a30000,0x0000000011c40000] byte_map_base: 0x0000000011430000

Marking Bits: (ParMarkBitMap*) 0x000000005a3c64f0
 Begin Bits: [0x00000000121a0000, 0x00000000131a0000)
 End Bits:   [0x00000000131a0000, 0x00000000141a0000)

Polling page: 0x0000000001ff0000

CodeCache: size=245760Kb used=7954Kb max_used=7954Kb free=237805Kb
 bounds [0x0000000002670000, 0x0000000002e40000, 0x0000000011670000]
 total_blobs=2162 nmethods=1890 adapters=184
 compilation: enabled

Compilation events (10 events):
Event: 6.300 Thread 0x0000000014dbc800 1991       2       java.util.ArrayDeque::addLast (53 bytes)
Event: 6.300 Thread 0x0000000014dbc800 nmethod 1991 0x0000000002e2a090 code [0x0000000002e2a220, 0x0000000002e2a4d8]
Event: 6.302 Thread 0x0000000014dbc800 1992 %     3       java.lang.String::lastIndexOf @ 62 (151 bytes)
Event: 6.304 Thread 0x0000000014dbc800 nmethod 1992% 0x0000000002e27150 code [0x0000000002e27300, 0x0000000002e27930]
Event: 6.304 Thread 0x0000000014dbc800 1993       3       java.lang.String::lastIndexOf (151 bytes)
Event: 6.305 Thread 0x0000000014dbc800 nmethod 1993 0x0000000002e265d0 code [0x0000000002e26780, 0x0000000002e26cd0]
Event: 6.330 Thread 0x0000000014dbc800 1994       2       com.android.dx.dex.code.RopTranslator::outputBlock (202 bytes)
Event: 6.333 Thread 0x0000000014dbc800 nmethod 1994 0x0000000002e24510 code [0x0000000002e247c0, 0x0000000002e25228]
Event: 6.348 Thread 0x0000000014dbc800 1995       2       com.android.dx.cf.direct.StdAttributeFactory::sourceFile (94 bytes)
Event: 6.352 Thread 0x0000000014dbc800 nmethod 1995 0x0000000002e37cd0 code [0x0000000002e37fc0, 0x0000000002e38f48]

GC Heap History (10 events):
Event: 2.312 GC heap before
{Heap before GC invocations=2 (full 0):
 PSYoungGen      total 18432K, used 18400K [0x00000000eab00000, 0x00000000ecf00000, 0x0000000100000000)
  eden space 15872K, 100% used [0x00000000eab00000,0x00000000eba80000,0x00000000eba80000)
  from space 2560K, 98% used [0x00000000eba80000,0x00000000ebcf8090,0x00000000ebd00000)
  to   space 2560K, 0% used [0x00000000ecc80000,0x00000000ecc80000,0x00000000ecf00000)
 ParOldGen       total 42496K, used 703K [0x00000000c0000000, 0x00000000c2980000, 0x00000000eab00000)
  object space 42496K, 1% used [0x00000000c0000000,0x00000000c00afde8,0x00000000c2980000)
 Metaspace       used 6036K, capacity 6902K, committed 7040K, reserved 1056768K
  class space    used 608K, capacity 622K, committed 640K, reserved 1048576K
Event: 2.327 GC heap after
Heap after GC invocations=2 (full 0):
 PSYoungGen      total 34304K, used 2539K [0x00000000eab00000, 0x00000000ecf00000, 0x0000000100000000)
  eden space 31744K, 0% used [0x00000000eab00000,0x00000000eab00000,0x00000000eca00000)
  from space 2560K, 99% used [0x00000000ecc80000,0x00000000ecefae78,0x00000000ecf00000)
  to   space 2560K, 0% used [0x00000000eca00000,0x00000000eca00000,0x00000000ecc80000)
 ParOldGen       total 42496K, used 2704K [0x00000000c0000000, 0x00000000c2980000, 0x00000000eab00000)
  object space 42496K, 6% used [0x00000000c0000000,0x00000000c02a43d0,0x00000000c2980000)
 Metaspace       used 6036K, capacity 6902K, committed 7040K, reserved 1056768K
  class space    used 608K, capacity 622K, committed 640K, reserved 1048576K
}
Event: 3.078 GC heap before
{Heap before GC invocations=3 (full 0):
 PSYoungGen      total 34304K, used 34283K [0x00000000eab00000, 0x00000000ecf00000, 0x0000000100000000)
  eden space 31744K, 100% used [0x00000000eab00000,0x00000000eca00000,0x00000000eca00000)
  from space 2560K, 99% used [0x00000000ecc80000,0x00000000ecefae78,0x00000000ecf00000)
  to   space 2560K, 0% used [0x00000000eca00000,0x00000000eca00000,0x00000000ecc80000)
 ParOldGen       total 42496K, used 2704K [0x00000000c0000000, 0x00000000c2980000, 0x00000000eab00000)
  object space 42496K, 6% used [0x00000000c0000000,0x00000000c02a43d0,0x00000000c2980000)
 Metaspace       used 6228K, capacity 7030K, committed 7296K, reserved 1056768K
  class space    used 608K, capacity 622K, committed 640K, reserved 1048576K
Event: 3.100 GC heap after
Heap after GC invocations=3 (full 0):
 PSYoungGen      total 34304K, used 2541K [0x00000000eab00000, 0x00000000eee00000, 0x0000000100000000)
  eden space 31744K, 0% used [0x00000000eab00000,0x00000000eab00000,0x00000000eca00000)
  from space 2560K, 99% used [0x00000000eca00000,0x00000000ecc7b790,0x00000000ecc80000)
  to   space 2560K, 0% used [0x00000000eeb80000,0x00000000eeb80000,0x00000000eee00000)
 ParOldGen       total 42496K, used 7335K [0x00000000c0000000, 0x00000000c2980000, 0x00000000eab00000)
  object space 42496K, 17% used [0x00000000c0000000,0x00000000c0729cd8,0x00000000c2980000)
 Metaspace       used 6228K, capacity 7030K, committed 7296K, reserved 1056768K
  class space    used 608K, capacity 622K, committed 640K, reserved 1048576K
}
Event: 3.574 GC heap before
{Heap before GC invocations=4 (full 0):
 PSYoungGen      total 34304K, used 34285K [0x00000000eab00000, 0x00000000eee00000, 0x0000000100000000)
  eden space 31744K, 100% used [0x00000000eab00000,0x00000000eca00000,0x00000000eca00000)
  from space 2560K, 99% used [0x00000000eca00000,0x00000000ecc7b790,0x00000000ecc80000)
  to   space 2560K, 0% used [0x00000000eeb80000,0x00000000eeb80000,0x00000000eee00000)
 ParOldGen       total 42496K, used 7335K [0x00000000c0000000, 0x00000000c2980000, 0x00000000eab00000)
  object space 42496K, 17% used [0x00000000c0000000,0x00000000c0729cd8,0x00000000c2980000)
 Metaspace       used 6307K, capacity 7094K, committed 7296K, reserved 1056768K
  class space    used 608K, capacity 622K, committed 640K, reserved 1048576K
Event: 3.617 GC heap after
Heap after GC invocations=4 (full 0):
 PSYoungGen      total 66048K, used 2544K [0x00000000eab00000, 0x00000000eee00000, 0x0000000100000000)
  eden space 63488K, 0% used [0x00000000eab00000,0x00000000eab00000,0x00000000ee900000)
  from space 2560K, 99% used [0x00000000eeb80000,0x00000000eedfc230,0x00000000eee00000)
  to   space 2560K, 0% used [0x00000000ee900000,0x00000000ee900000,0x00000000eeb80000)
 ParOldGen       total 42496K, used 12358K [0x00000000c0000000, 0x00000000c2980000, 0x00000000eab00000)
  object space 42496K, 29% used [0x00000000c0000000,0x00000000c0c11968,0x00000000c2980000)
 Metaspace       used 6307K, capacity 7094K, committed 7296K, reserved 1056768K
  class space    used 608K, capacity 622K, committed 640K, reserved 1048576K
}
Event: 4.371 GC heap before
{Heap before GC invocations=5 (full 0):
 PSYoungGen      total 66048K, used 66032K [0x00000000eab00000, 0x00000000eee00000, 0x0000000100000000)
  eden space 63488K, 100% used [0x00000000eab00000,0x00000000ee900000,0x00000000ee900000)
  from space 2560K, 99% used [0x00000000eeb80000,0x00000000eedfc230,0x00000000eee00000)
  to   space 2560K, 0% used [0x00000000ee900000,0x00000000ee900000,0x00000000eeb80000)
 ParOldGen       total 42496K, used 12358K [0x00000000c0000000, 0x00000000c2980000, 0x00000000eab00000)
  object space 42496K, 29% used [0x00000000c0000000,0x00000000c0c11968,0x00000000c2980000)
 Metaspace       used 6372K, capacity 7158K, committed 7296K, reserved 1056768K
  class space    used 609K, capacity 622K, committed 640K, reserved 1048576K
Event: 4.447 GC heap after
Heap after GC invocations=5 (full 0):
 PSYoungGen      total 66048K, used 2556K [0x00000000eab00000, 0x00000000f4100000, 0x0000000100000000)
  eden space 63488K, 0% used [0x00000000eab00000,0x00000000eab00000,0x00000000ee900000)
  from space 2560K, 99% used [0x00000000ee900000,0x00000000eeb7f138,0x00000000eeb80000)
  to   space 13312K, 0% used [0x00000000f3400000,0x00000000f3400000,0x00000000f4100000)
 ParOldGen       total 42496K, used 22067K [0x00000000c0000000, 0x00000000c2980000, 0x00000000eab00000)
  object space 42496K, 51% used [0x00000000c0000000,0x00000000c158cde8,0x00000000c2980000)
 Metaspace       used 6372K, capacity 7158K, committed 7296K, reserved 1056768K
  class space    used 609K, capacity 622K, committed 640K, reserved 1048576K
}
Event: 5.335 GC heap before
{Heap before GC invocations=6 (full 0):
 PSYoungGen      total 66048K, used 66044K [0x00000000eab00000, 0x00000000f4100000, 0x0000000100000000)
  eden space 63488K, 100% used [0x00000000eab00000,0x00000000ee900000,0x00000000ee900000)
  from space 2560K, 99% used [0x00000000ee900000,0x00000000eeb7f138,0x00000000eeb80000)
  to   space 13312K, 0% used [0x00000000f3400000,0x00000000f3400000,0x00000000f4100000)
 ParOldGen       total 42496K, used 22067K [0x00000000c0000000, 0x00000000c2980000, 0x00000000eab00000)
  object space 42496K, 51% used [0x00000000c0000000,0x00000000c158cde8,0x00000000c2980000)
 Metaspace       used 6492K, capacity 7192K, committed 7424K, reserved 1056768K
  class space    used 628K, capacity 656K, committed 768K, reserved 1048576K
Event: 5.391 GC heap after
Heap after GC invocations=6 (full 0):
 PSYoungGen      total 138752K, used 11455K [0x00000000eab00000, 0x00000000f4400000, 0x0000000100000000)
  eden space 125440K, 0% used [0x00000000eab00000,0x00000000eab00000,0x00000000f2580000)
  from space 13312K, 86% used [0x00000000f3400000,0x00000000f3f2fe60,0x00000000f4100000)
  to   space 14848K, 0% used [0x00000000f2580000,0x00000000f2580000,0x00000000f3400000)
 ParOldGen       total 42496K, used 22075K [0x00000000c0000000, 0x00000000c2980000, 0x00000000eab00000)
  object space 42496K, 51% used [0x00000000c0000000,0x00000000c158ede8,0x00000000c2980000)
 Metaspace       used 6492K, capacity 7192K, committed 7424K, reserved 1056768K
  class space    used 628K, capacity 656K, committed 768K, reserved 1048576K
}

Deoptimization events (10 events):
Event: 4.765 Thread 0x000000000066e000 Uncommon trap: reason=unstable_if action=reinterpret pc=0x00000000029904d8 method=java.util.HashMap.putVal(ILjava/lang/Object;Ljava/lang/Object;ZZ)Ljava/lang/Object; @ 162
Event: 4.834 Thread 0x000000001639a800 Uncommon trap: reason=bimorphic action=maybe_recompile pc=0x0000000002a35d8c method=java.util.HashMap.putVal(ILjava/lang/Object;Ljava/lang/Object;ZZ)Ljava/lang/Object; @ 203
Event: 4.834 Thread 0x000000001639a800 Uncommon trap: reason=bimorphic action=maybe_recompile pc=0x0000000002a35d8c method=java.util.HashMap.putVal(ILjava/lang/Object;Ljava/lang/Object;ZZ)Ljava/lang/Object; @ 203
Event: 4.847 Thread 0x000000001639a800 Uncommon trap: reason=unstable_if action=reinterpret pc=0x0000000002a358e0 method=java.util.HashMap.putVal(ILjava/lang/Object;Ljava/lang/Object;ZZ)Ljava/lang/Object; @ 162
Event: 5.229 Thread 0x000000000066e000 Uncommon trap: reason=unstable_if action=reinterpret pc=0x0000000002bf67cc method=com.android.dx.ssa.MoveParamCombiner$1.visitNonMoveInsn(Lcom/android/dx/ssa/NormalSsaInsn;)V @ 27
Event: 5.319 Thread 0x0000000016395800 Uncommon trap: reason=unstable_if action=reinterpret pc=0x0000000002dabc18 method=java.util.HashMap.getNode(ILjava/lang/Object;)Ljava/util/HashMap$Node; @ 84
Event: 5.391 Thread 0x0000000016399800 Uncommon trap: reason=bimorphic action=maybe_recompile pc=0x0000000002d5ee98 method=com.android.dx.ssa.LiteralOpUpgrader.tryReplacingWithConstant(Lcom/android/dx/ssa/NormalSsaInsn;)Z @ 62
Event: 5.424 Thread 0x000000000066e000 Uncommon trap: reason=unstable_if action=reinterpret pc=0x0000000002de017c method=java.util.HashMap.getNode(ILjava/lang/Object;)Ljava/util/HashMap$Node; @ 84
Event: 5.424 Thread 0x000000000066e000 Uncommon trap: reason=unstable_if action=reinterpret pc=0x0000000002be4504 method=java.util.HashMap.getNode(ILjava/lang/Object;)Ljava/util/HashMap$Node; @ 84
Event: 5.875 Thread 0x000000001639b000 Uncommon trap: reason=unstable_if action=reinterpret pc=0x0000000002d82a48 method=java.util.HashMap.resize()[Ljava/util/HashMap$Node; @ 206

Internal exceptions (5 events):
Event: 0.445 Thread 0x000000000066e000 Exception <a 'java/lang/NoSuchMethodError': Method sun.misc.Unsafe.defineClass(Ljava/lang/String;[BII)Ljava/lang/Class; name or signature does not match> (0x00000000eab07cc0) thrown at [D:\re\workspace\8-2-build-windows-amd64-cygwin\jdk8u92\6642\hotspot\srs*Ï∆Sv‹?
Event: 0.445 Thread 0x000000000066e000 Exception <a 'java/lang/NoSuchMethodError': Method sun.misc.Unsafe.prefetchRead(Ljava/lang/Object;J)V name or signature does not match> (0x00000000eab07fa8) thrown at [D:\re\workspace\8-2-build-windows-amd64-cygwin\jdk8u92\6642\hotspot\src\share\vm\prims\j»Ç:@
Event: 4.768 Thread 0x000000000066e000 Exception <a 'java/lang/ArrayIndexOutOfBoundsException': 18> (0x00000000ec411e70) thrown at [D:\re\workspace\8-2-build-windows-amd64-cygwin\jdk8u92\6642\hotspot\src\share\vm\interpreter\interpreterRuntime.cpp, line 366]
Event: 4.839 Thread 0x000000000066e000 Exception <a 'java/lang/ArrayIndexOutOfBoundsException': 145> (0x00000000ec4139f0) thrown at [D:\re\workspace\8-2-build-windows-amd64-cygwin\jdk8u92\6642\hotspot\src\share\vm\interpreter\interpreterRuntime.cpp, line 366]
Event: 4.841 Thread 0x000000000066e000 Exception <a 'java/lang/ArrayIndexOutOfBoundsException'> (0x00000000ec414cd8) thrown at [D:\re\workspace\8-2-build-windows-amd64-cygwin\jdk8u92\6642\hotspot\src\share\vm\runtime\sharedRuntime.cpp, line 605]

Events (10 events):
Event: 5.787 Thread 0x000000001639a800 DEOPT UNPACKING pc=0x00000000026b787f sp=0x000000001702ea28 mode 0
Event: 5.875 Thread 0x000000001639b000 Uncommon trap: trap_request=0xffffff65 fr.pc=0x0000000002d82a48
Event: 5.875 Thread 0x000000001639b000 DEOPT PACKING pc=0x0000000002d82a48 sp=0x000000001712dbb0
Event: 5.875 Thread 0x000000001639b000 DEOPT UNPACKING pc=0x00000000026b582a sp=0x000000001712db18 mode 2
Event: 6.276 Thread 0x000000001639a800 DEOPT PACKING pc=0x0000000002ab2ff5 sp=0x000000001702e890
Event: 6.276 Thread 0x000000001639a800 DEOPT UNPACKING pc=0x00000000026b787f sp=0x000000001702e570 mode 0
Event: 6.305 Thread 0x000000000066e000 DEOPT PACKING pc=0x0000000002cd1028 sp=0x000000000246ec30
Event: 6.305 Thread 0x000000000066e000 DEOPT UNPACKING pc=0x00000000026b787f sp=0x000000000246e930 mode 0
Event: 6.330 Thread 0x0000000016395800 DEOPT PACKING pc=0x00000000029fe03d sp=0x0000000016d2ee20
Event: 6.330 Thread 0x0000000016395800 DEOPT UNPACKING pc=0x00000000026b787f sp=0x0000000016d2ebc0 mode 0


Dynamic libraries:
0x00007ff6973c0000 - 0x00007ff6973f7000 	D:\Program Files\Java\jdk1.8.0_92\bin\java.exe
0x00007ffccdbf0000 - 0x00007ffccddc1000 	C:\WINDOWS\SYSTEM32\ntdll.dll
0x00007ffcccee0000 - 0x00007ffcccf8b000 	C:\WINDOWS\System32\KERNEL32.DLL
0x00007ffcca860000 - 0x00007ffccaa7d000 	C:\WINDOWS\System32\KERNELBASE.dll
0x00007ffccb170000 - 0x00007ffccb212000 	C:\WINDOWS\System32\ADVAPI32.dll
0x00007ffcccc60000 - 0x00007ffccccfe000 	C:\WINDOWS\System32\msvcrt.dll
0x00007ffccd580000 - 0x00007ffccd5d9000 	C:\WINDOWS\System32\sechost.dll
0x00007ffcccaa0000 - 0x00007ffcccbc1000 	C:\WINDOWS\System32\RPCRT4.dll
0x00007ffccd410000 - 0x00007ffccd575000 	C:\WINDOWS\System32\USER32.dll
0x00007ffcca620000 - 0x00007ffcca63e000 	C:\WINDOWS\System32\win32u.dll
0x00007ffccb4e0000 - 0x00007ffccb514000 	C:\WINDOWS\System32\GDI32.dll
0x00007ffcca490000 - 0x00007ffcca612000 	C:\WINDOWS\System32\gdi32full.dll
0x00007ffcbf550000 - 0x00007ffcbf7c9000 	C:\WINDOWS\WinSxS\amd64_microsoft.windows.common-controls_6595b64144ccf1df_6.0.14393.0_none_2d0f50fcbdb171b8\COMCTL32.dll
0x00007ffcccff0000 - 0x00007ffccd2b7000 	C:\WINDOWS\System32\combase.dll
0x00007ffcca210000 - 0x00007ffcca305000 	C:\WINDOWS\System32\ucrtbase.dll
0x00007ffcca310000 - 0x00007ffcca37a000 	C:\WINDOWS\System32\bcryptPrimitives.dll
0x00007ffccdbb0000 - 0x00007ffccdbde000 	C:\WINDOWS\System32\IMM32.DLL
0x0000000059100000 - 0x00000000591d2000 	D:\Program Files\Java\jdk1.8.0_92\jre\bin\msvcr100.dll
0x0000000059bb0000 - 0x000000005a446000 	D:\Program Files\Java\jdk1.8.0_92\jre\bin\server\jvm.dll
0x00007ffccd2c0000 - 0x00007ffccd2c8000 	C:\WINDOWS\System32\PSAPI.DLL
0x00007ffcbf4c0000 - 0x00007ffcbf4c9000 	C:\WINDOWS\SYSTEM32\WSOCK32.dll
0x00007ffccb520000 - 0x00007ffccb58a000 	C:\WINDOWS\System32\WS2_32.dll
0x00007ffcc8590000 - 0x00007ffcc85b3000 	C:\WINDOWS\SYSTEM32\WINMM.dll
0x00007ffcc0100000 - 0x00007ffcc010a000 	C:\WINDOWS\SYSTEM32\VERSION.dll
0x00007ffcc8530000 - 0x00007ffcc855b000 	C:\WINDOWS\SYSTEM32\WINMMBASE.dll
0x00007ffcca810000 - 0x00007ffcca852000 	C:\WINDOWS\System32\cfgmgr32.dll
0x0000000059ba0000 - 0x0000000059baf000 	D:\Program Files\Java\jdk1.8.0_92\jre\bin\verify.dll
0x0000000059b70000 - 0x0000000059b99000 	D:\Program Files\Java\jdk1.8.0_92\jre\bin\java.dll
0x0000000059b50000 - 0x0000000059b66000 	D:\Program Files\Java\jdk1.8.0_92\jre\bin\zip.dll
0x00007ffccb590000 - 0x00007ffccca98000 	C:\WINDOWS\System32\SHELL32.dll
0x00007ffccaa80000 - 0x00007ffccb15a000 	C:\WINDOWS\System32\windows.storage.dll
0x00007ffcca0d0000 - 0x00007ffcca11c000 	C:\WINDOWS\System32\powrprof.dll
0x00007ffccce60000 - 0x00007ffccceb2000 	C:\WINDOWS\System32\shlwapi.dll
0x00007ffcca140000 - 0x00007ffcca14f000 	C:\WINDOWS\System32\kernel.appcore.dll
0x00007ffcca160000 - 0x00007ffcca209000 	C:\WINDOWS\System32\shcore.dll
0x00007ffcca120000 - 0x00007ffcca134000 	C:\WINDOWS\System32\profapi.dll

VM Arguments:
jvm_args: -Djava.awt.headless=true -Xmx1024M -Dfile.encoding=GBK -Duser.country=CN -Duser.language=zh -Duser.variant 
java_command: com.android.dx.command.Main --dex --force-jumbo --num-threads=4 --output F:\AndroidStudioProjects\MyApplication2\l05_handler\build\intermediates\pre-dexed\debug\com.android.support-appcompat-v7-24.2.0_a1e92e413e05b62dc9752ea71364b79a5e231fea.jar F:\AndroidStudioProjects\MyApplication2\l05_handler\build\intermediates\exploded-aar\com.android.support\appcompat-v7\24.2.0\jars\classes.jar
java_class_path (initial): D:\Android_developer_tools\android-sdk-windows\build-tools\24.0.2\lib\dx.jar
Launcher Type: SUN_STANDARD

Environment Variables:
JAVA_HOME=D:\Program Files\Java\jdk1.8.0_92
CLASSPATH=.;D:\Program Files\Java\jdk1.8.0_92\lib\dt.jar;D:\Program Files\Java\jdk1.8.0_92\lib\tools.jar
PATH=D:\Program Files\Java\jdk1.8.0_92\bin;D:\Program Files\Java\jdk1.8.0_92\jre\bin;C:\WINDOWS\system32;C:\WINDOWS;C:\WINDOWS\System32\Wbem;C:\WINDOWS\System32\WindowsPowerShell\v1.0\;C:\Program Files (x86)\ATI Technologies\ATI.ACE\Core-Static;C:\Program Files\Lenovo\Bluetooth Software\;C:\Program Files\Lenovo\Bluetooth Software\syswow64;C:\Program Files (x86)\AMD\ATI.ACE\Core-Static;D:\Program Files (x86)\MySQL\MySQL Server 5.5\bin;D:\Android_developer_tools\android-sdk-windows\platform-tools;D:\Android_developer_tools\android-sdk-windows\tools;C:\Users\Administrator\AppData\Local\Microsoft\WindowsApps;
USERNAME=Administrator
OS=Windows_NT
PROCESSOR_IDENTIFIER=Intel64 Family 6 Model 58 Stepping 9, GenuineIntel



---------------  S Y S T E M  ---------------

OS: Windows 10.0 , 64 bit Build 14393 (10.0.14393.0)

CPU:total 4 (2 cores per cpu, 2 threads per core) family 6 model 58 stepping 9, cmov, cx8, fxsr, mmx, sse, sse2, sse3, ssse3, sse4.1, sse4.2, popcnt, avx, clmul, erms, ht, tsc, tscinvbit, tscinv

Memory: 4k page, physical 4060004k(262076k free), swap 6157156k(5136k free)

vm_info: Java HotSpot(TM) 64-Bit Server VM (25.92-b14) for windows-amd64 JRE (1.8.0_92-b14), built on Mar 31 2016 21:03:04 by "java_re" with MS VC++ 10.0 (VS2010)

time: Tue Sep 06 18:48:10 2016
elapsed time: 6 seconds (0d 0h 0m 6s)

