#
# There is insufficient memory for the Java Runtime Environment to continue.
# Native memory allocation (malloc) failed to allocate 262096 bytes for Chunk::new
# Possible reasons:
#   The system is out of physical RAM or swap space
#   In 32 bit mode, the process size limit was hit
# Possible solutions:
#   Reduce memory load on the system
#   Increase physical memory or swap space
#   Check if swap backing store is full
#   Use 64 bit Java on a 64 bit OS
#   Decrease Java heap size (-Xmx/-Xms)
#   Decrease number of Java threads
#   Decrease Java thread stack sizes (-Xss)
#   Set larger code cache with -XX:ReservedCodeCacheSize=
# This output file may be truncated or incomplete.
#
#  Out of Memory Error (allocation.cpp:390), pid=8204, tid=0x0000000000000920
#
# JRE version: Java(TM) SE Runtime Environment (8.0_92-b14) (build 1.8.0_92-b14)
# Java VM: Java HotSpot(TM) 64-Bit Server VM (25.92-b14 mixed mode windows-amd64 compressed oops)
# Failed to write core dump. Minidumps are not enabled by default on client versions of Windows
#

---------------  T H R E A D  ---------------

Current thread (0x000000000292c800):  JavaThread "C2 CompilerThread1" daemon [_thread_in_native, id=2336, stack(0x0000000016b20000,0x0000000016c20000)]

Stack: [0x0000000016b20000,0x0000000016c20000]
[error occurred during error reporting (printing stack bounds), id 0xc0000005]

Native frames: (J=compiled Java code, j=interpreted, Vv=VM code, C=native code)


Current CompileTask:
C2:   8850 1604       4       com.android.dx.ssa.SsaMethod::forEachBlockDepthFirst (194 bytes)


---------------  P R O C E S S  ---------------

Java Threads: ( => current thread )
  0x0000000016691800 JavaThread "pool-1-thread-4" [_thread_blocked, id=9784, stack(0x0000000017320000,0x0000000017420000)]
  0x0000000016691000 JavaThread "pool-1-thread-3" [_thread_in_Java, id=4400, stack(0x0000000017220000,0x0000000017320000)]
  0x0000000016690000 JavaThread "pool-1-thread-2" [_thread_in_Java, id=2396, stack(0x0000000017120000,0x0000000017220000)]
  0x000000001668d800 JavaThread "pool-2-thread-1" [_thread_blocked, id=7372, stack(0x0000000017020000,0x0000000017120000)]
  0x0000000016684800 JavaThread "pool-1-thread-1" [_thread_blocked, id=392, stack(0x0000000016f20000,0x0000000017020000)]
  0x0000000016492800 JavaThread "Service Thread" daemon [_thread_blocked, id=9184, stack(0x0000000016d20000,0x0000000016e20000)]
  0x0000000016484000 JavaThread "C1 CompilerThread2" daemon [_thread_blocked, id=844, stack(0x0000000016c20000,0x0000000016d20000)]
=>0x000000000292c800 JavaThread "C2 CompilerThread1" daemon [_thread_in_native, id=2336, stack(0x0000000016b20000,0x0000000016c20000)]
  0x0000000015062000 JavaThread "C2 CompilerThread0" daemon [_thread_in_native, id=3312, stack(0x0000000016a20000,0x0000000016b20000)]
  0x000000001506c000 JavaThread "Attach Listener" daemon [_thread_blocked, id=268, stack(0x0000000016920000,0x0000000016a20000)]
  0x0000000016463800 JavaThread "Signal Dispatcher" daemon [_thread_blocked, id=6412, stack(0x0000000016820000,0x0000000016920000)]
  0x000000001503a000 JavaThread "Finalizer" daemon [_thread_blocked, id=9064, stack(0x00000000162c0000,0x00000000163c0000)]
  0x0000000015019000 JavaThread "Reference Handler" daemon [_thread_blocked, id=2156, stack(0x00000000161c0000,0x00000000162c0000)]
  0x000000000297e000 JavaThread "main" [_thread_in_vm, id=7832, stack(0x0000000000b50000,0x0000000000c50000)]

Other Threads:
  0x0000000015017000 VMThread [stack: 0x00000000160c0000,0x00000000161c0000] [id=2024]
  0x00000000164f6000 WatcherThread [stack: 0x0000000016e20000,0x0000000016f20000] [id=1548]

VM state:not at safepoint (normal execution)

VM Mutex/Monitor currently owned by a thread: None

Heap:
 PSYoungGen      total 34304K, used 33997K [0x00000000eab00000, 0x00000000ecf00000, 0x0000000100000000)
  eden space 31744K, 99% used [0x00000000eab00000,0x00000000ec9b78a8,0x00000000eca00000)
  from space 2560K, 99% used [0x00000000ecc80000,0x00000000ecefbc98,0x00000000ecf00000)
  to   space 2560K, 0% used [0x00000000eca00000,0x00000000eca00000,0x00000000ecc80000)
 ParOldGen       total 42496K, used 3298K [0x00000000c0000000, 0x00000000c2980000, 0x00000000eab00000)
  object space 42496K, 7% used [0x00000000c0000000,0x00000000c0338820,0x00000000c2980000)
 Metaspace       used 6309K, capacity 7094K, committed 7296K, reserved 1056768K
  class space    used 607K, capacity 622K, committed 640K, reserved 1048576K

Card table byte_map: [0x0000000011d40000,0x0000000011f50000] byte_map_base: 0x0000000011740000

Marking Bits: (ParMarkBitMap*) 0x000000005a3c64f0
 Begin Bits: [0x00000000124b0000, 0x00000000134b0000)
 End Bits:   [0x00000000134b0000, 0x00000000144b0000)

Polling page: 0x0000000000c50000

CodeCache: size=245760Kb used=6882Kb max_used=6882Kb free=238877Kb
 bounds [0x0000000002980000, 0x0000000003040000, 0x0000000011980000]
 total_blobs=1898 nmethods=1626 adapters=184
 compilation: enabled

Compilation events (10 events):
Event: 8.837 Thread 0x0000000016484000 1638       3       com.android.dx.cf.code.BasicBlocker::<init> (79 bytes)
Event: 8.838 Thread 0x0000000016484000 nmethod 1638 0x000000000303a7d0 code [0x000000000303a9a0, 0x000000000303b388]
Event: 8.838 Thread 0x0000000016484000 1639       3       com.android.dx.cf.code.RopperMachine::<init> (134 bytes)
Event: 8.839 Thread 0x0000000016484000 nmethod 1639 0x000000000303b710 code [0x000000000303b900, 0x000000000303c278]
Event: 8.839 Thread 0x0000000016484000 1640       3       com.android.dx.cf.code.Simulator::<init> (66 bytes)
Event: 8.840 Thread 0x0000000016484000 nmethod 1640 0x000000000303c650 code [0x000000000303c800, 0x000000000303cf58]
Event: 8.840 Thread 0x0000000016484000 1641       3       com.android.dx.cf.code.Simulator$SimVisitor::<init> (23 bytes)
Event: 8.841 Thread 0x0000000016484000 nmethod 1641 0x000000000303d210 code [0x000000000303d380, 0x000000000303d590]
Event: 8.841 Thread 0x0000000016484000 1642       3       com.android.dx.cf.code.Frame::<init> (21 bytes)
Event: 8.842 Thread 0x0000000016484000 nmethod 1642 0x000000000303d690 code [0x000000000303d860, 0x000000000303e048]

GC Heap History (4 events):
Event: 1.828 GC heap before
{Heap before GC invocations=1 (full 0):
 PSYoungGen      total 18432K, used 15872K [0x00000000eab00000, 0x00000000ebf80000, 0x0000000100000000)
  eden space 15872K, 100% used [0x00000000eab00000,0x00000000eba80000,0x00000000eba80000)
  from space 2560K, 0% used [0x00000000ebd00000,0x00000000ebd00000,0x00000000ebf80000)
  to   space 2560K, 0% used [0x00000000eba80000,0x00000000eba80000,0x00000000ebd00000)
 ParOldGen       total 42496K, used 0K [0x00000000c0000000, 0x00000000c2980000, 0x00000000eab00000)
  object space 42496K, 0% used [0x00000000c0000000,0x00000000c0000000,0x00000000c2980000)
 Metaspace       used 5649K, capacity 6578K, committed 6784K, reserved 1056768K
  class space    used 595K, capacity 618K, committed 640K, reserved 1048576K
Event: 2.054 GC heap after
Heap after GC invocations=1 (full 0):
 PSYoungGen      total 18432K, used 2541K [0x00000000eab00000, 0x00000000ecf00000, 0x0000000100000000)
  eden space 15872K, 0% used [0x00000000eab00000,0x00000000eab00000,0x00000000eba80000)
  from space 2560K, 99% used [0x00000000eba80000,0x00000000ebcfb650,0x00000000ebd00000)
  to   space 2560K, 0% used [0x00000000ecc80000,0x00000000ecc80000,0x00000000ecf00000)
 ParOldGen       total 42496K, used 1214K [0x00000000c0000000, 0x00000000c2980000, 0x00000000eab00000)
  object space 42496K, 2% used [0x00000000c0000000,0x00000000c012fb58,0x00000000c2980000)
 Metaspace       used 5649K, capacity 6578K, committed 6784K, reserved 1056768K
  class space    used 595K, capacity 618K, committed 640K, reserved 1048576K
}
Event: 3.805 GC heap before
{Heap before GC invocations=2 (full 0):
 PSYoungGen      total 18432K, used 18413K [0x00000000eab00000, 0x00000000ecf00000, 0x0000000100000000)
  eden space 15872K, 100% used [0x00000000eab00000,0x00000000eba80000,0x00000000eba80000)
  from space 2560K, 99% used [0x00000000eba80000,0x00000000ebcfb650,0x00000000ebd00000)
  to   space 2560K, 0% used [0x00000000ecc80000,0x00000000ecc80000,0x00000000ecf00000)
 ParOldGen       total 42496K, used 1214K [0x00000000c0000000, 0x00000000c2980000, 0x00000000eab00000)
  object space 42496K, 2% used [0x00000000c0000000,0x00000000c012fb58,0x00000000c2980000)
 Metaspace       used 6094K, capacity 6966K, committed 7040K, reserved 1056768K
  class space    used 605K, capacity 622K, committed 640K, reserved 1048576K
Event: 3.817 GC heap after
Heap after GC invocations=2 (full 0):
 PSYoungGen      total 34304K, used 2543K [0x00000000eab00000, 0x00000000ecf00000, 0x0000000100000000)
  eden space 31744K, 0% used [0x00000000eab00000,0x00000000eab00000,0x00000000eca00000)
  from space 2560K, 99% used [0x00000000ecc80000,0x00000000ecefbc98,0x00000000ecf00000)
  to   space 2560K, 0% used [0x00000000eca00000,0x00000000eca00000,0x00000000ecc80000)
 ParOldGen       total 42496K, used 3298K [0x00000000c0000000, 0x00000000c2980000, 0x00000000eab00000)
  object space 42496K, 7% used [0x00000000c0000000,0x00000000c0338820,0x00000000c2980000)
 Metaspace       used 6094K, capacity 6966K, committed 7040K, reserved 1056768K
  class space    used 605K, capacity 622K, committed 640K, reserved 1048576K
}

Deoptimization events (10 events):
Event: 2.574 Thread 0x0000000016690000 Uncommon trap: reason=class_check action=maybe_recompile pc=0x0000000002c7ba40 method=com.android.dx.rop.type.Type.equals(Ljava/lang/Object;)Z @ 8
Event: 2.580 Thread 0x0000000016691000 Uncommon trap: reason=unstable_if action=reinterpret pc=0x0000000002ba8400 method=java.util.HashMap.getNode(ILjava/lang/Object;)Ljava/util/HashMap$Node; @ 129
Event: 2.594 Thread 0x0000000016691000 Uncommon trap: reason=unstable_if action=reinterpret pc=0x0000000002c34ab4 method=java.util.BitSet.ensureCapacity(I)V @ 6
Event: 2.594 Thread 0x0000000016691000 Uncommon trap: reason=unstable_if action=reinterpret pc=0x0000000002bae2f0 method=java.util.BitSet.nextSetBit(I)I @ 87
Event: 2.595 Thread 0x0000000016690000 Uncommon trap: reason=unstable_if action=reinterpret pc=0x0000000002d1b9f0 method=java.util.HashMap.getNode(ILjava/lang/Object;)Ljava/util/HashMap$Node; @ 129
Event: 2.595 Thread 0x0000000016690000 Uncommon trap: reason=unstable_if action=reinterpret pc=0x0000000002bcb2f8 method=java.util.HashMap.getNode(ILjava/lang/Object;)Ljava/util/HashMap$Node; @ 129
Event: 2.608 Thread 0x0000000016691000 Uncommon trap: reason=unstable_if action=reinterpret pc=0x0000000002ce81dc method=com.android.dx.rop.cst.Constant.compareTo(Lcom/android/dx/rop/cst/Constant;)I @ 12
Event: 6.641 Thread 0x0000000016690000 Uncommon trap: reason=unstable_if action=reinterpret pc=0x0000000002ece218 method=com.android.dx.ssa.LiteralOpUpgrader$1.visitNonMoveInsn(Lcom/android/dx/ssa/NormalSsaInsn;)V @ 151
Event: 7.050 Thread 0x0000000016690000 Uncommon trap: reason=null_check action=make_not_entrant pc=0x0000000002e45a60 method=com.android.dx.rop.type.Type.equals(Ljava/lang/Object;)Z @ 8
Event: 8.123 Thread 0x0000000016691000 Uncommon trap: reason=unstable_if action=reinterpret pc=0x0000000002dd0244 method=com.android.dx.rop.code.RegisterSpecSet.<init>(I)V @ 2

Internal exceptions (3 events):
Event: 0.116 Thread 0x000000000297e000 Exception <a 'java/lang/NoSuchMethodError': Method sun.misc.Unsafe.defineClass(Ljava/lang/String;[BII)Ljava/lang/Class; name or signature does not match> (0x00000000eab07cc0) thrown at [D:\re\workspace\8-2-build-windows-amd64-cygwin\jdk8u92\6642\hotspot\sr÷y»‹ª½?
Event: 0.116 Thread 0x000000000297e000 Exception <a 'java/lang/NoSuchMethodError': Method sun.misc.Unsafe.prefetchRead(Ljava/lang/Object;J)V name or signature does not match> (0x00000000eab07fa8) thrown at [D:\re\workspace\8-2-build-windows-amd64-cygwin\jdk8u92\6642\hotspot\src\share\vm\prims\jìJ.x3@
Event: 7.050 Thread 0x0000000016690000 Implicit null exception at 0x0000000002e45962 to 0x0000000002e45a52

Events (10 events):
Event: 6.641 Thread 0x0000000016690000 DEOPT PACKING pc=0x0000000002ece218 sp=0x000000001721eb60
Event: 6.641 Thread 0x0000000016690000 DEOPT UNPACKING pc=0x00000000029c582a sp=0x000000001721eb40 mode 2
Event: 7.050 Thread 0x0000000016690000 Uncommon trap: trap_request=0xfffffff4 fr.pc=0x0000000002e45a60
Event: 7.050 Thread 0x0000000016690000 DEOPT PACKING pc=0x0000000002e45a60 sp=0x000000001721e700
Event: 7.050 Thread 0x0000000016690000 DEOPT UNPACKING pc=0x00000000029c582a sp=0x000000001721e688 mode 2
Event: 8.103 loading class com/android/dx/cf/code/SwitchList
Event: 8.103 loading class com/android/dx/cf/code/SwitchList done
Event: 8.123 Thread 0x0000000016691000 Uncommon trap: trap_request=0xffffff65 fr.pc=0x0000000002dd0244
Event: 8.123 Thread 0x0000000016691000 DEOPT PACKING pc=0x0000000002dd0244 sp=0x000000001731ece0
Event: 8.123 Thread 0x0000000016691000 DEOPT UNPACKING pc=0x00000000029c582a sp=0x000000001731ec10 mode 2


Dynamic libraries:
0x00007ff6973c0000 - 0x00007ff6973f7000 	D:\Program Files\Java\jdk1.8.0_92\bin\java.exe
0x00007ffccdbf0000 - 0x00007ffccddc1000 	C:\WINDOWS\SYSTEM32\ntdll.dll
0x00007ffcccee0000 - 0x00007ffcccf8b000 	C:\WINDOWS\System32\KERNEL32.DLL
0x00007ffcca860000 - 0x00007ffccaa7d000 	C:\WINDOWS\System32\KERNELBASE.dll
0x00007ffccb170000 - 0x00007ffccb212000 	C:\WINDOWS\System32\ADVAPI32.dll
0x00007ffcccc60000 - 0x00007ffccccfe000 	C:\WINDOWS\System32\msvcrt.dll
0x00007ffccd580000 - 0x00007ffccd5d9000 	C:\WINDOWS\System32\sechost.dll
0x00007ffcccaa0000 - 0x00007ffcccbc1000 	C:\WINDOWS\System32\RPCRT4.dll
0x00007ffccd410000 - 0x00007ffccd575000 	C:\WINDOWS\System32\USER32.dll
0x00007ffcca620000 - 0x00007ffcca63e000 	C:\WINDOWS\System32\win32u.dll
0x00007ffccb4e0000 - 0x00007ffccb514000 	C:\WINDOWS\System32\GDI32.dll
0x00007ffcca490000 - 0x00007ffcca612000 	C:\WINDOWS\System32\gdi32full.dll
0x00007ffcbf550000 - 0x00007ffcbf7c9000 	C:\WINDOWS\WinSxS\amd64_microsoft.windows.common-controls_6595b64144ccf1df_6.0.14393.0_none_2d0f50fcbdb171b8\COMCTL32.dll
0x00007ffcccff0000 - 0x00007ffccd2b7000 	C:\WINDOWS\System32\combase.dll
0x00007ffcca210000 - 0x00007ffcca305000 	C:\WINDOWS\System32\ucrtbase.dll
0x00007ffcca310000 - 0x00007ffcca37a000 	C:\WINDOWS\System32\bcryptPrimitives.dll
0x00007ffccdbb0000 - 0x00007ffccdbde000 	C:\WINDOWS\System32\IMM32.DLL
0x0000000059100000 - 0x00000000591d2000 	D:\Program Files\Java\jdk1.8.0_92\jre\bin\msvcr100.dll
0x0000000059bb0000 - 0x000000005a446000 	D:\Program Files\Java\jdk1.8.0_92\jre\bin\server\jvm.dll
0x00007ffccd2c0000 - 0x00007ffccd2c8000 	C:\WINDOWS\System32\PSAPI.DLL
0x00007ffcbf4c0000 - 0x00007ffcbf4c9000 	C:\WINDOWS\SYSTEM32\WSOCK32.dll
0x00007ffccb520000 - 0x00007ffccb58a000 	C:\WINDOWS\System32\WS2_32.dll
0x00007ffcc8590000 - 0x00007ffcc85b3000 	C:\WINDOWS\SYSTEM32\WINMM.dll
0x00007ffcc0100000 - 0x00007ffcc010a000 	C:\WINDOWS\SYSTEM32\VERSION.dll
0x00007ffcc8530000 - 0x00007ffcc855b000 	C:\WINDOWS\SYSTEM32\WINMMBASE.dll
0x00007ffcca810000 - 0x00007ffcca852000 	C:\WINDOWS\System32\cfgmgr32.dll
0x0000000059ba0000 - 0x0000000059baf000 	D:\Program Files\Java\jdk1.8.0_92\jre\bin\verify.dll
0x0000000059b70000 - 0x0000000059b99000 	D:\Program Files\Java\jdk1.8.0_92\jre\bin\java.dll
0x0000000059b50000 - 0x0000000059b66000 	D:\Program Files\Java\jdk1.8.0_92\jre\bin\zip.dll
0x00007ffccb590000 - 0x00007ffccca98000 	C:\WINDOWS\System32\SHELL32.dll
0x00007ffccaa80000 - 0x00007ffccb15a000 	C:\WINDOWS\System32\windows.storage.dll
0x00007ffcca0d0000 - 0x00007ffcca11c000 	C:\WINDOWS\System32\powrprof.dll
0x00007ffccce60000 - 0x00007ffccceb2000 	C:\WINDOWS\System32\shlwapi.dll
0x00007ffcca140000 - 0x00007ffcca14f000 	C:\WINDOWS\System32\kernel.appcore.dll
0x00007ffcca160000 - 0x00007ffcca209000 	C:\WINDOWS\System32\shcore.dll
0x00007ffcca120000 - 0x00007ffcca134000 	C:\WINDOWS\System32\profapi.dll

VM Arguments:
jvm_args: -Djava.awt.headless=true -Xmx1024M -Dfile.encoding=GBK -Duser.country=CN -Duser.language=zh -Duser.variant 
java_command: com.android.dx.command.Main --dex --force-jumbo --num-threads=4 --output F:\AndroidStudioProjects\MyApplication2\l05_handler\build\intermediates\pre-dexed\debug\internal_impl-24.2.0_6190c3710ae7c32d73031e12eadc9682e0dac356.jar F:\AndroidStudioProjects\MyApplication2\l05_handler\build\intermediates\exploded-aar\com.android.support\support-compat\24.2.0\jars\libs\internal_impl-24.2.0.jar
java_class_path (initial): D:\Android_developer_tools\android-sdk-windows\build-tools\24.0.2\lib\dx.jar
Launcher Type: SUN_STANDARD

Environment Variables:
JAVA_HOME=D:\Program Files\Java\jdk1.8.0_92
CLASSPATH=.;D:\Program Files\Java\jdk1.8.0_92\lib\dt.jar;D:\Program Files\Java\jdk1.8.0_92\lib\tools.jar
PATH=D:\Program Files\Java\jdk1.8.0_92\bin;D:\Program Files\Java\jdk1.8.0_92\jre\bin;C:\WINDOWS\system32;C:\WINDOWS;C:\WINDOWS\System32\Wbem;C:\WINDOWS\System32\WindowsPowerShell\v1.0\;C:\Program Files (x86)\ATI Technologies\ATI.ACE\Core-Static;C:\Program Files\Lenovo\Bluetooth Software\;C:\Program Files\Lenovo\Bluetooth Software\syswow64;C:\Program Files (x86)\AMD\ATI.ACE\Core-Static;D:\Program Files (x86)\MySQL\MySQL Server 5.5\bin;D:\Android_developer_tools\android-sdk-windows\platform-tools;D:\Android_developer_tools\android-sdk-windows\tools;C:\Users\Administrator\AppData\Local\Microsoft\WindowsApps;
USERNAME=Administrator
OS=Windows_NT
PROCESSOR_IDENTIFIER=Intel64 Family 6 Model 58 Stepping 9, GenuineIntel



---------------  S Y S T E M  ---------------

OS: Windows 10.0 , 64 bit Build 14393 (10.0.14393.0)

CPU:total 4 (2 cores per cpu, 2 threads per core) family 6 model 58 stepping 9, cmov, cx8, fxsr, mmx, sse, sse2, sse3, ssse3, sse4.1, sse4.2, popcnt, avx, clmul, erms, ht, tsc, tscinvbit, tscinv

Memory: 4k page, physical 4060004k(187932k free), swap 6157156k(2912k free)

vm_info: Java HotSpot(TM) 64-Bit Server VM (25.92-b14) for windows-amd64 JRE (1.8.0_92-b14), built on Mar 31 2016 21:03:04 by "java_re" with MS VC++ 10.0 (VS2010)

time: Tue Sep 06 18:47:53 2016
elapsed time: 8 seconds (0d 0h 0m 8s)

