#
# There is insufficient memory for the Java Runtime Environment to continue.
# Native memory allocation (malloc) failed to allocate 269936 bytes for Chunk::new
# Possible reasons:
#   The system is out of physical RAM or swap space
#   In 32 bit mode, the process size limit was hit
# Possible solutions:
#   Reduce memory load on the system
#   Increase physical memory or swap space
#   Check if swap backing store is full
#   Use 64 bit Java on a 64 bit OS
#   Decrease Java heap size (-Xmx/-Xms)
#   Decrease number of Java threads
#   Decrease Java thread stack sizes (-Xss)
#   Set larger code cache with -XX:ReservedCodeCacheSize=
# This output file may be truncated or incomplete.
#
#  Out of Memory Error (allocation.cpp:390), pid=1480, tid=0x000000000000115c
#
# JRE version: Java(TM) SE Runtime Environment (8.0_92-b14) (build 1.8.0_92-b14)
# Java VM: Java HotSpot(TM) 64-Bit Server VM (25.92-b14 mixed mode windows-amd64 compressed oops)
# Failed to write core dump. Minidumps are not enabled by default on client versions of Windows
#

---------------  T H R E A D  ---------------

Current thread (0x000000001576e800):  JavaThread "C2 CompilerThread1" daemon [_thread_in_native, id=4444, stack(0x0000000017160000,0x0000000017260000)]

Stack: [0x0000000017160000,0x0000000017260000]
[error occurred during error reporting (printing stack bounds), id 0xc0000005]

Native frames: (J=compiled Java code, j=interpreted, Vv=VM code, C=native code)


Current CompileTask:
C2:   2996 1221   !   4       com.android.dx.cf.code.BytecodeArray::parseInstruction (2764 bytes)


---------------  P R O C E S S  ---------------

Java Threads: ( => current thread )
  0x0000000017035800 JavaThread "pool-1-thread-4" [_thread_in_Java, id=10104, stack(0x0000000017960000,0x0000000017a60000)]
  0x0000000016fd0000 JavaThread "pool-1-thread-3" [_thread_in_Java, id=612, stack(0x0000000017860000,0x0000000017960000)]
  0x0000000016fcf000 JavaThread "pool-1-thread-2" [_thread_in_vm_trans, id=840, stack(0x0000000017760000,0x0000000017860000)]
  0x0000000016fce000 JavaThread "pool-2-thread-1" [_thread_blocked, id=9860, stack(0x0000000017660000,0x0000000017760000)]
  0x0000000016fc7000 JavaThread "pool-1-thread-1" [_thread_in_Java, id=6948, stack(0x0000000017560000,0x0000000017660000)]
  0x0000000016dc2000 JavaThread "Service Thread" daemon [_thread_blocked, id=5084, stack(0x0000000017360000,0x0000000017460000)]
  0x0000000016dbc000 JavaThread "C1 CompilerThread2" daemon [_thread_blocked, id=9060, stack(0x0000000017260000,0x0000000017360000)]
=>0x000000001576e800 JavaThread "C2 CompilerThread1" daemon [_thread_in_native, id=4444, stack(0x0000000017160000,0x0000000017260000)]
  0x000000001576b000 JavaThread "C2 CompilerThread0" daemon [_thread_blocked, id=9008, stack(0x0000000016c60000,0x0000000016d60000)]
  0x000000001571c800 JavaThread "Attach Listener" daemon [_thread_blocked, id=10152, stack(0x0000000016b60000,0x0000000016c60000)]
  0x000000001571b800 JavaThread "Signal Dispatcher" daemon [_thread_blocked, id=9924, stack(0x0000000016a60000,0x0000000016b60000)]
  0x00000000156fa800 JavaThread "Finalizer" daemon [_thread_blocked, id=9164, stack(0x0000000016960000,0x0000000016a60000)]
  0x00000000156d9000 JavaThread "Reference Handler" daemon [_thread_blocked, id=6788, stack(0x0000000016860000,0x0000000016960000)]
  0x00000000012ae000 JavaThread "main" [_thread_in_Java, id=4400, stack(0x0000000002e40000,0x0000000002f40000)]

Other Threads:
  0x00000000156d7000 VMThread [stack: 0x0000000016760000,0x0000000016860000] [id=9600]
  0x0000000016e3c000 WatcherThread [stack: 0x0000000017460000,0x0000000017560000] [id=6504]

VM state:not at safepoint (normal execution)

VM Mutex/Monitor currently owned by a thread: None

Heap:
 PSYoungGen      total 18432K, used 17713K [0x00000000eab00000, 0x00000000ecf00000, 0x0000000100000000)
  eden space 15872K, 95% used [0x00000000eab00000,0x00000000eb9cfc50,0x00000000eba80000)
  from space 2560K, 99% used [0x00000000eba80000,0x00000000ebcfcaa8,0x00000000ebd00000)
  to   space 2560K, 0% used [0x00000000ecc80000,0x00000000ecc80000,0x00000000ecf00000)
 ParOldGen       total 42496K, used 1717K [0x00000000c0000000, 0x00000000c2980000, 0x00000000eab00000)
  object space 42496K, 4% used [0x00000000c0000000,0x00000000c01ad4a8,0x00000000c2980000)
 Metaspace       used 6099K, capacity 6966K, committed 7040K, reserved 1056768K
  class space    used 609K, capacity 622K, committed 640K, reserved 1048576K

Card table byte_map: [0x0000000012400000,0x0000000012610000] byte_map_base: 0x0000000011e00000

Marking Bits: (ParMarkBitMap*) 0x000000005a3c64f0
 Begin Bits: [0x0000000012b70000, 0x0000000013b70000)
 End Bits:   [0x0000000013b70000, 0x0000000014b70000)

Polling page: 0x0000000000e70000

CodeCache: size=245760Kb used=5041Kb max_used=5054Kb free=240718Kb
 bounds [0x0000000003040000, 0x0000000003540000, 0x0000000012040000]
 total_blobs=1508 nmethods=1237 adapters=184
 compilation: enabled

Compilation events (10 events):
Event: 2.934 Thread 0x0000000016dbc000 nmethod 1261 0x000000000352ac50 code [0x000000000352ae20, 0x000000000352b648]
Event: 2.935 Thread 0x0000000016dbc000 1262       3       com.android.dx.ssa.back.FirstFitLocalCombiningAllocator::tryMapReg (41 bytes)
Event: 2.937 Thread 0x0000000016dbc000 nmethod 1262 0x000000000352b950 code [0x000000000352bb80, 0x000000000352c948]
Event: 2.976 Thread 0x000000001576b000 nmethod 1237% 0x0000000003531050 code [0x0000000003531240, 0x0000000003532658]
Event: 2.976 Thread 0x000000001576b000 1251       4       java.lang.Object::equals (11 bytes)
Event: 2.977 Thread 0x000000001576b000 nmethod 1251 0x00000000034cfd50 code [0x00000000034cfe80, 0x00000000034cfef8]
Event: 2.977 Thread 0x000000001576b000 1239       4       java.util.Collections$UnmodifiableCollection$1::next (10 bytes)
Event: 2.984 Thread 0x000000001576b000 nmethod 1239 0x000000000352dad0 code [0x000000000352dc20, 0x000000000352de78]
Event: 2.984 Thread 0x000000001576b000 1252       4       com.android.dx.ssa.SsaMethod$1::visitNonMoveInsn (26 bytes)
Event: 2.986 Thread 0x000000001576b000 nmethod 1252 0x000000000352d710 code [0x000000000352d860, 0x000000000352d958]

GC Heap History (2 events):
Event: 1.788 GC heap before
{Heap before GC invocations=1 (full 0):
 PSYoungGen      total 18432K, used 15872K [0x00000000eab00000, 0x00000000ebf80000, 0x0000000100000000)
  eden space 15872K, 100% used [0x00000000eab00000,0x00000000eba80000,0x00000000eba80000)
  from space 2560K, 0% used [0x00000000ebd00000,0x00000000ebd00000,0x00000000ebf80000)
  to   space 2560K, 0% used [0x00000000eba80000,0x00000000eba80000,0x00000000ebd00000)
 ParOldGen       total 42496K, used 0K [0x00000000c0000000, 0x00000000c2980000, 0x00000000eab00000)
  object space 42496K, 0% used [0x00000000c0000000,0x00000000c0000000,0x00000000c2980000)
 Metaspace       used 5799K, capacity 6710K, committed 6784K, reserved 1056768K
  class space    used 607K, capacity 622K, committed 640K, reserved 1048576K
Event: 2.059 GC heap after
Heap after GC invocations=1 (full 0):
 PSYoungGen      total 18432K, used 2546K [0x00000000eab00000, 0x00000000ecf00000, 0x0000000100000000)
  eden space 15872K, 0% used [0x00000000eab00000,0x00000000eab00000,0x00000000eba80000)
  from space 2560K, 99% used [0x00000000eba80000,0x00000000ebcfcaa8,0x00000000ebd00000)
  to   space 2560K, 0% used [0x00000000ecc80000,0x00000000ecc80000,0x00000000ecf00000)
 ParOldGen       total 42496K, used 1717K [0x00000000c0000000, 0x00000000c2980000, 0x00000000eab00000)
  object space 42496K, 4% used [0x00000000c0000000,0x00000000c01ad4a8,0x00000000c2980000)
 Metaspace       used 5799K, capacity 6710K, committed 6784K, reserved 1056768K
  class space    used 607K, capacity 622K, committed 640K, reserved 1048576K
}

Deoptimization events (6 events):
Event: 1.435 Thread 0x0000000016fc7000 Uncommon trap: reason=unstable_if action=reinterpret pc=0x00000000032582dc method=java.util.HashMap.getNode(ILjava/lang/Object;)Ljava/util/HashMap$Node; @ 129
Event: 2.176 Thread 0x0000000017035800 Uncommon trap: reason=unstable_if action=reinterpret pc=0x00000000032cee38 method=java.util.HashMap.getNode(ILjava/lang/Object;)Ljava/util/HashMap$Node; @ 129
Event: 2.178 Thread 0x0000000017035800 Uncommon trap: reason=unstable_if action=reinterpret pc=0x0000000003295530 method=java.util.BitSet.nextSetBit(I)I @ 87
Event: 2.424 Thread 0x0000000016fc7000 Uncommon trap: reason=unstable_if action=reinterpret pc=0x00000000032946b4 method=java.util.BitSet.ensureCapacity(I)V @ 6
Event: 2.479 Thread 0x0000000016fcf000 Uncommon trap: reason=unstable_if action=reinterpret pc=0x00000000033bf29c method=com.android.dx.rop.cst.Constant.compareTo(Lcom/android/dx/rop/cst/Constant;)I @ 12
Event: 2.868 Thread 0x00000000012ae000 Uncommon trap: reason=unloaded action=reinterpret pc=0x00000000033c2548 method=com.android.dx.cf.cst.ConstantPoolParser.parse0(ILjava/util/BitSet;)Lcom/android/dx/rop/cst/Constant; @ 198

Internal exceptions (2 events):
Event: 0.083 Thread 0x00000000012ae000 Exception <a 'java/lang/NoSuchMethodError': Method sun.misc.Unsafe.defineClass(Ljava/lang/String;[BII)Ljava/lang/Class; name or signature does not match> (0x00000000eab07cc0) thrown at [D:\re\workspace\8-2-build-windows-amd64-cygwin\jdk8u92\6642\hotspot\sr×Ëö|7µ?
Event: 0.083 Thread 0x00000000012ae000 Exception <a 'java/lang/NoSuchMethodError': Method sun.misc.Unsafe.prefetchRead(Ljava/lang/Object;J)V name or signature does not match> (0x00000000eab07fa8) thrown at [D:\re\workspace\8-2-build-windows-amd64-cygwin\jdk8u92\6642\hotspot\src\share\vm\prims\j

Events (10 events):
Event: 2.479 Thread 0x0000000016fcf000 Uncommon trap: trap_request=0xffffff65 fr.pc=0x00000000033bf29c
Event: 2.479 Thread 0x0000000016fcf000 DEOPT PACKING pc=0x00000000033bf29c sp=0x000000001785e5d0
Event: 2.479 Thread 0x0000000016fcf000 DEOPT UNPACKING pc=0x000000000308582a sp=0x000000001785e570 mode 2
Event: 2.668 Executing VM operation: ForceSafepoint
Event: 2.812 Executing VM operation: ForceSafepoint done
Event: 2.813 loading class com/android/dx/cf/code/SwitchList
Event: 2.813 loading class com/android/dx/cf/code/SwitchList done
Event: 2.868 Thread 0x00000000012ae000 Uncommon trap: trap_request=0x000000d2 fr.pc=0x00000000033c2548
Event: 2.868 Thread 0x00000000012ae000 DEOPT PACKING pc=0x00000000033c2548 sp=0x0000000002f3e980
Event: 2.868 Thread 0x00000000012ae000 DEOPT UNPACKING pc=0x000000000308582a sp=0x0000000002f3e948 mode 2


Dynamic libraries:
0x00007ff6973c0000 - 0x00007ff6973f7000 	D:\Program Files\Java\jdk1.8.0_92\bin\java.exe
0x00007ffccdbf0000 - 0x00007ffccddc1000 	C:\WINDOWS\SYSTEM32\ntdll.dll
0x00007ffcccee0000 - 0x00007ffcccf8b000 	C:\WINDOWS\System32\KERNEL32.DLL
0x00007ffcca860000 - 0x00007ffccaa7d000 	C:\WINDOWS\System32\KERNELBASE.dll
0x00007ffccb170000 - 0x00007ffccb212000 	C:\WINDOWS\System32\ADVAPI32.dll
0x00007ffcccc60000 - 0x00007ffccccfe000 	C:\WINDOWS\System32\msvcrt.dll
0x00007ffccd580000 - 0x00007ffccd5d9000 	C:\WINDOWS\System32\sechost.dll
0x00007ffcccaa0000 - 0x00007ffcccbc1000 	C:\WINDOWS\System32\RPCRT4.dll
0x00007ffccd410000 - 0x00007ffccd575000 	C:\WINDOWS\System32\USER32.dll
0x00007ffcca620000 - 0x00007ffcca63e000 	C:\WINDOWS\System32\win32u.dll
0x00007ffccb4e0000 - 0x00007ffccb514000 	C:\WINDOWS\System32\GDI32.dll
0x00007ffcca490000 - 0x00007ffcca612000 	C:\WINDOWS\System32\gdi32full.dll
0x00007ffcbf550000 - 0x00007ffcbf7c9000 	C:\WINDOWS\WinSxS\amd64_microsoft.windows.common-controls_6595b64144ccf1df_6.0.14393.0_none_2d0f50fcbdb171b8\COMCTL32.dll
0x00007ffcccff0000 - 0x00007ffccd2b7000 	C:\WINDOWS\System32\combase.dll
0x00007ffcca210000 - 0x00007ffcca305000 	C:\WINDOWS\System32\ucrtbase.dll
0x00007ffcca310000 - 0x00007ffcca37a000 	C:\WINDOWS\System32\bcryptPrimitives.dll
0x00007ffccdbb0000 - 0x00007ffccdbde000 	C:\WINDOWS\System32\IMM32.DLL
0x0000000059100000 - 0x00000000591d2000 	D:\Program Files\Java\jdk1.8.0_92\jre\bin\msvcr100.dll
0x0000000059bb0000 - 0x000000005a446000 	D:\Program Files\Java\jdk1.8.0_92\jre\bin\server\jvm.dll
0x00007ffccd2c0000 - 0x00007ffccd2c8000 	C:\WINDOWS\System32\PSAPI.DLL
0x00007ffcbf4c0000 - 0x00007ffcbf4c9000 	C:\WINDOWS\SYSTEM32\WSOCK32.dll
0x00007ffccb520000 - 0x00007ffccb58a000 	C:\WINDOWS\System32\WS2_32.dll
0x00007ffcc8590000 - 0x00007ffcc85b3000 	C:\WINDOWS\SYSTEM32\WINMM.dll
0x00007ffcc0100000 - 0x00007ffcc010a000 	C:\WINDOWS\SYSTEM32\VERSION.dll
0x00007ffcc8530000 - 0x00007ffcc855b000 	C:\WINDOWS\SYSTEM32\WINMMBASE.dll
0x00007ffcca810000 - 0x00007ffcca852000 	C:\WINDOWS\System32\cfgmgr32.dll
0x0000000059ba0000 - 0x0000000059baf000 	D:\Program Files\Java\jdk1.8.0_92\jre\bin\verify.dll
0x0000000059b70000 - 0x0000000059b99000 	D:\Program Files\Java\jdk1.8.0_92\jre\bin\java.dll
0x0000000059b50000 - 0x0000000059b66000 	D:\Program Files\Java\jdk1.8.0_92\jre\bin\zip.dll
0x00007ffccb590000 - 0x00007ffccca98000 	C:\WINDOWS\System32\SHELL32.dll
0x00007ffccaa80000 - 0x00007ffccb15a000 	C:\WINDOWS\System32\windows.storage.dll
0x00007ffcca0d0000 - 0x00007ffcca11c000 	C:\WINDOWS\System32\powrprof.dll
0x00007ffccce60000 - 0x00007ffccceb2000 	C:\WINDOWS\System32\shlwapi.dll
0x00007ffcca140000 - 0x00007ffcca14f000 	C:\WINDOWS\System32\kernel.appcore.dll
0x00007ffcca160000 - 0x00007ffcca209000 	C:\WINDOWS\System32\shcore.dll
0x00007ffcca120000 - 0x00007ffcca134000 	C:\WINDOWS\System32\profapi.dll

VM Arguments:
jvm_args: -Djava.awt.headless=true -Xmx1024M -Dfile.encoding=GBK -Duser.country=CN -Duser.language=zh -Duser.variant 
java_command: com.android.dx.command.Main --dex --force-jumbo --num-threads=4 --output F:\AndroidStudioProjects\MyApplication2\l05_handler\build\intermediates\pre-dexed\debug\com.android.support-support-core-ui-24.2.0_de74169727293397131daf346fbdae7c5c7fcf92.jar F:\AndroidStudioProjects\MyApplication2\l05_handler\build\intermediates\exploded-aar\com.android.support\support-core-ui\24.2.0\jars\classes.jar
java_class_path (initial): D:\Android_developer_tools\android-sdk-windows\build-tools\24.0.2\lib\dx.jar
Launcher Type: SUN_STANDARD

Environment Variables:
JAVA_HOME=D:\Program Files\Java\jdk1.8.0_92
CLASSPATH=.;D:\Program Files\Java\jdk1.8.0_92\lib\dt.jar;D:\Program Files\Java\jdk1.8.0_92\lib\tools.jar
PATH=D:\Program Files\Java\jdk1.8.0_92\bin;D:\Program Files\Java\jdk1.8.0_92\jre\bin;C:\WINDOWS\system32;C:\WINDOWS;C:\WINDOWS\System32\Wbem;C:\WINDOWS\System32\WindowsPowerShell\v1.0\;C:\Program Files (x86)\ATI Technologies\ATI.ACE\Core-Static;C:\Program Files\Lenovo\Bluetooth Software\;C:\Program Files\Lenovo\Bluetooth Software\syswow64;C:\Program Files (x86)\AMD\ATI.ACE\Core-Static;D:\Program Files (x86)\MySQL\MySQL Server 5.5\bin;D:\Android_developer_tools\android-sdk-windows\platform-tools;D:\Android_developer_tools\android-sdk-windows\tools;C:\Users\Administrator\AppData\Local\Microsoft\WindowsApps;
USERNAME=Administrator
OS=Windows_NT
PROCESSOR_IDENTIFIER=Intel64 Family 6 Model 58 Stepping 9, GenuineIntel



---------------  S Y S T E M  ---------------

OS: Windows 10.0 , 64 bit Build 14393 (10.0.14393.0)

CPU:total 4 (2 cores per cpu, 2 threads per core) family 6 model 58 stepping 9, cmov, cx8, fxsr, mmx, sse, sse2, sse3, ssse3, sse4.1, sse4.2, popcnt, avx, clmul, erms, ht, tsc, tscinvbit, tscinv

Memory: 4k page, physical 4060004k(250360k free), swap 6157156k(4348k free)

vm_info: Java HotSpot(TM) 64-Bit Server VM (25.92-b14) for windows-amd64 JRE (1.8.0_92-b14), built on Mar 31 2016 21:03:04 by "java_re" with MS VC++ 10.0 (VS2010)

time: Tue Sep 06 18:50:41 2016
elapsed time: 3 seconds (0d 0h 0m 3s)

