#
# There is insufficient memory for the Java Runtime Environment to continue.
# Native memory allocation (malloc) failed to allocate 317536 bytes for Chunk::new
# Possible reasons:
#   The system is out of physical RAM or swap space
#   In 32 bit mode, the process size limit was hit
# Possible solutions:
#   Reduce memory load on the system
#   Increase physical memory or swap space
#   Check if swap backing store is full
#   Use 64 bit Java on a 64 bit OS
#   Decrease Java heap size (-Xmx/-Xms)
#   Decrease number of Java threads
#   Decrease Java thread stack sizes (-Xss)
#   Set larger code cache with -XX:ReservedCodeCacheSize=
# This output file may be truncated or incomplete.
#
#  Out of Memory Error (allocation.cpp:390), pid=10008, tid=0x0000000000000180
#
# JRE version: Java(TM) SE Runtime Environment (8.0_92-b14) (build 1.8.0_92-b14)
# Java VM: Java HotSpot(TM) 64-Bit Server VM (25.92-b14 mixed mode windows-amd64 compressed oops)
# Failed to write core dump. Minidumps are not enabled by default on client versions of Windows
#

---------------  T H R E A D  ---------------

Current thread (0x00000000157fc000):  JavaThread "C2 CompilerThread1" daemon [_thread_in_native, id=384, stack(0x0000000017210000,0x0000000017310000)]

Stack: [0x0000000017210000,0x0000000017310000]
[error occurred during error reporting (printing stack bounds), id 0xc0000005]

Native frames: (J=compiled Java code, j=interpreted, Vv=VM code, C=native code)


Current CompileTask:
C2:   8593  830   !   4       com.android.dx.cf.cst.ConstantPoolParser::parse0 (731 bytes)


---------------  P R O C E S S  ---------------

Java Threads: ( => current thread )
  0x0000000016d80800 JavaThread "pool-1-thread-4" [_thread_blocked, id=8748, stack(0x0000000017a10000,0x0000000017b10000)]
  0x0000000016d7f800 JavaThread "pool-1-thread-3" [_thread_blocked, id=2244, stack(0x0000000017910000,0x0000000017a10000)]
  0x0000000016d7f000 JavaThread "pool-1-thread-2" [_thread_in_Java, id=1284, stack(0x0000000017810000,0x0000000017910000)]
  0x0000000016daa800 JavaThread "pool-2-thread-1" [_thread_blocked, id=4960, stack(0x0000000017710000,0x0000000017810000)]
  0x0000000016d6e000 JavaThread "pool-1-thread-1" [_thread_in_Java, id=10212, stack(0x0000000017610000,0x0000000017710000)]
  0x0000000016b72800 JavaThread "Service Thread" daemon [_thread_blocked, id=3152, stack(0x0000000017410000,0x0000000017510000)]
  0x0000000016b6c000 JavaThread "C1 CompilerThread2" daemon [_thread_blocked, id=2004, stack(0x0000000017310000,0x0000000017410000)]
=>0x00000000157fc000 JavaThread "C2 CompilerThread1" daemon [_thread_in_native, id=384, stack(0x0000000017210000,0x0000000017310000)]
  0x00000000157b2000 JavaThread "C2 CompilerThread0" daemon [_thread_in_native, id=6424, stack(0x0000000017110000,0x0000000017210000)]
  0x00000000157bc800 JavaThread "Attach Listener" daemon [_thread_blocked, id=9896, stack(0x0000000017010000,0x0000000017110000)]
  0x0000000016b53800 JavaThread "Signal Dispatcher" daemon [_thread_blocked, id=8904, stack(0x0000000016f10000,0x0000000017010000)]
  0x00000000030c4800 JavaThread "Finalizer" daemon [_thread_blocked, id=7028, stack(0x0000000016a10000,0x0000000016b10000)]
  0x00000000030bf800 JavaThread "Reference Handler" daemon [_thread_blocked, id=9144, stack(0x0000000016910000,0x0000000016a10000)]
  0x000000000143e000 JavaThread "main" [_thread_in_Java, id=3372, stack(0x0000000002ed0000,0x0000000002fd0000)]

Other Threads:
  0x0000000015768000 VMThread [stack: 0x0000000016810000,0x0000000016910000] [id=8232]
  0x0000000016bc6800 WatcherThread [stack: 0x0000000017510000,0x0000000017610000] [id=6100]

VM state:not at safepoint (normal execution)

VM Mutex/Monitor currently owned by a thread: None

Heap:
 PSYoungGen      total 18432K, used 5382K [0x00000000eab00000, 0x00000000ebf80000, 0x0000000100000000)
  eden space 15872K, 17% used [0x00000000eab00000,0x00000000eadc4ff8,0x00000000eba80000)
  from space 2560K, 99% used [0x00000000eba80000,0x00000000ebcfcac8,0x00000000ebd00000)
  to   space 2560K, 0% used [0x00000000ebd00000,0x00000000ebd00000,0x00000000ebf80000)
 ParOldGen       total 42496K, used 1608K [0x00000000c0000000, 0x00000000c2980000, 0x00000000eab00000)
  object space 42496K, 3% used [0x00000000c0000000,0x00000000c01921b8,0x00000000c2980000)
 Metaspace       used 5882K, capacity 6774K, committed 7040K, reserved 1056768K
  class space    used 607K, capacity 622K, committed 640K, reserved 1048576K

Card table byte_map: [0x0000000012490000,0x00000000126a0000] byte_map_base: 0x0000000011e90000

Marking Bits: (ParMarkBitMap*) 0x000000005a3c64f0
 Begin Bits: [0x0000000012c00000, 0x0000000013c00000)
 End Bits:   [0x0000000013c00000, 0x0000000014c00000)

Polling page: 0x00000000010d0000

CodeCache: size=245760Kb used=3598Kb max_used=3598Kb free=242161Kb
 bounds [0x00000000030d0000, 0x0000000003460000, 0x00000000120d0000]
 total_blobs=1147 nmethods=876 adapters=184
 compilation: enabled

Compilation events (10 events):
Event: 8.558 Thread 0x0000000016b6c000  880       3       com.android.dx.util.IntList::makeImmutable (20 bytes)
Event: 8.559 Thread 0x0000000016b6c000 nmethod 880 0x0000000003452b10 code [0x0000000003452c80, 0x0000000003452ff8]
Event: 8.559 Thread 0x0000000016b6c000  847       3       com.android.dx.ssa.SCCP::setLatticeValueTo (67 bytes)
Event: 8.559 Thread 0x0000000016b6c000 nmethod 847 0x0000000003453110 code [0x00000000034532c0, 0x0000000003453828]
Event: 8.559 Thread 0x0000000016b6c000  878       3       com.android.dx.rop.code.LocalVariableInfo::mergeStarts (75 bytes)
Event: 8.560 Thread 0x0000000016b6c000 nmethod 878 0x0000000003453b90 code [0x0000000003453d80, 0x0000000003454738]
Event: 8.560 Thread 0x0000000016b6c000  843       3       com.android.dx.rop.code.BasicBlockList::getRegCount (34 bytes)
Event: 8.561 Thread 0x0000000016b6c000 nmethod 843 0x0000000003454b90 code [0x0000000003454d00, 0x00000000034550a8]
Event: 8.561 Thread 0x0000000016b6c000  875       1       com.android.dx.rop.cst.CstKnownNull::hashCode (3 bytes)
Event: 8.561 Thread 0x0000000016b6c000 nmethod 875 0x00000000034551d0 code [0x0000000003455320, 0x0000000003455430]

GC Heap History (2 events):
Event: 8.097 GC heap before
{Heap before GC invocations=1 (full 0):
 PSYoungGen      total 18432K, used 15872K [0x00000000eab00000, 0x00000000ebf80000, 0x0000000100000000)
  eden space 15872K, 100% used [0x00000000eab00000,0x00000000eba80000,0x00000000eba80000)
  from space 2560K, 0% used [0x00000000ebd00000,0x00000000ebd00000,0x00000000ebf80000)
  to   space 2560K, 0% used [0x00000000eba80000,0x00000000eba80000,0x00000000ebd00000)
 ParOldGen       total 42496K, used 0K [0x00000000c0000000, 0x00000000c2980000, 0x00000000eab00000)
  object space 42496K, 0% used [0x00000000c0000000,0x00000000c0000000,0x00000000c2980000)
 Metaspace       used 5836K, capacity 6708K, committed 6784K, reserved 1056768K
  class space    used 604K, capacity 620K, committed 640K, reserved 1048576K
Event: 8.472 GC heap after
Heap after GC invocations=1 (full 0):
 PSYoungGen      total 18432K, used 2546K [0x00000000eab00000, 0x00000000ebf80000, 0x0000000100000000)
  eden space 15872K, 0% used [0x00000000eab00000,0x00000000eab00000,0x00000000eba80000)
  from space 2560K, 99% used [0x00000000eba80000,0x00000000ebcfcac8,0x00000000ebd00000)
  to   space 2560K, 0% used [0x00000000ebd00000,0x00000000ebd00000,0x00000000ebf80000)
 ParOldGen       total 42496K, used 1608K [0x00000000c0000000, 0x00000000c2980000, 0x00000000eab00000)
  object space 42496K, 3% used [0x00000000c0000000,0x00000000c01921b8,0x00000000c2980000)
 Metaspace       used 5836K, capacity 6708K, committed 6784K, reserved 1056768K
  class space    used 604K, capacity 620K, committed 640K, reserved 1048576K
}

Deoptimization events (2 events):
Event: 7.054 Thread 0x0000000016d6e000 Uncommon trap: reason=unstable_if action=reinterpret pc=0x00000000032f10dc method=java.util.HashMap.getNode(ILjava/lang/Object;)Ljava/util/HashMap$Node; @ 129
Event: 8.549 Thread 0x000000000143e000 Uncommon trap: reason=unstable_if action=reinterpret pc=0x00000000034322dc method=com.android.dx.rop.cst.Constant.compareTo(Lcom/android/dx/rop/cst/Constant;)I @ 12

Internal exceptions (2 events):
Event: 0.091 Thread 0x000000000143e000 Exception <a 'java/lang/NoSuchMethodError': Method sun.misc.Unsafe.defineClass(Ljava/lang/String;[BII)Ljava/lang/Class; name or signature does not match> (0x00000000eab07cc0) thrown at [D:\re\workspace\8-2-build-windows-amd64-cygwin\jdk8u92\6642\hotspot\sr+ö :∑?
Event: 0.091 Thread 0x000000000143e000 Exception <a 'java/lang/NoSuchMethodError': Method sun.misc.Unsafe.prefetchRead(Ljava/lang/Object;J)V name or signature does not match> (0x00000000eab07fa8) thrown at [D:\re\workspace\8-2-build-windows-amd64-cygwin\jdk8u92\6642\hotspot\src\share\vm\prims\j

Events (10 events):
Event: 8.477 loading class com/android/dx/cf/code/Ropper$ExceptionHandlerSetup done
Event: 8.479 loading class java/util/HashMap$Values
Event: 8.479 loading class java/util/HashMap$Values done
Event: 8.479 loading class java/util/HashMap$ValueIterator
Event: 8.479 loading class java/util/HashMap$ValueIterator done
Event: 8.514 loading class com/android/dx/cf/attrib/AttLocalVariableTypeTable
Event: 8.514 loading class com/android/dx/cf/attrib/AttLocalVariableTypeTable done
Event: 8.549 Thread 0x000000000143e000 Uncommon trap: trap_request=0xffffff65 fr.pc=0x00000000034322dc
Event: 8.549 Thread 0x000000000143e000 DEOPT PACKING pc=0x00000000034322dc sp=0x0000000002fce470
Event: 8.549 Thread 0x000000000143e000 DEOPT UNPACKING pc=0x000000000311582a sp=0x0000000002fce410 mode 2


Dynamic libraries:
0x00007ff6973c0000 - 0x00007ff6973f7000 	D:\Program Files\Java\jdk1.8.0_92\bin\java.exe
0x00007ffccdbf0000 - 0x00007ffccddc1000 	C:\WINDOWS\SYSTEM32\ntdll.dll
0x00007ffcccee0000 - 0x00007ffcccf8b000 	C:\WINDOWS\System32\KERNEL32.DLL
0x00007ffcca860000 - 0x00007ffccaa7d000 	C:\WINDOWS\System32\KERNELBASE.dll
0x00007ffccb170000 - 0x00007ffccb212000 	C:\WINDOWS\System32\ADVAPI32.dll
0x00007ffcccc60000 - 0x00007ffccccfe000 	C:\WINDOWS\System32\msvcrt.dll
0x00007ffccd580000 - 0x00007ffccd5d9000 	C:\WINDOWS\System32\sechost.dll
0x00007ffcccaa0000 - 0x00007ffcccbc1000 	C:\WINDOWS\System32\RPCRT4.dll
0x00007ffccd410000 - 0x00007ffccd575000 	C:\WINDOWS\System32\USER32.dll
0x00007ffcca620000 - 0x00007ffcca63e000 	C:\WINDOWS\System32\win32u.dll
0x00007ffccb4e0000 - 0x00007ffccb514000 	C:\WINDOWS\System32\GDI32.dll
0x00007ffcca490000 - 0x00007ffcca612000 	C:\WINDOWS\System32\gdi32full.dll
0x00007ffcbf550000 - 0x00007ffcbf7c9000 	C:\WINDOWS\WinSxS\amd64_microsoft.windows.common-controls_6595b64144ccf1df_6.0.14393.0_none_2d0f50fcbdb171b8\COMCTL32.dll
0x00007ffcccff0000 - 0x00007ffccd2b7000 	C:\WINDOWS\System32\combase.dll
0x00007ffcca210000 - 0x00007ffcca305000 	C:\WINDOWS\System32\ucrtbase.dll
0x00007ffcca310000 - 0x00007ffcca37a000 	C:\WINDOWS\System32\bcryptPrimitives.dll
0x00007ffccdbb0000 - 0x00007ffccdbde000 	C:\WINDOWS\System32\IMM32.DLL
0x0000000059100000 - 0x00000000591d2000 	D:\Program Files\Java\jdk1.8.0_92\jre\bin\msvcr100.dll
0x0000000059bb0000 - 0x000000005a446000 	D:\Program Files\Java\jdk1.8.0_92\jre\bin\server\jvm.dll
0x00007ffccd2c0000 - 0x00007ffccd2c8000 	C:\WINDOWS\System32\PSAPI.DLL
0x00007ffcbf4c0000 - 0x00007ffcbf4c9000 	C:\WINDOWS\SYSTEM32\WSOCK32.dll
0x00007ffccb520000 - 0x00007ffccb58a000 	C:\WINDOWS\System32\WS2_32.dll
0x00007ffcc8590000 - 0x00007ffcc85b3000 	C:\WINDOWS\SYSTEM32\WINMM.dll
0x00007ffcc0100000 - 0x00007ffcc010a000 	C:\WINDOWS\SYSTEM32\VERSION.dll
0x00007ffcc8530000 - 0x00007ffcc855b000 	C:\WINDOWS\SYSTEM32\WINMMBASE.dll
0x00007ffcca810000 - 0x00007ffcca852000 	C:\WINDOWS\System32\cfgmgr32.dll
0x0000000059ba0000 - 0x0000000059baf000 	D:\Program Files\Java\jdk1.8.0_92\jre\bin\verify.dll
0x0000000059b70000 - 0x0000000059b99000 	D:\Program Files\Java\jdk1.8.0_92\jre\bin\java.dll
0x0000000059b50000 - 0x0000000059b66000 	D:\Program Files\Java\jdk1.8.0_92\jre\bin\zip.dll
0x00007ffccb590000 - 0x00007ffccca98000 	C:\WINDOWS\System32\SHELL32.dll
0x00007ffccaa80000 - 0x00007ffccb15a000 	C:\WINDOWS\System32\windows.storage.dll
0x00007ffcca0d0000 - 0x00007ffcca11c000 	C:\WINDOWS\System32\powrprof.dll
0x00007ffccce60000 - 0x00007ffccceb2000 	C:\WINDOWS\System32\shlwapi.dll
0x00007ffcca140000 - 0x00007ffcca14f000 	C:\WINDOWS\System32\kernel.appcore.dll
0x00007ffcca160000 - 0x00007ffcca209000 	C:\WINDOWS\System32\shcore.dll
0x00007ffcca120000 - 0x00007ffcca134000 	C:\WINDOWS\System32\profapi.dll

VM Arguments:
jvm_args: -Djava.awt.headless=true -Xmx1024M -Dfile.encoding=GBK -Duser.country=CN -Duser.language=zh -Duser.variant 
java_command: com.android.dx.command.Main --dex --force-jumbo --num-threads=4 --output F:\AndroidStudioProjects\MyApplication2\l05_handler\build\intermediates\pre-dexed\debug\com.android.support-support-core-ui-24.2.0_de74169727293397131daf346fbdae7c5c7fcf92.jar F:\AndroidStudioProjects\MyApplication2\l05_handler\build\intermediates\exploded-aar\com.android.support\support-core-ui\24.2.0\jars\classes.jar
java_class_path (initial): D:\Android_developer_tools\android-sdk-windows\build-tools\24.0.2\lib\dx.jar
Launcher Type: SUN_STANDARD

Environment Variables:
JAVA_HOME=D:\Program Files\Java\jdk1.8.0_92
CLASSPATH=.;D:\Program Files\Java\jdk1.8.0_92\lib\dt.jar;D:\Program Files\Java\jdk1.8.0_92\lib\tools.jar
PATH=D:\Program Files\Java\jdk1.8.0_92\bin;D:\Program Files\Java\jdk1.8.0_92\jre\bin;C:\WINDOWS\system32;C:\WINDOWS;C:\WINDOWS\System32\Wbem;C:\WINDOWS\System32\WindowsPowerShell\v1.0\;C:\Program Files (x86)\ATI Technologies\ATI.ACE\Core-Static;C:\Program Files\Lenovo\Bluetooth Software\;C:\Program Files\Lenovo\Bluetooth Software\syswow64;C:\Program Files (x86)\AMD\ATI.ACE\Core-Static;D:\Program Files (x86)\MySQL\MySQL Server 5.5\bin;D:\Android_developer_tools\android-sdk-windows\platform-tools;D:\Android_developer_tools\android-sdk-windows\tools;C:\Users\Administrator\AppData\Local\Microsoft\WindowsApps;
USERNAME=Administrator
OS=Windows_NT
PROCESSOR_IDENTIFIER=Intel64 Family 6 Model 58 Stepping 9, GenuineIntel



---------------  S Y S T E M  ---------------

OS: Windows 10.0 , 64 bit Build 14393 (10.0.14393.0)

CPU:total 4 (2 cores per cpu, 2 threads per core) family 6 model 58 stepping 9, cmov, cx8, fxsr, mmx, sse, sse2, sse3, ssse3, sse4.1, sse4.2, popcnt, avx, clmul, erms, ht, tsc, tscinvbit, tscinv

Memory: 4k page, physical 4060004k(189672k free), swap 6157156k(3924k free)

vm_info: Java HotSpot(TM) 64-Bit Server VM (25.92-b14) for windows-amd64 JRE (1.8.0_92-b14), built on Mar 31 2016 21:03:04 by "java_re" with MS VC++ 10.0 (VS2010)

time: Tue Sep 06 18:47:52 2016
elapsed time: 8 seconds (0d 0h 0m 8s)

