#
# There is insufficient memory for the Java Runtime Environment to continue.
# Native memory allocation (malloc) failed to allocate 32744 bytes for ChunkPool::allocate
# Possible reasons:
#   The system is out of physical RAM or swap space
#   In 32 bit mode, the process size limit was hit
# Possible solutions:
#   Reduce memory load on the system
#   Increase physical memory or swap space
#   Check if swap backing store is full
#   Use 64 bit Java on a 64 bit OS
#   Decrease Java heap size (-Xmx/-Xms)
#   Decrease number of Java threads
#   Decrease Java thread stack sizes (-Xss)
#   Set larger code cache with -XX:ReservedCodeCacheSize=
# This output file may be truncated or incomplete.
#
#  Out of Memory Error (allocation.cpp:273), pid=5620, tid=0x00000000000020f0
#
# JRE version: Java(TM) SE Runtime Environment (8.0_92-b14) (build 1.8.0_92-b14)
# Java VM: Java HotSpot(TM) 64-Bit Server VM (25.92-b14 mixed mode windows-amd64 compressed oops)
# Failed to write core dump. Minidumps are not enabled by default on client versions of Windows
#

---------------  T H R E A D  ---------------

Current thread (0x0000000015b1b800):  JavaThread "C1 CompilerThread2" daemon [_thread_in_native, id=8432, stack(0x0000000017630000,0x0000000017730000)]

Stack: [0x0000000017630000,0x0000000017730000]
[error occurred during error reporting (printing stack bounds), id 0xc0000005]

Native frames: (J=compiled Java code, j=interpreted, Vv=VM code, C=native code)


Current CompileTask:
C1:  31919 2164       3       com.android.dx.dex.file.AnnotationsDirectoryItem::addContents (160 bytes)


---------------  P R O C E S S  ---------------

Java Threads: ( => current thread )
  0x0000000016e8f000 JavaThread "Service Thread" daemon [_thread_blocked, id=1732, stack(0x0000000017730000,0x0000000017830000)]
=>0x0000000015b1b800 JavaThread "C1 CompilerThread2" daemon [_thread_in_native, id=8432, stack(0x0000000017630000,0x0000000017730000)]
  0x0000000015b18800 JavaThread "C2 CompilerThread1" daemon [_thread_in_native, id=4340, stack(0x0000000017530000,0x0000000017630000)]
  0x0000000016e73000 JavaThread "C2 CompilerThread0" daemon [_thread_blocked, id=836, stack(0x0000000017430000,0x0000000017530000)]
  0x0000000015ad3000 JavaThread "Attach Listener" daemon [_thread_blocked, id=9016, stack(0x0000000017330000,0x0000000017430000)]
  0x0000000015ad2000 JavaThread "Signal Dispatcher" daemon [_thread_blocked, id=196, stack(0x0000000017230000,0x0000000017330000)]
  0x0000000015aaa000 JavaThread "Finalizer" daemon [_thread_blocked, id=7964, stack(0x0000000016d30000,0x0000000016e30000)]
  0x0000000015a89000 JavaThread "Reference Handler" daemon [_thread_blocked, id=2156, stack(0x0000000016c30000,0x0000000016d30000)]
  0x00000000031ee000 JavaThread "main" [_thread_in_vm, id=888, stack(0x0000000003060000,0x0000000003160000)]

Other Threads:
  0x0000000015a87000 VMThread [stack: 0x0000000016b30000,0x0000000016c30000] [id=1344]
  0x0000000016efe800 WatcherThread [stack: 0x0000000017830000,0x0000000017930000] [id=8528]

VM state:not at safepoint (normal execution)

VM Mutex/Monitor currently owned by a thread: None

Heap:
 PSYoungGen      total 66048K, used 40345K [0x00000000eab00000, 0x00000000eee00000, 0x0000000100000000)
  eden space 63488K, 59% used [0x00000000eab00000,0x00000000ecfeb0d0,0x00000000ee900000)
  from space 2560K, 99% used [0x00000000ee900000,0x00000000eeb7b338,0x00000000eeb80000)
  to   space 2560K, 0% used [0x00000000eeb80000,0x00000000eeb80000,0x00000000eee00000)
 ParOldGen       total 42496K, used 22853K [0x00000000c0000000, 0x00000000c2980000, 0x00000000eab00000)
  object space 42496K, 53% used [0x00000000c0000000,0x00000000c1651638,0x00000000c2980000)
 Metaspace       used 6505K, capacity 7256K, committed 7424K, reserved 1056768K
  class space    used 615K, capacity 656K, committed 768K, reserved 1048576K

Card table byte_map: [0x00000000127b0000,0x00000000129c0000] byte_map_base: 0x00000000121b0000

Marking Bits: (ParMarkBitMap*) 0x000000005a3c64f0
 Begin Bits: [0x0000000012f20000, 0x0000000013f20000)
 End Bits:   [0x0000000013f20000, 0x0000000014f20000)

Polling page: 0x0000000001590000

CodeCache: size=245760Kb used=10458Kb max_used=10471Kb free=235301Kb
 bounds [0x00000000033f0000, 0x0000000003e40000, 0x00000000123f0000]
 total_blobs=2396 nmethods=2124 adapters=184
 compilation: enabled

Compilation events (10 events):
Event: 31.811 Thread 0x0000000015b1b800 2159       3       com.android.dx.dex.file.AnnotationSetItem::itemType (4 bytes)
Event: 31.811 Thread 0x0000000015b1b800 nmethod 2159 0x0000000003e1d250 code [0x0000000003e1d3a0, 0x0000000003e1d4f0]
Event: 31.812 Thread 0x0000000015b1b800 2160       3       com.android.dx.dex.file.OffsettedItem::equals (45 bytes)
Event: 31.812 Thread 0x0000000015b1b800 nmethod 2160 0x0000000003e2dc90 code [0x0000000003e2de20, 0x0000000003e2e3a8]
Event: 31.813 Thread 0x0000000016e73000 2161       4       java.util.HashMap::put (13 bytes)
Event: 31.834 Thread 0x0000000016e73000 nmethod 2161 0x0000000003e26cd0 code [0x0000000003e26ea0, 0x0000000003e277f0]
Event: 31.852 Thread 0x0000000015b18800 2162       4       java.util.TreeMap$Entry::hashCode (42 bytes)
Event: 31.897 Thread 0x0000000015b1b800 2163       3       com.android.dx.dex.file.AnnotationsDirectoryItem::itemType (4 bytes)
Event: 31.897 Thread 0x0000000015b1b800 nmethod 2163 0x0000000003e2d8d0 code [0x0000000003e2da20, 0x0000000003e2db70]
Event: 31.898 Thread 0x0000000015b1b800 2164       3       com.android.dx.dex.file.AnnotationsDirectoryItem::addContents (160 bytes)

GC Heap History (10 events):
Event: 7.453 GC heap before
{Heap before GC invocations=1 (full 0):
 PSYoungGen      total 18432K, used 15872K [0x00000000eab00000, 0x00000000ebf80000, 0x0000000100000000)
  eden space 15872K, 100% used [0x00000000eab00000,0x00000000eba80000,0x00000000eba80000)
  from space 2560K, 0% used [0x00000000ebd00000,0x00000000ebd00000,0x00000000ebf80000)
  to   space 2560K, 0% used [0x00000000eba80000,0x00000000eba80000,0x00000000ebd00000)
 ParOldGen       total 42496K, used 0K [0x00000000c0000000, 0x00000000c2980000, 0x00000000eab00000)
  object space 42496K, 0% used [0x00000000c0000000,0x00000000c0000000,0x00000000c2980000)
 Metaspace       used 5192K, capacity 6160K, committed 6272K, reserved 1056768K
  class space    used 573K, capacity 584K, committed 640K, reserved 1048576K
Event: 7.628 GC heap after
Heap after GC invocations=1 (full 0):
 PSYoungGen      total 18432K, used 2559K [0x00000000eab00000, 0x00000000ecf00000, 0x0000000100000000)
  eden space 15872K, 0% used [0x00000000eab00000,0x00000000eab00000,0x00000000eba80000)
  from space 2560K, 99% used [0x00000000eba80000,0x00000000ebcffc40,0x00000000ebd00000)
  to   space 2560K, 0% used [0x00000000ecc80000,0x00000000ecc80000,0x00000000ecf00000)
 ParOldGen       total 42496K, used 339K [0x00000000c0000000, 0x00000000c2980000, 0x00000000eab00000)
  object space 42496K, 0% used [0x00000000c0000000,0x00000000c0054f98,0x00000000c2980000)
 Metaspace       used 5192K, capacity 6160K, committed 6272K, reserved 1056768K
  class space    used 573K, capacity 584K, committed 640K, reserved 1048576K
}
Event: 12.761 GC heap before
{Heap before GC invocations=2 (full 0):
 PSYoungGen      total 18432K, used 18431K [0x00000000eab00000, 0x00000000ecf00000, 0x0000000100000000)
  eden space 15872K, 100% used [0x00000000eab00000,0x00000000eba80000,0x00000000eba80000)
  from space 2560K, 99% used [0x00000000eba80000,0x00000000ebcffc40,0x00000000ebd00000)
  to   space 2560K, 0% used [0x00000000ecc80000,0x00000000ecc80000,0x00000000ecf00000)
 ParOldGen       total 42496K, used 339K [0x00000000c0000000, 0x00000000c2980000, 0x00000000eab00000)
  object space 42496K, 0% used [0x00000000c0000000,0x00000000c0054f98,0x00000000c2980000)
 Metaspace       used 6086K, capacity 6966K, committed 7040K, reserved 1056768K
  class space    used 609K, capacity 622K, committed 640K, reserved 1048576K
Event: 13.241 GC heap after
Heap after GC invocations=2 (full 0):
 PSYoungGen      total 34304K, used 2546K [0x00000000eab00000, 0x00000000ecf00000, 0x0000000100000000)
  eden space 31744K, 0% used [0x00000000eab00000,0x00000000eab00000,0x00000000eca00000)
  from space 2560K, 99% used [0x00000000ecc80000,0x00000000ecefcac8,0x00000000ecf00000)
  to   space 2560K, 0% used [0x00000000eca00000,0x00000000eca00000,0x00000000ecc80000)
 ParOldGen       total 42496K, used 2036K [0x00000000c0000000, 0x00000000c2980000, 0x00000000eab00000)
  object space 42496K, 4% used [0x00000000c0000000,0x00000000c01fd380,0x00000000c2980000)
 Metaspace       used 6086K, capacity 6966K, committed 7040K, reserved 1056768K
  class space    used 609K, capacity 622K, committed 640K, reserved 1048576K
}
Event: 16.932 GC heap before
{Heap before GC invocations=3 (full 0):
 PSYoungGen      total 34304K, used 34290K [0x00000000eab00000, 0x00000000ecf00000, 0x0000000100000000)
  eden space 31744K, 100% used [0x00000000eab00000,0x00000000eca00000,0x00000000eca00000)
  from space 2560K, 99% used [0x00000000ecc80000,0x00000000ecefcac8,0x00000000ecf00000)
  to   space 2560K, 0% used [0x00000000eca00000,0x00000000eca00000,0x00000000ecc80000)
 ParOldGen       total 42496K, used 2036K [0x00000000c0000000, 0x00000000c2980000, 0x00000000eab00000)
  object space 42496K, 4% used [0x00000000c0000000,0x00000000c01fd380,0x00000000c2980000)
 Metaspace       used 6253K, capacity 7094K, committed 7296K, reserved 1056768K
  class space    used 609K, capacity 622K, committed 640K, reserved 1048576K
Event: 17.641 GC heap after
Heap after GC invocations=3 (full 0):
 PSYoungGen      total 34304K, used 2560K [0x00000000eab00000, 0x00000000eee00000, 0x0000000100000000)
  eden space 31744K, 0% used [0x00000000eab00000,0x00000000eab00000,0x00000000eca00000)
  from space 2560K, 100% used [0x00000000eca00000,0x00000000ecc80000,0x00000000ecc80000)
  to   space 2560K, 0% used [0x00000000eeb80000,0x00000000eeb80000,0x00000000eee00000)
 ParOldGen       total 42496K, used 7008K [0x00000000c0000000, 0x00000000c2980000, 0x00000000eab00000)
  object space 42496K, 16% used [0x00000000c0000000,0x00000000c06d8138,0x00000000c2980000)
 Metaspace       used 6253K, capacity 7094K, committed 7296K, reserved 1056768K
  class space    used 609K, capacity 622K, committed 640K, reserved 1048576K
}
Event: 21.703 GC heap before
{Heap before GC invocations=4 (full 0):
 PSYoungGen      total 34304K, used 34304K [0x00000000eab00000, 0x00000000eee00000, 0x0000000100000000)
  eden space 31744K, 100% used [0x00000000eab00000,0x00000000eca00000,0x00000000eca00000)
  from space 2560K, 100% used [0x00000000eca00000,0x00000000ecc80000,0x00000000ecc80000)
  to   space 2560K, 0% used [0x00000000eeb80000,0x00000000eeb80000,0x00000000eee00000)
 ParOldGen       total 42496K, used 7008K [0x00000000c0000000, 0x00000000c2980000, 0x00000000eab00000)
  object space 42496K, 16% used [0x00000000c0000000,0x00000000c06d8138,0x00000000c2980000)
 Metaspace       used 6340K, capacity 7158K, committed 7296K, reserved 1056768K
  class space    used 609K, capacity 622K, committed 640K, reserved 1048576K
Event: 22.896 GC heap after
Heap after GC invocations=4 (full 0):
 PSYoungGen      total 66048K, used 2560K [0x00000000eab00000, 0x00000000eee00000, 0x0000000100000000)
  eden space 63488K, 0% used [0x00000000eab00000,0x00000000eab00000,0x00000000ee900000)
  from space 2560K, 100% used [0x00000000eeb80000,0x00000000eee00000,0x00000000eee00000)
  to   space 2560K, 0% used [0x00000000ee900000,0x00000000ee900000,0x00000000eeb80000)
 ParOldGen       total 42496K, used 12504K [0x00000000c0000000, 0x00000000c2980000, 0x00000000eab00000)
  object space 42496K, 29% used [0x00000000c0000000,0x00000000c0c363b0,0x00000000c2980000)
 Metaspace       used 6340K, capacity 7158K, committed 7296K, reserved 1056768K
  class space    used 609K, capacity 622K, committed 640K, reserved 1048576K
}
Event: 29.167 GC heap before
{Heap before GC invocations=5 (full 0):
 PSYoungGen      total 66048K, used 66048K [0x00000000eab00000, 0x00000000eee00000, 0x0000000100000000)
  eden space 63488K, 100% used [0x00000000eab00000,0x00000000ee900000,0x00000000ee900000)
  from space 2560K, 100% used [0x00000000eeb80000,0x00000000eee00000,0x00000000eee00000)
  to   space 2560K, 0% used [0x00000000ee900000,0x00000000ee900000,0x00000000eeb80000)
 ParOldGen       total 42496K, used 12504K [0x00000000c0000000, 0x00000000c2980000, 0x00000000eab00000)
  object space 42496K, 29% used [0x00000000c0000000,0x00000000c0c363b0,0x00000000c2980000)
 Metaspace       used 6412K, capacity 7158K, committed 7296K, reserved 1056768K
  class space    used 610K, capacity 622K, committed 640K, reserved 1048576K
Event: 30.003 GC heap after
Heap after GC invocations=5 (full 0):
 PSYoungGen      total 66048K, used 2540K [0x00000000eab00000, 0x00000000eee00000, 0x0000000100000000)
  eden space 63488K, 0% used [0x00000000eab00000,0x00000000eab00000,0x00000000ee900000)
  from space 2560K, 99% used [0x00000000ee900000,0x00000000eeb7b338,0x00000000eeb80000)
  to   space 2560K, 0% used [0x00000000eeb80000,0x00000000eeb80000,0x00000000eee00000)
 ParOldGen       total 42496K, used 22853K [0x00000000c0000000, 0x00000000c2980000, 0x00000000eab00000)
  object space 42496K, 53% used [0x00000000c0000000,0x00000000c1651638,0x00000000c2980000)
 Metaspace       used 6412K, capacity 7158K, committed 7296K, reserved 1056768K
  class space    used 610K, capacity 622K, committed 640K, reserved 1048576K
}

Deoptimization events (10 events):
Event: 30.836 Thread 0x00000000031ee000 Uncommon trap: reason=class_check action=maybe_recompile pc=0x00000000038b5888 method=java.util.Arrays.hashCode([Ljava/lang/Object;)I @ 43
Event: 30.836 Thread 0x00000000031ee000 Uncommon trap: reason=class_check action=maybe_recompile pc=0x00000000038b5888 method=java.util.Arrays.hashCode([Ljava/lang/Object;)I @ 43
Event: 30.836 Thread 0x00000000031ee000 Uncommon trap: reason=class_check action=maybe_recompile pc=0x00000000038b5e68 method=java.util.Arrays.hashCode([Ljava/lang/Object;)I @ 43
Event: 31.199 Thread 0x00000000031ee000 Uncommon trap: reason=bimorphic action=maybe_recompile pc=0x00000000038813b0 method=java.util.HashMap.getNode(ILjava/lang/Object;)Ljava/util/HashMap$Node; @ 126
Event: 31.201 Thread 0x00000000031ee000 Uncommon trap: reason=bimorphic action=maybe_recompile pc=0x00000000038813b0 method=java.util.HashMap.getNode(ILjava/lang/Object;)Ljava/util/HashMap$Node; @ 126
Event: 31.810 Thread 0x00000000031ee000 Uncommon trap: reason=class_check action=maybe_recompile pc=0x0000000003e09ecc method=java.util.HashMap.putVal(ILjava/lang/Object;Ljava/lang/Object;ZZ)Ljava/lang/Object; @ 203
Event: 31.810 Thread 0x00000000031ee000 Uncommon trap: reason=class_check action=maybe_recompile pc=0x0000000003e09ecc method=java.util.HashMap.putVal(ILjava/lang/Object;Ljava/lang/Object;ZZ)Ljava/lang/Object; @ 203
Event: 31.810 Thread 0x00000000031ee000 Uncommon trap: reason=class_check action=maybe_recompile pc=0x0000000003e09ecc method=java.util.HashMap.putVal(ILjava/lang/Object;Ljava/lang/Object;ZZ)Ljava/lang/Object; @ 203
Event: 31.811 Thread 0x00000000031ee000 Uncommon trap: reason=class_check action=maybe_recompile pc=0x0000000003e09ecc method=java.util.HashMap.putVal(ILjava/lang/Object;Ljava/lang/Object;ZZ)Ljava/lang/Object; @ 203
Event: 31.811 Thread 0x00000000031ee000 Uncommon trap: reason=class_check action=maybe_recompile pc=0x0000000003e058a4 method=java.util.HashMap.putVal(ILjava/lang/Object;Ljava/lang/Object;ZZ)Ljava/lang/Object; @ 203

Internal exceptions (5 events):
Event: 0.181 Thread 0x00000000031ee000 Exception <a 'java/lang/NoSuchMethodError': Method sun.misc.Unsafe.defineClass(Ljava/lang/String;[BII)Ljava/lang/Class; name or signature does not match> (0x00000000eab07cc0) thrown at [D:\re\workspace\8-2-build-windows-amd64-cygwin\jdk8u92\6642\hotspot\srá¼_m;!Ç?
Event: 0.181 Thread 0x00000000031ee000 Exception <a 'java/lang/NoSuchMethodError': Method sun.misc.Unsafe.prefetchRead(Ljava/lang/Object;J)V name or signature does not match> (0x00000000eab07fa8) thrown at [D:\re\workspace\8-2-build-windows-amd64-cygwin\jdk8u92\6642\hotspot\src\share\vm\prims\j¢ÑY®&ä-@
Event: 14.946 Thread 0x00000000170cb800 Implicit null exception at 0x00000000037e1dd3 to 0x00000000037e4001
Event: 14.946 Thread 0x00000000170cb800 Implicit null exception at 0x0000000003814ece to 0x00000000038173d9
Event: 16.930 Thread 0x00000000170d1000 Implicit null exception at 0x0000000003a03aa2 to 0x0000000003a03b92

Events (10 events):
Event: 31.810 Thread 0x00000000031ee000 DEOPT UNPACKING pc=0x000000000343582a sp=0x000000000315f210 mode 2
Event: 31.810 Thread 0x00000000031ee000 Uncommon trap: trap_request=0xffffffde fr.pc=0x0000000003e09ecc
Event: 31.810 Thread 0x00000000031ee000 DEOPT PACKING pc=0x0000000003e09ecc sp=0x000000000315f2f0
Event: 31.810 Thread 0x00000000031ee000 DEOPT UNPACKING pc=0x000000000343582a sp=0x000000000315f210 mode 2
Event: 31.811 Thread 0x00000000031ee000 Uncommon trap: trap_request=0xffffffde fr.pc=0x0000000003e09ecc
Event: 31.811 Thread 0x00000000031ee000 DEOPT PACKING pc=0x0000000003e09ecc sp=0x000000000315f2f0
Event: 31.811 Thread 0x00000000031ee000 DEOPT UNPACKING pc=0x000000000343582a sp=0x000000000315f210 mode 2
Event: 31.811 Thread 0x00000000031ee000 Uncommon trap: trap_request=0xffffffde fr.pc=0x0000000003e058a4
Event: 31.811 Thread 0x00000000031ee000 DEOPT PACKING pc=0x0000000003e058a4 sp=0x000000000315f250
Event: 31.811 Thread 0x00000000031ee000 DEOPT UNPACKING pc=0x000000000343582a sp=0x000000000315f208 mode 2


Dynamic libraries:
0x00007ff6973c0000 - 0x00007ff6973f7000 	D:\Program Files\Java\jdk1.8.0_92\bin\java.exe
0x00007ffccdbf0000 - 0x00007ffccddc1000 	C:\WINDOWS\SYSTEM32\ntdll.dll
0x00007ffcccee0000 - 0x00007ffcccf8b000 	C:\WINDOWS\System32\KERNEL32.DLL
0x00007ffcca860000 - 0x00007ffccaa7d000 	C:\WINDOWS\System32\KERNELBASE.dll
0x00007ffccb170000 - 0x00007ffccb212000 	C:\WINDOWS\System32\ADVAPI32.dll
0x00007ffcccc60000 - 0x00007ffccccfe000 	C:\WINDOWS\System32\msvcrt.dll
0x00007ffccd580000 - 0x00007ffccd5d9000 	C:\WINDOWS\System32\sechost.dll
0x00007ffcccaa0000 - 0x00007ffcccbc1000 	C:\WINDOWS\System32\RPCRT4.dll
0x00007ffccd410000 - 0x00007ffccd575000 	C:\WINDOWS\System32\USER32.dll
0x00007ffcca620000 - 0x00007ffcca63e000 	C:\WINDOWS\System32\win32u.dll
0x00007ffccb4e0000 - 0x00007ffccb514000 	C:\WINDOWS\System32\GDI32.dll
0x00007ffcca490000 - 0x00007ffcca612000 	C:\WINDOWS\System32\gdi32full.dll
0x00007ffcbf550000 - 0x00007ffcbf7c9000 	C:\WINDOWS\WinSxS\amd64_microsoft.windows.common-controls_6595b64144ccf1df_6.0.14393.0_none_2d0f50fcbdb171b8\COMCTL32.dll
0x00007ffcccff0000 - 0x00007ffccd2b7000 	C:\WINDOWS\System32\combase.dll
0x00007ffcca210000 - 0x00007ffcca305000 	C:\WINDOWS\System32\ucrtbase.dll
0x00007ffcca310000 - 0x00007ffcca37a000 	C:\WINDOWS\System32\bcryptPrimitives.dll
0x00007ffccdbb0000 - 0x00007ffccdbde000 	C:\WINDOWS\System32\IMM32.DLL
0x0000000059100000 - 0x00000000591d2000 	D:\Program Files\Java\jdk1.8.0_92\jre\bin\msvcr100.dll
0x0000000059bb0000 - 0x000000005a446000 	D:\Program Files\Java\jdk1.8.0_92\jre\bin\server\jvm.dll
0x00007ffccd2c0000 - 0x00007ffccd2c8000 	C:\WINDOWS\System32\PSAPI.DLL
0x00007ffcbf4c0000 - 0x00007ffcbf4c9000 	C:\WINDOWS\SYSTEM32\WSOCK32.dll
0x00007ffccb520000 - 0x00007ffccb58a000 	C:\WINDOWS\System32\WS2_32.dll
0x00007ffcc8590000 - 0x00007ffcc85b3000 	C:\WINDOWS\SYSTEM32\WINMM.dll
0x00007ffcc0100000 - 0x00007ffcc010a000 	C:\WINDOWS\SYSTEM32\VERSION.dll
0x00007ffcc8530000 - 0x00007ffcc855b000 	C:\WINDOWS\SYSTEM32\WINMMBASE.dll
0x00007ffcca810000 - 0x00007ffcca852000 	C:\WINDOWS\System32\cfgmgr32.dll
0x0000000059ba0000 - 0x0000000059baf000 	D:\Program Files\Java\jdk1.8.0_92\jre\bin\verify.dll
0x0000000059b70000 - 0x0000000059b99000 	D:\Program Files\Java\jdk1.8.0_92\jre\bin\java.dll
0x0000000059b50000 - 0x0000000059b66000 	D:\Program Files\Java\jdk1.8.0_92\jre\bin\zip.dll
0x00007ffccb590000 - 0x00007ffccca98000 	C:\WINDOWS\System32\SHELL32.dll
0x00007ffccaa80000 - 0x00007ffccb15a000 	C:\WINDOWS\System32\windows.storage.dll
0x00007ffcca0d0000 - 0x00007ffcca11c000 	C:\WINDOWS\System32\powrprof.dll
0x00007ffccce60000 - 0x00007ffccceb2000 	C:\WINDOWS\System32\shlwapi.dll
0x00007ffcca140000 - 0x00007ffcca14f000 	C:\WINDOWS\System32\kernel.appcore.dll
0x00007ffcca160000 - 0x00007ffcca209000 	C:\WINDOWS\System32\shcore.dll
0x00007ffcca120000 - 0x00007ffcca134000 	C:\WINDOWS\System32\profapi.dll

VM Arguments:
jvm_args: -Djava.awt.headless=true -Xmx1024M -Dfile.encoding=GBK -Duser.country=CN -Duser.language=zh -Duser.variant 
java_command: com.android.dx.command.Main --dex --force-jumbo --num-threads=4 --output F:\AndroidStudioProjects\MyApplication2\l05_handler\build\intermediates\pre-dexed\debug\com.android.support-support-compat-24.2.0_0da0c155339a29dfb527b872d0e704de3e739e3a.jar F:\AndroidStudioProjects\MyApplication2\l05_handler\build\intermediates\exploded-aar\com.android.support\support-compat\24.2.0\jars\classes.jar
java_class_path (initial): D:\Android_developer_tools\android-sdk-windows\build-tools\24.0.2\lib\dx.jar
Launcher Type: SUN_STANDARD

Environment Variables:
JAVA_HOME=D:\Program Files\Java\jdk1.8.0_92
CLASSPATH=.;D:\Program Files\Java\jdk1.8.0_92\lib\dt.jar;D:\Program Files\Java\jdk1.8.0_92\lib\tools.jar
PATH=D:\Program Files\Java\jdk1.8.0_92\bin;D:\Program Files\Java\jdk1.8.0_92\jre\bin;C:\WINDOWS\system32;C:\WINDOWS;C:\WINDOWS\System32\Wbem;C:\WINDOWS\System32\WindowsPowerShell\v1.0\;C:\Program Files (x86)\ATI Technologies\ATI.ACE\Core-Static;C:\Program Files\Lenovo\Bluetooth Software\;C:\Program Files\Lenovo\Bluetooth Software\syswow64;C:\Program Files (x86)\AMD\ATI.ACE\Core-Static;D:\Program Files (x86)\MySQL\MySQL Server 5.5\bin;D:\Android_developer_tools\android-sdk-windows\platform-tools;D:\Android_developer_tools\android-sdk-windows\tools;C:\Users\Administrator\AppData\Local\Microsoft\WindowsApps;
USERNAME=Administrator
OS=Windows_NT
PROCESSOR_IDENTIFIER=Intel64 Family 6 Model 58 Stepping 9, GenuineIntel



---------------  S Y S T E M  ---------------

OS: Windows 10.0 , 64 bit Build 14393 (10.0.14393.0)

CPU:total 4 (2 cores per cpu, 2 threads per core) family 6 model 58 stepping 9, cmov, cx8, fxsr, mmx, sse, sse2, sse3, ssse3, sse4.1, sse4.2, popcnt, avx, clmul, erms, ht, tsc, tscinvbit, tscinv

Memory: 4k page, physical 4060004k(155368k free), swap 6157156k(2300k free)

vm_info: Java HotSpot(TM) 64-Bit Server VM (25.92-b14) for windows-amd64 JRE (1.8.0_92-b14), built on Mar 31 2016 21:03:04 by "java_re" with MS VC++ 10.0 (VS2010)

time: Tue Sep 06 18:53:58 2016
elapsed time: 31 seconds (0d 0h 0m 31s)

