#
# There is insufficient memory for the Java Runtime Environment to continue.
# Native memory allocation (malloc) failed to allocate 692656 bytes for Chunk::new
# Possible reasons:
#   The system is out of physical RAM or swap space
#   In 32 bit mode, the process size limit was hit
# Possible solutions:
#   Reduce memory load on the system
#   Increase physical memory or swap space
#   Check if swap backing store is full
#   Use 64 bit Java on a 64 bit OS
#   Decrease Java heap size (-Xmx/-Xms)
#   Decrease number of Java threads
#   Decrease Java thread stack sizes (-Xss)
#   Set larger code cache with -XX:ReservedCodeCacheSize=
# This output file may be truncated or incomplete.
#
#  Out of Memory Error (allocation.cpp:390), pid=4256, tid=0x0000000000000a9c
#
# JRE version: Java(TM) SE Runtime Environment (8.0_92-b14) (build 1.8.0_92-b14)
# Java VM: Java HotSpot(TM) 64-Bit Server VM (25.92-b14 mixed mode windows-amd64 compressed oops)
# Failed to write core dump. Minidumps are not enabled by default on client versions of Windows
#

---------------  T H R E A D  ---------------

Current thread (0x0000000016984800):  JavaThread "C2 CompilerThread1" daemon [_thread_in_native, id=2716, stack(0x0000000016d30000,0x0000000016e30000)]

Stack: [0x0000000016d30000,0x0000000016e30000]
[error occurred during error reporting (printing stack bounds), id 0xc0000005]

Native frames: (J=compiled Java code, j=interpreted, Vv=VM code, C=native code)


Current CompileTask:
C2:   8506 1635       4       com.android.dx.ssa.SCCP::simulateBlock (54 bytes)


---------------  P R O C E S S  ---------------

Java Threads: ( => current thread )
  0x0000000016b9b000 JavaThread "pool-1-thread-4" [_thread_blocked, id=9008, stack(0x0000000017530000,0x0000000017630000)]
  0x0000000016b9a000 JavaThread "pool-1-thread-3" [_thread_in_Java, id=4444, stack(0x0000000017430000,0x0000000017530000)]
  0x0000000016b99000 JavaThread "pool-1-thread-2" [_thread_blocked, id=9256, stack(0x0000000017330000,0x0000000017430000)]
  0x0000000016c3a800 JavaThread "pool-2-thread-1" [_thread_blocked, id=8672, stack(0x0000000017230000,0x0000000017330000)]
  0x0000000016c34000 JavaThread "pool-1-thread-1" [_thread_blocked, id=8496, stack(0x0000000017130000,0x0000000017230000)]
  0x0000000016991000 JavaThread "Service Thread" daemon [_thread_blocked, id=9884, stack(0x0000000016f30000,0x0000000017030000)]
  0x000000001698b000 JavaThread "C1 CompilerThread2" daemon [_thread_blocked, id=6044, stack(0x0000000016e30000,0x0000000016f30000)]
=>0x0000000016984800 JavaThread "C2 CompilerThread1" daemon [_thread_in_native, id=2716, stack(0x0000000016d30000,0x0000000016e30000)]
  0x00000000152ba000 JavaThread "C2 CompilerThread0" daemon [_thread_in_native, id=8760, stack(0x0000000016830000,0x0000000016930000)]
  0x00000000152b8800 JavaThread "Attach Listener" daemon [_thread_blocked, id=9452, stack(0x0000000016730000,0x0000000016830000)]
  0x000000001526c000 JavaThread "Signal Dispatcher" daemon [_thread_blocked, id=6788, stack(0x0000000016630000,0x0000000016730000)]
  0x000000001524a800 JavaThread "Finalizer" daemon [_thread_blocked, id=9224, stack(0x00000000164d0000,0x00000000165d0000)]
  0x0000000015229000 JavaThread "Reference Handler" daemon [_thread_blocked, id=9964, stack(0x00000000163d0000,0x00000000164d0000)]
  0x0000000002a8e000 JavaThread "main" [_thread_blocked, id=7200, stack(0x0000000002950000,0x0000000002a50000)]

Other Threads:
  0x0000000015227000 VMThread [stack: 0x00000000162d0000,0x00000000163d0000] [id=9340]
  0x00000000169eb000 WatcherThread [stack: 0x0000000017030000,0x0000000017130000] [id=4392]

VM state:not at safepoint (normal execution)

VM Mutex/Monitor currently owned by a thread: None

Heap:
 PSYoungGen      total 34304K, used 8032K [0x00000000eab00000, 0x00000000eee00000, 0x0000000100000000)
  eden space 31744K, 17% used [0x00000000eab00000,0x00000000eb05e058,0x00000000eca00000)
  from space 2560K, 99% used [0x00000000eca00000,0x00000000ecc7a048,0x00000000ecc80000)
  to   space 2560K, 0% used [0x00000000eeb80000,0x00000000eeb80000,0x00000000eee00000)
 ParOldGen       total 42496K, used 7345K [0x00000000c0000000, 0x00000000c2980000, 0x00000000eab00000)
  object space 42496K, 17% used [0x00000000c0000000,0x00000000c072c420,0x00000000c2980000)
 Metaspace       used 6308K, capacity 7094K, committed 7296K, reserved 1056768K
  class space    used 609K, capacity 622K, committed 640K, reserved 1048576K

Card table byte_map: [0x0000000011f50000,0x0000000012160000] byte_map_base: 0x0000000011950000

Marking Bits: (ParMarkBitMap*) 0x000000005a3c64f0
 Begin Bits: [0x00000000126c0000, 0x00000000136c0000)
 End Bits:   [0x00000000136c0000, 0x00000000146c0000)

Polling page: 0x0000000000d40000

CodeCache: size=245760Kb used=7200Kb max_used=7200Kb free=238559Kb
 bounds [0x0000000002b90000, 0x00000000032a0000, 0x0000000011b90000]
 total_blobs=1929 nmethods=1657 adapters=184
 compilation: enabled

Compilation events (10 events):
Event: 8.482 Thread 0x000000001698b000 nmethod 1660 0x000000000329a490 code [0x000000000329a640, 0x000000000329acf8]
Event: 8.488 Thread 0x000000001698b000 1661       3       com.android.dx.ssa.PhiTypeResolver::equalsHandlesNulls (23 bytes)
Event: 8.489 Thread 0x000000001698b000 nmethod 1661 0x000000000329b0d0 code [0x000000000329b260, 0x000000000329b6a8]
Event: 8.489 Thread 0x000000001698b000 1663       3       com.android.dx.rop.code.SourcePosition::equals (46 bytes)
Event: 8.490 Thread 0x000000001698b000 nmethod 1663 0x000000000329b7d0 code [0x000000000329b960, 0x000000000329be68]
Event: 8.493 Thread 0x000000001698b000 1664       1       java.util.concurrent.locks.AbstractOwnableSynchronizer::setExclusiveOwnerThread (6 bytes)
Event: 8.493 Thread 0x000000001698b000 nmethod 1664 0x0000000003264090 code [0x00000000032641e0, 0x0000000003264310]
Event: 8.496 Thread 0x000000001698b000 1665       3       java.util.concurrent.locks.ReentrantLock::lock (8 bytes)
Event: 8.496 Thread 0x000000001698b000 nmethod 1665 0x000000000329bf50 code [0x000000000329c0c0, 0x000000000329c2e8]
Event: 8.497 Thread 0x000000001698b000 1666       3       com.android.dx.dex.file.AnnotationSetItem::<init> (83 bytes)

GC Heap History (6 events):
Event: 1.564 GC heap before
{Heap before GC invocations=1 (full 0):
 PSYoungGen      total 18432K, used 15872K [0x00000000eab00000, 0x00000000ebf80000, 0x0000000100000000)
  eden space 15872K, 100% used [0x00000000eab00000,0x00000000eba80000,0x00000000eba80000)
  from space 2560K, 0% used [0x00000000ebd00000,0x00000000ebd00000,0x00000000ebf80000)
  to   space 2560K, 0% used [0x00000000eba80000,0x00000000eba80000,0x00000000ebd00000)
 ParOldGen       total 42496K, used 0K [0x00000000c0000000, 0x00000000c2980000, 0x00000000eab00000)
  object space 42496K, 0% used [0x00000000c0000000,0x00000000c0000000,0x00000000c2980000)
 Metaspace       used 5302K, capacity 6224K, committed 6528K, reserved 1056768K
  class space    used 581K, capacity 584K, committed 640K, reserved 1048576K
Event: 1.692 GC heap after
Heap after GC invocations=1 (full 0):
 PSYoungGen      total 18432K, used 2559K [0x00000000eab00000, 0x00000000ecf00000, 0x0000000100000000)
  eden space 15872K, 0% used [0x00000000eab00000,0x00000000eab00000,0x00000000eba80000)
  from space 2560K, 99% used [0x00000000eba80000,0x00000000ebcfff08,0x00000000ebd00000)
  to   space 2560K, 0% used [0x00000000ecc80000,0x00000000ecc80000,0x00000000ecf00000)
 ParOldGen       total 42496K, used 464K [0x00000000c0000000, 0x00000000c2980000, 0x00000000eab00000)
  object space 42496K, 1% used [0x00000000c0000000,0x00000000c00742a0,0x00000000c2980000)
 Metaspace       used 5302K, capacity 6224K, committed 6528K, reserved 1056768K
  class space    used 581K, capacity 584K, committed 640K, reserved 1048576K
}
Event: 3.712 GC heap before
{Heap before GC invocations=2 (full 0):
 PSYoungGen      total 18432K, used 18431K [0x00000000eab00000, 0x00000000ecf00000, 0x0000000100000000)
  eden space 15872K, 100% used [0x00000000eab00000,0x00000000eba80000,0x00000000eba80000)
  from space 2560K, 99% used [0x00000000eba80000,0x00000000ebcfff08,0x00000000ebd00000)
  to   space 2560K, 0% used [0x00000000ecc80000,0x00000000ecc80000,0x00000000ecf00000)
 ParOldGen       total 42496K, used 464K [0x00000000c0000000, 0x00000000c2980000, 0x00000000eab00000)
  object space 42496K, 1% used [0x00000000c0000000,0x00000000c00742a0,0x00000000c2980000)
 Metaspace       used 6082K, capacity 6966K, committed 7040K, reserved 1056768K
  class space    used 608K, capacity 622K, committed 640K, reserved 1048576K
Event: 3.778 GC heap after
Heap after GC invocations=2 (full 0):
 PSYoungGen      total 34304K, used 2536K [0x00000000eab00000, 0x00000000ecf00000, 0x0000000100000000)
  eden space 31744K, 0% used [0x00000000eab00000,0x00000000eab00000,0x00000000eca00000)
  from space 2560K, 99% used [0x00000000ecc80000,0x00000000ecefa038,0x00000000ecf00000)
  to   space 2560K, 0% used [0x00000000eca00000,0x00000000eca00000,0x00000000ecc80000)
 ParOldGen       total 42496K, used 2335K [0x00000000c0000000, 0x00000000c2980000, 0x00000000eab00000)
  object space 42496K, 5% used [0x00000000c0000000,0x00000000c0247ce8,0x00000000c2980000)
 Metaspace       used 6082K, capacity 6966K, committed 7040K, reserved 1056768K
  class space    used 608K, capacity 622K, committed 640K, reserved 1048576K
}
Event: 7.945 GC heap before
{Heap before GC invocations=3 (full 0):
 PSYoungGen      total 34304K, used 34280K [0x00000000eab00000, 0x00000000ecf00000, 0x0000000100000000)
  eden space 31744K, 100% used [0x00000000eab00000,0x00000000eca00000,0x00000000eca00000)
  from space 2560K, 99% used [0x00000000ecc80000,0x00000000ecefa038,0x00000000ecf00000)
  to   space 2560K, 0% used [0x00000000eca00000,0x00000000eca00000,0x00000000ecc80000)
 ParOldGen       total 42496K, used 2335K [0x00000000c0000000, 0x00000000c2980000, 0x00000000eab00000)
  object space 42496K, 5% used [0x00000000c0000000,0x00000000c0247ce8,0x00000000c2980000)
 Metaspace       used 6289K, capacity 7094K, committed 7296K, reserved 1056768K
  class space    used 609K, capacity 622K, committed 640K, reserved 1048576K
Event: 8.254 GC heap after
Heap after GC invocations=3 (full 0):
 PSYoungGen      total 34304K, used 2536K [0x00000000eab00000, 0x00000000eee00000, 0x0000000100000000)
  eden space 31744K, 0% used [0x00000000eab00000,0x00000000eab00000,0x00000000eca00000)
  from space 2560K, 99% used [0x00000000eca00000,0x00000000ecc7a048,0x00000000ecc80000)
  to   space 2560K, 0% used [0x00000000eeb80000,0x00000000eeb80000,0x00000000eee00000)
 ParOldGen       total 42496K, used 7345K [0x00000000c0000000, 0x00000000c2980000, 0x00000000eab00000)
  object space 42496K, 17% used [0x00000000c0000000,0x00000000c072c420,0x00000000c2980000)
 Metaspace       used 6289K, capacity 7094K, committed 7296K, reserved 1056768K
  class space    used 609K, capacity 622K, committed 640K, reserved 1048576K
}

Deoptimization events (10 events):
Event: 6.921 Thread 0x0000000016b99000 Uncommon trap: reason=unstable_if action=reinterpret pc=0x00000000031b6a60 method=com.android.dx.ssa.SsaRenamer$BlockRenamer.process()V @ 90
Event: 6.931 Thread 0x0000000016b9a000 Uncommon trap: reason=unstable_if action=reinterpret pc=0x00000000031aeb30 method=com.android.dx.rop.code.RegisterSpecSet.localItemToSpec(Lcom/android/dx/rop/code/LocalItem;)Lcom/android/dx/rop/code/RegisterSpec; @ 35
Event: 6.965 Thread 0x0000000002a8e000 Uncommon trap: reason=bimorphic action=maybe_recompile pc=0x00000000031e4c50 method=com.android.dx.ssa.LiteralOpUpgrader.tryReplacingWithConstant(Lcom/android/dx/ssa/NormalSsaInsn;)Z @ 52
Event: 6.965 Thread 0x0000000002a8e000 Uncommon trap: reason=unstable_if action=reinterpret pc=0x00000000031bf4b0 method=com.android.dx.dex.code.RopToDop.dopFor(Lcom/android/dx/rop/code/Insn;)Lcom/android/dx/dex/code/Dop; @ 747
Event: 6.977 Thread 0x0000000016b99000 Uncommon trap: reason=unstable_if action=reinterpret pc=0x0000000003217398 method=com.android.dx.rop.code.RegisterSpecSet.localItemToSpec(Lcom/android/dx/rop/code/LocalItem;)Lcom/android/dx/rop/code/RegisterSpec; @ 35
Event: 8.255 Thread 0x0000000016b9a000 Uncommon trap: reason=bimorphic action=maybe_recompile pc=0x00000000031f654c method=com.android.dx.cf.code.RopperMachine.run(Lcom/android/dx/cf/code/Frame;II)V @ 978
Event: 8.257 Thread 0x0000000016b9a000 Uncommon trap: reason=unstable_if action=reinterpret pc=0x0000000002f4335c method=com.android.dx.rop.cst.Constant.compareTo(Lcom/android/dx/rop/cst/Constant;)I @ 12
Event: 8.270 Thread 0x0000000016b9b000 Uncommon trap: reason=class_check action=maybe_recompile pc=0x00000000031f5db4 method=com.android.dx.cf.code.RopperMachine.run(Lcom/android/dx/cf/code/Frame;II)V @ 310
Event: 8.271 Thread 0x0000000016b9b000 Uncommon trap: reason=bimorphic action=maybe_recompile pc=0x00000000031e4c50 method=com.android.dx.ssa.LiteralOpUpgrader.tryReplacingWithConstant(Lcom/android/dx/ssa/NormalSsaInsn;)Z @ 52
Event: 8.463 Thread 0x0000000016b9a000 Uncommon trap: reason=null_check action=make_not_entrant pc=0x0000000002fd3f20 method=com.android.dx.rop.type.Type.equals(Ljava/lang/Object;)Z @ 8

Internal exceptions (4 events):
Event: 0.095 Thread 0x0000000002a8e000 Exception <a 'java/lang/NoSuchMethodError': Method sun.misc.Unsafe.defineClass(Ljava/lang/String;[BII)Ljava/lang/Class; name or signature does not match> (0x00000000eab07cc0) thrown at [D:\re\workspace\8-2-build-windows-amd64-cygwin\jdk8u92\6642\hotspot\sr·ú»Èf<∏?
Event: 0.095 Thread 0x0000000002a8e000 Exception <a 'java/lang/NoSuchMethodError': Method sun.misc.Unsafe.prefetchRead(Ljava/lang/Object;J)V name or signature does not match> (0x00000000eab07fa8) thrown at [D:\re\workspace\8-2-build-windows-amd64-cygwin\jdk8u92\6642\hotspot\src\share\vm\prims\j°Eçêø@
Event: 4.765 Thread 0x0000000016b9a000 Implicit null exception at 0x0000000002f99de9 to 0x0000000002f9c165
Event: 8.463 Thread 0x0000000016b9a000 Implicit null exception at 0x0000000002fd3e22 to 0x0000000002fd3f12

Events (10 events):
Event: 8.257 Thread 0x0000000016b9a000 DEOPT UNPACKING pc=0x0000000002bd582a sp=0x000000001752e390 mode 2
Event: 8.270 Thread 0x0000000016b9b000 Uncommon trap: trap_request=0xffffffde fr.pc=0x00000000031f5db4
Event: 8.270 Thread 0x0000000016b9b000 DEOPT PACKING pc=0x00000000031f5db4 sp=0x000000001762e3c0
Event: 8.270 Thread 0x0000000016b9b000 DEOPT UNPACKING pc=0x0000000002bd582a sp=0x000000001762e370 mode 2
Event: 8.271 Thread 0x0000000016b9b000 Uncommon trap: trap_request=0xffffffc6 fr.pc=0x00000000031e4c50
Event: 8.271 Thread 0x0000000016b9b000 DEOPT PACKING pc=0x00000000031e4c50 sp=0x000000001762eb00
Event: 8.271 Thread 0x0000000016b9b000 DEOPT UNPACKING pc=0x0000000002bd582a sp=0x000000001762ea08 mode 2
Event: 8.463 Thread 0x0000000016b9a000 Uncommon trap: trap_request=0xfffffff4 fr.pc=0x0000000002fd3f20
Event: 8.463 Thread 0x0000000016b9a000 DEOPT PACKING pc=0x0000000002fd3f20 sp=0x000000001752e570
Event: 8.463 Thread 0x0000000016b9a000 DEOPT UNPACKING pc=0x0000000002bd582a sp=0x000000001752e4f8 mode 2


Dynamic libraries:
0x00007ff6973c0000 - 0x00007ff6973f7000 	D:\Program Files\Java\jdk1.8.0_92\bin\java.exe
0x00007ffccdbf0000 - 0x00007ffccddc1000 	C:\WINDOWS\SYSTEM32\ntdll.dll
0x00007ffcccee0000 - 0x00007ffcccf8b000 	C:\WINDOWS\System32\KERNEL32.DLL
0x00007ffcca860000 - 0x00007ffccaa7d000 	C:\WINDOWS\System32\KERNELBASE.dll
0x00007ffccb170000 - 0x00007ffccb212000 	C:\WINDOWS\System32\ADVAPI32.dll
0x00007ffcccc60000 - 0x00007ffccccfe000 	C:\WINDOWS\System32\msvcrt.dll
0x00007ffccd580000 - 0x00007ffccd5d9000 	C:\WINDOWS\System32\sechost.dll
0x00007ffcccaa0000 - 0x00007ffcccbc1000 	C:\WINDOWS\System32\RPCRT4.dll
0x00007ffccd410000 - 0x00007ffccd575000 	C:\WINDOWS\System32\USER32.dll
0x00007ffcca620000 - 0x00007ffcca63e000 	C:\WINDOWS\System32\win32u.dll
0x00007ffccb4e0000 - 0x00007ffccb514000 	C:\WINDOWS\System32\GDI32.dll
0x00007ffcca490000 - 0x00007ffcca612000 	C:\WINDOWS\System32\gdi32full.dll
0x00007ffcbf550000 - 0x00007ffcbf7c9000 	C:\WINDOWS\WinSxS\amd64_microsoft.windows.common-controls_6595b64144ccf1df_6.0.14393.0_none_2d0f50fcbdb171b8\COMCTL32.dll
0x00007ffcccff0000 - 0x00007ffccd2b7000 	C:\WINDOWS\System32\combase.dll
0x00007ffcca210000 - 0x00007ffcca305000 	C:\WINDOWS\System32\ucrtbase.dll
0x00007ffcca310000 - 0x00007ffcca37a000 	C:\WINDOWS\System32\bcryptPrimitives.dll
0x00007ffccdbb0000 - 0x00007ffccdbde000 	C:\WINDOWS\System32\IMM32.DLL
0x0000000059100000 - 0x00000000591d2000 	D:\Program Files\Java\jdk1.8.0_92\jre\bin\msvcr100.dll
0x0000000059bb0000 - 0x000000005a446000 	D:\Program Files\Java\jdk1.8.0_92\jre\bin\server\jvm.dll
0x00007ffccd2c0000 - 0x00007ffccd2c8000 	C:\WINDOWS\System32\PSAPI.DLL
0x00007ffcbf4c0000 - 0x00007ffcbf4c9000 	C:\WINDOWS\SYSTEM32\WSOCK32.dll
0x00007ffccb520000 - 0x00007ffccb58a000 	C:\WINDOWS\System32\WS2_32.dll
0x00007ffcc8590000 - 0x00007ffcc85b3000 	C:\WINDOWS\SYSTEM32\WINMM.dll
0x00007ffcc0100000 - 0x00007ffcc010a000 	C:\WINDOWS\SYSTEM32\VERSION.dll
0x00007ffcc8530000 - 0x00007ffcc855b000 	C:\WINDOWS\SYSTEM32\WINMMBASE.dll
0x00007ffcca810000 - 0x00007ffcca852000 	C:\WINDOWS\System32\cfgmgr32.dll
0x0000000059ba0000 - 0x0000000059baf000 	D:\Program Files\Java\jdk1.8.0_92\jre\bin\verify.dll
0x0000000059b70000 - 0x0000000059b99000 	D:\Program Files\Java\jdk1.8.0_92\jre\bin\java.dll
0x0000000059b50000 - 0x0000000059b66000 	D:\Program Files\Java\jdk1.8.0_92\jre\bin\zip.dll
0x00007ffccb590000 - 0x00007ffccca98000 	C:\WINDOWS\System32\SHELL32.dll
0x00007ffccaa80000 - 0x00007ffccb15a000 	C:\WINDOWS\System32\windows.storage.dll
0x00007ffcca0d0000 - 0x00007ffcca11c000 	C:\WINDOWS\System32\powrprof.dll
0x00007ffccce60000 - 0x00007ffccceb2000 	C:\WINDOWS\System32\shlwapi.dll
0x00007ffcca140000 - 0x00007ffcca14f000 	C:\WINDOWS\System32\kernel.appcore.dll
0x00007ffcca160000 - 0x00007ffcca209000 	C:\WINDOWS\System32\shcore.dll
0x00007ffcca120000 - 0x00007ffcca134000 	C:\WINDOWS\System32\profapi.dll

VM Arguments:
jvm_args: -Djava.awt.headless=true -Xmx1024M -Dfile.encoding=GBK -Duser.country=CN -Duser.language=zh -Duser.variant 
java_command: com.android.dx.command.Main --dex --force-jumbo --num-threads=4 --output F:\AndroidStudioProjects\MyApplication2\l05_handler\build\intermediates\pre-dexed\debug\com.android.support-support-compat-24.2.0_0da0c155339a29dfb527b872d0e704de3e739e3a.jar F:\AndroidStudioProjects\MyApplication2\l05_handler\build\intermediates\exploded-aar\com.android.support\support-compat\24.2.0\jars\classes.jar
java_class_path (initial): D:\Android_developer_tools\android-sdk-windows\build-tools\24.0.2\lib\dx.jar
Launcher Type: SUN_STANDARD

Environment Variables:
JAVA_HOME=D:\Program Files\Java\jdk1.8.0_92
CLASSPATH=.;D:\Program Files\Java\jdk1.8.0_92\lib\dt.jar;D:\Program Files\Java\jdk1.8.0_92\lib\tools.jar
PATH=D:\Program Files\Java\jdk1.8.0_92\bin;D:\Program Files\Java\jdk1.8.0_92\jre\bin;C:\WINDOWS\system32;C:\WINDOWS;C:\WINDOWS\System32\Wbem;C:\WINDOWS\System32\WindowsPowerShell\v1.0\;C:\Program Files (x86)\ATI Technologies\ATI.ACE\Core-Static;C:\Program Files\Lenovo\Bluetooth Software\;C:\Program Files\Lenovo\Bluetooth Software\syswow64;C:\Program Files (x86)\AMD\ATI.ACE\Core-Static;D:\Program Files (x86)\MySQL\MySQL Server 5.5\bin;D:\Android_developer_tools\android-sdk-windows\platform-tools;D:\Android_developer_tools\android-sdk-windows\tools;C:\Users\Administrator\AppData\Local\Microsoft\WindowsApps;
USERNAME=Administrator
OS=Windows_NT
PROCESSOR_IDENTIFIER=Intel64 Family 6 Model 58 Stepping 9, GenuineIntel



---------------  S Y S T E M  ---------------

OS: Windows 10.0 , 64 bit Build 14393 (10.0.14393.0)

CPU:total 4 (2 cores per cpu, 2 threads per core) family 6 model 58 stepping 9, cmov, cx8, fxsr, mmx, sse, sse2, sse3, ssse3, sse4.1, sse4.2, popcnt, avx, clmul, erms, ht, tsc, tscinvbit, tscinv

Memory: 4k page, physical 4060004k(184168k free), swap 6157156k(4560k free)

vm_info: Java HotSpot(TM) 64-Bit Server VM (25.92-b14) for windows-amd64 JRE (1.8.0_92-b14), built on Mar 31 2016 21:03:04 by "java_re" with MS VC++ 10.0 (VS2010)

time: Tue Sep 06 18:47:52 2016
elapsed time: 8 seconds (0d 0h 0m 8s)

