#
# There is insufficient memory for the Java Runtime Environment to continue.
# Native memory allocation (malloc) failed to allocate 403856 bytes for Chunk::new
# Possible reasons:
#   The system is out of physical RAM or swap space
#   In 32 bit mode, the process size limit was hit
# Possible solutions:
#   Reduce memory load on the system
#   Increase physical memory or swap space
#   Check if swap backing store is full
#   Use 64 bit Java on a 64 bit OS
#   Decrease Java heap size (-Xmx/-Xms)
#   Decrease number of Java threads
#   Decrease Java thread stack sizes (-Xss)
#   Set larger code cache with -XX:ReservedCodeCacheSize=
# This output file may be truncated or incomplete.
#
#  Out of Memory Error (allocation.cpp:390), pid=6756, tid=0x0000000000001444
#
# JRE version: Java(TM) SE Runtime Environment (8.0_92-b14) (build 1.8.0_92-b14)
# Java VM: Java HotSpot(TM) 64-Bit Server VM (25.92-b14 mixed mode windows-amd64 compressed oops)
# Failed to write core dump. Minidumps are not enabled by default on client versions of Windows
#

---------------  T H R E A D  ---------------

Current thread (0x0000000015ceb000):  JavaThread "C2 CompilerThread0" daemon [_thread_in_native, id=5188, stack(0x00000000171e0000,0x00000000172e0000)]

Stack: [0x00000000171e0000,0x00000000172e0000]
[error occurred during error reporting (printing stack bounds), id 0xc0000005]

Native frames: (J=compiled Java code, j=interpreted, Vv=VM code, C=native code)


Current CompileTask:
C2:   2589 1266   !   4       com.android.dx.cf.code.BytecodeArray::parseInstruction (2764 bytes)


---------------  P R O C E S S  ---------------

Java Threads: ( => current thread )
  0x00000000175aa000 JavaThread "pool-1-thread-4" [_thread_in_Java, id=9876, stack(0x0000000017ee0000,0x0000000017fe0000)]
  0x00000000175a9000 JavaThread "pool-1-thread-3" [_thread_blocked, id=7904, stack(0x0000000017de0000,0x0000000017ee0000)]
  0x00000000175a8000 JavaThread "pool-1-thread-2" [_thread_in_Java, id=3696, stack(0x0000000017ce0000,0x0000000017de0000)]
  0x00000000175a7800 JavaThread "pool-2-thread-1" [_thread_blocked, id=8352, stack(0x0000000017be0000,0x0000000017ce0000)]
  0x00000000175a4800 JavaThread "pool-1-thread-1" [_thread_blocked, id=3652, stack(0x0000000017ae0000,0x0000000017be0000)]
  0x0000000017345000 JavaThread "Service Thread" daemon [_thread_blocked, id=956, stack(0x00000000178e0000,0x00000000179e0000)]
  0x000000001733b000 JavaThread "C1 CompilerThread2" daemon [_thread_in_native, id=1456, stack(0x00000000177e0000,0x00000000178e0000)]
  0x0000000015ced800 JavaThread "C2 CompilerThread1" daemon [_thread_in_native, id=5568, stack(0x00000000176e0000,0x00000000177e0000)]
=>0x0000000015ceb000 JavaThread "C2 CompilerThread0" daemon [_thread_in_native, id=5188, stack(0x00000000171e0000,0x00000000172e0000)]
  0x0000000015c9d000 JavaThread "Attach Listener" daemon [_thread_blocked, id=8728, stack(0x00000000170e0000,0x00000000171e0000)]
  0x0000000015c9c800 JavaThread "Signal Dispatcher" daemon [_thread_blocked, id=3636, stack(0x0000000016fe0000,0x00000000170e0000)]
  0x0000000015c7a800 JavaThread "Finalizer" daemon [_thread_blocked, id=3780, stack(0x0000000016ee0000,0x0000000016fe0000)]
  0x00000000035b0800 JavaThread "Reference Handler" daemon [_thread_blocked, id=3204, stack(0x0000000016de0000,0x0000000016ee0000)]
  0x000000000147e000 JavaThread "main" [_thread_in_Java, id=6780, stack(0x00000000033c0000,0x00000000034c0000)]

Other Threads:
  0x0000000015c56800 VMThread [stack: 0x0000000016ce0000,0x0000000016de0000] [id=8108]
  0x00000000173a8800 WatcherThread [stack: 0x00000000179e0000,0x0000000017ae0000] [id=6848]

VM state:not at safepoint (normal execution)

VM Mutex/Monitor currently owned by a thread: None

Heap:
 PSYoungGen      total 34304K, used 11865K [0x00000000eab00000, 0x00000000ecf00000, 0x0000000100000000)
  eden space 31744K, 29% used [0x00000000eab00000,0x00000000eb417700,0x00000000eca00000)
  from space 2560K, 99% used [0x00000000ecc80000,0x00000000ecefee68,0x00000000ecf00000)
  to   space 2560K, 0% used [0x00000000eca00000,0x00000000eca00000,0x00000000ecc80000)
 ParOldGen       total 42496K, used 2982K [0x00000000c0000000, 0x00000000c2980000, 0x00000000eab00000)
  object space 42496K, 7% used [0x00000000c0000000,0x00000000c02e98d8,0x00000000c2980000)
 Metaspace       used 6124K, capacity 6966K, committed 7040K, reserved 1056768K
  class space    used 607K, capacity 622K, committed 640K, reserved 1048576K

Card table byte_map: [0x0000000012980000,0x0000000012b90000] byte_map_base: 0x0000000012380000

Marking Bits: (ParMarkBitMap*) 0x000000005a3c64f0
 Begin Bits: [0x00000000130f0000, 0x00000000140f0000)
 End Bits:   [0x00000000140f0000, 0x00000000150f0000)

Polling page: 0x0000000001430000

CodeCache: size=245760Kb used=5316Kb max_used=5316Kb free=240443Kb
 bounds [0x00000000035c0000, 0x0000000003b00000, 0x00000000125c0000]
 total_blobs=1586 nmethods=1315 adapters=184
 compilation: enabled

Compilation events (10 events):
Event: 2.571 Thread 0x000000001733b000 nmethod 1317 0x0000000003ae9550 code [0x0000000003ae98c0, 0x0000000003aeb998]
Event: 2.571 Thread 0x000000001733b000 1318       3       com.android.dx.ssa.back.FirstFitLocalCombiningAllocator::tryMapReg (41 bytes)
Event: 2.572 Thread 0x000000001733b000 nmethod 1318 0x0000000003aecd10 code [0x0000000003aecf40, 0x0000000003aedd08]
Event: 2.573 Thread 0x000000001733b000 1319       3       com.android.dx.cf.code.BaseMachine::popArgs (137 bytes)
Event: 2.576 Thread 0x000000001733b000 nmethod 1319 0x0000000003aee3d0 code [0x0000000003aee740, 0x0000000003af0148]
Event: 2.576 Thread 0x000000001733b000 1320       3       com.android.dx.rop.cst.TypedConstant::getFrameType (2 bytes)
Event: 2.576 Thread 0x000000001733b000 nmethod 1320 0x0000000003af0ed0 code [0x0000000003af1020, 0x0000000003af1170]
Event: 2.578 Thread 0x000000001733b000 1321       3       com.android.dx.ssa.SsaMethod::makeExitBlock (134 bytes)
Event: 2.580 Thread 0x000000001733b000 nmethod 1321 0x0000000003af1210 code [0x0000000003af14a0, 0x0000000003af2448]
Event: 2.583 Thread 0x000000001733b000 1322       3       com.android.dx.ssa.back.LivenessAnalyzer::coInterferePhis (128 bytes)

GC Heap History (4 events):
Event: 1.334 GC heap before
{Heap before GC invocations=1 (full 0):
 PSYoungGen      total 18432K, used 15872K [0x00000000eab00000, 0x00000000ebf80000, 0x0000000100000000)
  eden space 15872K, 100% used [0x00000000eab00000,0x00000000eba80000,0x00000000eba80000)
  from space 2560K, 0% used [0x00000000ebd00000,0x00000000ebd00000,0x00000000ebf80000)
  to   space 2560K, 0% used [0x00000000eba80000,0x00000000eba80000,0x00000000ebd00000)
 ParOldGen       total 42496K, used 0K [0x00000000c0000000, 0x00000000c2980000, 0x00000000eab00000)
  object space 42496K, 0% used [0x00000000c0000000,0x00000000c0000000,0x00000000c2980000)
 Metaspace       used 5540K, capacity 6452K, committed 6528K, reserved 1056768K
  class space    used 601K, capacity 620K, committed 640K, reserved 1048576K
Event: 1.379 GC heap after
Heap after GC invocations=1 (full 0):
 PSYoungGen      total 18432K, used 2546K [0x00000000eab00000, 0x00000000ecf00000, 0x0000000100000000)
  eden space 15872K, 0% used [0x00000000eab00000,0x00000000eab00000,0x00000000eba80000)
  from space 2560K, 99% used [0x00000000eba80000,0x00000000ebcfcac8,0x00000000ebd00000)
  to   space 2560K, 0% used [0x00000000ecc80000,0x00000000ecc80000,0x00000000ecf00000)
 ParOldGen       total 42496K, used 963K [0x00000000c0000000, 0x00000000c2980000, 0x00000000eab00000)
  object space 42496K, 2% used [0x00000000c0000000,0x00000000c00f0e18,0x00000000c2980000)
 Metaspace       used 5540K, capacity 6452K, committed 6528K, reserved 1056768K
  class space    used 601K, capacity 620K, committed 640K, reserved 1048576K
}
Event: 2.137 GC heap before
{Heap before GC invocations=2 (full 0):
 PSYoungGen      total 18432K, used 18418K [0x00000000eab00000, 0x00000000ecf00000, 0x0000000100000000)
  eden space 15872K, 100% used [0x00000000eab00000,0x00000000eba80000,0x00000000eba80000)
  from space 2560K, 99% used [0x00000000eba80000,0x00000000ebcfcac8,0x00000000ebd00000)
  to   space 2560K, 0% used [0x00000000ecc80000,0x00000000ecc80000,0x00000000ecf00000)
 ParOldGen       total 42496K, used 963K [0x00000000c0000000, 0x00000000c2980000, 0x00000000eab00000)
  object space 42496K, 2% used [0x00000000c0000000,0x00000000c00f0e18,0x00000000c2980000)
 Metaspace       used 6010K, capacity 6902K, committed 7040K, reserved 1056768K
  class space    used 607K, capacity 622K, committed 640K, reserved 1048576K
Event: 2.184 GC heap after
Heap after GC invocations=2 (full 0):
 PSYoungGen      total 34304K, used 2555K [0x00000000eab00000, 0x00000000ecf00000, 0x0000000100000000)
  eden space 31744K, 0% used [0x00000000eab00000,0x00000000eab00000,0x00000000eca00000)
  from space 2560K, 99% used [0x00000000ecc80000,0x00000000ecefee68,0x00000000ecf00000)
  to   space 2560K, 0% used [0x00000000eca00000,0x00000000eca00000,0x00000000ecc80000)
 ParOldGen       total 42496K, used 2982K [0x00000000c0000000, 0x00000000c2980000, 0x00000000eab00000)
  object space 42496K, 7% used [0x00000000c0000000,0x00000000c02e98d8,0x00000000c2980000)
 Metaspace       used 6010K, capacity 6902K, committed 7040K, reserved 1056768K
  class space    used 607K, capacity 622K, committed 640K, reserved 1048576K
}

Deoptimization events (10 events):
Event: 0.675 Thread 0x000000000147e000 Uncommon trap: reason=unstable_if action=reinterpret pc=0x000000000370fa14 method=java.lang.String.compareTo(Ljava/lang/String;)I @ 38
Event: 1.483 Thread 0x00000000175a4800 Uncommon trap: reason=unstable_if action=reinterpret pc=0x000000000380d6c8 method=java.util.HashMap.getNode(ILjava/lang/Object;)Ljava/util/HashMap$Node; @ 62
Event: 1.815 Thread 0x00000000175aa000 Uncommon trap: reason=bimorphic action=maybe_recompile pc=0x00000000038ccfe0 method=java.util.HashMap.getNode(ILjava/lang/Object;)Ljava/util/HashMap$Node; @ 126
Event: 1.878 Thread 0x00000000175a9000 Uncommon trap: reason=unstable_if action=reinterpret pc=0x0000000003912914 method=com.android.dx.rop.code.LocalItem.hashCode()I @ 25
Event: 1.878 Thread 0x00000000175a9000 Uncommon trap: reason=unstable_if action=reinterpret pc=0x00000000038dba18 method=com.android.dx.rop.code.LocalItem.hashCode()I @ 25
Event: 1.879 Thread 0x00000000175a9000 Uncommon trap: reason=unstable_if action=reinterpret pc=0x000000000392826c method=com.android.dx.rop.code.RegisterSpecSet.put(Lcom/android/dx/rop/code/RegisterSpec;)V @ 77
Event: 1.879 Thread 0x00000000175a9000 Uncommon trap: reason=unstable_if action=reinterpret pc=0x000000000397692c method=com.android.dx.rop.code.RegisterSpecSet.put(Lcom/android/dx/rop/code/RegisterSpec;)V @ 77
Event: 1.933 Thread 0x00000000175a8000 Uncommon trap: reason=unstable_if action=reinterpret pc=0x0000000003908820 method=com.android.dx.rop.code.RegisterSpec.equals(ILcom/android/dx/rop/type/TypeBearer;Lcom/android/dx/rop/code/LocalItem;)Z @ 42
Event: 2.067 Thread 0x000000000147e000 Uncommon trap: reason=unstable_if action=reinterpret pc=0x00000000038fef68 method=com.android.dx.rop.code.LocalItem.hashCode()I @ 25
Event: 2.253 Thread 0x00000000175a8000 Uncommon trap: reason=bimorphic action=maybe_recompile pc=0x00000000038ccfe0 method=java.util.HashMap.getNode(ILjava/lang/Object;)Ljava/util/HashMap$Node; @ 126

Internal exceptions (2 events):
Event: 0.124 Thread 0x000000000147e000 Exception <a 'java/lang/NoSuchMethodError': Method sun.misc.Unsafe.defineClass(Ljava/lang/String;[BII)Ljava/lang/Class; name or signature does not match> (0x00000000eab07cc0) thrown at [D:\re\workspace\8-2-build-windows-amd64-cygwin\jdk8u92\6642\hotspot\srèXÿ¬»’ø?
Event: 0.124 Thread 0x000000000147e000 Exception <a 'java/lang/NoSuchMethodError': Method sun.misc.Unsafe.prefetchRead(Ljava/lang/Object;J)V name or signature does not match> (0x00000000eab07fa8) thrown at [D:\re\workspace\8-2-build-windows-amd64-cygwin\jdk8u92\6642\hotspot\src\share\vm\prims\j

Events (10 events):
Event: 1.933 Thread 0x00000000175a8000 DEOPT PACKING pc=0x0000000003908820 sp=0x0000000017dde9c0
Event: 1.933 Thread 0x00000000175a8000 DEOPT UNPACKING pc=0x000000000360582a sp=0x0000000017dde948 mode 2
Event: 2.067 Thread 0x000000000147e000 Uncommon trap: trap_request=0xffffff65 fr.pc=0x00000000038fef68
Event: 2.067 Thread 0x000000000147e000 DEOPT PACKING pc=0x00000000038fef68 sp=0x00000000034be250
Event: 2.067 Thread 0x000000000147e000 DEOPT UNPACKING pc=0x000000000360582a sp=0x00000000034bde10 mode 2
Event: 2.117 Executing VM operation: ParallelGCFailedAllocation
Event: 2.184 Executing VM operation: ParallelGCFailedAllocation done
Event: 2.253 Thread 0x00000000175a8000 Uncommon trap: trap_request=0xffffffc6 fr.pc=0x00000000038ccfe0
Event: 2.253 Thread 0x00000000175a8000 DEOPT PACKING pc=0x00000000038ccfe0 sp=0x0000000017ddea10
Event: 2.253 Thread 0x00000000175a8000 DEOPT UNPACKING pc=0x000000000360582a sp=0x0000000017dde990 mode 2


Dynamic libraries:
0x00007ff6973c0000 - 0x00007ff6973f7000 	D:\Program Files\Java\jdk1.8.0_92\bin\java.exe
0x00007ffccdbf0000 - 0x00007ffccddc1000 	C:\WINDOWS\SYSTEM32\ntdll.dll
0x00007ffcccee0000 - 0x00007ffcccf8b000 	C:\WINDOWS\System32\KERNEL32.DLL
0x00007ffcca860000 - 0x00007ffccaa7d000 	C:\WINDOWS\System32\KERNELBASE.dll
0x00007ffccb170000 - 0x00007ffccb212000 	C:\WINDOWS\System32\ADVAPI32.dll
0x00007ffcccc60000 - 0x00007ffccccfe000 	C:\WINDOWS\System32\msvcrt.dll
0x00007ffccd580000 - 0x00007ffccd5d9000 	C:\WINDOWS\System32\sechost.dll
0x00007ffcccaa0000 - 0x00007ffcccbc1000 	C:\WINDOWS\System32\RPCRT4.dll
0x00007ffccd410000 - 0x00007ffccd575000 	C:\WINDOWS\System32\USER32.dll
0x00007ffcca620000 - 0x00007ffcca63e000 	C:\WINDOWS\System32\win32u.dll
0x00007ffccb4e0000 - 0x00007ffccb514000 	C:\WINDOWS\System32\GDI32.dll
0x00007ffcca490000 - 0x00007ffcca612000 	C:\WINDOWS\System32\gdi32full.dll
0x00007ffcbf550000 - 0x00007ffcbf7c9000 	C:\WINDOWS\WinSxS\amd64_microsoft.windows.common-controls_6595b64144ccf1df_6.0.14393.0_none_2d0f50fcbdb171b8\COMCTL32.dll
0x00007ffcccff0000 - 0x00007ffccd2b7000 	C:\WINDOWS\System32\combase.dll
0x00007ffcca210000 - 0x00007ffcca305000 	C:\WINDOWS\System32\ucrtbase.dll
0x00007ffcca310000 - 0x00007ffcca37a000 	C:\WINDOWS\System32\bcryptPrimitives.dll
0x00007ffccdbb0000 - 0x00007ffccdbde000 	C:\WINDOWS\System32\IMM32.DLL
0x0000000059100000 - 0x00000000591d2000 	D:\Program Files\Java\jdk1.8.0_92\jre\bin\msvcr100.dll
0x0000000059bb0000 - 0x000000005a446000 	D:\Program Files\Java\jdk1.8.0_92\jre\bin\server\jvm.dll
0x00007ffccd2c0000 - 0x00007ffccd2c8000 	C:\WINDOWS\System32\PSAPI.DLL
0x00007ffcbf4c0000 - 0x00007ffcbf4c9000 	C:\WINDOWS\SYSTEM32\WSOCK32.dll
0x00007ffccb520000 - 0x00007ffccb58a000 	C:\WINDOWS\System32\WS2_32.dll
0x00007ffcc8590000 - 0x00007ffcc85b3000 	C:\WINDOWS\SYSTEM32\WINMM.dll
0x00007ffcc0100000 - 0x00007ffcc010a000 	C:\WINDOWS\SYSTEM32\VERSION.dll
0x00007ffcc8530000 - 0x00007ffcc855b000 	C:\WINDOWS\SYSTEM32\WINMMBASE.dll
0x00007ffcca810000 - 0x00007ffcca852000 	C:\WINDOWS\System32\cfgmgr32.dll
0x0000000059ba0000 - 0x0000000059baf000 	D:\Program Files\Java\jdk1.8.0_92\jre\bin\verify.dll
0x0000000059b70000 - 0x0000000059b99000 	D:\Program Files\Java\jdk1.8.0_92\jre\bin\java.dll
0x0000000059b50000 - 0x0000000059b66000 	D:\Program Files\Java\jdk1.8.0_92\jre\bin\zip.dll
0x00007ffccb590000 - 0x00007ffccca98000 	C:\WINDOWS\System32\SHELL32.dll
0x00007ffccaa80000 - 0x00007ffccb15a000 	C:\WINDOWS\System32\windows.storage.dll
0x00007ffcca0d0000 - 0x00007ffcca11c000 	C:\WINDOWS\System32\powrprof.dll
0x00007ffccce60000 - 0x00007ffccceb2000 	C:\WINDOWS\System32\shlwapi.dll
0x00007ffcca140000 - 0x00007ffcca14f000 	C:\WINDOWS\System32\kernel.appcore.dll
0x00007ffcca160000 - 0x00007ffcca209000 	C:\WINDOWS\System32\shcore.dll
0x00007ffcca120000 - 0x00007ffcca134000 	C:\WINDOWS\System32\profapi.dll

VM Arguments:
jvm_args: -Djava.awt.headless=true -Xmx1024M -Dfile.encoding=GBK -Duser.country=CN -Duser.language=zh -Duser.variant 
java_command: com.android.dx.command.Main --dex --force-jumbo --num-threads=4 --output F:\AndroidStudioProjects\MyApplication2\l05_handler\build\intermediates\pre-dexed\debug\com.android.support-appcompat-v7-24.2.0_a1e92e413e05b62dc9752ea71364b79a5e231fea.jar F:\AndroidStudioProjects\MyApplication2\l05_handler\build\intermediates\exploded-aar\com.android.support\appcompat-v7\24.2.0\jars\classes.jar
java_class_path (initial): D:\Android_developer_tools\android-sdk-windows\build-tools\24.0.2\lib\dx.jar
Launcher Type: SUN_STANDARD

Environment Variables:
JAVA_HOME=D:\Program Files\Java\jdk1.8.0_92
CLASSPATH=.;D:\Program Files\Java\jdk1.8.0_92\lib\dt.jar;D:\Program Files\Java\jdk1.8.0_92\lib\tools.jar
PATH=D:\Program Files\Java\jdk1.8.0_92\bin;D:\Program Files\Java\jdk1.8.0_92\jre\bin;C:\WINDOWS\system32;C:\WINDOWS;C:\WINDOWS\System32\Wbem;C:\WINDOWS\System32\WindowsPowerShell\v1.0\;C:\Program Files (x86)\ATI Technologies\ATI.ACE\Core-Static;C:\Program Files\Lenovo\Bluetooth Software\;C:\Program Files\Lenovo\Bluetooth Software\syswow64;C:\Program Files (x86)\AMD\ATI.ACE\Core-Static;D:\Program Files (x86)\MySQL\MySQL Server 5.5\bin;D:\Android_developer_tools\android-sdk-windows\platform-tools;D:\Android_developer_tools\android-sdk-windows\tools;C:\Users\Administrator\AppData\Local\Microsoft\WindowsApps;
USERNAME=Administrator
OS=Windows_NT
PROCESSOR_IDENTIFIER=Intel64 Family 6 Model 58 Stepping 9, GenuineIntel



---------------  S Y S T E M  ---------------

OS: Windows 10.0 , 64 bit Build 14393 (10.0.14393.0)

CPU:total 4 (2 cores per cpu, 2 threads per core) family 6 model 58 stepping 9, cmov, cx8, fxsr, mmx, sse, sse2, sse3, ssse3, sse4.1, sse4.2, popcnt, avx, clmul, erms, ht, tsc, tscinvbit, tscinv

Memory: 4k page, physical 4060004k(354832k free), swap 6157156k(4964k free)

vm_info: Java HotSpot(TM) 64-Bit Server VM (25.92-b14) for windows-amd64 JRE (1.8.0_92-b14), built on Mar 31 2016 21:03:04 by "java_re" with MS VC++ 10.0 (VS2010)

time: Tue Sep 06 18:46:27 2016
elapsed time: 2 seconds (0d 0h 0m 2s)

