#
# There is insufficient memory for the Java Runtime Environment to continue.
# Native memory allocation (malloc) failed to allocate 256416 bytes for Chunk::new
# Possible reasons:
#   The system is out of physical RAM or swap space
#   In 32 bit mode, the process size limit was hit
# Possible solutions:
#   Reduce memory load on the system
#   Increase physical memory or swap space
#   Check if swap backing store is full
#   Use 64 bit Java on a 64 bit OS
#   Decrease Java heap size (-Xmx/-Xms)
#   Decrease number of Java threads
#   Decrease Java thread stack sizes (-Xss)
#   Set larger code cache with -XX:ReservedCodeCacheSize=
# This output file may be truncated or incomplete.
#
#  Out of Memory Error (allocation.cpp:390), pid=10224, tid=0x00000000000021d4
#
# JRE version: Java(TM) SE Runtime Environment (8.0_92-b14) (build 1.8.0_92-b14)
# Java VM: Java HotSpot(TM) 64-Bit Server VM (25.92-b14 mixed mode windows-amd64 compressed oops)
# Failed to write core dump. Minidumps are not enabled by default on client versions of Windows
#

---------------  T H R E A D  ---------------

Current thread (0x0000000015a8c000):  JavaThread "C2 CompilerThread0" daemon [_thread_in_native, id=8660, stack(0x0000000016fe0000,0x00000000170e0000)]

Stack: [0x0000000016fe0000,0x00000000170e0000]
[error occurred during error reporting (printing stack bounds), id 0xc0000005]

Native frames: (J=compiled Java code, j=interpreted, Vv=VM code, C=native code)


Current CompileTask:
C2:   3258  897       4       com.android.dx.ssa.SsaBasicBlock::forEachInsn (37 bytes)


---------------  P R O C E S S  ---------------

Java Threads: ( => current thread )
  0x0000000017351000 JavaThread "pool-1-thread-4" [_thread_in_Java, id=900, stack(0x0000000017ce0000,0x0000000017de0000)]
  0x0000000017350000 JavaThread "pool-1-thread-3" [_thread_in_Java, id=8468, stack(0x0000000017be0000,0x0000000017ce0000)]
  0x000000001734f800 JavaThread "pool-1-thread-2" [_thread_in_Java, id=10056, stack(0x0000000017ae0000,0x0000000017be0000)]
  0x00000000173ea800 JavaThread "pool-2-thread-1" [_thread_blocked, id=2328, stack(0x00000000179e0000,0x0000000017ae0000)]
  0x00000000173e7800 JavaThread "pool-1-thread-1" [_thread_in_Java, id=9064, stack(0x00000000178e0000,0x00000000179e0000)]
  0x0000000017149000 JavaThread "Service Thread" daemon [_thread_blocked, id=9968, stack(0x00000000176e0000,0x00000000177e0000)]
  0x0000000017131800 JavaThread "C1 CompilerThread2" daemon [_thread_blocked, id=6656, stack(0x00000000175e0000,0x00000000176e0000)]
  0x00000000170e0800 JavaThread "C2 CompilerThread1" daemon [_thread_in_native, id=3800, stack(0x00000000174e0000,0x00000000175e0000)]
=>0x0000000015a8c000 JavaThread "C2 CompilerThread0" daemon [_thread_in_native, id=8660, stack(0x0000000016fe0000,0x00000000170e0000)]
  0x0000000015a8a000 JavaThread "Attach Listener" daemon [_thread_blocked, id=10160, stack(0x0000000016ee0000,0x0000000016fe0000)]
  0x0000000015a89800 JavaThread "Signal Dispatcher" daemon [_thread_blocked, id=5556, stack(0x0000000016de0000,0x0000000016ee0000)]
  0x0000000015a1a800 JavaThread "Finalizer" daemon [_thread_blocked, id=1356, stack(0x0000000016c80000,0x0000000016d80000)]
  0x00000000159f9000 JavaThread "Reference Handler" daemon [_thread_blocked, id=9340, stack(0x0000000016b80000,0x0000000016c80000)]
  0x00000000017be000 JavaThread "main" [_thread_in_Java, id=9168, stack(0x00000000016b0000,0x00000000017b0000)]

Other Threads:
  0x00000000159f7000 VMThread [stack: 0x0000000016a80000,0x0000000016b80000] [id=3052]
  0x00000000171aa800 WatcherThread [stack: 0x00000000177e0000,0x00000000178e0000] [id=796]

VM state:not at safepoint (normal execution)

VM Mutex/Monitor currently owned by a thread: None

Heap:
 PSYoungGen      total 18432K, used 9161K [0x00000000eab00000, 0x00000000ecf00000, 0x0000000100000000)
  eden space 15872K, 41% used [0x00000000eab00000,0x00000000eb172e70,0x00000000eba80000)
  from space 2560K, 99% used [0x00000000eba80000,0x00000000ebcff640,0x00000000ebd00000)
  to   space 2560K, 0% used [0x00000000ecc80000,0x00000000ecc80000,0x00000000ecf00000)
 ParOldGen       total 42496K, used 1228K [0x00000000c0000000, 0x00000000c2980000, 0x00000000eab00000)
  object space 42496K, 2% used [0x00000000c0000000,0x00000000c0133338,0x00000000c2980000)
 Metaspace       used 5867K, capacity 6772K, committed 7040K, reserved 1056768K
  class space    used 602K, capacity 620K, committed 640K, reserved 1048576K

Card table byte_map: [0x0000000012700000,0x0000000012910000] byte_map_base: 0x0000000012100000

Marking Bits: (ParMarkBitMap*) 0x000000005a3c64f0
 Begin Bits: [0x0000000012e70000, 0x0000000013e70000)
 End Bits:   [0x0000000013e70000, 0x0000000014e70000)

Polling page: 0x0000000001370000

CodeCache: size=245760Kb used=3565Kb max_used=3565Kb free=242194Kb
 bounds [0x0000000003340000, 0x00000000036c0000, 0x0000000012340000]
 total_blobs=1176 nmethods=904 adapters=184
 compilation: disabled (not enough contiguous free space left)

Compilation events (10 events):
Event: 3.237 Thread 0x0000000017131800  920       3       java.util.TreeMap$PrivateEntryIterator::nextEntry (54 bytes)
Event: 3.238 Thread 0x0000000017131800 nmethod 920 0x00000000036bc550 code [0x00000000036bc6e0, 0x00000000036bca68]
Event: 3.238 Thread 0x0000000017131800  928       3       com.android.dx.cf.code.Ropper::labelToResultIndex (47 bytes)
Event: 3.239 Thread 0x0000000017131800 nmethod 928 0x00000000036bcc10 code [0x00000000036bcde0, 0x00000000036bd478]
Event: 3.239 Thread 0x0000000017131800  905       3       com.android.dx.ssa.back.InterferenceGraph::ensureCapacity (42 bytes)
Event: 3.241 Thread 0x0000000017131800 nmethod 905 0x00000000036bd8d0 code [0x00000000036bdb00, 0x00000000036be6a8]
Event: 3.241 Thread 0x0000000017131800  924       3       com.android.dx.rop.code.Insn$BaseVisitor::visitPlainInsn (1 bytes)
Event: 3.241 Thread 0x0000000017131800 nmethod 924 0x00000000036bee10 code [0x00000000036bef60, 0x00000000036bf0b0]
Event: 3.241 Thread 0x0000000017131800  925       3       com.android.dx.dex.code.RopTranslator$LocalVariableAwareTranslationVisitor::visitPlainInsn (11 bytes)
Event: 3.244 Thread 0x0000000017131800 


GC Heap History (2 events):
Event: 2.262 GC heap before
{Heap before GC invocations=1 (full 0):
 PSYoungGen      total 18432K, used 15872K [0x00000000eab00000, 0x00000000ebf80000, 0x0000000100000000)
  eden space 15872K, 100% used [0x00000000eab00000,0x00000000eba80000,0x00000000eba80000)
  from space 2560K, 0% used [0x00000000ebd00000,0x00000000ebd00000,0x00000000ebf80000)
  to   space 2560K, 0% used [0x00000000eba80000,0x00000000eba80000,0x00000000ebd00000)
 ParOldGen       total 42496K, used 0K [0x00000000c0000000, 0x00000000c2980000, 0x00000000eab00000)
  object space 42496K, 0% used [0x00000000c0000000,0x00000000c0000000,0x00000000c2980000)
 Metaspace       used 5605K, capacity 6514K, committed 6784K, reserved 1056768K
  class space    used 596K, capacity 618K, committed 640K, reserved 1048576K
Event: 2.587 GC heap after
Heap after GC invocations=1 (full 0):
 PSYoungGen      total 18432K, used 2557K [0x00000000eab00000, 0x00000000ecf00000, 0x0000000100000000)
  eden space 15872K, 0% used [0x00000000eab00000,0x00000000eab00000,0x00000000eba80000)
  from space 2560K, 99% used [0x00000000eba80000,0x00000000ebcff640,0x00000000ebd00000)
  to   space 2560K, 0% used [0x00000000ecc80000,0x00000000ecc80000,0x00000000ecf00000)
 ParOldGen       total 42496K, used 1228K [0x00000000c0000000, 0x00000000c2980000, 0x00000000eab00000)
  object space 42496K, 2% used [0x00000000c0000000,0x00000000c0133338,0x00000000c2980000)
 Metaspace       used 5605K, capacity 6514K, committed 6784K, reserved 1056768K
  class space    used 596K, capacity 618K, committed 640K, reserved 1048576K
}

Deoptimization events (10 events):
Event: 0.584 Thread 0x00000000017be000 Uncommon trap: reason=unstable_if action=reinterpret pc=0x000000000348f094 method=java.lang.String.compareTo(Ljava/lang/String;)I @ 38
Event: 2.642 Thread 0x00000000173e7800 Uncommon trap: reason=class_check action=maybe_recompile pc=0x000000000359fdd4 method=com.android.dx.ssa.NormalSsaInsn.accept(Lcom/android/dx/ssa/SsaInsn$Visitor;)V @ 9
Event: 3.009 Thread 0x00000000017be000 Uncommon trap: reason=unstable_if action=reinterpret pc=0x0000000003554ef0 method=java.util.BitSet.nextSetBit(I)I @ 87
Event: 3.013 Thread 0x00000000017be000 Uncommon trap: reason=unstable_if action=reinterpret pc=0x000000000355ed5c method=java.util.HashMap.getNode(ILjava/lang/Object;)Ljava/util/HashMap$Node; @ 129
Event: 3.196 Thread 0x00000000017be000 Uncommon trap: reason=unstable_if action=reinterpret pc=0x0000000003641fa8 method=java.util.HashMap.getNode(ILjava/lang/Object;)Ljava/util/HashMap$Node; @ 129
Event: 3.196 Thread 0x00000000017be000 Uncommon trap: reason=unstable_if action=reinterpret pc=0x0000000003583624 method=java.util.HashMap.getNode(ILjava/lang/Object;)Ljava/util/HashMap$Node; @ 129
Event: 3.203 Thread 0x00000000017be000 Uncommon trap: reason=class_check action=maybe_recompile pc=0x000000000359fdd4 method=com.android.dx.ssa.NormalSsaInsn.accept(Lcom/android/dx/ssa/SsaInsn$Visitor;)V @ 9
Event: 3.203 Thread 0x00000000017be000 Uncommon trap: reason=class_check action=maybe_recompile pc=0x000000000359fdd4 method=com.android.dx.ssa.NormalSsaInsn.accept(Lcom/android/dx/ssa/SsaInsn$Visitor;)V @ 9
Event: 3.204 Thread 0x00000000017be000 Uncommon trap: reason=class_check action=maybe_recompile pc=0x000000000359fdd4 method=com.android.dx.ssa.NormalSsaInsn.accept(Lcom/android/dx/ssa/SsaInsn$Visitor;)V @ 9
Event: 3.205 Thread 0x00000000017be000 Uncommon trap: reason=class_check action=maybe_recompile pc=0x0000000003595030 method=com.android.dx.ssa.NormalSsaInsn.accept(Lcom/android/dx/ssa/SsaInsn$Visitor;)V @ 9

Internal exceptions (2 events):
Event: 0.078 Thread 0x00000000017be000 Exception <a 'java/lang/NoSuchMethodError': Method sun.misc.Unsafe.defineClass(Ljava/lang/String;[BII)Ljava/lang/Class; name or signature does not match> (0x00000000eab07cc0) thrown at [D:\re\workspace\8-2-build-windows-amd64-cygwin\jdk8u92\6642\hotspot\sr«≈9mOË≥?
Event: 0.078 Thread 0x00000000017be000 Exception <a 'java/lang/NoSuchMethodError': Method sun.misc.Unsafe.prefetchRead(Ljava/lang/Object;J)V name or signature does not match> (0x00000000eab07fa8) thrown at [D:\re\workspace\8-2-build-windows-amd64-cygwin\jdk8u92\6642\hotspot\src\share\vm\prims\j

Events (10 events):
Event: 3.204 Thread 0x00000000017be000 Uncommon trap: trap_request=0xffffffde fr.pc=0x000000000359fdd4
Event: 3.204 Thread 0x00000000017be000 DEOPT PACKING pc=0x000000000359fdd4 sp=0x00000000017ae0b0
Event: 3.204 Thread 0x00000000017be000 DEOPT UNPACKING pc=0x000000000338582a sp=0x00000000017adff0 mode 2
Event: 3.205 Thread 0x00000000017be000 Uncommon trap: trap_request=0xffffffde fr.pc=0x0000000003595030
Event: 3.205 Thread 0x00000000017be000 DEOPT PACKING pc=0x0000000003595030 sp=0x00000000017ae070
Event: 3.205 Thread 0x00000000017be000 DEOPT UNPACKING pc=0x000000000338582a sp=0x00000000017ae010 mode 2
Event: 3.231 loading class java/util/TreeMap$EntrySet
Event: 3.232 loading class java/util/TreeMap$EntrySet done
Event: 3.232 loading class java/util/TreeMap$EntryIterator
Event: 3.232 loading class java/util/TreeMap$EntryIterator done


Dynamic libraries:
0x00007ff6973c0000 - 0x00007ff6973f7000 	D:\Program Files\Java\jdk1.8.0_92\bin\java.exe
0x00007ffccdbf0000 - 0x00007ffccddc1000 	C:\WINDOWS\SYSTEM32\ntdll.dll
0x00007ffcccee0000 - 0x00007ffcccf8b000 	C:\WINDOWS\System32\KERNEL32.DLL
0x00007ffcca860000 - 0x00007ffccaa7d000 	C:\WINDOWS\System32\KERNELBASE.dll
0x00007ffccb170000 - 0x00007ffccb212000 	C:\WINDOWS\System32\ADVAPI32.dll
0x00007ffcccc60000 - 0x00007ffccccfe000 	C:\WINDOWS\System32\msvcrt.dll
0x00007ffccd580000 - 0x00007ffccd5d9000 	C:\WINDOWS\System32\sechost.dll
0x00007ffcccaa0000 - 0x00007ffcccbc1000 	C:\WINDOWS\System32\RPCRT4.dll
0x00007ffccd410000 - 0x00007ffccd575000 	C:\WINDOWS\System32\USER32.dll
0x00007ffcca620000 - 0x00007ffcca63e000 	C:\WINDOWS\System32\win32u.dll
0x00007ffccb4e0000 - 0x00007ffccb514000 	C:\WINDOWS\System32\GDI32.dll
0x00007ffcca490000 - 0x00007ffcca612000 	C:\WINDOWS\System32\gdi32full.dll
0x00007ffcbf550000 - 0x00007ffcbf7c9000 	C:\WINDOWS\WinSxS\amd64_microsoft.windows.common-controls_6595b64144ccf1df_6.0.14393.0_none_2d0f50fcbdb171b8\COMCTL32.dll
0x00007ffcccff0000 - 0x00007ffccd2b7000 	C:\WINDOWS\System32\combase.dll
0x00007ffcca210000 - 0x00007ffcca305000 	C:\WINDOWS\System32\ucrtbase.dll
0x00007ffcca310000 - 0x00007ffcca37a000 	C:\WINDOWS\System32\bcryptPrimitives.dll
0x00007ffccdbb0000 - 0x00007ffccdbde000 	C:\WINDOWS\System32\IMM32.DLL
0x0000000059100000 - 0x00000000591d2000 	D:\Program Files\Java\jdk1.8.0_92\jre\bin\msvcr100.dll
0x0000000059bb0000 - 0x000000005a446000 	D:\Program Files\Java\jdk1.8.0_92\jre\bin\server\jvm.dll
0x00007ffccd2c0000 - 0x00007ffccd2c8000 	C:\WINDOWS\System32\PSAPI.DLL
0x00007ffcbf4c0000 - 0x00007ffcbf4c9000 	C:\WINDOWS\SYSTEM32\WSOCK32.dll
0x00007ffccb520000 - 0x00007ffccb58a000 	C:\WINDOWS\System32\WS2_32.dll
0x00007ffcc8590000 - 0x00007ffcc85b3000 	C:\WINDOWS\SYSTEM32\WINMM.dll
0x00007ffcc0100000 - 0x00007ffcc010a000 	C:\WINDOWS\SYSTEM32\VERSION.dll
0x00007ffcc8530000 - 0x00007ffcc855b000 	C:\WINDOWS\SYSTEM32\WINMMBASE.dll
0x00007ffcca810000 - 0x00007ffcca852000 	C:\WINDOWS\System32\cfgmgr32.dll
0x0000000059ba0000 - 0x0000000059baf000 	D:\Program Files\Java\jdk1.8.0_92\jre\bin\verify.dll
0x0000000059b70000 - 0x0000000059b99000 	D:\Program Files\Java\jdk1.8.0_92\jre\bin\java.dll
0x0000000059b50000 - 0x0000000059b66000 	D:\Program Files\Java\jdk1.8.0_92\jre\bin\zip.dll
0x00007ffccb590000 - 0x00007ffccca98000 	C:\WINDOWS\System32\SHELL32.dll
0x00007ffccaa80000 - 0x00007ffccb15a000 	C:\WINDOWS\System32\windows.storage.dll
0x00007ffcca0d0000 - 0x00007ffcca11c000 	C:\WINDOWS\System32\powrprof.dll
0x00007ffccce60000 - 0x00007ffccceb2000 	C:\WINDOWS\System32\shlwapi.dll
0x00007ffcca140000 - 0x00007ffcca14f000 	C:\WINDOWS\System32\kernel.appcore.dll
0x00007ffcca160000 - 0x00007ffcca209000 	C:\WINDOWS\System32\shcore.dll
0x00007ffcca120000 - 0x00007ffcca134000 	C:\WINDOWS\System32\profapi.dll

VM Arguments:
jvm_args: -Djava.awt.headless=true -Xmx1024M -Dfile.encoding=GBK -Duser.country=CN -Duser.language=zh -Duser.variant 
java_command: com.android.dx.command.Main --dex --force-jumbo --num-threads=4 --output F:\AndroidStudioProjects\MyApplication2\l05_handler\build\intermediates\pre-dexed\debug\internal_impl-24.2.0_6190c3710ae7c32d73031e12eadc9682e0dac356.jar F:\AndroidStudioProjects\MyApplication2\l05_handler\build\intermediates\exploded-aar\com.android.support\support-compat\24.2.0\jars\libs\internal_impl-24.2.0.jar
java_class_path (initial): D:\Android_developer_tools\android-sdk-windows\build-tools\24.0.2\lib\dx.jar
Launcher Type: SUN_STANDARD

Environment Variables:
JAVA_HOME=D:\Program Files\Java\jdk1.8.0_92
CLASSPATH=.;D:\Program Files\Java\jdk1.8.0_92\lib\dt.jar;D:\Program Files\Java\jdk1.8.0_92\lib\tools.jar
PATH=D:\Program Files\Java\jdk1.8.0_92\bin;D:\Program Files\Java\jdk1.8.0_92\jre\bin;C:\WINDOWS\system32;C:\WINDOWS;C:\WINDOWS\System32\Wbem;C:\WINDOWS\System32\WindowsPowerShell\v1.0\;C:\Program Files (x86)\ATI Technologies\ATI.ACE\Core-Static;C:\Program Files\Lenovo\Bluetooth Software\;C:\Program Files\Lenovo\Bluetooth Software\syswow64;C:\Program Files (x86)\AMD\ATI.ACE\Core-Static;D:\Program Files (x86)\MySQL\MySQL Server 5.5\bin;D:\Android_developer_tools\android-sdk-windows\platform-tools;D:\Android_developer_tools\android-sdk-windows\tools;C:\Users\Administrator\AppData\Local\Microsoft\WindowsApps;
USERNAME=Administrator
OS=Windows_NT
PROCESSOR_IDENTIFIER=Intel64 Family 6 Model 58 Stepping 9, GenuineIntel



---------------  S Y S T E M  ---------------

OS: Windows 10.0 , 64 bit Build 14393 (10.0.14393.0)

CPU:total 4 (2 cores per cpu, 2 threads per core) family 6 model 58 stepping 9, cmov, cx8, fxsr, mmx, sse, sse2, sse3, ssse3, sse4.1, sse4.2, popcnt, avx, clmul, erms, ht, tsc, tscinvbit, tscinv

Memory: 4k page, physical 4060004k(246304k free), swap 6157156k(2240k free)

vm_info: Java HotSpot(TM) 64-Bit Server VM (25.92-b14) for windows-amd64 JRE (1.8.0_92-b14), built on Mar 31 2016 21:03:04 by "java_re" with MS VC++ 10.0 (VS2010)

time: Tue Sep 06 18:50:41 2016
elapsed time: 3 seconds (0d 0h 0m 3s)

