#
# There is insufficient memory for the Java Runtime Environment to continue.
# Native memory allocation (malloc) failed to allocate 221536 bytes for Chunk::new
# Possible reasons:
#   The system is out of physical RAM or swap space
#   In 32 bit mode, the process size limit was hit
# Possible solutions:
#   Reduce memory load on the system
#   Increase physical memory or swap space
#   Check if swap backing store is full
#   Use 64 bit Java on a 64 bit OS
#   Decrease Java heap size (-Xmx/-Xms)
#   Decrease number of Java threads
#   Decrease Java thread stack sizes (-Xss)
#   Set larger code cache with -XX:ReservedCodeCacheSize=
# This output file may be truncated or incomplete.
#
#  Out of Memory Error (allocation.cpp:390), pid=6412, tid=0x00000000000026e8
#
# JRE version: Java(TM) SE Runtime Environment (8.0_92-b14) (build 1.8.0_92-b14)
# Java VM: Java HotSpot(TM) 64-Bit Server VM (25.92-b14 mixed mode windows-amd64 compressed oops)
# Failed to write core dump. Minidumps are not enabled by default on client versions of Windows
#

---------------  T H R E A D  ---------------

Current thread (0x00000000034ec800):  JavaThread "C2 CompilerThread1" daemon [_thread_in_native, id=9960, stack(0x0000000017610000,0x0000000017710000)]

Stack: [0x0000000017610000,0x0000000017710000]
[error occurred during error reporting (printing stack bounds), id 0xc0000005]

Native frames: (J=compiled Java code, j=interpreted, Vv=VM code, C=native code)


Current CompileTask:
C2:   3097 1009       4       com.android.dx.ssa.back.LivenessAnalyzer::handleTailRecursion (94 bytes)


---------------  P R O C E S S  ---------------

Java Threads: ( => current thread )
  0x0000000017095000 JavaThread "pool-1-thread-4" [_thread_in_Java, id=844, stack(0x0000000017e10000,0x0000000017f10000)]
  0x0000000017093800 JavaThread "pool-1-thread-3" [_thread_in_vm, id=7768, stack(0x0000000017d10000,0x0000000017e10000)]
  0x0000000017072800 JavaThread "pool-1-thread-2" [_thread_in_Java, id=9908, stack(0x0000000017c10000,0x0000000017d10000)]
  0x000000001706f800 JavaThread "pool-2-thread-1" [_thread_blocked, id=8344, stack(0x0000000017b10000,0x0000000017c10000)]
  0x000000001705a000 JavaThread "pool-1-thread-1" [_thread_in_Java, id=6508, stack(0x0000000017a10000,0x0000000017b10000)]
  0x0000000016f79800 JavaThread "Service Thread" daemon [_thread_blocked, id=3200, stack(0x0000000017810000,0x0000000017910000)]
  0x0000000016f6d000 JavaThread "C1 CompilerThread2" daemon [_thread_blocked, id=8760, stack(0x0000000017710000,0x0000000017810000)]
=>0x00000000034ec800 JavaThread "C2 CompilerThread1" daemon [_thread_in_native, id=9960, stack(0x0000000017610000,0x0000000017710000)]
  0x0000000015bd2000 JavaThread "C2 CompilerThread0" daemon [_thread_in_native, id=2624, stack(0x0000000017510000,0x0000000017610000)]
  0x0000000015bdc800 JavaThread "Attach Listener" daemon [_thread_blocked, id=9744, stack(0x0000000017410000,0x0000000017510000)]
  0x0000000016f53800 JavaThread "Signal Dispatcher" daemon [_thread_blocked, id=5636, stack(0x0000000017310000,0x0000000017410000)]
  0x00000000034e4800 JavaThread "Finalizer" daemon [_thread_blocked, id=7108, stack(0x0000000016e10000,0x0000000016f10000)]
  0x00000000034df800 JavaThread "Reference Handler" daemon [_thread_blocked, id=6840, stack(0x0000000016d10000,0x0000000016e10000)]
  0x000000000307e000 JavaThread "main" [_thread_in_vm, id=3564, stack(0x0000000002ed0000,0x0000000002fd0000)]

Other Threads:
  0x0000000015b88000 VMThread [stack: 0x0000000016c10000,0x0000000016d10000] [id=9220]
  0x0000000016fd5800 WatcherThread [stack: 0x0000000017910000,0x0000000017a10000] [id=3780]

VM state:not at safepoint (normal execution)

VM Mutex/Monitor currently owned by a thread: None

Heap:
 PSYoungGen      total 18432K, used 10529K [0x00000000eab00000, 0x00000000ecf00000, 0x0000000100000000)
  eden space 15872K, 50% used [0x00000000eab00000,0x00000000eb2c8908,0x00000000eba80000)
  from space 2560K, 99% used [0x00000000eba80000,0x00000000ebcffe00,0x00000000ebd00000)
  to   space 2560K, 0% used [0x00000000ecc80000,0x00000000ecc80000,0x00000000ecf00000)
 ParOldGen       total 42496K, used 1843K [0x00000000c0000000, 0x00000000c2980000, 0x00000000eab00000)
  object space 42496K, 4% used [0x00000000c0000000,0x00000000c01ccd20,0x00000000c2980000)
 Metaspace       used 5730K, capacity 6832K, committed 7040K, reserved 1056768K
  class space    used 580K, capacity 616K, committed 640K, reserved 1048576K

Card table byte_map: [0x00000000128b0000,0x0000000012ac0000] byte_map_base: 0x00000000122b0000

Marking Bits: (ParMarkBitMap*) 0x000000005a3c64f0
 Begin Bits: [0x0000000013020000, 0x0000000014020000)
 End Bits:   [0x0000000014020000, 0x0000000015020000)

Polling page: 0x0000000001770000

CodeCache: size=245760Kb used=3984Kb max_used=3997Kb free=241775Kb
 bounds [0x00000000034f0000, 0x00000000038e0000, 0x00000000124f0000]
 total_blobs=1257 nmethods=993 adapters=177
 compilation: enabled

Compilation events (10 events):
Event: 3.044 Thread 0x0000000016f6d000  999       3       java.util.HashMap$HashIterator::hasNext (13 bytes)
Event: 3.044 Thread 0x0000000016f6d000 nmethod 999 0x00000000038b66d0 code [0x00000000038b6820, 0x00000000038b69d0]
Event: 3.045 Thread 0x0000000016f6d000 1000       3       com.android.dx.rop.type.Type::isReference (15 bytes)
Event: 3.045 Thread 0x0000000016f6d000 nmethod 1000 0x00000000038c1b50 code [0x00000000038c1ca0, 0x00000000038c1e50]
Event: 3.045 Thread 0x0000000016f6d000 1001       3       com.android.dx.rop.code.DexTranslationAdvice::totalRopWidth (36 bytes)
Event: 3.046 Thread 0x0000000016f6d000 nmethod 1001 0x00000000038cf850 code [0x00000000038cfa00, 0x00000000038d01e8]
Event: 3.054 Thread 0x00000000034ec800 nmethod 972 0x00000000038d9510 code [0x00000000038d96a0, 0x00000000038d9d68]
Event: 3.054 Thread 0x00000000034ec800 1009       4       com.android.dx.ssa.back.LivenessAnalyzer::handleTailRecursion (94 bytes)
Event: 3.065 Thread 0x0000000015bd2000 nmethod 995 0x00000000038d8310 code [0x00000000038d84a0, 0x00000000038d8bd8]
Event: 3.065 Thread 0x0000000015bd2000 1019   !   4       com.android.dx.cf.code.BytecodeArray::parseInstruction (2764 bytes)

GC Heap History (2 events):
Event: 2.288 GC heap before
{Heap before GC invocations=1 (full 0):
 PSYoungGen      total 18432K, used 15872K [0x00000000eab00000, 0x00000000ebf80000, 0x0000000100000000)
  eden space 15872K, 100% used [0x00000000eab00000,0x00000000eba80000,0x00000000eba80000)
  from space 2560K, 0% used [0x00000000ebd00000,0x00000000ebd00000,0x00000000ebf80000)
  to   space 2560K, 0% used [0x00000000eba80000,0x00000000eba80000,0x00000000ebd00000)
 ParOldGen       total 42496K, used 0K [0x00000000c0000000, 0x00000000c2980000, 0x00000000eab00000)
  object space 42496K, 0% used [0x00000000c0000000,0x00000000c0000000,0x00000000c2980000)
 Metaspace       used 5642K, capacity 6768K, committed 7040K, reserved 1056768K
  class space    used 579K, capacity 616K, committed 640K, reserved 1048576K
Event: 2.680 GC heap after
Heap after GC invocations=1 (full 0):
 PSYoungGen      total 18432K, used 2559K [0x00000000eab00000, 0x00000000ecf00000, 0x0000000100000000)
  eden space 15872K, 0% used [0x00000000eab00000,0x00000000eab00000,0x00000000eba80000)
  from space 2560K, 99% used [0x00000000eba80000,0x00000000ebcffe00,0x00000000ebd00000)
  to   space 2560K, 0% used [0x00000000ecc80000,0x00000000ecc80000,0x00000000ecf00000)
 ParOldGen       total 42496K, used 1843K [0x00000000c0000000, 0x00000000c2980000, 0x00000000eab00000)
  object space 42496K, 4% used [0x00000000c0000000,0x00000000c01ccd20,0x00000000c2980000)
 Metaspace       used 5642K, capacity 6768K, committed 7040K, reserved 1056768K
  class space    used 579K, capacity 616K, committed 640K, reserved 1048576K
}

Deoptimization events (10 events):
Event: 1.639 Thread 0x0000000017072800 Uncommon trap: reason=class_check action=maybe_recompile pc=0x00000000036af350 method=com.android.dx.rop.cst.CstMemberRef.compareTo0(Lcom/android/dx/rop/cst/Constant;)I @ 1
Event: 1.643 Thread 0x000000001705a000 Uncommon trap: reason=speculate_class_check action=maybe_recompile pc=0x00000000036c07cc method=com.android.dx.rop.cst.Constant.compareTo(Lcom/android/dx/rop/cst/Constant;)I @ 29
Event: 1.643 Thread 0x000000001705a000 Uncommon trap: reason=class_check action=maybe_recompile pc=0x00000000036af350 method=com.android.dx.rop.cst.CstMemberRef.compareTo0(Lcom/android/dx/rop/cst/Constant;)I @ 1
Event: 1.660 Thread 0x000000001705a000 Uncommon trap: reason=unstable_if action=reinterpret pc=0x00000000036f8234 method=java.util.HashMap.getNode(ILjava/lang/Object;)Ljava/util/HashMap$Node; @ 62
Event: 1.841 Thread 0x000000001705a000 Uncommon trap: reason=unstable_if action=reinterpret pc=0x00000000036b11d4 method=com.android.dx.rop.cst.CstFieldRef.compareTo0(Lcom/android/dx/rop/cst/Constant;)I @ 7
Event: 1.861 Thread 0x0000000017072800 Uncommon trap: reason=unstable_if action=reinterpret pc=0x0000000003793ca8 method=com.android.dx.rop.cst.CstFieldRef.compareTo0(Lcom/android/dx/rop/cst/Constant;)I @ 7
Event: 2.284 Thread 0x000000000307e000 Uncommon trap: reason=unstable_if action=reinterpret pc=0x0000000003798030 method=java.util.BitSet.ensureCapacity(I)V @ 6
Event: 3.049 Thread 0x000000000307e000 Uncommon trap: reason=unstable_if action=reinterpret pc=0x0000000003680b50 method=java.lang.String.<init>([CII)V @ 18
Event: 3.053 Thread 0x000000001705a000 Uncommon trap: reason=unstable_if action=reinterpret pc=0x00000000038059cc method=com.android.dx.rop.code.RegisterSpec.equals(ILcom/android/dx/rop/type/TypeBearer;Lcom/android/dx/rop/code/LocalItem;)Z @ 24
Event: 3.086 Thread 0x0000000017095000 Uncommon trap: reason=unstable_if action=reinterpret pc=0x000000000379bfcc method=com.android.dx.rop.code.RegisterSpec.equals(ILcom/android/dx/rop/type/TypeBearer;Lcom/android/dx/rop/code/LocalItem;)Z @ 24

Internal exceptions (2 events):
Event: 0.094 Thread 0x000000000307e000 Exception <a 'java/lang/NoSuchMethodError': Method sun.misc.Unsafe.defineClass(Ljava/lang/String;[BII)Ljava/lang/Class; name or signature does not match> (0x00000000eab07cc0) thrown at [D:\re\workspace\8-2-build-windows-amd64-cygwin\jdk8u92\6642\hotspot\srÉ≈$„È∏?
Event: 0.094 Thread 0x000000000307e000 Exception <a 'java/lang/NoSuchMethodError': Method sun.misc.Unsafe.prefetchRead(Ljava/lang/Object;J)V name or signature does not match> (0x00000000eab07fa8) thrown at [D:\re\workspace\8-2-build-windows-amd64-cygwin\jdk8u92\6642\hotspot\src\share\vm\prims\j

Events (10 events):
Event: 3.053 Thread 0x000000001705a000 Uncommon trap: trap_request=0xffffff65 fr.pc=0x00000000038059cc
Event: 3.053 Thread 0x000000001705a000 DEOPT PACKING pc=0x00000000038059cc sp=0x0000000017b0ece0
Event: 3.053 Thread 0x000000001705a000 DEOPT UNPACKING pc=0x000000000353582a sp=0x0000000017b0ea60 mode 2
Event: 3.086 Thread 0x0000000017095000 Uncommon trap: trap_request=0xffffff65 fr.pc=0x000000000379bfcc
Event: 3.086 Thread 0x0000000017095000 DEOPT PACKING pc=0x000000000379bfcc sp=0x0000000017f0ebc0
Event: 3.086 Thread 0x0000000017095000 DEOPT UNPACKING pc=0x000000000353582a sp=0x0000000017f0eb50 mode 2
Event: 3.090 loading class com/android/dx/cf/direct/DirectClassFile$DcfTypeList
Event: 3.090 loading class com/android/dx/cf/direct/DirectClassFile$DcfTypeList done
Event: 3.091 loading class com/android/dx/cf/attrib/AttExceptions
Event: 3.091 loading class com/android/dx/cf/attrib/AttExceptions done


Dynamic libraries:
0x00007ff6973c0000 - 0x00007ff6973f7000 	D:\Program Files\Java\jdk1.8.0_92\bin\java.exe
0x00007ffccdbf0000 - 0x00007ffccddc1000 	C:\WINDOWS\SYSTEM32\ntdll.dll
0x00007ffcccee0000 - 0x00007ffcccf8b000 	C:\WINDOWS\System32\KERNEL32.DLL
0x00007ffcca860000 - 0x00007ffccaa7d000 	C:\WINDOWS\System32\KERNELBASE.dll
0x00007ffccb170000 - 0x00007ffccb212000 	C:\WINDOWS\System32\ADVAPI32.dll
0x00007ffcccc60000 - 0x00007ffccccfe000 	C:\WINDOWS\System32\msvcrt.dll
0x00007ffccd580000 - 0x00007ffccd5d9000 	C:\WINDOWS\System32\sechost.dll
0x00007ffcccaa0000 - 0x00007ffcccbc1000 	C:\WINDOWS\System32\RPCRT4.dll
0x00007ffccd410000 - 0x00007ffccd575000 	C:\WINDOWS\System32\USER32.dll
0x00007ffcca620000 - 0x00007ffcca63e000 	C:\WINDOWS\System32\win32u.dll
0x00007ffccb4e0000 - 0x00007ffccb514000 	C:\WINDOWS\System32\GDI32.dll
0x00007ffcca490000 - 0x00007ffcca612000 	C:\WINDOWS\System32\gdi32full.dll
0x00007ffcbf550000 - 0x00007ffcbf7c9000 	C:\WINDOWS\WinSxS\amd64_microsoft.windows.common-controls_6595b64144ccf1df_6.0.14393.0_none_2d0f50fcbdb171b8\COMCTL32.dll
0x00007ffcccff0000 - 0x00007ffccd2b7000 	C:\WINDOWS\System32\combase.dll
0x00007ffcca210000 - 0x00007ffcca305000 	C:\WINDOWS\System32\ucrtbase.dll
0x00007ffcca310000 - 0x00007ffcca37a000 	C:\WINDOWS\System32\bcryptPrimitives.dll
0x00007ffccdbb0000 - 0x00007ffccdbde000 	C:\WINDOWS\System32\IMM32.DLL
0x0000000059100000 - 0x00000000591d2000 	D:\Program Files\Java\jdk1.8.0_92\jre\bin\msvcr100.dll
0x0000000059bb0000 - 0x000000005a446000 	D:\Program Files\Java\jdk1.8.0_92\jre\bin\server\jvm.dll
0x00007ffccd2c0000 - 0x00007ffccd2c8000 	C:\WINDOWS\System32\PSAPI.DLL
0x00007ffcbf4c0000 - 0x00007ffcbf4c9000 	C:\WINDOWS\SYSTEM32\WSOCK32.dll
0x00007ffccb520000 - 0x00007ffccb58a000 	C:\WINDOWS\System32\WS2_32.dll
0x00007ffcc8590000 - 0x00007ffcc85b3000 	C:\WINDOWS\SYSTEM32\WINMM.dll
0x00007ffcc0100000 - 0x00007ffcc010a000 	C:\WINDOWS\SYSTEM32\VERSION.dll
0x00007ffcc8530000 - 0x00007ffcc855b000 	C:\WINDOWS\SYSTEM32\WINMMBASE.dll
0x00007ffcca810000 - 0x00007ffcca852000 	C:\WINDOWS\System32\cfgmgr32.dll
0x0000000059ba0000 - 0x0000000059baf000 	D:\Program Files\Java\jdk1.8.0_92\jre\bin\verify.dll
0x0000000059b70000 - 0x0000000059b99000 	D:\Program Files\Java\jdk1.8.0_92\jre\bin\java.dll
0x0000000059b50000 - 0x0000000059b66000 	D:\Program Files\Java\jdk1.8.0_92\jre\bin\zip.dll
0x00007ffccb590000 - 0x00007ffccca98000 	C:\WINDOWS\System32\SHELL32.dll
0x00007ffccaa80000 - 0x00007ffccb15a000 	C:\WINDOWS\System32\windows.storage.dll
0x00007ffcca0d0000 - 0x00007ffcca11c000 	C:\WINDOWS\System32\powrprof.dll
0x00007ffccce60000 - 0x00007ffccceb2000 	C:\WINDOWS\System32\shlwapi.dll
0x00007ffcca140000 - 0x00007ffcca14f000 	C:\WINDOWS\System32\kernel.appcore.dll
0x00007ffcca160000 - 0x00007ffcca209000 	C:\WINDOWS\System32\shcore.dll
0x00007ffcca120000 - 0x00007ffcca134000 	C:\WINDOWS\System32\profapi.dll

VM Arguments:
jvm_args: -Djava.awt.headless=true -Xmx1024M -Dfile.encoding=GBK -Duser.country=CN -Duser.language=zh -Duser.variant 
java_command: com.android.dx.command.Main --dex --force-jumbo --num-threads=4 --output F:\AndroidStudioProjects\MyApplication2\l05_handler\build\intermediates\pre-dexed\debug\main_8a6728bdf802f990a7fa570738fd569c8b325993.jar F:\AndroidStudioProjects\MyApplication2\l05_handler\build\intermediates\transforms\instantRun\debug\folders\1\5\main
java_class_path (initial): D:\Android_developer_tools\android-sdk-windows\build-tools\24.0.2\lib\dx.jar
Launcher Type: SUN_STANDARD

Environment Variables:
JAVA_HOME=D:\Program Files\Java\jdk1.8.0_92
CLASSPATH=.;D:\Program Files\Java\jdk1.8.0_92\lib\dt.jar;D:\Program Files\Java\jdk1.8.0_92\lib\tools.jar
PATH=D:\Program Files\Java\jdk1.8.0_92\bin;D:\Program Files\Java\jdk1.8.0_92\jre\bin;C:\WINDOWS\system32;C:\WINDOWS;C:\WINDOWS\System32\Wbem;C:\WINDOWS\System32\WindowsPowerShell\v1.0\;C:\Program Files (x86)\ATI Technologies\ATI.ACE\Core-Static;C:\Program Files\Lenovo\Bluetooth Software\;C:\Program Files\Lenovo\Bluetooth Software\syswow64;C:\Program Files (x86)\AMD\ATI.ACE\Core-Static;D:\Program Files (x86)\MySQL\MySQL Server 5.5\bin;D:\Android_developer_tools\android-sdk-windows\platform-tools;D:\Android_developer_tools\android-sdk-windows\tools;C:\Users\Administrator\AppData\Local\Microsoft\WindowsApps;
USERNAME=Administrator
OS=Windows_NT
PROCESSOR_IDENTIFIER=Intel64 Family 6 Model 58 Stepping 9, GenuineIntel



---------------  S Y S T E M  ---------------

OS: Windows 10.0 , 64 bit Build 14393 (10.0.14393.0)

CPU:total 4 (2 cores per cpu, 2 threads per core) family 6 model 58 stepping 9, cmov, cx8, fxsr, mmx, sse, sse2, sse3, ssse3, sse4.1, sse4.2, popcnt, avx, clmul, erms, ht, tsc, tscinvbit, tscinv

Memory: 4k page, physical 4060004k(248528k free), swap 6157156k(5120k free)

vm_info: Java HotSpot(TM) 64-Bit Server VM (25.92-b14) for windows-amd64 JRE (1.8.0_92-b14), built on Mar 31 2016 21:03:04 by "java_re" with MS VC++ 10.0 (VS2010)

time: Tue Sep 06 18:50:41 2016
elapsed time: 3 seconds (0d 0h 0m 3s)

