#
# There is insufficient memory for the Java Runtime Environment to continue.
# Native memory allocation (malloc) failed to allocate 1129696 bytes for Chunk::new
# Possible reasons:
#   The system is out of physical RAM or swap space
#   In 32 bit mode, the process size limit was hit
# Possible solutions:
#   Reduce memory load on the system
#   Increase physical memory or swap space
#   Check if swap backing store is full
#   Use 64 bit Java on a 64 bit OS
#   Decrease Java heap size (-Xmx/-Xms)
#   Decrease number of Java threads
#   Decrease Java thread stack sizes (-Xss)
#   Set larger code cache with -XX:ReservedCodeCacheSize=
# This output file may be truncated or incomplete.
#
#  Out of Memory Error (allocation.cpp:390), pid=2004, tid=0x000000000000216c
#
# JRE version: Java(TM) SE Runtime Environment (8.0_92-b14) (build 1.8.0_92-b14)
# Java VM: Java HotSpot(TM) 64-Bit Server VM (25.92-b14 mixed mode windows-amd64 compressed oops)
# Failed to write core dump. Minidumps are not enabled by default on client versions of Windows
#

---------------  T H R E A D  ---------------

Current thread (0x000000000296a000):  JavaThread "C2 CompilerThread0" daemon [_thread_in_native, id=8556, stack(0x00000000169a0000,0x0000000016aa0000)]

Stack: [0x00000000169a0000,0x0000000016aa0000]
[error occurred during error reporting (printing stack bounds), id 0xc0000005]

Native frames: (J=compiled Java code, j=interpreted, Vv=VM code, C=native code)


Current CompileTask:
C2:  10513 1760       4       com.android.dx.dex.code.RopToDop::dopFor (792 bytes)


---------------  P R O C E S S  ---------------

Java Threads: ( => current thread )
  0x000000001640b000 JavaThread "Service Thread" daemon [_thread_blocked, id=7960, stack(0x0000000016ca0000,0x0000000016da0000)]
  0x00000000163fd000 JavaThread "C1 CompilerThread2" daemon [_thread_blocked, id=748, stack(0x0000000016ba0000,0x0000000016ca0000)]
  0x000000000296d800 JavaThread "C2 CompilerThread1" daemon [_thread_in_native, id=3204, stack(0x0000000016aa0000,0x0000000016ba0000)]
=>0x000000000296a000 JavaThread "C2 CompilerThread0" daemon [_thread_in_native, id=8556, stack(0x00000000169a0000,0x0000000016aa0000)]
  0x0000000015052000 JavaThread "Attach Listener" daemon [_thread_blocked, id=3508, stack(0x00000000168a0000,0x00000000169a0000)]
  0x00000000163e3800 JavaThread "Signal Dispatcher" daemon [_thread_blocked, id=8508, stack(0x00000000167a0000,0x00000000168a0000)]
  0x000000001502a000 JavaThread "Finalizer" daemon [_thread_blocked, id=9496, stack(0x00000000162a0000,0x00000000163a0000)]
  0x0000000015009000 JavaThread "Reference Handler" daemon [_thread_blocked, id=7008, stack(0x00000000161a0000,0x00000000162a0000)]
  0x0000000000b4e000 JavaThread "main" [_thread_in_Java, id=8104, stack(0x0000000002770000,0x0000000002870000)]

Other Threads:
  0x0000000015007000 VMThread [stack: 0x00000000160a0000,0x00000000161a0000] [id=6968]
  0x000000001645c800 WatcherThread [stack: 0x0000000016da0000,0x0000000016ea0000] [id=8108]

VM state:not at safepoint (normal execution)

VM Mutex/Monitor currently owned by a thread: None

Heap:
 PSYoungGen      total 71168K, used 46560K [0x00000000eab00000, 0x00000000f3900000, 0x0000000100000000)
  eden space 62464K, 72% used [0x00000000eab00000,0x00000000ed77f670,0x00000000ee800000)
  from space 8704K, 11% used [0x00000000ee800000,0x00000000ee8f8b88,0x00000000ef080000)
  to   space 22528K, 0% used [0x00000000f2300000,0x00000000f2300000,0x00000000f3900000)
 ParOldGen       total 81920K, used 42196K [0x00000000c0000000, 0x00000000c5000000, 0x00000000eab00000)
  object space 81920K, 51% used [0x00000000c0000000,0x00000000c29350a8,0x00000000c5000000)
 Metaspace       used 6661K, capacity 7320K, committed 7680K, reserved 1056768K
  class space    used 634K, capacity 656K, committed 768K, reserved 1048576K

Card table byte_map: [0x0000000011d30000,0x0000000011f40000] byte_map_base: 0x0000000011730000

Marking Bits: (ParMarkBitMap*) 0x000000005a3c64f0
 Begin Bits: [0x00000000124a0000, 0x00000000134a0000)
 End Bits:   [0x00000000134a0000, 0x00000000144a0000)

Polling page: 0x0000000000aa0000

CodeCache: size=245760Kb used=8445Kb max_used=8445Kb free=237314Kb
 bounds [0x0000000002970000, 0x00000000031c0000, 0x0000000011970000]
 total_blobs=2316 nmethods=2044 adapters=184
 compilation: enabled

Compilation events (10 events):
Event: 10.456 Thread 0x00000000163fd000 2114  s    2       com.android.dx.dex.file.ProtoIdsSection::intern (55 bytes)
Event: 10.457 Thread 0x00000000163fd000 nmethod 2114 0x00000000031b1650 code [0x00000000031b1800, 0x00000000031b1d68]
Event: 10.457 Thread 0x00000000163fd000 2116       2       com.android.dx.dex.file.ProtoIdItem::makeShortForm (74 bytes)
Event: 10.459 Thread 0x00000000163fd000 nmethod 2116 0x00000000031b20d0 code [0x00000000031b22c0, 0x00000000031b29e8]
Event: 10.459 Thread 0x00000000163fd000 2115       2       java.lang.StringBuilder::<init> (6 bytes)
Event: 10.459 Thread 0x00000000163fd000 nmethod 2115 0x00000000031b33d0 code [0x00000000031b3520, 0x00000000031b3710]
Event: 10.459 Thread 0x00000000163fd000 2117       2       com.android.dx.dex.file.TypeListItem::<init> (21 bytes)
Event: 10.460 Thread 0x00000000163fd000 nmethod 2117 0x00000000031b37d0 code [0x00000000031b3940, 0x00000000031b3b18]
Event: 10.460 Thread 0x00000000163fd000 2118       2       com.android.dx.dex.file.ProtoIdItem::<init> (60 bytes)
Event: 10.461 Thread 0x00000000163fd000 nmethod 2118 0x00000000031b3bd0 code [0x00000000031b3d60, 0x00000000031b40e8]

GC Heap History (10 events):
Event: 3.544 GC heap before
{Heap before GC invocations=6 (full 0):
 PSYoungGen      total 34304K, used 34290K [0x00000000eab00000, 0x00000000ef800000, 0x0000000100000000)
  eden space 31744K, 100% used [0x00000000eab00000,0x00000000eca00000,0x00000000eca00000)
  from space 2560K, 99% used [0x00000000eca00000,0x00000000ecc7c948,0x00000000ecc80000)
  to   space 7680K, 0% used [0x00000000ef080000,0x00000000ef080000,0x00000000ef800000)
 ParOldGen       total 42496K, used 12615K [0x00000000c0000000, 0x00000000c2980000, 0x00000000eab00000)
  object space 42496K, 29% used [0x00000000c0000000,0x00000000c0c51c90,0x00000000c2980000)
 Metaspace       used 6357K, capacity 7158K, committed 7296K, reserved 1056768K
  class space    used 608K, capacity 622K, committed 640K, reserved 1048576K
Event: 3.571 GC heap after
Heap after GC invocations=6 (full 0):
 PSYoungGen      total 70144K, used 7582K [0x00000000eab00000, 0x00000000efa00000, 0x0000000100000000)
  eden space 62464K, 0% used [0x00000000eab00000,0x00000000eab00000,0x00000000ee800000)
  from space 7680K, 98% used [0x00000000ef080000,0x00000000ef7e78c0,0x00000000ef800000)
  to   space 8704K, 0% used [0x00000000ee800000,0x00000000ee800000,0x00000000ef080000)
 ParOldGen       total 42496K, used 12615K [0x00000000c0000000, 0x00000000c2980000, 0x00000000eab00000)
  object space 42496K, 29% used [0x00000000c0000000,0x00000000c0c51c90,0x00000000c2980000)
 Metaspace       used 6357K, capacity 7158K, committed 7296K, reserved 1056768K
  class space    used 608K, capacity 622K, committed 640K, reserved 1048576K
}
Event: 4.292 GC heap before
{Heap before GC invocations=7 (full 0):
 PSYoungGen      total 70144K, used 70046K [0x00000000eab00000, 0x00000000efa00000, 0x0000000100000000)
  eden space 62464K, 100% used [0x00000000eab00000,0x00000000ee800000,0x00000000ee800000)
  from space 7680K, 98% used [0x00000000ef080000,0x00000000ef7e78c0,0x00000000ef800000)
  to   space 8704K, 0% used [0x00000000ee800000,0x00000000ee800000,0x00000000ef080000)
 ParOldGen       total 42496K, used 12615K [0x00000000c0000000, 0x00000000c2980000, 0x00000000eab00000)
  object space 42496K, 29% used [0x00000000c0000000,0x00000000c0c51c90,0x00000000c2980000)
 Metaspace       used 6479K, capacity 7192K, committed 7424K, reserved 1056768K
  class space    used 628K, capacity 656K, committed 768K, reserved 1048576K
Event: 4.347 GC heap after
Heap after GC invocations=7 (full 0):
 PSYoungGen      total 71168K, used 8682K [0x00000000eab00000, 0x00000000f4000000, 0x0000000100000000)
  eden space 62464K, 0% used [0x00000000eab00000,0x00000000eab00000,0x00000000ee800000)
  from space 8704K, 99% used [0x00000000ee800000,0x00000000ef07abf0,0x00000000ef080000)
  to   space 13824K, 0% used [0x00000000f3280000,0x00000000f3280000,0x00000000f4000000)
 ParOldGen       total 42496K, used 20777K [0x00000000c0000000, 0x00000000c2980000, 0x00000000eab00000)
  object space 42496K, 48% used [0x00000000c0000000,0x00000000c144a6c8,0x00000000c2980000)
 Metaspace       used 6479K, capacity 7192K, committed 7424K, reserved 1056768K
  class space    used 628K, capacity 656K, committed 768K, reserved 1048576K
}
Event: 5.021 GC heap before
{Heap before GC invocations=8 (full 0):
 PSYoungGen      total 71168K, used 71146K [0x00000000eab00000, 0x00000000f4000000, 0x0000000100000000)
  eden space 62464K, 100% used [0x00000000eab00000,0x00000000ee800000,0x00000000ee800000)
  from space 8704K, 99% used [0x00000000ee800000,0x00000000ef07abf0,0x00000000ef080000)
  to   space 13824K, 0% used [0x00000000f3280000,0x00000000f3280000,0x00000000f4000000)
 ParOldGen       total 42496K, used 20777K [0x00000000c0000000, 0x00000000c2980000, 0x00000000eab00000)
  object space 42496K, 48% used [0x00000000c0000000,0x00000000c144a6c8,0x00000000c2980000)
 Metaspace       used 6538K, capacity 7256K, committed 7424K, reserved 1056768K
  class space    used 628K, capacity 656K, committed 768K, reserved 1048576K
Event: 5.080 GC heap after
Heap after GC invocations=8 (full 0):
 PSYoungGen      total 76288K, used 13792K [0x00000000eab00000, 0x00000000f4000000, 0x0000000100000000)
  eden space 62464K, 0% used [0x00000000eab00000,0x00000000eab00000,0x00000000ee800000)
  from space 13824K, 99% used [0x00000000f3280000,0x00000000f3ff8348,0x00000000f4000000)
  to   space 8704K, 0% used [0x00000000ee800000,0x00000000ee800000,0x00000000ef080000)
 ParOldGen       total 42496K, used 24207K [0x00000000c0000000, 0x00000000c2980000, 0x00000000eab00000)
  object space 42496K, 56% used [0x00000000c0000000,0x00000000c17a3cf8,0x00000000c2980000)
 Metaspace       used 6538K, capacity 7256K, committed 7424K, reserved 1056768K
  class space    used 628K, capacity 656K, committed 768K, reserved 1048576K
}
Event: 5.915 GC heap before
{Heap before GC invocations=9 (full 0):
 PSYoungGen      total 76288K, used 76256K [0x00000000eab00000, 0x00000000f4000000, 0x0000000100000000)
  eden space 62464K, 100% used [0x00000000eab00000,0x00000000ee800000,0x00000000ee800000)
  from space 13824K, 99% used [0x00000000f3280000,0x00000000f3ff8348,0x00000000f4000000)
  to   space 8704K, 0% used [0x00000000ee800000,0x00000000ee800000,0x00000000ef080000)
 ParOldGen       total 42496K, used 24207K [0x00000000c0000000, 0x00000000c2980000, 0x00000000eab00000)
  object space 42496K, 56% used [0x00000000c0000000,0x00000000c17a3cf8,0x00000000c2980000)
 Metaspace       used 6556K, capacity 7256K, committed 7424K, reserved 1056768K
  class space    used 628K, capacity 656K, committed 768K, reserved 1048576K
Event: 5.985 GC heap after
Heap after GC invocations=9 (full 0):
 PSYoungGen      total 71168K, used 8675K [0x00000000eab00000, 0x00000000f3900000, 0x0000000100000000)
  eden space 62464K, 0% used [0x00000000eab00000,0x00000000eab00000,0x00000000ee800000)
  from space 8704K, 99% used [0x00000000ee800000,0x00000000ef078fa8,0x00000000ef080000)
  to   space 22528K, 0% used [0x00000000f2300000,0x00000000f2300000,0x00000000f3900000)
 ParOldGen       total 42496K, used 38054K [0x00000000c0000000, 0x00000000c2980000, 0x00000000eab00000)
  object space 42496K, 89% used [0x00000000c0000000,0x00000000c2529870,0x00000000c2980000)
 Metaspace       used 6556K, capacity 7256K, committed 7424K, reserved 1056768K
  class space    used 628K, capacity 656K, committed 768K, reserved 1048576K
}
Event: 5.985 GC heap before
{Heap before GC invocations=10 (full 1):
 PSYoungGen      total 71168K, used 8675K [0x00000000eab00000, 0x00000000f3900000, 0x0000000100000000)
  eden space 62464K, 0% used [0x00000000eab00000,0x00000000eab00000,0x00000000ee800000)
  from space 8704K, 99% used [0x00000000ee800000,0x00000000ef078fa8,0x00000000ef080000)
  to   space 22528K, 0% used [0x00000000f2300000,0x00000000f2300000,0x00000000f3900000)
 ParOldGen       total 42496K, used 38054K [0x00000000c0000000, 0x00000000c2980000, 0x00000000eab00000)
  object space 42496K, 89% used [0x00000000c0000000,0x00000000c2529870,0x00000000c2980000)
 Metaspace       used 6556K, capacity 7256K, committed 7424K, reserved 1056768K
  class space    used 628K, capacity 656K, committed 768K, reserved 1048576K
Event: 7.934 GC heap after
Heap after GC invocations=10 (full 1):
 PSYoungGen      total 71168K, used 994K [0x00000000eab00000, 0x00000000f3900000, 0x0000000100000000)
  eden space 62464K, 0% used [0x00000000eab00000,0x00000000eab00000,0x00000000ee800000)
  from space 8704K, 11% used [0x00000000ee800000,0x00000000ee8f8b88,0x00000000ef080000)
  to   space 22528K, 0% used [0x00000000f2300000,0x00000000f2300000,0x00000000f3900000)
 ParOldGen       total 81920K, used 42196K [0x00000000c0000000, 0x00000000c5000000, 0x00000000eab00000)
  object space 81920K, 51% used [0x00000000c0000000,0x00000000c29350a8,0x00000000c5000000)
 Metaspace       used 6556K, capacity 7256K, committed 7424K, reserved 1056768K
  class space    used 628K, capacity 656K, committed 768K, reserved 1048576K
}

Deoptimization events (10 events):
Event: 5.763 Thread 0x0000000000b4e000 Uncommon trap: reason=unstable_if action=reinterpret pc=0x0000000002fb4178 method=com.android.dx.ssa.SCCP.simulateBranch(Lcom/android/dx/ssa/SsaInsn;)V @ 548
Event: 5.820 Thread 0x000000001664d000 Uncommon trap: reason=unstable_if action=reinterpret pc=0x0000000003079fac method=com.android.dx.rop.cst.CstNat.equals(Ljava/lang/Object;)Z @ 25
Event: 9.082 Thread 0x0000000016647800 Uncommon trap: reason=bimorphic action=maybe_recompile pc=0x00000000030bea80 method=com.android.dx.cf.code.BytecodeArray.parseInstruction(ILcom/android/dx/cf/code/BytecodeArray$Visitor;)I @ 1287
Event: 9.083 Thread 0x0000000016647800 Uncommon trap: reason=bimorphic action=maybe_recompile pc=0x00000000030bea80 method=com.android.dx.cf.code.BytecodeArray.parseInstruction(ILcom/android/dx/cf/code/BytecodeArray$Visitor;)I @ 1287
Event: 9.828 Thread 0x0000000000b4e000 Uncommon trap: reason=class_check action=maybe_recompile pc=0x0000000002e361c8 method=java.util.Arrays.hashCode([Ljava/lang/Object;)I @ 43
Event: 9.828 Thread 0x0000000000b4e000 Uncommon trap: reason=class_check action=maybe_recompile pc=0x0000000002e361c8 method=java.util.Arrays.hashCode([Ljava/lang/Object;)I @ 43
Event: 9.828 Thread 0x0000000000b4e000 Uncommon trap: reason=class_check action=maybe_recompile pc=0x0000000002e361c8 method=java.util.Arrays.hashCode([Ljava/lang/Object;)I @ 43
Event: 9.828 Thread 0x0000000000b4e000 Uncommon trap: reason=class_check action=maybe_recompile pc=0x0000000002e361c8 method=java.util.Arrays.hashCode([Ljava/lang/Object;)I @ 43
Event: 9.828 Thread 0x0000000000b4e000 Uncommon trap: reason=class_check action=maybe_recompile pc=0x0000000002e18bf4 method=java.util.Arrays.hashCode([Ljava/lang/Object;)I @ 43
Event: 10.066 Thread 0x0000000000b4e000 Uncommon trap: reason=unstable_if action=reinterpret pc=0x0000000003177518 method=java.util.HashMap.putVal(ILjava/lang/Object;Ljava/lang/Object;ZZ)Ljava/lang/Object; @ 206

Internal exceptions (5 events):
Event: 0.128 Thread 0x0000000000b4e000 Exception <a 'java/lang/NoSuchMethodError': Method sun.misc.Unsafe.defineClass(Ljava/lang/String;[BII)Ljava/lang/Class; name or signature does not match> (0x00000000eab07cc0) thrown at [D:\re\workspace\8-2-build-windows-amd64-cygwin\jdk8u92\6642\hotspot\sr,rú*dÀ?
Event: 0.128 Thread 0x0000000000b4e000 Exception <a 'java/lang/NoSuchMethodError': Method sun.misc.Unsafe.prefetchRead(Ljava/lang/Object;J)V name or signature does not match> (0x00000000eab07fa8) thrown at [D:\re\workspace\8-2-build-windows-amd64-cygwin\jdk8u92\6642\hotspot\src\share\vm\prims\j‚©\
@
Event: 4.260 Thread 0x0000000016644000 Exception <a 'java/lang/ArrayIndexOutOfBoundsException': 18> (0x00000000ee4b0bd8) thrown at [D:\re\workspace\8-2-build-windows-amd64-cygwin\jdk8u92\6642\hotspot\src\share\vm\interpreter\interpreterRuntime.cpp, line 366]
Event: 4.261 Thread 0x0000000016644000 Exception <a 'java/lang/ArrayIndexOutOfBoundsException'> (0x00000000ee4b2758) thrown at [D:\re\workspace\8-2-build-windows-amd64-cygwin\jdk8u92\6642\hotspot\src\share\vm\runtime\sharedRuntime.cpp, line 605]
Event: 4.263 Thread 0x0000000016644000 Exception <a 'java/lang/ArrayIndexOutOfBoundsException'> (0x00000000ee4b3a40) thrown at [D:\re\workspace\8-2-build-windows-amd64-cygwin\jdk8u92\6642\hotspot\src\share\vm\runtime\sharedRuntime.cpp, line 605]

Events (10 events):
Event: 9.965 Thread 0x0000000000b4e000 DEOPT UNPACKING pc=0x00000000029b787f sp=0x000000000286ee78 mode 0
Event: 10.066 Thread 0x0000000000b4e000 Uncommon trap: trap_request=0xffffff65 fr.pc=0x0000000003177518
Event: 10.066 Thread 0x0000000000b4e000 DEOPT PACKING pc=0x0000000003177518 sp=0x000000000286f040
Event: 10.066 Thread 0x0000000000b4e000 DEOPT UNPACKING pc=0x00000000029b582a sp=0x000000000286ef68 mode 2
Event: 10.070 Thread 0x0000000000b4e000 DEOPT PACKING pc=0x000000000316dd2a sp=0x000000000286f1b0
Event: 10.070 Thread 0x0000000000b4e000 DEOPT UNPACKING pc=0x00000000029b787f sp=0x000000000286ef40 mode 0
Event: 10.204 Thread 0x0000000000b4e000 DEOPT PACKING pc=0x000000000316f3d8 sp=0x000000000286f270
Event: 10.204 Thread 0x0000000000b4e000 DEOPT UNPACKING pc=0x00000000029b787f sp=0x000000000286eff0 mode 0
Event: 10.445 loading class com/android/dx/dex/file/ProtoIdItem
Event: 10.445 loading class com/android/dx/dex/file/ProtoIdItem done


Dynamic libraries:
0x00007ff6973c0000 - 0x00007ff6973f7000 	D:\Program Files\Java\jdk1.8.0_92\bin\java.exe
0x00007ffccdbf0000 - 0x00007ffccddc1000 	C:\WINDOWS\SYSTEM32\ntdll.dll
0x00007ffcccee0000 - 0x00007ffcccf8b000 	C:\WINDOWS\System32\KERNEL32.DLL
0x00007ffcca860000 - 0x00007ffccaa7d000 	C:\WINDOWS\System32\KERNELBASE.dll
0x00007ffccb170000 - 0x00007ffccb212000 	C:\WINDOWS\System32\ADVAPI32.dll
0x00007ffcccc60000 - 0x00007ffccccfe000 	C:\WINDOWS\System32\msvcrt.dll
0x00007ffccd580000 - 0x00007ffccd5d9000 	C:\WINDOWS\System32\sechost.dll
0x00007ffcccaa0000 - 0x00007ffcccbc1000 	C:\WINDOWS\System32\RPCRT4.dll
0x00007ffccd410000 - 0x00007ffccd575000 	C:\WINDOWS\System32\USER32.dll
0x00007ffcca620000 - 0x00007ffcca63e000 	C:\WINDOWS\System32\win32u.dll
0x00007ffccb4e0000 - 0x00007ffccb514000 	C:\WINDOWS\System32\GDI32.dll
0x00007ffcca490000 - 0x00007ffcca612000 	C:\WINDOWS\System32\gdi32full.dll
0x00007ffcbf550000 - 0x00007ffcbf7c9000 	C:\WINDOWS\WinSxS\amd64_microsoft.windows.common-controls_6595b64144ccf1df_6.0.14393.0_none_2d0f50fcbdb171b8\COMCTL32.dll
0x00007ffcccff0000 - 0x00007ffccd2b7000 	C:\WINDOWS\System32\combase.dll
0x00007ffcca210000 - 0x00007ffcca305000 	C:\WINDOWS\System32\ucrtbase.dll
0x00007ffcca310000 - 0x00007ffcca37a000 	C:\WINDOWS\System32\bcryptPrimitives.dll
0x00007ffccdbb0000 - 0x00007ffccdbde000 	C:\WINDOWS\System32\IMM32.DLL
0x0000000059100000 - 0x00000000591d2000 	D:\Program Files\Java\jdk1.8.0_92\jre\bin\msvcr100.dll
0x0000000059bb0000 - 0x000000005a446000 	D:\Program Files\Java\jdk1.8.0_92\jre\bin\server\jvm.dll
0x00007ffccd2c0000 - 0x00007ffccd2c8000 	C:\WINDOWS\System32\PSAPI.DLL
0x00007ffcbf4c0000 - 0x00007ffcbf4c9000 	C:\WINDOWS\SYSTEM32\WSOCK32.dll
0x00007ffccb520000 - 0x00007ffccb58a000 	C:\WINDOWS\System32\WS2_32.dll
0x00007ffcc8590000 - 0x00007ffcc85b3000 	C:\WINDOWS\SYSTEM32\WINMM.dll
0x00007ffcc0100000 - 0x00007ffcc010a000 	C:\WINDOWS\SYSTEM32\VERSION.dll
0x00007ffcc8530000 - 0x00007ffcc855b000 	C:\WINDOWS\SYSTEM32\WINMMBASE.dll
0x00007ffcca810000 - 0x00007ffcca852000 	C:\WINDOWS\System32\cfgmgr32.dll
0x0000000059ba0000 - 0x0000000059baf000 	D:\Program Files\Java\jdk1.8.0_92\jre\bin\verify.dll
0x0000000059b70000 - 0x0000000059b99000 	D:\Program Files\Java\jdk1.8.0_92\jre\bin\java.dll
0x0000000059b50000 - 0x0000000059b66000 	D:\Program Files\Java\jdk1.8.0_92\jre\bin\zip.dll
0x00007ffccb590000 - 0x00007ffccca98000 	C:\WINDOWS\System32\SHELL32.dll
0x00007ffccaa80000 - 0x00007ffccb15a000 	C:\WINDOWS\System32\windows.storage.dll
0x00007ffcca0d0000 - 0x00007ffcca11c000 	C:\WINDOWS\System32\powrprof.dll
0x00007ffccce60000 - 0x00007ffccceb2000 	C:\WINDOWS\System32\shlwapi.dll
0x00007ffcca140000 - 0x00007ffcca14f000 	C:\WINDOWS\System32\kernel.appcore.dll
0x00007ffcca160000 - 0x00007ffcca209000 	C:\WINDOWS\System32\shcore.dll
0x00007ffcca120000 - 0x00007ffcca134000 	C:\WINDOWS\System32\profapi.dll

VM Arguments:
jvm_args: -Djava.awt.headless=true -Xmx1024M -Dfile.encoding=GBK -Duser.country=CN -Duser.language=zh -Duser.variant 
java_command: com.android.dx.command.Main --dex --force-jumbo --num-threads=4 --output F:\AndroidStudioProjects\MyApplication2\l05_handler\build\intermediates\pre-dexed\debug\com.android.support-appcompat-v7-24.2.0_a1e92e413e05b62dc9752ea71364b79a5e231fea.jar F:\AndroidStudioProjects\MyApplication2\l05_handler\build\intermediates\exploded-aar\com.android.support\appcompat-v7\24.2.0\jars\classes.jar
java_class_path (initial): D:\Android_developer_tools\android-sdk-windows\build-tools\24.0.2\lib\dx.jar
Launcher Type: SUN_STANDARD

Environment Variables:
JAVA_HOME=D:\Program Files\Java\jdk1.8.0_92
CLASSPATH=.;D:\Program Files\Java\jdk1.8.0_92\lib\dt.jar;D:\Program Files\Java\jdk1.8.0_92\lib\tools.jar
PATH=D:\Program Files\Java\jdk1.8.0_92\bin;D:\Program Files\Java\jdk1.8.0_92\jre\bin;C:\WINDOWS\system32;C:\WINDOWS;C:\WINDOWS\System32\Wbem;C:\WINDOWS\System32\WindowsPowerShell\v1.0\;C:\Program Files (x86)\ATI Technologies\ATI.ACE\Core-Static;C:\Program Files\Lenovo\Bluetooth Software\;C:\Program Files\Lenovo\Bluetooth Software\syswow64;C:\Program Files (x86)\AMD\ATI.ACE\Core-Static;D:\Program Files (x86)\MySQL\MySQL Server 5.5\bin;D:\Android_developer_tools\android-sdk-windows\platform-tools;D:\Android_developer_tools\android-sdk-windows\tools;C:\Users\Administrator\AppData\Local\Microsoft\WindowsApps;
USERNAME=Administrator
OS=Windows_NT
PROCESSOR_IDENTIFIER=Intel64 Family 6 Model 58 Stepping 9, GenuineIntel



---------------  S Y S T E M  ---------------

OS: Windows 10.0 , 64 bit Build 14393 (10.0.14393.0)

CPU:total 4 (2 cores per cpu, 2 threads per core) family 6 model 58 stepping 9, cmov, cx8, fxsr, mmx, sse, sse2, sse3, ssse3, sse4.1, sse4.2, popcnt, avx, clmul, erms, ht, tsc, tscinvbit, tscinv

Memory: 4k page, physical 4060004k(284584k free), swap 6157156k(22136k free)

vm_info: Java HotSpot(TM) 64-Bit Server VM (25.92-b14) for windows-amd64 JRE (1.8.0_92-b14), built on Mar 31 2016 21:03:04 by "java_re" with MS VC++ 10.0 (VS2010)

time: Tue Sep 06 18:51:01 2016
elapsed time: 10 seconds (0d 0h 0m 10s)

