#
# There is insufficient memory for the Java Runtime Environment to continue.
# Native memory allocation (malloc) failed to allocate 1085616 bytes for Chunk::new
# Possible reasons:
#   The system is out of physical RAM or swap space
#   In 32 bit mode, the process size limit was hit
# Possible solutions:
#   Reduce memory load on the system
#   Increase physical memory or swap space
#   Check if swap backing store is full
#   Use 64 bit Java on a 64 bit OS
#   Decrease Java heap size (-Xmx/-Xms)
#   Decrease number of Java threads
#   Decrease Java thread stack sizes (-Xss)
#   Set larger code cache with -XX:ReservedCodeCacheSize=
# This output file may be truncated or incomplete.
#
#  Out of Memory Error (allocation.cpp:390), pid=5820, tid=0x0000000000000778
#
# JRE version: Java(TM) SE Runtime Environment (8.0_92-b14) (build 1.8.0_92-b14)
# Java VM: Java HotSpot(TM) 64-Bit Server VM (25.92-b14 mixed mode windows-amd64 compressed oops)
# Failed to write core dump. Minidumps are not enabled by default on client versions of Windows
#

---------------  T H R E A D  ---------------

Current thread (0x0000000015161000):  JavaThread "C2 CompilerThread0" daemon [_thread_in_native, id=1912, stack(0x0000000016ac0000,0x0000000016bc0000)]

Stack: [0x0000000016ac0000,0x0000000016bc0000]
[error occurred during error reporting (printing stack bounds), id 0xc0000005]

Native frames: (J=compiled Java code, j=interpreted, Vv=VM code, C=native code)


Current CompileTask:
C2:  18524 1915       4       com.android.dx.ssa.LocalVariableExtractor::processBlock (383 bytes)


---------------  P R O C E S S  ---------------

Java Threads: ( => current thread )
  0x000000001651f000 JavaThread "Service Thread" daemon [_thread_blocked, id=9892, stack(0x0000000016dc0000,0x0000000016ec0000)]
  0x000000001651c000 JavaThread "C1 CompilerThread2" daemon [_thread_in_native, id=7624, stack(0x0000000016cc0000,0x0000000016dc0000)]
  0x00000000151ae000 JavaThread "C2 CompilerThread1" daemon [_thread_in_native, id=2216, stack(0x0000000016bc0000,0x0000000016cc0000)]
=>0x0000000015161000 JavaThread "C2 CompilerThread0" daemon [_thread_in_native, id=1912, stack(0x0000000016ac0000,0x0000000016bc0000)]
  0x000000001515f000 JavaThread "Attach Listener" daemon [_thread_blocked, id=6804, stack(0x00000000169c0000,0x0000000016ac0000)]
  0x000000001515e000 JavaThread "Signal Dispatcher" daemon [_thread_blocked, id=2644, stack(0x00000000168c0000,0x00000000169c0000)]
  0x000000001513a000 JavaThread "Finalizer" daemon [_thread_blocked, id=4368, stack(0x00000000163c0000,0x00000000164c0000)]
  0x0000000015118800 JavaThread "Reference Handler" daemon [_thread_blocked, id=10116, stack(0x00000000162c0000,0x00000000163c0000)]
  0x000000000287e000 JavaThread "main" [_thread_in_vm, id=8252, stack(0x0000000002880000,0x0000000002980000)]

Other Threads:
  0x0000000015116800 VMThread [stack: 0x00000000161c0000,0x00000000162c0000] [id=10020]
  0x0000000016575800 WatcherThread [stack: 0x0000000016ec0000,0x0000000016fc0000] [id=5376]

VM state:not at safepoint (normal execution)

VM Mutex/Monitor currently owned by a thread: None

Heap:
 PSYoungGen      total 140288K, used 12653K [0x00000000eab00000, 0x00000000fd000000, 0x0000000100000000)
  eden space 125440K, 5% used [0x00000000eab00000,0x00000000eb161430,0x00000000f2580000)
  from space 14848K, 41% used [0x00000000f2580000,0x00000000f2b7a230,0x00000000f3400000)
  to   space 24576K, 0% used [0x00000000fb800000,0x00000000fb800000,0x00000000fd000000)
 ParOldGen       total 42496K, used 42462K [0x00000000c0000000, 0x00000000c2980000, 0x00000000eab00000)
  object space 42496K, 99% used [0x00000000c0000000,0x00000000c2977bb8,0x00000000c2980000)
 Metaspace       used 6576K, capacity 7256K, committed 7424K, reserved 1056768K
  class space    used 633K, capacity 656K, committed 768K, reserved 1048576K

Card table byte_map: [0x0000000011e40000,0x0000000012050000] byte_map_base: 0x0000000011840000

Marking Bits: (ParMarkBitMap*) 0x00000000511a64f0
 Begin Bits: [0x00000000125b0000, 0x00000000135b0000)
 End Bits:   [0x00000000135b0000, 0x00000000145b0000)

Polling page: 0x0000000000b30000

CodeCache: size=245760Kb used=8569Kb max_used=8569Kb free=237190Kb
 bounds [0x0000000002a80000, 0x00000000032f0000, 0x0000000011a80000]
 total_blobs=2169 nmethods=1897 adapters=184
 compilation: enabled

Compilation events (10 events):
Event: 18.510 Thread 0x000000001651c000 nmethod 1944 0x00000000032bd4d0 code [0x00000000032bd680, 0x00000000032bd968]
Event: 18.510 Thread 0x000000001651c000 1946       2       com.android.dx.dex.file.StringIdsSection::intern (13 bytes)
Event: 18.510 Thread 0x000000001651c000 nmethod 1946 0x00000000032bcf50 code [0x00000000032bd0c0, 0x00000000032bd378]
Event: 18.510 Thread 0x000000001651c000 1947       2       com.android.dx.dex.file.StringIdItem::<init> (29 bytes)
Event: 18.511 Thread 0x000000001651c000 nmethod 1947 0x00000000032bcad0 code [0x00000000032bcc40, 0x00000000032bce68]
Event: 18.511 Thread 0x000000001651c000 1945       2       com.android.dx.rop.annotation.NameValuePair::hashCode (19 bytes)
Event: 18.511 Thread 0x000000001651c000 nmethod 1945 0x00000000032bc650 code [0x00000000032bc7c0, 0x00000000032bc998]
Event: 18.511 Thread 0x000000001651c000 1948       2       com.android.dx.rop.cst.CstMemberRef::hashCode (19 bytes)
Event: 18.512 Thread 0x000000001651c000 nmethod 1948 0x00000000032bbfd0 code [0x00000000032bc160, 0x00000000032bc388]
Event: 18.512 Thread 0x000000001651c000 1949       2       com.android.dx.rop.cst.CstNat::hashCode (19 bytes)

GC Heap History (10 events):
Event: 13.546 GC heap before
{Heap before GC invocations=4 (full 0):
 PSYoungGen      total 34304K, used 34303K [0x00000000eab00000, 0x00000000eee00000, 0x0000000100000000)
  eden space 31744K, 100% used [0x00000000eab00000,0x00000000eca00000,0x00000000eca00000)
  from space 2560K, 99% used [0x00000000eca00000,0x00000000ecc7fed0,0x00000000ecc80000)
  to   space 2560K, 0% used [0x00000000eeb80000,0x00000000eeb80000,0x00000000eee00000)
 ParOldGen       total 42496K, used 8228K [0x00000000c0000000, 0x00000000c2980000, 0x00000000eab00000)
  object space 42496K, 19% used [0x00000000c0000000,0x00000000c0809148,0x00000000c2980000)
 Metaspace       used 6294K, capacity 7094K, committed 7296K, reserved 1056768K
  class space    used 607K, capacity 622K, committed 640K, reserved 1048576K
Event: 13.642 GC heap after
Heap after GC invocations=4 (full 0):
 PSYoungGen      total 66048K, used 2544K [0x00000000eab00000, 0x00000000eee00000, 0x0000000100000000)
  eden space 63488K, 0% used [0x00000000eab00000,0x00000000eab00000,0x00000000ee900000)
  from space 2560K, 99% used [0x00000000eeb80000,0x00000000eedfc210,0x00000000eee00000)
  to   space 2560K, 0% used [0x00000000ee900000,0x00000000ee900000,0x00000000eeb80000)
 ParOldGen       total 42496K, used 13179K [0x00000000c0000000, 0x00000000c2980000, 0x00000000eab00000)
  object space 42496K, 31% used [0x00000000c0000000,0x00000000c0cdef40,0x00000000c2980000)
 Metaspace       used 6294K, capacity 7094K, committed 7296K, reserved 1056768K
  class space    used 607K, capacity 622K, committed 640K, reserved 1048576K
}
Event: 14.675 GC heap before
{Heap before GC invocations=5 (full 0):
 PSYoungGen      total 66048K, used 66032K [0x00000000eab00000, 0x00000000eee00000, 0x0000000100000000)
  eden space 63488K, 100% used [0x00000000eab00000,0x00000000ee900000,0x00000000ee900000)
  from space 2560K, 99% used [0x00000000eeb80000,0x00000000eedfc210,0x00000000eee00000)
  to   space 2560K, 0% used [0x00000000ee900000,0x00000000ee900000,0x00000000eeb80000)
 ParOldGen       total 42496K, used 13179K [0x00000000c0000000, 0x00000000c2980000, 0x00000000eab00000)
  object space 42496K, 31% used [0x00000000c0000000,0x00000000c0cdef40,0x00000000c2980000)
 Metaspace       used 6348K, capacity 7158K, committed 7296K, reserved 1056768K
  class space    used 608K, capacity 622K, committed 640K, reserved 1048576K
Event: 14.753 GC heap after
Heap after GC invocations=5 (full 0):
 PSYoungGen      total 66048K, used 2545K [0x00000000eab00000, 0x00000000f4100000, 0x0000000100000000)
  eden space 63488K, 0% used [0x00000000eab00000,0x00000000eab00000,0x00000000ee900000)
  from space 2560K, 99% used [0x00000000ee900000,0x00000000eeb7c7e0,0x00000000eeb80000)
  to   space 13312K, 0% used [0x00000000f3400000,0x00000000f3400000,0x00000000f4100000)
 ParOldGen       total 42496K, used 23084K [0x00000000c0000000, 0x00000000c2980000, 0x00000000eab00000)
  object space 42496K, 54% used [0x00000000c0000000,0x00000000c168b028,0x00000000c2980000)
 Metaspace       used 6348K, capacity 7158K, committed 7296K, reserved 1056768K
  class space    used 608K, capacity 622K, committed 640K, reserved 1048576K
}
Event: 15.372 GC heap before
{Heap before GC invocations=6 (full 0):
 PSYoungGen      total 66048K, used 66033K [0x00000000eab00000, 0x00000000f4100000, 0x0000000100000000)
  eden space 63488K, 100% used [0x00000000eab00000,0x00000000ee900000,0x00000000ee900000)
  from space 2560K, 99% used [0x00000000ee900000,0x00000000eeb7c7e0,0x00000000eeb80000)
  to   space 13312K, 0% used [0x00000000f3400000,0x00000000f3400000,0x00000000f4100000)
 ParOldGen       total 42496K, used 23084K [0x00000000c0000000, 0x00000000c2980000, 0x00000000eab00000)
  object space 42496K, 54% used [0x00000000c0000000,0x00000000c168b028,0x00000000c2980000)
 Metaspace       used 6465K, capacity 7192K, committed 7424K, reserved 1056768K
  class space    used 628K, capacity 656K, committed 768K, reserved 1048576K
Event: 15.426 GC heap after
Heap after GC invocations=6 (full 0):
 PSYoungGen      total 138752K, used 11342K [0x00000000eab00000, 0x00000000f4400000, 0x0000000100000000)
  eden space 125440K, 0% used [0x00000000eab00000,0x00000000eab00000,0x00000000f2580000)
  from space 13312K, 85% used [0x00000000f3400000,0x00000000f3f139d0,0x00000000f4100000)
  to   space 14848K, 0% used [0x00000000f2580000,0x00000000f2580000,0x00000000f3400000)
 ParOldGen       total 42496K, used 23084K [0x00000000c0000000, 0x00000000c2980000, 0x00000000eab00000)
  object space 42496K, 54% used [0x00000000c0000000,0x00000000c168b028,0x00000000c2980000)
 Metaspace       used 6465K, capacity 7192K, committed 7424K, reserved 1056768K
  class space    used 628K, capacity 656K, committed 768K, reserved 1048576K
}
Event: 16.897 GC heap before
{Heap before GC invocations=7 (full 0):
 PSYoungGen      total 138752K, used 136782K [0x00000000eab00000, 0x00000000f4400000, 0x0000000100000000)
  eden space 125440K, 100% used [0x00000000eab00000,0x00000000f2580000,0x00000000f2580000)
  from space 13312K, 85% used [0x00000000f3400000,0x00000000f3f139d0,0x00000000f4100000)
  to   space 14848K, 0% used [0x00000000f2580000,0x00000000f2580000,0x00000000f3400000)
 ParOldGen       total 42496K, used 23084K [0x00000000c0000000, 0x00000000c2980000, 0x00000000eab00000)
  object space 42496K, 54% used [0x00000000c0000000,0x00000000c168b028,0x00000000c2980000)
 Metaspace       used 6541K, capacity 7256K, committed 7424K, reserved 1056768K
  class space    used 629K, capacity 656K, committed 768K, reserved 1048576K
Event: 17.014 GC heap after
Heap after GC invocations=7 (full 0):
 PSYoungGen      total 140288K, used 14840K [0x00000000eab00000, 0x00000000fd000000, 0x0000000100000000)
  eden space 125440K, 0% used [0x00000000eab00000,0x00000000eab00000,0x00000000f2580000)
  from space 14848K, 99% used [0x00000000f2580000,0x00000000f33fe3b8,0x00000000f3400000)
  to   space 24576K, 0% used [0x00000000fb800000,0x00000000fb800000,0x00000000fd000000)
 ParOldGen       total 42496K, used 37164K [0x00000000c0000000, 0x00000000c2980000, 0x00000000eab00000)
  object space 42496K, 87% used [0x00000000c0000000,0x00000000c244b3b0,0x00000000c2980000)
 Metaspace       used 6541K, capacity 7256K, committed 7424K, reserved 1056768K
  class space    used 629K, capacity 656K, committed 768K, reserved 1048576K
}
Event: 17.014 GC heap before
{Heap before GC invocations=8 (full 1):
 PSYoungGen      total 140288K, used 14840K [0x00000000eab00000, 0x00000000fd000000, 0x0000000100000000)
  eden space 125440K, 0% used [0x00000000eab00000,0x00000000eab00000,0x00000000f2580000)
  from space 14848K, 99% used [0x00000000f2580000,0x00000000f33fe3b8,0x00000000f3400000)
  to   space 24576K, 0% used [0x00000000fb800000,0x00000000fb800000,0x00000000fd000000)
 ParOldGen       total 42496K, used 37164K [0x00000000c0000000, 0x00000000c2980000, 0x00000000eab00000)
  object space 42496K, 87% used [0x00000000c0000000,0x00000000c244b3b0,0x00000000c2980000)
 Metaspace       used 6541K, capacity 7256K, committed 7424K, reserved 1056768K
  class space    used 629K, capacity 656K, committed 768K, reserved 1048576K
Event: 18.389 GC heap after
Heap after GC invocations=8 (full 1):
 PSYoungGen      total 140288K, used 6120K [0x00000000eab00000, 0x00000000fd000000, 0x0000000100000000)
  eden space 125440K, 0% used [0x00000000eab00000,0x00000000eab00000,0x00000000f2580000)
  from space 14848K, 41% used [0x00000000f2580000,0x00000000f2b7a230,0x00000000f3400000)
  to   space 24576K, 0% used [0x00000000fb800000,0x00000000fb800000,0x00000000fd000000)
 ParOldGen       total 42496K, used 42462K [0x00000000c0000000, 0x00000000c2980000, 0x00000000eab00000)
  object space 42496K, 99% used [0x00000000c0000000,0x00000000c2977bb8,0x00000000c2980000)
 Metaspace       used 6541K, capacity 7256K, committed 7424K, reserved 1056768K
  class space    used 629K, capacity 656K, committed 768K, reserved 1048576K
}

Deoptimization events (10 events):
Event: 15.568 Thread 0x000000001674e000 Uncommon trap: reason=unstable_if action=reinterpret pc=0x0000000003152fbc method=java.util.HashMap.resize()[Ljava/util/HashMap$Node; @ 206
Event: 15.787 Thread 0x000000001674e000 Uncommon trap: reason=unstable_if action=reinterpret pc=0x00000000031b0e08 method=com.android.dx.rop.code.DexTranslationAdvice.hasConstantOperation(Lcom/android/dx/rop/code/Rop;Lcom/android/dx/rop/code/RegisterSpec;Lcom/android/dx/rop/code/RegisterSpec;)Z V^w¯o0@
Event: 16.107 Thread 0x000000000287e000 Uncommon trap: reason=unstable_if action=reinterpret pc=0x0000000003232c6c method=com.android.dx.rop.cst.CstNat.equals(Ljava/lang/Object;)Z @ 25
Event: 16.389 Thread 0x000000001674c000 Uncommon trap: reason=unstable_if action=reinterpret pc=0x00000000031a08b8 method=com.android.dx.ssa.SCCP.simulateBranch(Lcom/android/dx/ssa/SsaInsn;)V @ 548
Event: 16.602 Thread 0x000000001674e000 Uncommon trap: reason=bimorphic action=maybe_recompile pc=0x000000000326b8bc method=com.android.dx.cf.code.BytecodeArray.parseInstruction(ILcom/android/dx/cf/code/BytecodeArray$Visitor;)I @ 1287
Event: 16.602 Thread 0x000000001674e000 Uncommon trap: reason=bimorphic action=maybe_recompile pc=0x000000000326b8bc method=com.android.dx.cf.code.BytecodeArray.parseInstruction(ILcom/android/dx/cf/code/BytecodeArray$Visitor;)I @ 1287
Event: 18.507 Thread 0x000000000287e000 Uncommon trap: reason=class_check action=maybe_recompile pc=0x0000000002f6c948 method=java.util.Arrays.hashCode([Ljava/lang/Object;)I @ 43
Event: 18.507 Thread 0x000000000287e000 Uncommon trap: reason=class_check action=maybe_recompile pc=0x0000000002f6c948 method=java.util.Arrays.hashCode([Ljava/lang/Object;)I @ 43
Event: 18.507 Thread 0x000000000287e000 Uncommon trap: reason=class_check action=maybe_recompile pc=0x0000000002f6c948 method=java.util.Arrays.hashCode([Ljava/lang/Object;)I @ 43
Event: 18.507 Thread 0x000000000287e000 Uncommon trap: reason=class_check action=maybe_recompile pc=0x0000000002f6c948 method=java.util.Arrays.hashCode([Ljava/lang/Object;)I @ 43

Internal exceptions (5 events):
Event: 0.145 Thread 0x000000000287e000 Exception <a 'java/lang/NoSuchMethodError': Method sun.misc.Unsafe.defineClass(Ljava/lang/String;[BII)Ljava/lang/Class; name or signature does not match> (0x00000000eab07cc0) thrown at [D:\re\workspace\8-2-build-windows-amd64-cygwin\jdk8u92\6642\hotspot\sr58ÜçÆŽÂ?
Event: 0.145 Thread 0x000000000287e000 Exception <a 'java/lang/NoSuchMethodError': Method sun.misc.Unsafe.prefetchRead(Ljava/lang/Object;J)V name or signature does not match> (0x00000000eab07fa8) thrown at [D:\re\workspace\8-2-build-windows-amd64-cygwin\jdk8u92\6642\hotspot\src\share\vm\prims\jlÄ¦K.@
Event: 15.047 Thread 0x000000001674c000 Exception <a 'java/lang/ArrayIndexOutOfBoundsException': 18> (0x00000000ecb03d38) thrown at [D:\re\workspace\8-2-build-windows-amd64-cygwin\jdk8u92\6642\hotspot\src\share\vm\interpreter\interpreterRuntime.cpp, line 366]
Event: 15.048 Thread 0x000000001674c000 Exception <a 'java/lang/ArrayIndexOutOfBoundsException': 145> (0x00000000ecb058b8) thrown at [D:\re\workspace\8-2-build-windows-amd64-cygwin\jdk8u92\6642\hotspot\src\share\vm\interpreter\interpreterRuntime.cpp, line 366]
Event: 15.049 Thread 0x000000001674c000 Exception <a 'java/lang/ArrayIndexOutOfBoundsException'> (0x00000000ecb06ba0) thrown at [D:\re\workspace\8-2-build-windows-amd64-cygwin\jdk8u92\6642\hotspot\src\share\vm\runtime\sharedRuntime.cpp, line 605]

Events (10 events):
Event: 18.507 Thread 0x000000000287e000 DEOPT PACKING pc=0x0000000002f6c948 sp=0x000000000297eb10
Event: 18.507 Thread 0x000000000287e000 DEOPT UNPACKING pc=0x0000000002ac582a sp=0x000000000297ea40 mode 2
Event: 18.507 Thread 0x000000000287e000 Uncommon trap: trap_request=0xffffffde fr.pc=0x0000000002f6c948
Event: 18.507 Thread 0x000000000287e000 DEOPT PACKING pc=0x0000000002f6c948 sp=0x000000000297eb60
Event: 18.507 Thread 0x000000000287e000 DEOPT UNPACKING pc=0x0000000002ac582a sp=0x000000000297ea90 mode 2
Event: 18.507 Thread 0x000000000287e000 Uncommon trap: trap_request=0xffffffde fr.pc=0x0000000002f6c948
Event: 18.507 Thread 0x000000000287e000 DEOPT PACKING pc=0x0000000002f6c948 sp=0x000000000297eb10
Event: 18.507 Thread 0x000000000287e000 DEOPT UNPACKING pc=0x0000000002ac582a sp=0x000000000297ea40 mode 2
Event: 18.511 loading class com/android/dx/rop/cst/Zeroes
Event: 18.511 loading class com/android/dx/rop/cst/Zeroes done


Dynamic libraries:
0x00007ff617730000 - 0x00007ff617767000 	D:\Program Files\Java\jdk1.8.0_92\bin\java.exe
0x00007ffc7d350000 - 0x00007ffc7d521000 	C:\WINDOWS\SYSTEM32\ntdll.dll
0x00007ffc7ac60000 - 0x00007ffc7ad0b000 	C:\WINDOWS\System32\KERNEL32.DLL
0x00007ffc79970000 - 0x00007ffc79b8d000 	C:\WINDOWS\System32\KERNELBASE.dll
0x00007ffc7aa10000 - 0x00007ffc7aab2000 	C:\WINDOWS\System32\ADVAPI32.dll
0x00007ffc7ae40000 - 0x00007ffc7aede000 	C:\WINDOWS\System32\msvcrt.dll
0x00007ffc7afa0000 - 0x00007ffc7aff9000 	C:\WINDOWS\System32\sechost.dll
0x00007ffc7ad10000 - 0x00007ffc7ae31000 	C:\WINDOWS\System32\RPCRT4.dll
0x00007ffc7aac0000 - 0x00007ffc7ac25000 	C:\WINDOWS\System32\USER32.dll
0x00007ffc7a7f0000 - 0x00007ffc7a80e000 	C:\WINDOWS\System32\win32u.dll
0x00007ffc7d030000 - 0x00007ffc7d064000 	C:\WINDOWS\System32\GDI32.dll
0x00007ffc79dd0000 - 0x00007ffc79f52000 	C:\WINDOWS\System32\gdi32full.dll
0x00007ffc6f2e0000 - 0x00007ffc6f559000 	C:\WINDOWS\WinSxS\amd64_microsoft.windows.common-controls_6595b64144ccf1df_6.0.14393.0_none_2d0f50fcbdb171b8\COMCTL32.dll
0x00007ffc7c890000 - 0x00007ffc7cb57000 	C:\WINDOWS\System32\combase.dll
0x00007ffc7a6f0000 - 0x00007ffc7a7e5000 	C:\WINDOWS\System32\ucrtbase.dll
0x00007ffc79b90000 - 0x00007ffc79bfa000 	C:\WINDOWS\System32\bcryptPrimitives.dll
0x00007ffc7b160000 - 0x00007ffc7b18e000 	C:\WINDOWS\System32\IMM32.DLL
0x0000000051490000 - 0x0000000051562000 	D:\Program Files\Java\jdk1.8.0_92\jre\bin\msvcr100.dll
0x0000000050990000 - 0x0000000051226000 	D:\Program Files\Java\jdk1.8.0_92\jre\bin\server\jvm.dll
0x00007ffc7aa00000 - 0x00007ffc7aa08000 	C:\WINDOWS\System32\PSAPI.DLL
0x00007ffc6d910000 - 0x00007ffc6d919000 	C:\WINDOWS\SYSTEM32\WSOCK32.dll
0x00007ffc7d140000 - 0x00007ffc7d1aa000 	C:\WINDOWS\System32\WS2_32.dll
0x00007ffc77cf0000 - 0x00007ffc77d13000 	C:\WINDOWS\SYSTEM32\WINMM.dll
0x00007ffc6eef0000 - 0x00007ffc6eefa000 	C:\WINDOWS\SYSTEM32\VERSION.dll
0x00007ffc77c90000 - 0x00007ffc77cbb000 	C:\WINDOWS\SYSTEM32\WINMMBASE.dll
0x00007ffc7a6a0000 - 0x00007ffc7a6e2000 	C:\WINDOWS\System32\cfgmgr32.dll
0x0000000050980000 - 0x000000005098f000 	D:\Program Files\Java\jdk1.8.0_92\jre\bin\verify.dll
0x0000000050950000 - 0x0000000050979000 	D:\Program Files\Java\jdk1.8.0_92\jre\bin\java.dll
0x0000000050930000 - 0x0000000050946000 	D:\Program Files\Java\jdk1.8.0_92\jre\bin\zip.dll
0x00007ffc7b1b0000 - 0x00007ffc7c6b8000 	C:\WINDOWS\System32\SHELL32.dll
0x00007ffc79fc0000 - 0x00007ffc7a69a000 	C:\WINDOWS\System32\windows.storage.dll
0x00007ffc79830000 - 0x00007ffc7987c000 	C:\WINDOWS\System32\powrprof.dll
0x00007ffc7d080000 - 0x00007ffc7d0d2000 	C:\WINDOWS\System32\shlwapi.dll
0x00007ffc79890000 - 0x00007ffc7989f000 	C:\WINDOWS\System32\kernel.appcore.dll
0x00007ffc7a810000 - 0x00007ffc7a8b9000 	C:\WINDOWS\System32\shcore.dll
0x00007ffc798a0000 - 0x00007ffc798b4000 	C:\WINDOWS\System32\profapi.dll

VM Arguments:
jvm_args: -Djava.awt.headless=true -Xmx1024M -Dfile.encoding=GBK -Duser.country=CN -Duser.language=zh -Duser.variant 
java_command: com.android.dx.command.Main --dex --force-jumbo --num-threads=4 --output F:\AndroidStudioProjects\MyApplication2\l07_service\build\intermediates\pre-dexed\debug\com.android.support-appcompat-v7-24.2.0_53f800d44fd0ad84b33aa6e1246a97d53a280df4.jar F:\AndroidStudioProjects\MyApplication2\l07_service\build\intermediates\exploded-aar\com.android.support\appcompat-v7\24.2.0\jars\classes.jar
java_class_path (initial): D:\Android_developer_tools\android-sdk-windows\build-tools\24.0.2\lib\dx.jar
Launcher Type: SUN_STANDARD

Environment Variables:
JAVA_HOME=D:\Program Files\Java\jdk1.8.0_92
CLASSPATH=.;D:\Program Files\Java\jdk1.8.0_92\lib\dt.jar;D:\Program Files\Java\jdk1.8.0_92\lib\tools.jar
PATH=D:\Program Files\Java\jdk1.8.0_92\bin;D:\Program Files\Java\jdk1.8.0_92\jre\bin;C:\WINDOWS\system32;C:\WINDOWS;C:\WINDOWS\System32\Wbem;C:\WINDOWS\System32\WindowsPowerShell\v1.0\;C:\Program Files (x86)\ATI Technologies\ATI.ACE\Core-Static;C:\Program Files\Lenovo\Bluetooth Software\;C:\Program Files\Lenovo\Bluetooth Software\syswow64;C:\Program Files (x86)\AMD\ATI.ACE\Core-Static;D:\Program Files (x86)\MySQL\MySQL Server 5.5\bin;D:\Android_developer_tools\android-sdk-windows\platform-tools;D:\Android_developer_tools\android-sdk-windows\tools;C:\Users\Administrator\AppData\Local\Microsoft\WindowsApps;
USERNAME=Administrator
OS=Windows_NT
PROCESSOR_IDENTIFIER=Intel64 Family 6 Model 58 Stepping 9, GenuineIntel



---------------  S Y S T E M  ---------------

OS: Windows 10.0 , 64 bit Build 14393 (10.0.14393.0)

CPU:total 4 (2 cores per cpu, 2 threads per core) family 6 model 58 stepping 9, cmov, cx8, fxsr, mmx, sse, sse2, sse3, ssse3, sse4.1, sse4.2, popcnt, avx, clmul, erms, ht, tsc, tscinvbit, tscinv

Memory: 4k page, physical 4060004k(331692k free), swap 6157156k(4688k free)

vm_info: Java HotSpot(TM) 64-Bit Server VM (25.92-b14) for windows-amd64 JRE (1.8.0_92-b14), built on Mar 31 2016 21:03:04 by "java_re" with MS VC++ 10.0 (VS2010)

time: Sun Sep 11 11:29:58 2016
elapsed time: 18 seconds (0d 0h 0m 18s)

