#
# There is insufficient memory for the Java Runtime Environment to continue.
# Native memory allocation (malloc) failed to allocate 186720 bytes for Chunk::new
# Possible reasons:
#   The system is out of physical RAM or swap space
#   In 32 bit mode, the process size limit was hit
# Possible solutions:
#   Reduce memory load on the system
#   Increase physical memory or swap space
#   Check if swap backing store is full
#   Use 64 bit Java on a 64 bit OS
#   Decrease Java heap size (-Xmx/-Xms)
#   Decrease number of Java threads
#   Decrease Java thread stack sizes (-Xss)
#   Set larger code cache with -XX:ReservedCodeCacheSize=
# This output file may be truncated or incomplete.
#
#  Out of Memory Error (allocation.cpp:390), pid=7956, tid=0x00000000000005b8
#
# JRE version: Java(TM) SE Runtime Environment (8.0_92-b14) (build 1.8.0_92-b14)
# Java VM: Java HotSpot(TM) 64-Bit Server VM (25.92-b14 mixed mode windows-amd64 compressed oops)
# Failed to write core dump. Minidumps are not enabled by default on client versions of Windows
#

---------------  T H R E A D  ---------------

Current thread (0x0000000014e31000):  JavaThread "C2 CompilerThread0" daemon [_thread_in_native, id=1464, stack(0x0000000016790000,0x0000000016890000)]

Stack: [0x0000000016790000,0x0000000016890000]
[error occurred during error reporting (printing stack bounds), id 0xc0000005]

Native frames: (J=compiled Java code, j=interpreted, Vv=VM code, C=native code)


Current CompileTask:
C2:   3959  928       4       com.android.dx.ssa.back.LivenessAnalyzer::handleTailRecursion (94 bytes)


---------------  P R O C E S S  ---------------

Java Threads: ( => current thread )
  0x00000000163ec800 JavaThread "pool-1-thread-4" [_thread_blocked, id=8548, stack(0x0000000017090000,0x0000000017190000)]
  0x00000000163eb800 JavaThread "pool-1-thread-3" [_thread_blocked, id=9504, stack(0x0000000016f90000,0x0000000017090000)]
  0x00000000162f4800 JavaThread "pool-1-thread-2" [_thread_in_Java, id=4540, stack(0x0000000016e90000,0x0000000016f90000)]
  0x00000000162fd800 JavaThread "pool-2-thread-1" [_thread_blocked, id=6904, stack(0x0000000016d90000,0x0000000016e90000)]
  0x00000000162f8000 JavaThread "pool-1-thread-1" [_thread_in_vm, id=7928, stack(0x0000000016c90000,0x0000000016d90000)]
  0x0000000014e7e800 JavaThread "Service Thread" daemon [_thread_blocked, id=10084, stack(0x0000000016a90000,0x0000000016b90000)]
  0x0000000014e7b800 JavaThread "C1 CompilerThread2" daemon [_thread_in_native, id=5420, stack(0x0000000016990000,0x0000000016a90000)]
  0x000000000274c800 JavaThread "C2 CompilerThread1" daemon [_thread_in_native, id=6060, stack(0x0000000016890000,0x0000000016990000)]
=>0x0000000014e31000 JavaThread "C2 CompilerThread0" daemon [_thread_in_native, id=1464, stack(0x0000000016790000,0x0000000016890000)]
  0x0000000014e2f000 JavaThread "Attach Listener" daemon [_thread_blocked, id=1196, stack(0x0000000016690000,0x0000000016790000)]
  0x0000000014e2e800 JavaThread "Signal Dispatcher" daemon [_thread_blocked, id=9336, stack(0x0000000016590000,0x0000000016690000)]
  0x0000000002744800 JavaThread "Finalizer" daemon [_thread_blocked, id=6152, stack(0x0000000016090000,0x0000000016190000)]
  0x000000000273f000 JavaThread "Reference Handler" daemon [_thread_blocked, id=2532, stack(0x0000000015f90000,0x0000000016090000)]
  0x00000000008dd800 JavaThread "main" [_thread_blocked, id=3404, stack(0x0000000002550000,0x0000000002650000)]

Other Threads:
  0x0000000014de7800 VMThread [stack: 0x0000000015e90000,0x0000000015f90000] [id=2012]
  0x0000000016200800 WatcherThread [stack: 0x0000000016b90000,0x0000000016c90000] [id=7996]

VM state:not at safepoint (normal execution)

VM Mutex/Monitor currently owned by a thread: None

Heap:
 PSYoungGen      total 18432K, used 8579K [0x00000000eab00000, 0x00000000ebf80000, 0x0000000100000000)
  eden space 15872K, 37% used [0x00000000eab00000,0x00000000eb10d6a8,0x00000000eba80000)
  from space 2560K, 99% used [0x00000000eba80000,0x00000000ebcffe00,0x00000000ebd00000)
  to   space 2560K, 0% used [0x00000000ebd00000,0x00000000ebd00000,0x00000000ebf80000)
 ParOldGen       total 42496K, used 1811K [0x00000000c0000000, 0x00000000c2980000, 0x00000000eab00000)
  object space 42496K, 4% used [0x00000000c0000000,0x00000000c01c4cc0,0x00000000c2980000)
 Metaspace       used 5716K, capacity 6832K, committed 7040K, reserved 1056768K
  class space    used 580K, capacity 616K, committed 640K, reserved 1048576K

Card table byte_map: [0x0000000011b10000,0x0000000011d20000] byte_map_base: 0x0000000011510000

Marking Bits: (ParMarkBitMap*) 0x00000000511a64f0
 Begin Bits: [0x0000000012280000, 0x0000000013280000)
 End Bits:   [0x0000000013280000, 0x0000000014280000)

Polling page: 0x00000000008e0000

CodeCache: size=245760Kb used=4029Kb max_used=4037Kb free=241730Kb
 bounds [0x0000000002750000, 0x0000000002b50000, 0x0000000011750000]
 total_blobs=1232 nmethods=968 adapters=177
 compilation: enabled

Compilation events (10 events):
Event: 3.945 Thread 0x0000000014e7b800  970       3       com.android.dx.cf.code.ExecutionStack::peekType (11 bytes)
Event: 3.946 Thread 0x0000000014e7b800 nmethod 970 0x0000000002b2a450 code [0x0000000002b2a5c0, 0x0000000002b2a878]
Event: 3.946 Thread 0x0000000014e7b800  973       1       com.android.dx.ssa.PhiInsn::getOriginalRopInsn (2 bytes)
Event: 3.946 Thread 0x0000000014e7b800 nmethod 973 0x0000000002b2bad0 code [0x0000000002b2bc20, 0x0000000002b2bd30]
Event: 3.946 Thread 0x0000000014e7b800  965       1       com.android.dx.ssa.SsaMethod::getEntryBlockIndex (5 bytes)
Event: 3.946 Thread 0x0000000014e7b800 nmethod 965 0x0000000002b2b810 code [0x0000000002b2b960, 0x0000000002b2ba70]
Event: 3.946 Thread 0x0000000014e7b800  971       1       com.android.dx.ssa.SsaMethod::getParamWidth (5 bytes)
Event: 3.946 Thread 0x0000000014e7b800 nmethod 971 0x0000000002b2b550 code [0x0000000002b2b6a0, 0x0000000002b2b7b0]
Event: 3.947 Thread 0x000000000274c800 nmethod 948 0x0000000002b44250 code [0x0000000002b443a0, 0x0000000002b444f8]
Event: 3.947 Thread 0x000000000274c800  925       4       com.android.dx.ssa.back.LivenessAnalyzer::liveInAtStatement (55 bytes)

GC Heap History (2 events):
Event: 3.750 GC heap before
{Heap before GC invocations=1 (full 0):
 PSYoungGen      total 18432K, used 15872K [0x00000000eab00000, 0x00000000ebf80000, 0x0000000100000000)
  eden space 15872K, 100% used [0x00000000eab00000,0x00000000eba80000,0x00000000eba80000)
  from space 2560K, 0% used [0x00000000ebd00000,0x00000000ebd00000,0x00000000ebf80000)
  to   space 2560K, 0% used [0x00000000eba80000,0x00000000eba80000,0x00000000ebd00000)
 ParOldGen       total 42496K, used 0K [0x00000000c0000000, 0x00000000c2980000, 0x00000000eab00000)
  object space 42496K, 0% used [0x00000000c0000000,0x00000000c0000000,0x00000000c2980000)
 Metaspace       used 5636K, capacity 6768K, committed 7040K, reserved 1056768K
  class space    used 579K, capacity 616K, committed 640K, reserved 1048576K
Event: 3.763 GC heap after
Heap after GC invocations=1 (full 0):
 PSYoungGen      total 18432K, used 2559K [0x00000000eab00000, 0x00000000ebf80000, 0x0000000100000000)
  eden space 15872K, 0% used [0x00000000eab00000,0x00000000eab00000,0x00000000eba80000)
  from space 2560K, 99% used [0x00000000eba80000,0x00000000ebcffe00,0x00000000ebd00000)
  to   space 2560K, 0% used [0x00000000ebd00000,0x00000000ebd00000,0x00000000ebf80000)
 ParOldGen       total 42496K, used 1811K [0x00000000c0000000, 0x00000000c2980000, 0x00000000eab00000)
  object space 42496K, 4% used [0x00000000c0000000,0x00000000c01c4cc0,0x00000000c2980000)
 Metaspace       used 5636K, capacity 6768K, committed 7040K, reserved 1056768K
  class space    used 579K, capacity 616K, committed 640K, reserved 1048576K
}

Deoptimization events (10 events):
Event: 3.285 Thread 0x00000000162f8000 Uncommon trap: reason=class_check action=maybe_recompile pc=0x0000000002929ad0 method=com.android.dx.rop.cst.CstMemberRef.compareTo0(Lcom/android/dx/rop/cst/Constant;)I @ 1
Event: 3.287 Thread 0x00000000163eb800 Uncommon trap: reason=class_check action=maybe_recompile pc=0x0000000002929ad0 method=com.android.dx.rop.cst.CstMemberRef.compareTo0(Lcom/android/dx/rop/cst/Constant;)I @ 1
Event: 3.287 Thread 0x00000000163eb800 Uncommon trap: reason=class_check action=maybe_recompile pc=0x0000000002929ad0 method=com.android.dx.rop.cst.CstMemberRef.compareTo0(Lcom/android/dx/rop/cst/Constant;)I @ 1
Event: 3.289 Thread 0x00000000008dd800 Uncommon trap: reason=class_check action=maybe_recompile pc=0x0000000002929ad0 method=com.android.dx.rop.cst.CstMemberRef.compareTo0(Lcom/android/dx/rop/cst/Constant;)I @ 1
Event: 3.295 Thread 0x00000000008dd800 Uncommon trap: reason=unstable_if action=reinterpret pc=0x000000000297a138 method=java.util.HashMap.getNode(ILjava/lang/Object;)Ljava/util/HashMap$Node; @ 62
Event: 3.531 Thread 0x00000000163eb800 Uncommon trap: reason=unstable_if action=reinterpret pc=0x000000000292a314 method=com.android.dx.rop.cst.CstFieldRef.compareTo0(Lcom/android/dx/rop/cst/Constant;)I @ 7
Event: 3.771 Thread 0x00000000008dd800 Uncommon trap: reason=unstable_if action=reinterpret pc=0x00000000028bef10 method=java.lang.String.<init>([CII)V @ 18
Event: 3.913 Thread 0x00000000162f4800 Uncommon trap: reason=unstable_if action=reinterpret pc=0x0000000002abf478 method=com.android.dx.rop.code.RegisterSpec.equals(ILcom/android/dx/rop/type/TypeBearer;Lcom/android/dx/rop/code/LocalItem;)Z @ 24
Event: 3.915 Thread 0x00000000162f8000 Uncommon trap: reason=unstable_if action=reinterpret pc=0x0000000002a42254 method=com.android.dx.rop.code.RegisterSpec.equals(ILcom/android/dx/rop/type/TypeBearer;Lcom/android/dx/rop/code/LocalItem;)Z @ 24
Event: 3.916 Thread 0x00000000162f4800 Uncommon trap: reason=unloaded action=reinterpret pc=0x0000000002a53bb0 method=com.android.dx.ssa.SsaRenamer$BlockRenamer.visitMoveInsn(Lcom/android/dx/ssa/NormalSsaInsn;)V @ 208

Internal exceptions (2 events):
Event: 0.385 Thread 0x00000000008dd800 Exception <a 'java/lang/NoSuchMethodError': Method sun.misc.Unsafe.defineClass(Ljava/lang/String;[BII)Ljava/lang/Class; name or signature does not match> (0x00000000eab07cc0) thrown at [D:\re\workspace\8-2-build-windows-amd64-cygwin\jdk8u92\6642\hotspot\srˆ)F%©Ø?
Event: 0.385 Thread 0x00000000008dd800 Exception <a 'java/lang/NoSuchMethodError': Method sun.misc.Unsafe.prefetchRead(Ljava/lang/Object;J)V name or signature does not match> (0x00000000eab07fa8) thrown at [D:\re\workspace\8-2-build-windows-amd64-cygwin\jdk8u92\6642\hotspot\src\share\vm\prims\j

Events (10 events):
Event: 3.913 Thread 0x00000000162f4800 Uncommon trap: trap_request=0xffffff65 fr.pc=0x0000000002abf478
Event: 3.913 Thread 0x00000000162f4800 DEOPT PACKING pc=0x0000000002abf478 sp=0x0000000016f8e5b0
Event: 3.913 Thread 0x00000000162f4800 DEOPT UNPACKING pc=0x000000000279582a sp=0x0000000016f8e330 mode 2
Event: 3.915 Thread 0x00000000162f8000 Uncommon trap: trap_request=0xffffff65 fr.pc=0x0000000002a42254
Event: 3.915 Thread 0x00000000162f8000 DEOPT PACKING pc=0x0000000002a42254 sp=0x0000000016d8ee10
Event: 3.915 Thread 0x00000000162f8000 DEOPT UNPACKING pc=0x000000000279582a sp=0x0000000016d8ebf0 mode 2
Event: 3.916 Thread 0x00000000162f4800 Uncommon trap: trap_request=0x00000035 fr.pc=0x0000000002a53bb0
Event: 3.916 Thread 0x00000000162f4800 DEOPT PACKING pc=0x0000000002a53bb0 sp=0x0000000016f8eb60
Event: 3.916 Thread 0x00000000162f4800 DEOPT UNPACKING pc=0x000000000279582a sp=0x0000000016f8ea80 mode 2
Event: 3.919 Thread 0x00000000162f8000 Uncommon trap: trap_request=0xffffff65 fr.pc=0x0000000002a25c20


Dynamic libraries:
0x00007ff617730000 - 0x00007ff617767000 	D:\Program Files\Java\jdk1.8.0_92\bin\java.exe
0x00007ffc7d350000 - 0x00007ffc7d521000 	C:\WINDOWS\SYSTEM32\ntdll.dll
0x00007ffc7ac60000 - 0x00007ffc7ad0b000 	C:\WINDOWS\System32\KERNEL32.DLL
0x00007ffc79970000 - 0x00007ffc79b8d000 	C:\WINDOWS\System32\KERNELBASE.dll
0x00007ffc7aa10000 - 0x00007ffc7aab2000 	C:\WINDOWS\System32\ADVAPI32.dll
0x00007ffc7ae40000 - 0x00007ffc7aede000 	C:\WINDOWS\System32\msvcrt.dll
0x00007ffc7afa0000 - 0x00007ffc7aff9000 	C:\WINDOWS\System32\sechost.dll
0x00007ffc7ad10000 - 0x00007ffc7ae31000 	C:\WINDOWS\System32\RPCRT4.dll
0x00007ffc7aac0000 - 0x00007ffc7ac25000 	C:\WINDOWS\System32\USER32.dll
0x00007ffc7a7f0000 - 0x00007ffc7a80e000 	C:\WINDOWS\System32\win32u.dll
0x00007ffc7d030000 - 0x00007ffc7d064000 	C:\WINDOWS\System32\GDI32.dll
0x00007ffc79dd0000 - 0x00007ffc79f52000 	C:\WINDOWS\System32\gdi32full.dll
0x00007ffc6f2e0000 - 0x00007ffc6f559000 	C:\WINDOWS\WinSxS\amd64_microsoft.windows.common-controls_6595b64144ccf1df_6.0.14393.0_none_2d0f50fcbdb171b8\COMCTL32.dll
0x00007ffc7c890000 - 0x00007ffc7cb57000 	C:\WINDOWS\System32\combase.dll
0x00007ffc7a6f0000 - 0x00007ffc7a7e5000 	C:\WINDOWS\System32\ucrtbase.dll
0x00007ffc79b90000 - 0x00007ffc79bfa000 	C:\WINDOWS\System32\bcryptPrimitives.dll
0x00007ffc7b160000 - 0x00007ffc7b18e000 	C:\WINDOWS\System32\IMM32.DLL
0x0000000051490000 - 0x0000000051562000 	D:\Program Files\Java\jdk1.8.0_92\jre\bin\msvcr100.dll
0x0000000050990000 - 0x0000000051226000 	D:\Program Files\Java\jdk1.8.0_92\jre\bin\server\jvm.dll
0x00007ffc7aa00000 - 0x00007ffc7aa08000 	C:\WINDOWS\System32\PSAPI.DLL
0x00007ffc6d910000 - 0x00007ffc6d919000 	C:\WINDOWS\SYSTEM32\WSOCK32.dll
0x00007ffc7d140000 - 0x00007ffc7d1aa000 	C:\WINDOWS\System32\WS2_32.dll
0x00007ffc77cf0000 - 0x00007ffc77d13000 	C:\WINDOWS\SYSTEM32\WINMM.dll
0x00007ffc6eef0000 - 0x00007ffc6eefa000 	C:\WINDOWS\SYSTEM32\VERSION.dll
0x00007ffc77c90000 - 0x00007ffc77cbb000 	C:\WINDOWS\SYSTEM32\WINMMBASE.dll
0x00007ffc7a6a0000 - 0x00007ffc7a6e2000 	C:\WINDOWS\System32\cfgmgr32.dll
0x0000000050980000 - 0x000000005098f000 	D:\Program Files\Java\jdk1.8.0_92\jre\bin\verify.dll
0x0000000050950000 - 0x0000000050979000 	D:\Program Files\Java\jdk1.8.0_92\jre\bin\java.dll
0x0000000050930000 - 0x0000000050946000 	D:\Program Files\Java\jdk1.8.0_92\jre\bin\zip.dll
0x00007ffc7b1b0000 - 0x00007ffc7c6b8000 	C:\WINDOWS\System32\SHELL32.dll
0x00007ffc79fc0000 - 0x00007ffc7a69a000 	C:\WINDOWS\System32\windows.storage.dll
0x00007ffc79830000 - 0x00007ffc7987c000 	C:\WINDOWS\System32\powrprof.dll
0x00007ffc7d080000 - 0x00007ffc7d0d2000 	C:\WINDOWS\System32\shlwapi.dll
0x00007ffc79890000 - 0x00007ffc7989f000 	C:\WINDOWS\System32\kernel.appcore.dll
0x00007ffc7a810000 - 0x00007ffc7a8b9000 	C:\WINDOWS\System32\shcore.dll
0x00007ffc798a0000 - 0x00007ffc798b4000 	C:\WINDOWS\System32\profapi.dll

VM Arguments:
jvm_args: -Djava.awt.headless=true -Xmx1024M -Dfile.encoding=GBK -Duser.country=CN -Duser.language=zh -Duser.variant 
java_command: com.android.dx.command.Main --dex --force-jumbo --num-threads=4 --output F:\AndroidStudioProjects\MyApplication2\l07_service\build\intermediates\pre-dexed\debug\main_42fe1b3f9177ae01728ac32ad41b0d32afb1e448.jar F:\AndroidStudioProjects\MyApplication2\l07_service\build\intermediates\transforms\instantRun\debug\folders\1\5\main
java_class_path (initial): D:\Android_developer_tools\android-sdk-windows\build-tools\24.0.2\lib\dx.jar
Launcher Type: SUN_STANDARD

Environment Variables:
JAVA_HOME=D:\Program Files\Java\jdk1.8.0_92
CLASSPATH=.;D:\Program Files\Java\jdk1.8.0_92\lib\dt.jar;D:\Program Files\Java\jdk1.8.0_92\lib\tools.jar
PATH=D:\Program Files\Java\jdk1.8.0_92\bin;D:\Program Files\Java\jdk1.8.0_92\jre\bin;C:\WINDOWS\system32;C:\WINDOWS;C:\WINDOWS\System32\Wbem;C:\WINDOWS\System32\WindowsPowerShell\v1.0\;C:\Program Files (x86)\ATI Technologies\ATI.ACE\Core-Static;C:\Program Files\Lenovo\Bluetooth Software\;C:\Program Files\Lenovo\Bluetooth Software\syswow64;C:\Program Files (x86)\AMD\ATI.ACE\Core-Static;D:\Program Files (x86)\MySQL\MySQL Server 5.5\bin;D:\Android_developer_tools\android-sdk-windows\platform-tools;D:\Android_developer_tools\android-sdk-windows\tools;C:\Users\Administrator\AppData\Local\Microsoft\WindowsApps;
USERNAME=Administrator
OS=Windows_NT
PROCESSOR_IDENTIFIER=Intel64 Family 6 Model 58 Stepping 9, GenuineIntel



---------------  S Y S T E M  ---------------

OS: Windows 10.0 , 64 bit Build 14393 (10.0.14393.0)

CPU:total 4 (2 cores per cpu, 2 threads per core) family 6 model 58 stepping 9, cmov, cx8, fxsr, mmx, sse, sse2, sse3, ssse3, sse4.1, sse4.2, popcnt, avx, clmul, erms, ht, tsc, tscinvbit, tscinv

Memory: 4k page, physical 4060004k(215880k free), swap 6157156k(4576k free)

vm_info: Java HotSpot(TM) 64-Bit Server VM (25.92-b14) for windows-amd64 JRE (1.8.0_92-b14), built on Mar 31 2016 21:03:04 by "java_re" with MS VC++ 10.0 (VS2010)

time: Sun Sep 11 11:31:24 2016
elapsed time: 3 seconds (0d 0h 0m 3s)

