#
# There is insufficient memory for the Java Runtime Environment to continue.
# Native memory allocation (malloc) failed to allocate 32784 bytes for Chunk::new
# Possible reasons:
#   The system is out of physical RAM or swap space
#   In 32 bit mode, the process size limit was hit
# Possible solutions:
#   Reduce memory load on the system
#   Increase physical memory or swap space
#   Check if swap backing store is full
#   Use 64 bit Java on a 64 bit OS
#   Decrease Java heap size (-Xmx/-Xms)
#   Decrease number of Java threads
#   Decrease Java thread stack sizes (-Xss)
#   Set larger code cache with -XX:ReservedCodeCacheSize=
# This output file may be truncated or incomplete.
#
#  Out of Memory Error (allocation.cpp:390), pid=5440, tid=0x0000000000001cc8
#
# JRE version: Java(TM) SE Runtime Environment (8.0_92-b14) (build 1.8.0_92-b14)
# Java VM: Java HotSpot(TM) 64-Bit Server VM (25.92-b14 mixed mode windows-amd64 compressed oops)
# Failed to write core dump. Minidumps are not enabled by default on client versions of Windows
#

---------------  T H R E A D  ---------------

Current thread (0x0000000014ebe000):  JavaThread "C2 CompilerThread1" daemon [_thread_in_native, id=7368, stack(0x00000000168c0000,0x00000000169c0000)]

Stack: [0x00000000168c0000,0x00000000169c0000]
[error occurred during error reporting (printing stack bounds), id 0xc0000005]

Native frames: (J=compiled Java code, j=interpreted, Vv=VM code, C=native code)


Current CompileTask:
C2:  23074 2485 %     4       com.android.dx.dex.code.LocalList::make @ 16 (102 bytes)


---------------  P R O C E S S  ---------------

Java Threads: ( => current thread )
  0x0000000016222000 JavaThread "Service Thread" daemon [_thread_blocked, id=4840, stack(0x0000000016ac0000,0x0000000016bc0000)]
  0x000000001621c000 JavaThread "C1 CompilerThread2" daemon [_thread_blocked, id=5644, stack(0x00000000169c0000,0x0000000016ac0000)]
=>0x0000000014ebe000 JavaThread "C2 CompilerThread1" daemon [_thread_in_native, id=7368, stack(0x00000000168c0000,0x00000000169c0000)]
  0x0000000014e71000 JavaThread "C2 CompilerThread0" daemon [_thread_in_native, id=10176, stack(0x00000000167c0000,0x00000000168c0000)]
  0x0000000014e6f000 JavaThread "Attach Listener" daemon [_thread_blocked, id=5876, stack(0x00000000166c0000,0x00000000167c0000)]
  0x0000000014e6e000 JavaThread "Signal Dispatcher" daemon [_thread_blocked, id=2292, stack(0x00000000165c0000,0x00000000166c0000)]
  0x0000000014e4a000 JavaThread "Finalizer" daemon [_thread_blocked, id=2000, stack(0x00000000160c0000,0x00000000161c0000)]
  0x0000000014e28800 JavaThread "Reference Handler" daemon [_thread_blocked, id=9536, stack(0x0000000015fc0000,0x00000000160c0000)]
  0x000000000268e000 JavaThread "main" [_thread_in_Java, id=6804, stack(0x00000000024e0000,0x00000000025e0000)]

Other Threads:
  0x0000000014e26800 VMThread [stack: 0x0000000015ec0000,0x0000000015fc0000] [id=8600]
  0x000000001626d800 WatcherThread [stack: 0x0000000016bc0000,0x0000000016cc0000] [id=788]

VM state:not at safepoint (normal execution)

VM Mutex/Monitor currently owned by a thread: None

Heap:
 PSYoungGen      total 140800K, used 10750K [0x00000000eab00000, 0x00000000fd100000, 0x0000000100000000)
  eden space 125440K, 3% used [0x00000000eab00000,0x00000000eaf882f0,0x00000000f2580000)
  from space 15360K, 39% used [0x00000000f2580000,0x00000000f2b77558,0x00000000f3480000)
  to   space 25088K, 0% used [0x00000000fb880000,0x00000000fb880000,0x00000000fd100000)
 ParOldGen       total 42496K, used 42357K [0x00000000c0000000, 0x00000000c2980000, 0x00000000eab00000)
  object space 42496K, 99% used [0x00000000c0000000,0x00000000c295d748,0x00000000c2980000)
 Metaspace       used 6837K, capacity 7544K, committed 7680K, reserved 1056768K
  class space    used 646K, capacity 688K, committed 768K, reserved 1048576K

Card table byte_map: [0x0000000011b50000,0x0000000011d60000] byte_map_base: 0x0000000011550000

Marking Bits: (ParMarkBitMap*) 0x00000000511a64f0
 Begin Bits: [0x00000000122c0000, 0x00000000132c0000)
 End Bits:   [0x00000000132c0000, 0x00000000142c0000)

Polling page: 0x00000000006b0000

CodeCache: size=245760Kb used=8621Kb max_used=10276Kb free=237138Kb
 bounds [0x0000000002790000, 0x00000000031b0000, 0x0000000011790000]
 total_blobs=2295 nmethods=2023 adapters=184
 compilation: enabled

Compilation events (10 events):
Event: 22.698 Thread 0x0000000014ebe000 nmethod 2471 0x0000000002a6e850 code [0x0000000002a6e9a0, 0x0000000002a6ea98]
Event: 23.008 Thread 0x0000000014ebe000 2485 %     4       com.android.dx.dex.code.LocalList::make @ 16 (102 bytes)
Event: 23.012 Thread 0x000000001621c000 2489       3       com.android.dx.rop.code.RegisterSpecSet::findMatchingLocal (49 bytes)
Event: 23.012 Thread 0x000000001621c000 nmethod 2489 0x000000000290fe50 code [0x000000000290ffe0, 0x00000000029103a8]
Event: 23.027 Thread 0x000000001621c000 2492       3       com.android.dx.dex.code.form.Form23x::isCompatible (68 bytes)
Event: 23.028 Thread 0x000000001621c000 nmethod 2492 0x0000000002b802d0 code [0x0000000002b804e0, 0x0000000002b81588]
Event: 23.037 Thread 0x000000001621c000 2494       3       com.android.dx.dex.code.DalvInsn::expandedSuffix (40 bytes)
Event: 23.038 Thread 0x000000001621c000 nmethod 2494 0x0000000002a2a6d0 code [0x0000000002a2a8a0, 0x0000000002a2b118]
Event: 23.039 Thread 0x000000001621c000 2495       3       com.android.dx.dex.code.DalvInsn::expandedVersion (20 bytes)
Event: 23.039 Thread 0x000000001621c000 nmethod 2495 0x000000000292c050 code [0x000000000292c1e0, 0x000000000292c658]

GC Heap History (10 events):
Event: 12.190 GC heap before
{Heap before GC invocations=4 (full 0):
 PSYoungGen      total 34304K, used 34279K [0x00000000eab00000, 0x00000000eee00000, 0x0000000100000000)
  eden space 31744K, 100% used [0x00000000eab00000,0x00000000eca00000,0x00000000eca00000)
  from space 2560K, 99% used [0x00000000eca00000,0x00000000ecc79ed0,0x00000000ecc80000)
  to   space 2560K, 0% used [0x00000000eeb80000,0x00000000eeb80000,0x00000000eee00000)
 ParOldGen       total 42496K, used 8253K [0x00000000c0000000, 0x00000000c2980000, 0x00000000eab00000)
  object space 42496K, 19% used [0x00000000c0000000,0x00000000c080f510,0x00000000c2980000)
 Metaspace       used 6301K, capacity 7094K, committed 7296K, reserved 1056768K
  class space    used 608K, capacity 622K, committed 640K, reserved 1048576K
Event: 12.321 GC heap after
Heap after GC invocations=4 (full 0):
 PSYoungGen      total 66048K, used 2550K [0x00000000eab00000, 0x00000000eee00000, 0x0000000100000000)
  eden space 63488K, 0% used [0x00000000eab00000,0x00000000eab00000,0x00000000ee900000)
  from space 2560K, 99% used [0x00000000eeb80000,0x00000000eedfd8d8,0x00000000eee00000)
  to   space 2560K, 0% used [0x00000000ee900000,0x00000000ee900000,0x00000000eeb80000)
 ParOldGen       total 42496K, used 13549K [0x00000000c0000000, 0x00000000c2980000, 0x00000000eab00000)
  object space 42496K, 31% used [0x00000000c0000000,0x00000000c0d3b790,0x00000000c2980000)
 Metaspace       used 6301K, capacity 7094K, committed 7296K, reserved 1056768K
  class space    used 608K, capacity 622K, committed 640K, reserved 1048576K
}
Event: 14.786 GC heap before
{Heap before GC invocations=5 (full 0):
 PSYoungGen      total 66048K, used 66038K [0x00000000eab00000, 0x00000000eee00000, 0x0000000100000000)
  eden space 63488K, 100% used [0x00000000eab00000,0x00000000ee900000,0x00000000ee900000)
  from space 2560K, 99% used [0x00000000eeb80000,0x00000000eedfd8d8,0x00000000eee00000)
  to   space 2560K, 0% used [0x00000000ee900000,0x00000000ee900000,0x00000000eeb80000)
 ParOldGen       total 42496K, used 13549K [0x00000000c0000000, 0x00000000c2980000, 0x00000000eab00000)
  object space 42496K, 31% used [0x00000000c0000000,0x00000000c0d3b790,0x00000000c2980000)
 Metaspace       used 6351K, capacity 7158K, committed 7296K, reserved 1056768K
  class space    used 609K, capacity 622K, committed 640K, reserved 1048576K
Event: 15.286 GC heap after
Heap after GC invocations=5 (full 0):
 PSYoungGen      total 66048K, used 2550K [0x00000000eab00000, 0x00000000f4200000, 0x0000000100000000)
  eden space 63488K, 0% used [0x00000000eab00000,0x00000000eab00000,0x00000000ee900000)
  from space 2560K, 99% used [0x00000000ee900000,0x00000000eeb7da50,0x00000000eeb80000)
  to   space 13824K, 0% used [0x00000000f3480000,0x00000000f3480000,0x00000000f4200000)
 ParOldGen       total 42496K, used 23603K [0x00000000c0000000, 0x00000000c2980000, 0x00000000eab00000)
  object space 42496K, 55% used [0x00000000c0000000,0x00000000c170cdb0,0x00000000c2980000)
 Metaspace       used 6351K, capacity 7158K, committed 7296K, reserved 1056768K
  class space    used 609K, capacity 622K, committed 640K, reserved 1048576K
}
Event: 17.189 GC heap before
{Heap before GC invocations=6 (full 0):
 PSYoungGen      total 66048K, used 66038K [0x00000000eab00000, 0x00000000f4200000, 0x0000000100000000)
  eden space 63488K, 100% used [0x00000000eab00000,0x00000000ee900000,0x00000000ee900000)
  from space 2560K, 99% used [0x00000000ee900000,0x00000000eeb7da50,0x00000000eeb80000)
  to   space 13824K, 0% used [0x00000000f3480000,0x00000000f3480000,0x00000000f4200000)
 ParOldGen       total 42496K, used 23603K [0x00000000c0000000, 0x00000000c2980000, 0x00000000eab00000)
  object space 42496K, 55% used [0x00000000c0000000,0x00000000c170cdb0,0x00000000c2980000)
 Metaspace       used 6480K, capacity 7192K, committed 7424K, reserved 1056768K
  class space    used 628K, capacity 656K, committed 768K, reserved 1048576K
Event: 17.226 GC heap after
Heap after GC invocations=6 (full 0):
 PSYoungGen      total 139264K, used 11951K [0x00000000eab00000, 0x00000000f4500000, 0x0000000100000000)
  eden space 125440K, 0% used [0x00000000eab00000,0x00000000eab00000,0x00000000f2580000)
  from space 13824K, 86% used [0x00000000f3480000,0x00000000f402be00,0x00000000f4200000)
  to   space 15360K, 0% used [0x00000000f2580000,0x00000000f2580000,0x00000000f3480000)
 ParOldGen       total 42496K, used 23603K [0x00000000c0000000, 0x00000000c2980000, 0x00000000eab00000)
  object space 42496K, 55% used [0x00000000c0000000,0x00000000c170cdb0,0x00000000c2980000)
 Metaspace       used 6480K, capacity 7192K, committed 7424K, reserved 1056768K
  class space    used 628K, capacity 656K, committed 768K, reserved 1048576K
}
Event: 19.709 GC heap before
{Heap before GC invocations=7 (full 0):
 PSYoungGen      total 139264K, used 137391K [0x00000000eab00000, 0x00000000f4500000, 0x0000000100000000)
  eden space 125440K, 100% used [0x00000000eab00000,0x00000000f2580000,0x00000000f2580000)
  from space 13824K, 86% used [0x00000000f3480000,0x00000000f402be00,0x00000000f4200000)
  to   space 15360K, 0% used [0x00000000f2580000,0x00000000f2580000,0x00000000f3480000)
 ParOldGen       total 42496K, used 23603K [0x00000000c0000000, 0x00000000c2980000, 0x00000000eab00000)
  object space 42496K, 55% used [0x00000000c0000000,0x00000000c170cdb0,0x00000000c2980000)
 Metaspace       used 6786K, capacity 7448K, committed 7680K, reserved 1056768K
  class space    used 645K, capacity 656K, committed 768K, reserved 1048576K
Event: 19.847 GC heap after
Heap after GC invocations=7 (full 0):
 PSYoungGen      total 140800K, used 15347K [0x00000000eab00000, 0x00000000fd100000, 0x0000000100000000)
  eden space 125440K, 0% used [0x00000000eab00000,0x00000000eab00000,0x00000000f2580000)
  from space 15360K, 99% used [0x00000000f2580000,0x00000000f347cc10,0x00000000f3480000)
  to   space 25088K, 0% used [0x00000000fb880000,0x00000000fb880000,0x00000000fd100000)
 ParOldGen       total 42496K, used 37911K [0x00000000c0000000, 0x00000000c2980000, 0x00000000eab00000)
  object space 42496K, 89% used [0x00000000c0000000,0x00000000c2505fd8,0x00000000c2980000)
 Metaspace       used 6786K, capacity 7448K, committed 7680K, reserved 1056768K
  class space    used 645K, capacity 656K, committed 768K, reserved 1048576K
}
Event: 19.847 GC heap before
{Heap before GC invocations=8 (full 1):
 PSYoungGen      total 140800K, used 15347K [0x00000000eab00000, 0x00000000fd100000, 0x0000000100000000)
  eden space 125440K, 0% used [0x00000000eab00000,0x00000000eab00000,0x00000000f2580000)
  from space 15360K, 99% used [0x00000000f2580000,0x00000000f347cc10,0x00000000f3480000)
  to   space 25088K, 0% used [0x00000000fb880000,0x00000000fb880000,0x00000000fd100000)
 ParOldGen       total 42496K, used 37911K [0x00000000c0000000, 0x00000000c2980000, 0x00000000eab00000)
  object space 42496K, 89% used [0x00000000c0000000,0x00000000c2505fd8,0x00000000c2980000)
 Metaspace       used 6786K, capacity 7448K, committed 7680K, reserved 1056768K
  class space    used 645K, capacity 656K, committed 768K, reserved 1048576K
Event: 21.664 GC heap after
Heap after GC invocations=8 (full 1):
 PSYoungGen      total 140800K, used 6109K [0x00000000eab00000, 0x00000000fd100000, 0x0000000100000000)
  eden space 125440K, 0% used [0x00000000eab00000,0x00000000eab00000,0x00000000f2580000)
  from space 15360K, 39% used [0x00000000f2580000,0x00000000f2b77558,0x00000000f3480000)
  to   space 25088K, 0% used [0x00000000fb880000,0x00000000fb880000,0x00000000fd100000)
 ParOldGen       total 42496K, used 42357K [0x00000000c0000000, 0x00000000c2980000, 0x00000000eab00000)
  object space 42496K, 99% used [0x00000000c0000000,0x00000000c295d748,0x00000000c2980000)
 Metaspace       used 6786K, capacity 7448K, committed 7680K, reserved 1056768K
  class space    used 645K, capacity 656K, committed 768K, reserved 1048576K
}

Deoptimization events (10 events):
Event: 19.007 Thread 0x000000000268e000 Uncommon trap: reason=class_check action=maybe_recompile pc=0x0000000002c3e248 method=java.util.Arrays.hashCode([Ljava/lang/Object;)I @ 43
Event: 19.007 Thread 0x000000000268e000 Uncommon trap: reason=class_check action=maybe_recompile pc=0x0000000002c3e248 method=java.util.Arrays.hashCode([Ljava/lang/Object;)I @ 43
Event: 19.007 Thread 0x000000000268e000 Uncommon trap: reason=class_check action=maybe_recompile pc=0x0000000002c3e248 method=java.util.Arrays.hashCode([Ljava/lang/Object;)I @ 43
Event: 19.638 Thread 0x000000000268e000 Uncommon trap: reason=speculate_class_check action=maybe_recompile pc=0x0000000002b5d51c method=com.android.dx.util.FixedSizeList.equals(Ljava/lang/Object;)Z @ 25
Event: 19.638 Thread 0x000000000268e000 Uncommon trap: reason=unstable_if action=reinterpret pc=0x0000000002b5fa60 method=java.util.Arrays.equals([Ljava/lang/Object;[Ljava/lang/Object;)Z @ 23
Event: 19.664 Thread 0x000000000268e000 Uncommon trap: reason=speculate_class_check action=maybe_recompile pc=0x0000000002b5d51c method=com.android.dx.util.FixedSizeList.equals(Ljava/lang/Object;)Z @ 25
Event: 19.664 Thread 0x000000000268e000 Uncommon trap: reason=speculate_class_check action=maybe_recompile pc=0x0000000002b5d51c method=com.android.dx.util.FixedSizeList.equals(Ljava/lang/Object;)Z @ 25
Event: 19.664 Thread 0x000000000268e000 Uncommon trap: reason=speculate_class_check action=maybe_recompile pc=0x0000000002b5d51c method=com.android.dx.util.FixedSizeList.equals(Ljava/lang/Object;)Z @ 25
Event: 21.926 Thread 0x000000000268e000 Uncommon trap: reason=unstable_if action=reinterpret pc=0x0000000002db03b0 method=java.util.TreeMap.put(Ljava/lang/Object;Ljava/lang/Object;)Ljava/lang/Object; @ 163
Event: 22.426 Thread 0x000000000268e000 Uncommon trap: reason=unstable_if action=reinterpret pc=0x0000000002a125e4 method=com.android.dx.dex.code.OutputFinisher.findOpcodeForInsn(Lcom/android/dx/dex/code/DalvInsn;Lcom/android/dx/dex/code/Dop;)Lcom/android/dx/dex/code/Dop; @ 31

Internal exceptions (6 events):
Event: 0.120 Thread 0x000000000268e000 Exception <a 'java/lang/NoSuchMethodError': Method sun.misc.Unsafe.defineClass(Ljava/lang/String;[BII)Ljava/lang/Class; name or signature does not match> (0x00000000eab07cc0) thrown at [D:\re\workspace\8-2-build-windows-amd64-cygwin\jdk8u92\6642\hotspot\srò)»î[œæ?
Event: 0.120 Thread 0x000000000268e000 Exception <a 'java/lang/NoSuchMethodError': Method sun.misc.Unsafe.prefetchRead(Ljava/lang/Object;J)V name or signature does not match> (0x00000000eab07fa8) thrown at [D:\re\workspace\8-2-build-windows-amd64-cygwin\jdk8u92\6642\hotspot\src\share\vm\prims\jùﬂÔ<Sù@
Event: 7.654 Thread 0x0000000016452000 Implicit null exception at 0x0000000002cd4e7f to 0x0000000002cd7d4d
Event: 16.391 Thread 0x000000001644c800 Exception <a 'java/lang/ArrayIndexOutOfBoundsException': 18> (0x00000000ec7c4b88) thrown at [D:\re\workspace\8-2-build-windows-amd64-cygwin\jdk8u92\6642\hotspot\src\share\vm\interpreter\interpreterRuntime.cpp, line 366]
Event: 16.392 Thread 0x000000001644c800 Exception <a 'java/lang/ArrayIndexOutOfBoundsException': 145> (0x00000000ec874a98) thrown at [D:\re\workspace\8-2-build-windows-amd64-cygwin\jdk8u92\6642\hotspot\src\share\vm\interpreter\interpreterRuntime.cpp, line 366]
Event: 16.393 Thread 0x000000001644c800 Exception <a 'java/lang/ArrayIndexOutOfBoundsException'> (0x00000000ec875d80) thrown at [D:\re\workspace\8-2-build-windows-amd64-cygwin\jdk8u92\6642\hotspot\src\share\vm\runtime\sharedRuntime.cpp, line 605]

Events (10 events):
Event: 23.019 Thread 0x000000000268e000 DEOPT PACKING pc=0x00000000029318ce sp=0x00000000025ded50
Event: 23.019 Thread 0x000000000268e000 DEOPT UNPACKING pc=0x00000000027d787f sp=0x00000000025deaa8 mode 0
Event: 23.020 Thread 0x000000000268e000 DEOPT PACKING pc=0x0000000002b59de2 sp=0x00000000025dedf0
Event: 23.020 Thread 0x000000000268e000 DEOPT UNPACKING pc=0x00000000027d787f sp=0x00000000025deba8 mode 0
Event: 23.032 Thread 0x000000000268e000 DEOPT PACKING pc=0x00000000029318ce sp=0x00000000025ded50
Event: 23.032 Thread 0x000000000268e000 DEOPT UNPACKING pc=0x00000000027d787f sp=0x00000000025deaa8 mode 0
Event: 23.033 Thread 0x000000000268e000 DEOPT PACKING pc=0x0000000002b59de2 sp=0x00000000025dedf0
Event: 23.033 Thread 0x000000000268e000 DEOPT UNPACKING pc=0x00000000027d787f sp=0x00000000025deba8 mode 0
Event: 23.045 Thread 0x000000000268e000 DEOPT PACKING pc=0x00000000029318ce sp=0x00000000025ded50
Event: 23.045 Thread 0x000000000268e000 DEOPT UNPACKING pc=0x00000000027d787f sp=0x00000000025deaa8 mode 0


Dynamic libraries:
0x00007ff617730000 - 0x00007ff617767000 	D:\Program Files\Java\jdk1.8.0_92\bin\java.exe
0x00007ffc7d350000 - 0x00007ffc7d521000 	C:\WINDOWS\SYSTEM32\ntdll.dll
0x00007ffc7ac60000 - 0x00007ffc7ad0b000 	C:\WINDOWS\System32\KERNEL32.DLL
0x00007ffc79970000 - 0x00007ffc79b8d000 	C:\WINDOWS\System32\KERNELBASE.dll
0x00007ffc7aa10000 - 0x00007ffc7aab2000 	C:\WINDOWS\System32\ADVAPI32.dll
0x00007ffc7ae40000 - 0x00007ffc7aede000 	C:\WINDOWS\System32\msvcrt.dll
0x00007ffc7afa0000 - 0x00007ffc7aff9000 	C:\WINDOWS\System32\sechost.dll
0x00007ffc7ad10000 - 0x00007ffc7ae31000 	C:\WINDOWS\System32\RPCRT4.dll
0x00007ffc7aac0000 - 0x00007ffc7ac25000 	C:\WINDOWS\System32\USER32.dll
0x00007ffc7a7f0000 - 0x00007ffc7a80e000 	C:\WINDOWS\System32\win32u.dll
0x00007ffc7d030000 - 0x00007ffc7d064000 	C:\WINDOWS\System32\GDI32.dll
0x00007ffc79dd0000 - 0x00007ffc79f52000 	C:\WINDOWS\System32\gdi32full.dll
0x00007ffc6f2e0000 - 0x00007ffc6f559000 	C:\WINDOWS\WinSxS\amd64_microsoft.windows.common-controls_6595b64144ccf1df_6.0.14393.0_none_2d0f50fcbdb171b8\COMCTL32.dll
0x00007ffc7c890000 - 0x00007ffc7cb57000 	C:\WINDOWS\System32\combase.dll
0x00007ffc7a6f0000 - 0x00007ffc7a7e5000 	C:\WINDOWS\System32\ucrtbase.dll
0x00007ffc79b90000 - 0x00007ffc79bfa000 	C:\WINDOWS\System32\bcryptPrimitives.dll
0x00007ffc7b160000 - 0x00007ffc7b18e000 	C:\WINDOWS\System32\IMM32.DLL
0x0000000051490000 - 0x0000000051562000 	D:\Program Files\Java\jdk1.8.0_92\jre\bin\msvcr100.dll
0x0000000050990000 - 0x0000000051226000 	D:\Program Files\Java\jdk1.8.0_92\jre\bin\server\jvm.dll
0x00007ffc7aa00000 - 0x00007ffc7aa08000 	C:\WINDOWS\System32\PSAPI.DLL
0x00007ffc6d910000 - 0x00007ffc6d919000 	C:\WINDOWS\SYSTEM32\WSOCK32.dll
0x00007ffc7d140000 - 0x00007ffc7d1aa000 	C:\WINDOWS\System32\WS2_32.dll
0x00007ffc77cf0000 - 0x00007ffc77d13000 	C:\WINDOWS\SYSTEM32\WINMM.dll
0x00007ffc6eef0000 - 0x00007ffc6eefa000 	C:\WINDOWS\SYSTEM32\VERSION.dll
0x00007ffc77c90000 - 0x00007ffc77cbb000 	C:\WINDOWS\SYSTEM32\WINMMBASE.dll
0x00007ffc7a6a0000 - 0x00007ffc7a6e2000 	C:\WINDOWS\System32\cfgmgr32.dll
0x0000000050980000 - 0x000000005098f000 	D:\Program Files\Java\jdk1.8.0_92\jre\bin\verify.dll
0x0000000050950000 - 0x0000000050979000 	D:\Program Files\Java\jdk1.8.0_92\jre\bin\java.dll
0x0000000050930000 - 0x0000000050946000 	D:\Program Files\Java\jdk1.8.0_92\jre\bin\zip.dll
0x00007ffc7b1b0000 - 0x00007ffc7c6b8000 	C:\WINDOWS\System32\SHELL32.dll
0x00007ffc79fc0000 - 0x00007ffc7a69a000 	C:\WINDOWS\System32\windows.storage.dll
0x00007ffc79830000 - 0x00007ffc7987c000 	C:\WINDOWS\System32\powrprof.dll
0x00007ffc7d080000 - 0x00007ffc7d0d2000 	C:\WINDOWS\System32\shlwapi.dll
0x00007ffc79890000 - 0x00007ffc7989f000 	C:\WINDOWS\System32\kernel.appcore.dll
0x00007ffc7a810000 - 0x00007ffc7a8b9000 	C:\WINDOWS\System32\shcore.dll
0x00007ffc798a0000 - 0x00007ffc798b4000 	C:\WINDOWS\System32\profapi.dll

VM Arguments:
jvm_args: -Djava.awt.headless=true -Xmx1024M -Dfile.encoding=GBK -Duser.country=CN -Duser.language=zh -Duser.variant 
java_command: com.android.dx.command.Main --dex --force-jumbo --num-threads=4 --output F:\AndroidStudioProjects\MyApplication2\l07_service\build\intermediates\pre-dexed\debug\com.android.support-appcompat-v7-24.2.0_53f800d44fd0ad84b33aa6e1246a97d53a280df4.jar F:\AndroidStudioProjects\MyApplication2\l07_service\build\intermediates\exploded-aar\com.android.support\appcompat-v7\24.2.0\jars\classes.jar
java_class_path (initial): D:\Android_developer_tools\android-sdk-windows\build-tools\24.0.2\lib\dx.jar
Launcher Type: SUN_STANDARD

Environment Variables:
JAVA_HOME=D:\Program Files\Java\jdk1.8.0_92
CLASSPATH=.;D:\Program Files\Java\jdk1.8.0_92\lib\dt.jar;D:\Program Files\Java\jdk1.8.0_92\lib\tools.jar
PATH=D:\Program Files\Java\jdk1.8.0_92\bin;D:\Program Files\Java\jdk1.8.0_92\jre\bin;C:\WINDOWS\system32;C:\WINDOWS;C:\WINDOWS\System32\Wbem;C:\WINDOWS\System32\WindowsPowerShell\v1.0\;C:\Program Files (x86)\ATI Technologies\ATI.ACE\Core-Static;C:\Program Files\Lenovo\Bluetooth Software\;C:\Program Files\Lenovo\Bluetooth Software\syswow64;C:\Program Files (x86)\AMD\ATI.ACE\Core-Static;D:\Program Files (x86)\MySQL\MySQL Server 5.5\bin;D:\Android_developer_tools\android-sdk-windows\platform-tools;D:\Android_developer_tools\android-sdk-windows\tools;C:\Users\Administrator\AppData\Local\Microsoft\WindowsApps;
USERNAME=Administrator
OS=Windows_NT
PROCESSOR_IDENTIFIER=Intel64 Family 6 Model 58 Stepping 9, GenuineIntel



---------------  S Y S T E M  ---------------

OS: Windows 10.0 , 64 bit Build 14393 (10.0.14393.0)

CPU:total 4 (2 cores per cpu, 2 threads per core) family 6 model 58 stepping 9, cmov, cx8, fxsr, mmx, sse, sse2, sse3, ssse3, sse4.1, sse4.2, popcnt, avx, clmul, erms, ht, tsc, tscinvbit, tscinv

Memory: 4k page, physical 4060004k(227988k free), swap 6157156k(7872k free)

vm_info: Java HotSpot(TM) 64-Bit Server VM (25.92-b14) for windows-amd64 JRE (1.8.0_92-b14), built on Mar 31 2016 21:03:04 by "java_re" with MS VC++ 10.0 (VS2010)

time: Sun Sep 11 11:31:24 2016
elapsed time: 23 seconds (0d 0h 0m 23s)

