#
# There is insufficient memory for the Java Runtime Environment to continue.
# Native memory allocation (malloc) failed to allocate 32744 bytes for ChunkPool::allocate
# Possible reasons:
#   The system is out of physical RAM or swap space
#   In 32 bit mode, the process size limit was hit
# Possible solutions:
#   Reduce memory load on the system
#   Increase physical memory or swap space
#   Check if swap backing store is full
#   Use 64 bit Java on a 64 bit OS
#   Decrease Java heap size (-Xmx/-Xms)
#   Decrease number of Java threads
#   Decrease Java thread stack sizes (-Xss)
#   Set larger code cache with -XX:ReservedCodeCacheSize=
# This output file may be truncated or incomplete.
#
#  Out of Memory Error (allocation.cpp:273), pid=9320, tid=0x0000000000002508
#
# JRE version: Java(TM) SE Runtime Environment (8.0_92-b14) (build 1.8.0_92-b14)
# Java VM: Java HotSpot(TM) 64-Bit Server VM (25.92-b14 mixed mode windows-amd64 compressed oops)
# Failed to write core dump. Minidumps are not enabled by default on client versions of Windows
#

---------------  T H R E A D  ---------------

Current thread (0x0000000015b9e800):  JavaThread "C2 CompilerThread1" daemon [_thread_in_native, id=9480, stack(0x00000000175a0000,0x00000000176a0000)]

Stack: [0x00000000175a0000,0x00000000176a0000]
[error occurred during error reporting (printing stack bounds), id 0xc0000005]

Native frames: (J=compiled Java code, j=interpreted, Vv=VM code, C=native code)


Current CompileTask:
C2:  11851 1551   !   4       com.android.dx.cf.code.BytecodeArray::parseInstruction (2764 bytes)


---------------  P R O C E S S  ---------------

Java Threads: ( => current thread )
  0x0000000017412800 JavaThread "pool-1-thread-4" [_thread_blocked, id=9276, stack(0x0000000017da0000,0x0000000017ea0000)]
  0x0000000017412000 JavaThread "pool-1-thread-3" [_thread_in_Java, id=6264, stack(0x0000000017ca0000,0x0000000017da0000)]
  0x0000000017410800 JavaThread "pool-1-thread-2" [_thread_blocked, id=9572, stack(0x0000000017ba0000,0x0000000017ca0000)]
  0x000000001740f000 JavaThread "pool-2-thread-1" [_thread_blocked, id=7476, stack(0x0000000017aa0000,0x0000000017ba0000)]
  0x000000001740c800 JavaThread "pool-1-thread-1" [_thread_in_Java, id=10764, stack(0x00000000179a0000,0x0000000017aa0000)]
  0x0000000017207800 JavaThread "Service Thread" daemon [_thread_blocked, id=5660, stack(0x00000000177a0000,0x00000000178a0000)]
  0x00000000171f8800 JavaThread "C1 CompilerThread2" daemon [_thread_blocked, id=744, stack(0x00000000176a0000,0x00000000177a0000)]
=>0x0000000015b9e800 JavaThread "C2 CompilerThread1" daemon [_thread_in_native, id=9480, stack(0x00000000175a0000,0x00000000176a0000)]
  0x0000000015b9b000 JavaThread "C2 CompilerThread0" daemon [_thread_in_native, id=10268, stack(0x00000000170a0000,0x00000000171a0000)]
  0x0000000015b4c800 JavaThread "Attach Listener" daemon [_thread_blocked, id=9876, stack(0x0000000016fa0000,0x00000000170a0000)]
  0x0000000015b4b800 JavaThread "Signal Dispatcher" daemon [_thread_blocked, id=4992, stack(0x0000000016ea0000,0x0000000016fa0000)]
  0x000000000346a000 JavaThread "Finalizer" daemon [_thread_blocked, id=1156, stack(0x0000000016da0000,0x0000000016ea0000)]
  0x000000000345f000 JavaThread "Reference Handler" daemon [_thread_blocked, id=10664, stack(0x0000000016ca0000,0x0000000016da0000)]
  0x000000000336e000 JavaThread "main" [_thread_blocked, id=9196, stack(0x0000000003170000,0x0000000003270000)]

Other Threads:
  0x0000000015b07800 VMThread [stack: 0x0000000016ba0000,0x0000000016ca0000] [id=10064]
  0x0000000017202000 WatcherThread [stack: 0x00000000178a0000,0x00000000179a0000] [id=10596]

VM state:not at safepoint (normal execution)

VM Mutex/Monitor currently owned by a thread: None

Heap:
 PSYoungGen      total 34304K, used 27894K [0x00000000eab00000, 0x00000000ecf00000, 0x0000000100000000)
  eden space 31744K, 79% used [0x00000000eab00000,0x00000000ec3c5030,0x00000000eca00000)
  from space 2560K, 98% used [0x00000000ecc80000,0x00000000ecef8ab8,0x00000000ecf00000)
  to   space 2560K, 0% used [0x00000000eca00000,0x00000000eca00000,0x00000000ecc80000)
 ParOldGen       total 42496K, used 2141K [0x00000000c0000000, 0x00000000c2980000, 0x00000000eab00000)
  object space 42496K, 5% used [0x00000000c0000000,0x00000000c02176f0,0x00000000c2980000)
 Metaspace       used 6268K, capacity 7094K, committed 7296K, reserved 1056768K
  class space    used 609K, capacity 622K, committed 640K, reserved 1048576K

Card table byte_map: [0x0000000012830000,0x0000000012a40000] byte_map_base: 0x0000000012230000

Marking Bits: (ParMarkBitMap*) 0x00000000629264f0
 Begin Bits: [0x0000000012fa0000, 0x0000000013fa0000)
 End Bits:   [0x0000000013fa0000, 0x0000000014fa0000)

Polling page: 0x00000000012d0000

CodeCache: size=245760Kb used=6718Kb max_used=6731Kb free=239041Kb
 bounds [0x0000000003470000, 0x0000000003b10000, 0x0000000012470000]
 total_blobs=1823 nmethods=1552 adapters=184
 compilation: enabled

Compilation events (10 events):
Event: 11.489 Thread 0x0000000015b9b000 1548       4       com.android.dx.rop.type.Type::getFrameType (5 bytes)
Event: 11.490 Thread 0x0000000015b9b000 nmethod 1548 0x00000000039e6450 code [0x00000000039e6580, 0x00000000039e6618]
Event: 11.490 Thread 0x00000000171f8800 1549       3       com.android.dx.util.Hex::u2 (44 bytes)
Event: 11.491 Thread 0x00000000171f8800 nmethod 1549 0x0000000003af7550 code [0x0000000003af7700, 0x0000000003af7d78]
Event: 11.491 Thread 0x00000000171f8800 1550       3       com.android.dx.cf.code.OneLocalsArray::makeInitialized (55 bytes)
Event: 11.492 Thread 0x00000000171f8800 nmethod 1550 0x0000000003af69d0 code [0x0000000003af6b80, 0x0000000003af7238]
Event: 11.492 Thread 0x0000000015b9e800 1551   !   4       com.android.dx.cf.code.BytecodeArray::parseInstruction (2764 bytes)
Event: 11.739 Thread 0x0000000015b9b000 1552       4       com.android.dx.util.IntList::mutableCopy (39 bytes)
Event: 11.756 Thread 0x0000000015b9b000 nmethod 1552 0x0000000003af5ed0 code [0x0000000003af6040, 0x0000000003af6638]
Event: 11.757 Thread 0x0000000015b9b000 1553   !   4       com.android.dx.cf.code.RopperMachine::run (1550 bytes)

GC Heap History (4 events):
Event: 3.939 GC heap before
{Heap before GC invocations=1 (full 0):
 PSYoungGen      total 18432K, used 15872K [0x00000000eab00000, 0x00000000ebf80000, 0x0000000100000000)
  eden space 15872K, 100% used [0x00000000eab00000,0x00000000eba80000,0x00000000eba80000)
  from space 2560K, 0% used [0x00000000ebd00000,0x00000000ebd00000,0x00000000ebf80000)
  to   space 2560K, 0% used [0x00000000eba80000,0x00000000eba80000,0x00000000ebd00000)
 ParOldGen       total 42496K, used 0K [0x00000000c0000000, 0x00000000c2980000, 0x00000000eab00000)
  object space 42496K, 0% used [0x00000000c0000000,0x00000000c0000000,0x00000000c2980000)
 Metaspace       used 5337K, capacity 6320K, committed 6528K, reserved 1056768K
  class space    used 587K, capacity 616K, committed 640K, reserved 1048576K
Event: 4.445 GC heap after
Heap after GC invocations=1 (full 0):
 PSYoungGen      total 18432K, used 2528K [0x00000000eab00000, 0x00000000ecf00000, 0x0000000100000000)
  eden space 15872K, 0% used [0x00000000eab00000,0x00000000eab00000,0x00000000eba80000)
  from space 2560K, 98% used [0x00000000eba80000,0x00000000ebcf8398,0x00000000ebd00000)
  to   space 2560K, 0% used [0x00000000ecc80000,0x00000000ecc80000,0x00000000ecf00000)
 ParOldGen       total 42496K, used 461K [0x00000000c0000000, 0x00000000c2980000, 0x00000000eab00000)
  object space 42496K, 1% used [0x00000000c0000000,0x00000000c0073698,0x00000000c2980000)
 Metaspace       used 5337K, capacity 6320K, committed 6528K, reserved 1056768K
  class space    used 587K, capacity 616K, committed 640K, reserved 1048576K
}
Event: 8.245 GC heap before
{Heap before GC invocations=2 (full 0):
 PSYoungGen      total 18432K, used 18400K [0x00000000eab00000, 0x00000000ecf00000, 0x0000000100000000)
  eden space 15872K, 100% used [0x00000000eab00000,0x00000000eba80000,0x00000000eba80000)
  from space 2560K, 98% used [0x00000000eba80000,0x00000000ebcf8398,0x00000000ebd00000)
  to   space 2560K, 0% used [0x00000000ecc80000,0x00000000ecc80000,0x00000000ecf00000)
 ParOldGen       total 42496K, used 461K [0x00000000c0000000, 0x00000000c2980000, 0x00000000eab00000)
  object space 42496K, 1% used [0x00000000c0000000,0x00000000c0073698,0x00000000c2980000)
 Metaspace       used 6065K, capacity 6902K, committed 7040K, reserved 1056768K
  class space    used 609K, capacity 622K, committed 640K, reserved 1048576K
Event: 8.365 GC heap after
Heap after GC invocations=2 (full 0):
 PSYoungGen      total 34304K, used 2530K [0x00000000eab00000, 0x00000000ecf00000, 0x0000000100000000)
  eden space 31744K, 0% used [0x00000000eab00000,0x00000000eab00000,0x00000000eca00000)
  from space 2560K, 98% used [0x00000000ecc80000,0x00000000ecef8ab8,0x00000000ecf00000)
  to   space 2560K, 0% used [0x00000000eca00000,0x00000000eca00000,0x00000000ecc80000)
 ParOldGen       total 42496K, used 2141K [0x00000000c0000000, 0x00000000c2980000, 0x00000000eab00000)
  object space 42496K, 5% used [0x00000000c0000000,0x00000000c02176f0,0x00000000c2980000)
 Metaspace       used 6065K, capacity 6902K, committed 7040K, reserved 1056768K
  class space    used 609K, capacity 622K, committed 640K, reserved 1048576K
}

Deoptimization events (7 events):
Event: 0.889 Thread 0x000000000336e000 Uncommon trap: reason=unstable_if action=reinterpret pc=0x00000000035ca754 method=java.lang.String.compareTo(Ljava/lang/String;)I @ 38
Event: 6.196 Thread 0x0000000017412000 Uncommon trap: reason=unstable_if action=reinterpret pc=0x00000000036bf9b0 method=java.util.HashMap.getNode(ILjava/lang/Object;)Ljava/util/HashMap$Node; @ 62
Event: 6.297 Thread 0x000000000336e000 Uncommon trap: reason=unstable_if action=reinterpret pc=0x00000000037bb36c method=com.android.dx.rop.code.RegisterSpecSet.put(Lcom/android/dx/rop/code/RegisterSpec;)V @ 77
Event: 6.310 Thread 0x000000001740c800 Uncommon trap: reason=unstable_if action=reinterpret pc=0x00000000036c17b0 method=java.util.BitSet.nextSetBit(I)I @ 87
Event: 6.319 Thread 0x000000001740c800 Uncommon trap: reason=unstable_if action=reinterpret pc=0x000000000371f148 method=java.util.HashMap.getNode(ILjava/lang/Object;)Ljava/util/HashMap$Node; @ 62
Event: 10.330 Thread 0x000000001740c800 Uncommon trap: reason=unstable_if action=reinterpret pc=0x000000000399cf94 method=com.android.dx.cf.code.BytecodeArray.parseInstruction(ILcom/android/dx/cf/code/BytecodeArray$Visitor;)I @ 1198
Event: 11.148 Thread 0x0000000017410800 Uncommon trap: reason=unstable_if action=reinterpret pc=0x0000000003a9df9c method=com.android.dx.ssa.SsaRenamer$BlockRenamer.visitMoveInsn(Lcom/android/dx/ssa/NormalSsaInsn;)V @ 104

Internal exceptions (2 events):
Event: 0.113 Thread 0x000000000336e000 Exception <a 'java/lang/NoSuchMethodError': Method sun.misc.Unsafe.defineClass(Ljava/lang/String;[BII)Ljava/lang/Class; name or signature does not match> (0x00000000eab07cc0) thrown at [D:\re\workspace\8-2-build-windows-amd64-cygwin\jdk8u92\6642\hotspot\srF^Ïv¹ù¼?
Event: 0.113 Thread 0x000000000336e000 Exception <a 'java/lang/NoSuchMethodError': Method sun.misc.Unsafe.prefetchRead(Ljava/lang/Object;J)V name or signature does not match> (0x00000000eab07fa8) thrown at [D:\re\workspace\8-2-build-windows-amd64-cygwin\jdk8u92\6642\hotspot\src\share\vm\prims\j

Events (10 events):
Event: 7.621 Thread 0x000000000336e000 DEOPT PACKING pc=0x000000000369bdb0 sp=0x000000000326e280
Event: 7.621 Thread 0x000000000336e000 DEOPT UNPACKING pc=0x00000000034b787f sp=0x000000000326e070 mode 0
Event: 7.723 Executing VM operation: ParallelGCFailedAllocation
Event: 8.365 Executing VM operation: ParallelGCFailedAllocation done
Event: 10.330 Thread 0x000000001740c800 Uncommon trap: trap_request=0xffffff65 fr.pc=0x000000000399cf94
Event: 10.330 Thread 0x000000001740c800 DEOPT PACKING pc=0x000000000399cf94 sp=0x0000000017a9e7b0
Event: 10.330 Thread 0x000000001740c800 DEOPT UNPACKING pc=0x00000000034b582a sp=0x0000000017a9e748 mode 2
Event: 11.148 Thread 0x0000000017410800 Uncommon trap: trap_request=0xffffff65 fr.pc=0x0000000003a9df9c
Event: 11.148 Thread 0x0000000017410800 DEOPT PACKING pc=0x0000000003a9df9c sp=0x0000000017c9e870
Event: 11.148 Thread 0x0000000017410800 DEOPT UNPACKING pc=0x00000000034b582a sp=0x0000000017c9e6c0 mode 2


Dynamic libraries:
0x00007ff758520000 - 0x00007ff758557000 	D:\Program Files\Java\jdk1.8.0_92\bin\java.exe
0x00007ffadbb10000 - 0x00007ffadbce1000 	C:\WINDOWS\SYSTEM32\ntdll.dll
0x00007ffadb4f0000 - 0x00007ffadb59b000 	C:\WINDOWS\System32\KERNEL32.DLL
0x00007ffad8b90000 - 0x00007ffad8dad000 	C:\WINDOWS\System32\KERNELBASE.dll
0x00007ffad94c0000 - 0x00007ffad9562000 	C:\WINDOWS\System32\ADVAPI32.dll
0x00007ffadba40000 - 0x00007ffadbade000 	C:\WINDOWS\System32\msvcrt.dll
0x00007ffadb990000 - 0x00007ffadb9e9000 	C:\WINDOWS\System32\sechost.dll
0x00007ffad9390000 - 0x00007ffad94b1000 	C:\WINDOWS\System32\RPCRT4.dll
0x00007ffadb5a0000 - 0x00007ffadb705000 	C:\WINDOWS\System32\USER32.dll
0x00007ffad8ed0000 - 0x00007ffad8eee000 	C:\WINDOWS\System32\win32u.dll
0x00007ffad9080000 - 0x00007ffad90b4000 	C:\WINDOWS\System32\GDI32.dll
0x00007ffad8ef0000 - 0x00007ffad9072000 	C:\WINDOWS\System32\gdi32full.dll
0x00007ffacd590000 - 0x00007ffacd809000 	C:\WINDOWS\WinSxS\amd64_microsoft.windows.common-controls_6595b64144ccf1df_6.0.14393.0_none_2d0f50fcbdb171b8\COMCTL32.dll
0x00007ffad90c0000 - 0x00007ffad9387000 	C:\WINDOWS\System32\combase.dll
0x00007ffad8a90000 - 0x00007ffad8b85000 	C:\WINDOWS\System32\ucrtbase.dll
0x00007ffad8e60000 - 0x00007ffad8eca000 	C:\WINDOWS\System32\bcryptPrimitives.dll
0x00007ffadb9f0000 - 0x00007ffadba1e000 	C:\WINDOWS\System32\IMM32.DLL
0x0000000062c10000 - 0x0000000062ce2000 	D:\Program Files\Java\jdk1.8.0_92\jre\bin\msvcr100.dll
0x0000000062110000 - 0x00000000629a6000 	D:\Program Files\Java\jdk1.8.0_92\jre\bin\server\jvm.dll
0x00007ffadb980000 - 0x00007ffadb988000 	C:\WINDOWS\System32\PSAPI.DLL
0x00007ffacd430000 - 0x00007ffacd439000 	C:\WINDOWS\SYSTEM32\WSOCK32.dll
0x00007ffad9710000 - 0x00007ffad977a000 	C:\WINDOWS\System32\WS2_32.dll
0x00007ffad6000000 - 0x00007ffad6023000 	C:\WINDOWS\SYSTEM32\WINMM.dll
0x00007fface210000 - 0x00007fface21a000 	C:\WINDOWS\SYSTEM32\VERSION.dll
0x00007ffad5fa0000 - 0x00007ffad5fcb000 	C:\WINDOWS\SYSTEM32\WINMMBASE.dll
0x00007ffad8080000 - 0x00007ffad80c2000 	C:\WINDOWS\System32\cfgmgr32.dll
0x0000000062100000 - 0x000000006210f000 	D:\Program Files\Java\jdk1.8.0_92\jre\bin\verify.dll
0x00000000620d0000 - 0x00000000620f9000 	D:\Program Files\Java\jdk1.8.0_92\jre\bin\java.dll
0x00000000620b0000 - 0x00000000620c6000 	D:\Program Files\Java\jdk1.8.0_92\jre\bin\zip.dll
0x00007ffad9e80000 - 0x00007ffadb388000 	C:\WINDOWS\System32\SHELL32.dll
0x00007ffad83b0000 - 0x00007ffad8a8a000 	C:\WINDOWS\System32\windows.storage.dll
0x00007ffad7ff0000 - 0x00007ffad803c000 	C:\WINDOWS\System32\powrprof.dll
0x00007ffadb490000 - 0x00007ffadb4e2000 	C:\WINDOWS\System32\shlwapi.dll
0x00007ffad8050000 - 0x00007ffad805f000 	C:\WINDOWS\System32\kernel.appcore.dll
0x00007ffad8db0000 - 0x00007ffad8e59000 	C:\WINDOWS\System32\shcore.dll
0x00007ffad8060000 - 0x00007ffad8074000 	C:\WINDOWS\System32\profapi.dll

VM Arguments:
jvm_args: -Djava.awt.headless=true -Xmx1024M -Dfile.encoding=GBK -Duser.country=CN -Duser.language=zh -Duser.variant 
java_command: com.android.dx.command.Main --dex --force-jumbo --num-threads=4 --output F:\AndroidStudioProjects\MyApplication2\l07_app_autoendcall\build\intermediates\pre-dexed\debug\com.android.support-support-compat-24.2.0_477910eb54a2c41a103af6e46627864b3df81a90.jar F:\AndroidStudioProjects\MyApplication2\l07_app_autoendcall\build\intermediates\exploded-aar\com.android.support\support-compat\24.2.0\jars\classes.jar
java_class_path (initial): D:\Android_developer_tools\android-sdk-windows\build-tools\24.0.2\lib\dx.jar
Launcher Type: SUN_STANDARD

Environment Variables:
JAVA_HOME=D:\Program Files\Java\jdk1.8.0_92
CLASSPATH=.;D:\Program Files\Java\jdk1.8.0_92\lib\dt.jar;D:\Program Files\Java\jdk1.8.0_92\lib\tools.jar
PATH=D:\Program Files\Java\jdk1.8.0_92\bin;D:\Program Files\Java\jdk1.8.0_92\jre\bin;C:\WINDOWS\system32;C:\WINDOWS;C:\WINDOWS\System32\Wbem;C:\WINDOWS\System32\WindowsPowerShell\v1.0\;C:\Program Files (x86)\ATI Technologies\ATI.ACE\Core-Static;C:\Program Files\Lenovo\Bluetooth Software\;C:\Program Files\Lenovo\Bluetooth Software\syswow64;C:\Program Files (x86)\AMD\ATI.ACE\Core-Static;D:\Program Files (x86)\MySQL\MySQL Server 5.5\bin;D:\Android_developer_tools\android-sdk-windows\platform-tools;D:\Android_developer_tools\android-sdk-windows\tools;C:\Users\Administrator\AppData\Local\Microsoft\WindowsApps;
USERNAME=Administrator
OS=Windows_NT
PROCESSOR_IDENTIFIER=Intel64 Family 6 Model 58 Stepping 9, GenuineIntel



---------------  S Y S T E M  ---------------

OS: Windows 10.0 , 64 bit Build 14393 (10.0.14393.0)

CPU:total 4 (2 cores per cpu, 2 threads per core) family 6 model 58 stepping 9, cmov, cx8, fxsr, mmx, sse, sse2, sse3, ssse3, sse4.1, sse4.2, popcnt, avx, clmul, erms, ht, tsc, tscinvbit, tscinv

Memory: 4k page, physical 4060004k(191640k free), swap 6157156k(3112k free)

vm_info: Java HotSpot(TM) 64-Bit Server VM (25.92-b14) for windows-amd64 JRE (1.8.0_92-b14), built on Mar 31 2016 21:03:04 by "java_re" with MS VC++ 10.0 (VS2010)

time: Mon Sep 12 13:48:34 2016
elapsed time: 11 seconds (0d 0h 0m 11s)

