#
# There is insufficient memory for the Java Runtime Environment to continue.
# Native memory allocation (malloc) failed to allocate 300736 bytes for Chunk::new
# Possible reasons:
#   The system is out of physical RAM or swap space
#   In 32 bit mode, the process size limit was hit
# Possible solutions:
#   Reduce memory load on the system
#   Increase physical memory or swap space
#   Check if swap backing store is full
#   Use 64 bit Java on a 64 bit OS
#   Decrease Java heap size (-Xmx/-Xms)
#   Decrease number of Java threads
#   Decrease Java thread stack sizes (-Xss)
#   Set larger code cache with -XX:ReservedCodeCacheSize=
# This output file may be truncated or incomplete.
#
#  Out of Memory Error (allocation.cpp:390), pid=8144, tid=0x0000000000002b80
#
# JRE version: Java(TM) SE Runtime Environment (8.0_92-b14) (build 1.8.0_92-b14)
# Java VM: Java HotSpot(TM) 64-Bit Server VM (25.92-b14 mixed mode windows-amd64 compressed oops)
# Failed to write core dump. Minidumps are not enabled by default on client versions of Windows
#

---------------  T H R E A D  ---------------

Current thread (0x000000000303c800):  JavaThread "C2 CompilerThread1" daemon [_thread_in_native, id=11136, stack(0x0000000017160000,0x0000000017260000)]

Stack: [0x0000000017160000,0x0000000017260000]
[error occurred during error reporting (printing stack bounds), id 0xc0000005]

Native frames: (J=compiled Java code, j=interpreted, Vv=VM code, C=native code)


Current CompileTask:
C2:  11908 1677 %     4       com.android.dx.ssa.Dominators::run @ 89 (506 bytes)


---------------  P R O C E S S  ---------------

Java Threads: ( => current thread )
  0x0000000016cef000 JavaThread "pool-1-thread-4" [_thread_in_Java, id=8060, stack(0x0000000017960000,0x0000000017a60000)]
  0x0000000016cee800 JavaThread "pool-1-thread-3" [_thread_blocked, id=10160, stack(0x0000000017860000,0x0000000017960000)]
  0x0000000016ced800 JavaThread "pool-1-thread-2" [_thread_blocked, id=10944, stack(0x0000000017760000,0x0000000017860000)]
  0x0000000016ced000 JavaThread "pool-2-thread-1" [_thread_blocked, id=6740, stack(0x0000000017660000,0x0000000017760000)]
  0x0000000016cea000 JavaThread "pool-1-thread-1" [_thread_in_Java, id=5848, stack(0x0000000017560000,0x0000000017660000)]
  0x0000000016ac0000 JavaThread "Service Thread" daemon [_thread_blocked, id=10060, stack(0x0000000017360000,0x0000000017460000)]
  0x000000000303d800 JavaThread "C1 CompilerThread2" daemon [_thread_blocked, id=3100, stack(0x0000000017260000,0x0000000017360000)]
=>0x000000000303c800 JavaThread "C2 CompilerThread1" daemon [_thread_in_native, id=11136, stack(0x0000000017160000,0x0000000017260000)]
  0x0000000016aa3000 JavaThread "C2 CompilerThread0" daemon [_thread_in_native, id=9852, stack(0x0000000017060000,0x0000000017160000)]
  0x0000000015723000 JavaThread "Attach Listener" daemon [_thread_blocked, id=11008, stack(0x0000000016f60000,0x0000000017060000)]
  0x0000000015722000 JavaThread "Signal Dispatcher" daemon [_thread_blocked, id=11036, stack(0x0000000016e60000,0x0000000016f60000)]
  0x00000000156fa000 JavaThread "Finalizer" daemon [_thread_blocked, id=6352, stack(0x0000000016960000,0x0000000016a60000)]
  0x00000000156d9000 JavaThread "Reference Handler" daemon [_thread_blocked, id=1028, stack(0x0000000016860000,0x0000000016960000)]
  0x00000000013ae000 JavaThread "main" [_thread_in_vm, id=9620, stack(0x0000000002ae0000,0x0000000002be0000)]

Other Threads:
  0x00000000156d6800 VMThread [stack: 0x0000000016760000,0x0000000016860000] [id=4324]
  0x0000000016b10800 WatcherThread [stack: 0x0000000017460000,0x0000000017560000] [id=1636]

VM state:not at safepoint (normal execution)

VM Mutex/Monitor currently owned by a thread: None

Heap:
 PSYoungGen      total 34304K, used 20362K [0x00000000eab00000, 0x00000000eee00000, 0x0000000100000000)
  eden space 31744K, 56% used [0x00000000eab00000,0x00000000ebc64ba0,0x00000000eca00000)
  from space 2560K, 99% used [0x00000000eca00000,0x00000000ecc7e028,0x00000000ecc80000)
  to   space 2560K, 0% used [0x00000000eeb80000,0x00000000eeb80000,0x00000000eee00000)
 ParOldGen       total 42496K, used 7962K [0x00000000c0000000, 0x00000000c2980000, 0x00000000eab00000)
  object space 42496K, 18% used [0x00000000c0000000,0x00000000c07c6830,0x00000000c2980000)
 Metaspace       used 6330K, capacity 7094K, committed 7296K, reserved 1056768K
  class space    used 608K, capacity 622K, committed 640K, reserved 1048576K

Card table byte_map: [0x0000000012400000,0x0000000012610000] byte_map_base: 0x0000000011e00000

Marking Bits: (ParMarkBitMap*) 0x00000000629264f0
 Begin Bits: [0x0000000012b70000, 0x0000000013b70000)
 End Bits:   [0x0000000013b70000, 0x0000000014b70000)

Polling page: 0x0000000000ee0000

CodeCache: size=245760Kb used=7073Kb max_used=7087Kb free=238686Kb
 bounds [0x0000000003040000, 0x0000000003740000, 0x0000000012040000]
 total_blobs=1947 nmethods=1675 adapters=184
 compilation: enabled

Compilation events (10 events):
Event: 11.877 Thread 0x0000000016aa3000 1676       4       com.android.dx.rop.type.Type::compareTo (9 bytes)
Event: 11.878 Thread 0x000000000303c800 1677 %     4       com.android.dx.ssa.Dominators::run @ 89 (506 bytes)
Event: 11.879 Thread 0x000000000303d800 1680       3       java.util.concurrent.FutureTask::finishCompletion (74 bytes)
Event: 11.879 Thread 0x0000000016aa3000 nmethod 1676 0x0000000003722050 code [0x00000000037221a0, 0x0000000003722318]
Event: 11.879 Thread 0x0000000016aa3000 1678       4       com.android.dx.cf.code.Frame::<init> (52 bytes)
Event: 11.880 Thread 0x000000000303d800 nmethod 1680 0x0000000003724650 code [0x0000000003724800, 0x0000000003724da8]
Event: 11.880 Thread 0x000000000303d800 1683       3       java.util.concurrent.FutureTask::set (36 bytes)
Event: 11.880 Thread 0x000000000303d800 nmethod 1683 0x0000000003724210 code [0x0000000003724380, 0x00000000037245a8]
Event: 11.881 Thread 0x0000000016aa3000 nmethod 1678 0x0000000003723e90 code [0x0000000003723fe0, 0x00000000037240d8]
Event: 11.881 Thread 0x0000000016aa3000 1681       4       com.android.dx.dex.code.RopTranslator$LocalVariableAwareTranslationVisitor::visitPlainInsn (11 bytes)

GC Heap History (6 events):
Event: 3.701 GC heap before
{Heap before GC invocations=1 (full 0):
 PSYoungGen      total 18432K, used 15872K [0x00000000eab00000, 0x00000000ebf80000, 0x0000000100000000)
  eden space 15872K, 100% used [0x00000000eab00000,0x00000000eba80000,0x00000000eba80000)
  from space 2560K, 0% used [0x00000000ebd00000,0x00000000ebd00000,0x00000000ebf80000)
  to   space 2560K, 0% used [0x00000000eba80000,0x00000000eba80000,0x00000000ebd00000)
 ParOldGen       total 42496K, used 0K [0x00000000c0000000, 0x00000000c2980000, 0x00000000eab00000)
  object space 42496K, 0% used [0x00000000c0000000,0x00000000c0000000,0x00000000c2980000)
 Metaspace       used 5681K, capacity 6578K, committed 6784K, reserved 1056768K
  class space    used 596K, capacity 618K, committed 640K, reserved 1048576K
Event: 3.829 GC heap after
Heap after GC invocations=1 (full 0):
 PSYoungGen      total 18432K, used 2541K [0x00000000eab00000, 0x00000000ecf00000, 0x0000000100000000)
  eden space 15872K, 0% used [0x00000000eab00000,0x00000000eab00000,0x00000000eba80000)
  from space 2560K, 99% used [0x00000000eba80000,0x00000000ebcfb650,0x00000000ebd00000)
  to   space 2560K, 0% used [0x00000000ecc80000,0x00000000ecc80000,0x00000000ecf00000)
 ParOldGen       total 42496K, used 1139K [0x00000000c0000000, 0x00000000c2980000, 0x00000000eab00000)
  object space 42496K, 2% used [0x00000000c0000000,0x00000000c011cd70,0x00000000c2980000)
 Metaspace       used 5681K, capacity 6578K, committed 6784K, reserved 1056768K
  class space    used 596K, capacity 618K, committed 640K, reserved 1048576K
}
Event: 6.346 GC heap before
{Heap before GC invocations=2 (full 0):
 PSYoungGen      total 18432K, used 18413K [0x00000000eab00000, 0x00000000ecf00000, 0x0000000100000000)
  eden space 15872K, 100% used [0x00000000eab00000,0x00000000eba80000,0x00000000eba80000)
  from space 2560K, 99% used [0x00000000eba80000,0x00000000ebcfb650,0x00000000ebd00000)
  to   space 2560K, 0% used [0x00000000ecc80000,0x00000000ecc80000,0x00000000ecf00000)
 ParOldGen       total 42496K, used 1139K [0x00000000c0000000, 0x00000000c2980000, 0x00000000eab00000)
  object space 42496K, 2% used [0x00000000c0000000,0x00000000c011cd70,0x00000000c2980000)
 Metaspace       used 6081K, capacity 6966K, committed 7040K, reserved 1056768K
  class space    used 605K, capacity 622K, committed 640K, reserved 1048576K
Event: 6.362 GC heap after
Heap after GC invocations=2 (full 0):
 PSYoungGen      total 34304K, used 2552K [0x00000000eab00000, 0x00000000ecf00000, 0x0000000100000000)
  eden space 31744K, 0% used [0x00000000eab00000,0x00000000eab00000,0x00000000eca00000)
  from space 2560K, 99% used [0x00000000ecc80000,0x00000000ecefe038,0x00000000ecf00000)
  to   space 2560K, 0% used [0x00000000eca00000,0x00000000eca00000,0x00000000ecc80000)
 ParOldGen       total 42496K, used 3241K [0x00000000c0000000, 0x00000000c2980000, 0x00000000eab00000)
  object space 42496K, 7% used [0x00000000c0000000,0x00000000c032a548,0x00000000c2980000)
 Metaspace       used 6081K, capacity 6966K, committed 7040K, reserved 1056768K
  class space    used 605K, capacity 622K, committed 640K, reserved 1048576K
}
Event: 10.796 GC heap before
{Heap before GC invocations=3 (full 0):
 PSYoungGen      total 34304K, used 34296K [0x00000000eab00000, 0x00000000ecf00000, 0x0000000100000000)
  eden space 31744K, 100% used [0x00000000eab00000,0x00000000eca00000,0x00000000eca00000)
  from space 2560K, 99% used [0x00000000ecc80000,0x00000000ecefe038,0x00000000ecf00000)
  to   space 2560K, 0% used [0x00000000eca00000,0x00000000eca00000,0x00000000ecc80000)
 ParOldGen       total 42496K, used 3241K [0x00000000c0000000, 0x00000000c2980000, 0x00000000eab00000)
  object space 42496K, 7% used [0x00000000c0000000,0x00000000c032a548,0x00000000c2980000)
 Metaspace       used 6303K, capacity 7094K, committed 7296K, reserved 1056768K
  class space    used 608K, capacity 622K, committed 640K, reserved 1048576K
Event: 11.155 GC heap after
Heap after GC invocations=3 (full 0):
 PSYoungGen      total 34304K, used 2552K [0x00000000eab00000, 0x00000000eee00000, 0x0000000100000000)
  eden space 31744K, 0% used [0x00000000eab00000,0x00000000eab00000,0x00000000eca00000)
  from space 2560K, 99% used [0x00000000eca00000,0x00000000ecc7e028,0x00000000ecc80000)
  to   space 2560K, 0% used [0x00000000eeb80000,0x00000000eeb80000,0x00000000eee00000)
 ParOldGen       total 42496K, used 7962K [0x00000000c0000000, 0x00000000c2980000, 0x00000000eab00000)
  object space 42496K, 18% used [0x00000000c0000000,0x00000000c07c6830,0x00000000c2980000)
 Metaspace       used 6303K, capacity 7094K, committed 7296K, reserved 1056768K
  class space    used 608K, capacity 622K, committed 640K, reserved 1048576K
}

Deoptimization events (10 events):
Event: 5.044 Thread 0x0000000016cef000 Uncommon trap: reason=class_check action=maybe_recompile pc=0x0000000003310854 method=com.android.dx.ssa.NormalSsaInsn.accept(Lcom/android/dx/ssa/SsaInsn$Visitor;)V @ 9
Event: 5.044 Thread 0x0000000016cef000 Uncommon trap: reason=class_check action=maybe_recompile pc=0x0000000003310854 method=com.android.dx.ssa.NormalSsaInsn.accept(Lcom/android/dx/ssa/SsaInsn$Visitor;)V @ 9
Event: 5.044 Thread 0x0000000016cef000 Uncommon trap: reason=class_check action=maybe_recompile pc=0x0000000003310854 method=com.android.dx.ssa.NormalSsaInsn.accept(Lcom/android/dx/ssa/SsaInsn$Visitor;)V @ 9
Event: 5.045 Thread 0x0000000016cef000 Uncommon trap: reason=class_check action=maybe_recompile pc=0x00000000032e03b0 method=com.android.dx.ssa.NormalSsaInsn.accept(Lcom/android/dx/ssa/SsaInsn$Visitor;)V @ 9
Event: 6.527 Thread 0x0000000016ced800 Uncommon trap: reason=null_check action=make_not_entrant pc=0x00000000034bc554 method=com.android.dx.ssa.SsaRenamer.getLocalForNewReg(I)Lcom/android/dx/rop/code/LocalItem; @ 19
Event: 8.041 Thread 0x0000000016cea000 Uncommon trap: reason=unstable_if action=reinterpret pc=0x000000000347cb04 method=com.android.dx.rop.code.RegisterSpecSet.<init>(I)V @ 2
Event: 8.269 Thread 0x0000000016cee800 Uncommon trap: reason=null_check action=make_not_entrant pc=0x0000000003368a60 method=com.android.dx.rop.type.Type.equals(Ljava/lang/Object;)Z @ 8
Event: 9.766 Thread 0x0000000016ced800 Uncommon trap: reason=bimorphic action=maybe_recompile pc=0x00000000036a6ce4 method=com.android.dx.cf.code.RopperMachine.run(Lcom/android/dx/cf/code/Frame;II)V @ 978
Event: 11.177 Thread 0x0000000016cef000 Uncommon trap: reason=unstable_if action=reinterpret pc=0x00000000035b137c method=com.android.dx.rop.code.RegisterSpecSet.localItemToSpec(Lcom/android/dx/rop/code/LocalItem;)Lcom/android/dx/rop/code/RegisterSpec; @ 35
Event: 11.178 Thread 0x0000000016cef000 Uncommon trap: reason=unstable_if action=reinterpret pc=0x0000000003609000 method=com.android.dx.rop.code.RegisterSpecSet.localItemToSpec(Lcom/android/dx/rop/code/LocalItem;)Lcom/android/dx/rop/code/RegisterSpec; @ 35

Internal exceptions (4 events):
Event: 0.108 Thread 0x00000000013ae000 Exception <a 'java/lang/NoSuchMethodError': Method sun.misc.Unsafe.defineClass(Ljava/lang/String;[BII)Ljava/lang/Class; name or signature does not match> (0x00000000eab07cc0) thrown at [D:\re\workspace\8-2-build-windows-amd64-cygwin\jdk8u92\6642\hotspot\sr"ªÇkOË»?
Event: 0.109 Thread 0x00000000013ae000 Exception <a 'java/lang/NoSuchMethodError': Method sun.misc.Unsafe.prefetchRead(Ljava/lang/Object;J)V name or signature does not match> (0x00000000eab07fa8) thrown at [D:\re\workspace\8-2-build-windows-amd64-cygwin\jdk8u92\6642\hotspot\src\share\vm\prims\j%ïz³`@
Event: 6.527 Thread 0x0000000016ced800 Implicit null exception at 0x00000000034bb9f0 to 0x00000000034bc52d
Event: 8.269 Thread 0x0000000016cee800 Implicit null exception at 0x0000000003368962 to 0x0000000003368a52

Events (10 events):
Event: 9.766 Thread 0x0000000016ced800 DEOPT PACKING pc=0x00000000036a6ce4 sp=0x000000001785e3d0
Event: 9.766 Thread 0x0000000016ced800 DEOPT UNPACKING pc=0x000000000308582a sp=0x000000001785e398 mode 2
Event: 9.819 Executing VM operation: ParallelGCFailedAllocation
Event: 11.155 Executing VM operation: ParallelGCFailedAllocation done
Event: 11.177 Thread 0x0000000016cef000 Uncommon trap: trap_request=0xffffff65 fr.pc=0x00000000035b137c
Event: 11.177 Thread 0x0000000016cef000 DEOPT PACKING pc=0x00000000035b137c sp=0x0000000017a5ec80
Event: 11.177 Thread 0x0000000016cef000 DEOPT UNPACKING pc=0x000000000308582a sp=0x0000000017a5eb88 mode 2
Event: 11.178 Thread 0x0000000016cef000 Uncommon trap: trap_request=0xffffff65 fr.pc=0x0000000003609000
Event: 11.178 Thread 0x0000000016cef000 DEOPT PACKING pc=0x0000000003609000 sp=0x0000000017a5ebc0
Event: 11.178 Thread 0x0000000016cef000 DEOPT UNPACKING pc=0x000000000308582a sp=0x0000000017a5eb70 mode 2


Dynamic libraries:
0x00007ff758520000 - 0x00007ff758557000 	D:\Program Files\Java\jdk1.8.0_92\bin\java.exe
0x00007ffadbb10000 - 0x00007ffadbce1000 	C:\WINDOWS\SYSTEM32\ntdll.dll
0x00007ffadb4f0000 - 0x00007ffadb59b000 	C:\WINDOWS\System32\KERNEL32.DLL
0x00007ffad8b90000 - 0x00007ffad8dad000 	C:\WINDOWS\System32\KERNELBASE.dll
0x00007ffad94c0000 - 0x00007ffad9562000 	C:\WINDOWS\System32\ADVAPI32.dll
0x00007ffadba40000 - 0x00007ffadbade000 	C:\WINDOWS\System32\msvcrt.dll
0x00007ffadb990000 - 0x00007ffadb9e9000 	C:\WINDOWS\System32\sechost.dll
0x00007ffad9390000 - 0x00007ffad94b1000 	C:\WINDOWS\System32\RPCRT4.dll
0x00007ffadb5a0000 - 0x00007ffadb705000 	C:\WINDOWS\System32\USER32.dll
0x00007ffad8ed0000 - 0x00007ffad8eee000 	C:\WINDOWS\System32\win32u.dll
0x00007ffad9080000 - 0x00007ffad90b4000 	C:\WINDOWS\System32\GDI32.dll
0x00007ffad8ef0000 - 0x00007ffad9072000 	C:\WINDOWS\System32\gdi32full.dll
0x00007ffacd590000 - 0x00007ffacd809000 	C:\WINDOWS\WinSxS\amd64_microsoft.windows.common-controls_6595b64144ccf1df_6.0.14393.0_none_2d0f50fcbdb171b8\COMCTL32.dll
0x00007ffad90c0000 - 0x00007ffad9387000 	C:\WINDOWS\System32\combase.dll
0x00007ffad8a90000 - 0x00007ffad8b85000 	C:\WINDOWS\System32\ucrtbase.dll
0x00007ffad8e60000 - 0x00007ffad8eca000 	C:\WINDOWS\System32\bcryptPrimitives.dll
0x00007ffadb9f0000 - 0x00007ffadba1e000 	C:\WINDOWS\System32\IMM32.DLL
0x0000000062c10000 - 0x0000000062ce2000 	D:\Program Files\Java\jdk1.8.0_92\jre\bin\msvcr100.dll
0x0000000062110000 - 0x00000000629a6000 	D:\Program Files\Java\jdk1.8.0_92\jre\bin\server\jvm.dll
0x00007ffadb980000 - 0x00007ffadb988000 	C:\WINDOWS\System32\PSAPI.DLL
0x00007ffacd430000 - 0x00007ffacd439000 	C:\WINDOWS\SYSTEM32\WSOCK32.dll
0x00007ffad9710000 - 0x00007ffad977a000 	C:\WINDOWS\System32\WS2_32.dll
0x00007ffad6000000 - 0x00007ffad6023000 	C:\WINDOWS\SYSTEM32\WINMM.dll
0x00007ffad5fa0000 - 0x00007ffad5fcb000 	C:\WINDOWS\SYSTEM32\WINMMBASE.dll
0x00007ffad8080000 - 0x00007ffad80c2000 	C:\WINDOWS\System32\cfgmgr32.dll
0x00007fface210000 - 0x00007fface21a000 	C:\WINDOWS\SYSTEM32\VERSION.dll
0x0000000062100000 - 0x000000006210f000 	D:\Program Files\Java\jdk1.8.0_92\jre\bin\verify.dll
0x00000000620d0000 - 0x00000000620f9000 	D:\Program Files\Java\jdk1.8.0_92\jre\bin\java.dll
0x00000000620b0000 - 0x00000000620c6000 	D:\Program Files\Java\jdk1.8.0_92\jre\bin\zip.dll
0x00007ffad9e80000 - 0x00007ffadb388000 	C:\WINDOWS\System32\SHELL32.dll
0x00007ffad83b0000 - 0x00007ffad8a8a000 	C:\WINDOWS\System32\windows.storage.dll
0x00007ffad7ff0000 - 0x00007ffad803c000 	C:\WINDOWS\System32\powrprof.dll
0x00007ffadb490000 - 0x00007ffadb4e2000 	C:\WINDOWS\System32\shlwapi.dll
0x00007ffad8050000 - 0x00007ffad805f000 	C:\WINDOWS\System32\kernel.appcore.dll
0x00007ffad8db0000 - 0x00007ffad8e59000 	C:\WINDOWS\System32\shcore.dll
0x00007ffad8060000 - 0x00007ffad8074000 	C:\WINDOWS\System32\profapi.dll

VM Arguments:
jvm_args: -Djava.awt.headless=true -Xmx1024M -Dfile.encoding=GBK -Duser.country=CN -Duser.language=zh -Duser.variant 
java_command: com.android.dx.command.Main --dex --force-jumbo --num-threads=4 --output F:\AndroidStudioProjects\MyApplication2\l07_app_autoendcall\build\intermediates\pre-dexed\debug\internal_impl-24.2.0_ed75539e97294ea33fe0cf296383eb8196bfb521.jar F:\AndroidStudioProjects\MyApplication2\l07_app_autoendcall\build\intermediates\exploded-aar\com.android.support\support-compat\24.2.0\jars\libs\internal_impl-24.2.0.jar
java_class_path (initial): D:\Android_developer_tools\android-sdk-windows\build-tools\24.0.2\lib\dx.jar
Launcher Type: SUN_STANDARD

Environment Variables:
JAVA_HOME=D:\Program Files\Java\jdk1.8.0_92
CLASSPATH=.;D:\Program Files\Java\jdk1.8.0_92\lib\dt.jar;D:\Program Files\Java\jdk1.8.0_92\lib\tools.jar
PATH=D:\Program Files\Java\jdk1.8.0_92\bin;D:\Program Files\Java\jdk1.8.0_92\jre\bin;C:\WINDOWS\system32;C:\WINDOWS;C:\WINDOWS\System32\Wbem;C:\WINDOWS\System32\WindowsPowerShell\v1.0\;C:\Program Files (x86)\ATI Technologies\ATI.ACE\Core-Static;C:\Program Files\Lenovo\Bluetooth Software\;C:\Program Files\Lenovo\Bluetooth Software\syswow64;C:\Program Files (x86)\AMD\ATI.ACE\Core-Static;D:\Program Files (x86)\MySQL\MySQL Server 5.5\bin;D:\Android_developer_tools\android-sdk-windows\platform-tools;D:\Android_developer_tools\android-sdk-windows\tools;C:\Users\Administrator\AppData\Local\Microsoft\WindowsApps;
USERNAME=Administrator
OS=Windows_NT
PROCESSOR_IDENTIFIER=Intel64 Family 6 Model 58 Stepping 9, GenuineIntel



---------------  S Y S T E M  ---------------

OS: Windows 10.0 , 64 bit Build 14393 (10.0.14393.0)

CPU:total 4 (2 cores per cpu, 2 threads per core) family 6 model 58 stepping 9, cmov, cx8, fxsr, mmx, sse, sse2, sse3, ssse3, sse4.1, sse4.2, popcnt, avx, clmul, erms, ht, tsc, tscinvbit, tscinv

Memory: 4k page, physical 4060004k(186204k free), swap 6157156k(56k free)

vm_info: Java HotSpot(TM) 64-Bit Server VM (25.92-b14) for windows-amd64 JRE (1.8.0_92-b14), built on Mar 31 2016 21:03:04 by "java_re" with MS VC++ 10.0 (VS2010)

time: Mon Sep 12 13:48:34 2016
elapsed time: 11 seconds (0d 0h 0m 11s)

