#
# There is insufficient memory for the Java Runtime Environment to continue.
# Native memory allocation (malloc) failed to allocate 599536 bytes for Chunk::new
# Possible reasons:
#   The system is out of physical RAM or swap space
#   In 32 bit mode, the process size limit was hit
# Possible solutions:
#   Reduce memory load on the system
#   Increase physical memory or swap space
#   Check if swap backing store is full
#   Use 64 bit Java on a 64 bit OS
#   Decrease Java heap size (-Xmx/-Xms)
#   Decrease number of Java threads
#   Decrease Java thread stack sizes (-Xss)
#   Set larger code cache with -XX:ReservedCodeCacheSize=
# This output file may be truncated or incomplete.
#
#  Out of Memory Error (allocation.cpp:390), pid=10688, tid=0x00000000000014f4
#
# JRE version: Java(TM) SE Runtime Environment (8.0_92-b14) (build 1.8.0_92-b14)
# Java VM: Java HotSpot(TM) 64-Bit Server VM (25.92-b14 mixed mode windows-amd64 compressed oops)
# Failed to write core dump. Minidumps are not enabled by default on client versions of Windows
#

---------------  T H R E A D  ---------------

Current thread (0x00000000029cc800):  JavaThread "C2 CompilerThread1" daemon [_thread_in_native, id=5364, stack(0x0000000016b50000,0x0000000016c50000)]

Stack: [0x0000000016b50000,0x0000000016c50000]
[error occurred during error reporting (printing stack bounds), id 0xc0000005]

Native frames: (J=compiled Java code, j=interpreted, Vv=VM code, C=native code)


Current CompileTask:
C2:  12082 1696   !   4       com.android.dx.cf.code.Ropper::processBlock (1101 bytes)


---------------  P R O C E S S  ---------------

Java Threads: ( => current thread )
  0x0000000016729000 JavaThread "pool-1-thread-4" [_thread_blocked, id=11236, stack(0x0000000017350000,0x0000000017450000)]
  0x00000000166d7000 JavaThread "pool-1-thread-3" [_thread_in_Java, id=6348, stack(0x0000000017250000,0x0000000017350000)]
  0x00000000166d6800 JavaThread "pool-1-thread-2" [_thread_blocked, id=3756, stack(0x0000000017150000,0x0000000017250000)]
  0x00000000166b9800 JavaThread "pool-2-thread-1" [_thread_blocked, id=3752, stack(0x0000000017050000,0x0000000017150000)]
  0x00000000166ad000 JavaThread "pool-1-thread-1" [_thread_in_Java, id=4604, stack(0x0000000016f50000,0x0000000017050000)]
  0x00000000164af000 JavaThread "Service Thread" daemon [_thread_blocked, id=3272, stack(0x0000000016d50000,0x0000000016e50000)]
  0x00000000164ac000 JavaThread "C1 CompilerThread2" daemon [_thread_in_native, id=10704, stack(0x0000000016c50000,0x0000000016d50000)]
=>0x00000000029cc800 JavaThread "C2 CompilerThread1" daemon [_thread_in_native, id=5364, stack(0x0000000016b50000,0x0000000016c50000)]
  0x00000000150b1000 JavaThread "C2 CompilerThread0" daemon [_thread_in_native, id=9236, stack(0x0000000016a50000,0x0000000016b50000)]
  0x00000000150af000 JavaThread "Attach Listener" daemon [_thread_blocked, id=6296, stack(0x0000000016950000,0x0000000016a50000)]
  0x00000000150ae800 JavaThread "Signal Dispatcher" daemon [_thread_blocked, id=836, stack(0x0000000016850000,0x0000000016950000)]
  0x000000001508a000 JavaThread "Finalizer" daemon [_thread_blocked, id=10184, stack(0x00000000162f0000,0x00000000163f0000)]
  0x0000000015069000 JavaThread "Reference Handler" daemon [_thread_blocked, id=6776, stack(0x00000000161f0000,0x00000000162f0000)]
  0x00000000028ce000 JavaThread "main" [_thread_blocked, id=9744, stack(0x0000000002780000,0x0000000002880000)]

Other Threads:
  0x0000000015066800 VMThread [stack: 0x00000000160f0000,0x00000000161f0000] [id=10644]
  0x00000000164eb000 WatcherThread [stack: 0x0000000016e50000,0x0000000016f50000] [id=9648]

VM state:not at safepoint (normal execution)

VM Mutex/Monitor currently owned by a thread: None

Heap:
 PSYoungGen      total 66048K, used 9581K [0x00000000eab00000, 0x00000000eee00000, 0x0000000100000000)
  eden space 63488K, 11% used [0x00000000eab00000,0x00000000eb1de0a8,0x00000000ee900000)
  from space 2560K, 99% used [0x00000000eeb80000,0x00000000eedfd700,0x00000000eee00000)
  to   space 2560K, 0% used [0x00000000ee900000,0x00000000ee900000,0x00000000eeb80000)
 ParOldGen       total 42496K, used 13638K [0x00000000c0000000, 0x00000000c2980000, 0x00000000eab00000)
  object space 42496K, 32% used [0x00000000c0000000,0x00000000c0d51820,0x00000000c2980000)
 Metaspace       used 6389K, capacity 7128K, committed 7424K, reserved 1056768K
  class space    used 629K, capacity 656K, committed 768K, reserved 1048576K

Card table byte_map: [0x0000000011d90000,0x0000000011fa0000] byte_map_base: 0x0000000011790000

Marking Bits: (ParMarkBitMap*) 0x00000000629264f0
 Begin Bits: [0x0000000012500000, 0x0000000013500000)
 End Bits:   [0x0000000013500000, 0x0000000014500000)

Polling page: 0x00000000023b0000

CodeCache: size=245760Kb used=7819Kb max_used=7834Kb free=237940Kb
 bounds [0x00000000029d0000, 0x0000000003180000, 0x00000000119d0000]
 total_blobs=1993 nmethods=1721 adapters=184
 compilation: enabled

Compilation events (10 events):
Event: 12.023 Thread 0x00000000164ac000 nmethod 1742 0x0000000003167010 code [0x00000000031671a0, 0x0000000003167638]
Event: 12.028 Thread 0x00000000164ac000 1743       3       com.android.dx.dex.file.ClassDefItem::addDirectMethod (9 bytes)
Event: 12.029 Thread 0x00000000164ac000 nmethod 1743 0x00000000031706d0 code [0x0000000003170880, 0x0000000003170f38]
Event: 12.035 Thread 0x00000000164ac000 1744       3       java.util.Arrays::copyOf (19 bytes)
Event: 12.035 Thread 0x00000000164ac000 nmethod 1744 0x0000000003168b50 code [0x0000000003168cc0, 0x0000000003168fe8]
Event: 12.041 Thread 0x00000000164ac000 1748       3       com.android.dx.cf.attrib.InnerClassList::get (9 bytes)
Event: 12.042 Thread 0x00000000164ac000 nmethod 1748 0x0000000003168650 code [0x00000000031687c0, 0x0000000003168aa8]
Event: 12.048 Thread 0x00000000164ac000 1749   !   3       com.android.dx.cf.code.RopperMachine::run (1550 bytes)
Event: 12.053 Thread 0x00000000150b1000 nmethod 1737% 0x000000000317b490 code [0x000000000317b6a0, 0x000000000317c2a0]
Event: 12.053 Thread 0x00000000150b1000 1745       4       java.util.TreeMap::put (247 bytes)

GC Heap History (8 events):
Event: 2.195 GC heap before
{Heap before GC invocations=1 (full 0):
 PSYoungGen      total 18432K, used 15872K [0x00000000eab00000, 0x00000000ebf80000, 0x0000000100000000)
  eden space 15872K, 100% used [0x00000000eab00000,0x00000000eba80000,0x00000000eba80000)
  from space 2560K, 0% used [0x00000000ebd00000,0x00000000ebd00000,0x00000000ebf80000)
  to   space 2560K, 0% used [0x00000000eba80000,0x00000000eba80000,0x00000000ebd00000)
 ParOldGen       total 42496K, used 0K [0x00000000c0000000, 0x00000000c2980000, 0x00000000eab00000)
  object space 42496K, 0% used [0x00000000c0000000,0x00000000c0000000,0x00000000c2980000)
 Metaspace       used 5868K, capacity 6774K, committed 7040K, reserved 1056768K
  class space    used 607K, capacity 622K, committed 640K, reserved 1048576K
Event: 2.390 GC heap after
Heap after GC invocations=1 (full 0):
 PSYoungGen      total 18432K, used 2546K [0x00000000eab00000, 0x00000000ecf00000, 0x0000000100000000)
  eden space 15872K, 0% used [0x00000000eab00000,0x00000000eab00000,0x00000000eba80000)
  from space 2560K, 99% used [0x00000000eba80000,0x00000000ebcfcaa8,0x00000000ebd00000)
  to   space 2560K, 0% used [0x00000000ecc80000,0x00000000ecc80000,0x00000000ecf00000)
 ParOldGen       total 42496K, used 1608K [0x00000000c0000000, 0x00000000c2980000, 0x00000000eab00000)
  object space 42496K, 3% used [0x00000000c0000000,0x00000000c0192160,0x00000000c2980000)
 Metaspace       used 5868K, capacity 6774K, committed 7040K, reserved 1056768K
  class space    used 607K, capacity 622K, committed 640K, reserved 1048576K
}
Event: 3.545 GC heap before
{Heap before GC invocations=2 (full 0):
 PSYoungGen      total 18432K, used 18418K [0x00000000eab00000, 0x00000000ecf00000, 0x0000000100000000)
  eden space 15872K, 100% used [0x00000000eab00000,0x00000000eba80000,0x00000000eba80000)
  from space 2560K, 99% used [0x00000000eba80000,0x00000000ebcfcaa8,0x00000000ebd00000)
  to   space 2560K, 0% used [0x00000000ecc80000,0x00000000ecc80000,0x00000000ecf00000)
 ParOldGen       total 42496K, used 1608K [0x00000000c0000000, 0x00000000c2980000, 0x00000000eab00000)
  object space 42496K, 3% used [0x00000000c0000000,0x00000000c0192160,0x00000000c2980000)
 Metaspace       used 6109K, capacity 6966K, committed 7040K, reserved 1056768K
  class space    used 609K, capacity 622K, committed 640K, reserved 1048576K
Event: 3.682 GC heap after
Heap after GC invocations=2 (full 0):
 PSYoungGen      total 34304K, used 2557K [0x00000000eab00000, 0x00000000ecf00000, 0x0000000100000000)
  eden space 31744K, 0% used [0x00000000eab00000,0x00000000eab00000,0x00000000eca00000)
  from space 2560K, 99% used [0x00000000ecc80000,0x00000000eceff500,0x00000000ecf00000)
  to   space 2560K, 0% used [0x00000000eca00000,0x00000000eca00000,0x00000000ecc80000)
 ParOldGen       total 42496K, used 4524K [0x00000000c0000000, 0x00000000c2980000, 0x00000000eab00000)
  object space 42496K, 10% used [0x00000000c0000000,0x00000000c046b1a8,0x00000000c2980000)
 Metaspace       used 6109K, capacity 6966K, committed 7040K, reserved 1056768K
  class space    used 609K, capacity 622K, committed 640K, reserved 1048576K
}
Event: 8.181 GC heap before
{Heap before GC invocations=3 (full 0):
 PSYoungGen      total 34304K, used 34301K [0x00000000eab00000, 0x00000000ecf00000, 0x0000000100000000)
  eden space 31744K, 100% used [0x00000000eab00000,0x00000000eca00000,0x00000000eca00000)
  from space 2560K, 99% used [0x00000000ecc80000,0x00000000eceff500,0x00000000ecf00000)
  to   space 2560K, 0% used [0x00000000eca00000,0x00000000eca00000,0x00000000ecc80000)
 ParOldGen       total 42496K, used 4524K [0x00000000c0000000, 0x00000000c2980000, 0x00000000eab00000)
  object space 42496K, 10% used [0x00000000c0000000,0x00000000c046b1a8,0x00000000c2980000)
 Metaspace       used 6338K, capacity 7128K, committed 7424K, reserved 1056768K
  class space    used 629K, capacity 656K, committed 768K, reserved 1048576K
Event: 8.323 GC heap after
Heap after GC invocations=3 (full 0):
 PSYoungGen      total 34304K, used 2541K [0x00000000eab00000, 0x00000000eee00000, 0x0000000100000000)
  eden space 31744K, 0% used [0x00000000eab00000,0x00000000eab00000,0x00000000eca00000)
  from space 2560K, 99% used [0x00000000eca00000,0x00000000ecc7b708,0x00000000ecc80000)
  to   space 2560K, 0% used [0x00000000eeb80000,0x00000000eeb80000,0x00000000eee00000)
 ParOldGen       total 42496K, used 8762K [0x00000000c0000000, 0x00000000c2980000, 0x00000000eab00000)
  object space 42496K, 20% used [0x00000000c0000000,0x00000000c088e910,0x00000000c2980000)
 Metaspace       used 6338K, capacity 7128K, committed 7424K, reserved 1056768K
  class space    used 629K, capacity 656K, committed 768K, reserved 1048576K
}
Event: 11.950 GC heap before
{Heap before GC invocations=4 (full 0):
 PSYoungGen      total 34304K, used 34285K [0x00000000eab00000, 0x00000000eee00000, 0x0000000100000000)
  eden space 31744K, 100% used [0x00000000eab00000,0x00000000eca00000,0x00000000eca00000)
  from space 2560K, 99% used [0x00000000eca00000,0x00000000ecc7b708,0x00000000ecc80000)
  to   space 2560K, 0% used [0x00000000eeb80000,0x00000000eeb80000,0x00000000eee00000)
 ParOldGen       total 42496K, used 8762K [0x00000000c0000000, 0x00000000c2980000, 0x00000000eab00000)
  object space 42496K, 20% used [0x00000000c0000000,0x00000000c088e910,0x00000000c2980000)
 Metaspace       used 6385K, capacity 7128K, committed 7424K, reserved 1056768K
  class space    used 629K, capacity 656K, committed 768K, reserved 1048576K
Event: 12.000 GC heap after
Heap after GC invocations=4 (full 0):
 PSYoungGen      total 66048K, used 2549K [0x00000000eab00000, 0x00000000eee00000, 0x0000000100000000)
  eden space 63488K, 0% used [0x00000000eab00000,0x00000000eab00000,0x00000000ee900000)
  from space 2560K, 99% used [0x00000000eeb80000,0x00000000eedfd700,0x00000000eee00000)
  to   space 2560K, 0% used [0x00000000ee900000,0x00000000ee900000,0x00000000eeb80000)
 ParOldGen       total 42496K, used 13638K [0x00000000c0000000, 0x00000000c2980000, 0x00000000eab00000)
  object space 42496K, 32% used [0x00000000c0000000,0x00000000c0d51820,0x00000000c2980000)
 Metaspace       used 6385K, capacity 7128K, committed 7424K, reserved 1056768K
  class space    used 629K, capacity 656K, committed 768K, reserved 1048576K
}

Deoptimization events (10 events):
Event: 5.968 Thread 0x00000000166d7000 Uncommon trap: reason=bimorphic action=maybe_recompile pc=0x0000000002c1a328 method=java.util.HashMap.getNode(ILjava/lang/Object;)Ljava/util/HashMap$Node; @ 126
Event: 7.301 Thread 0x00000000028ce000 Uncommon trap: reason=null_check action=make_not_entrant pc=0x0000000002fd57a0 method=com.android.dx.rop.type.Type.equals(Ljava/lang/Object;)Z @ 8
Event: 7.416 Thread 0x00000000166d7000 Uncommon trap: reason=unstable_if action=reinterpret pc=0x000000000300a764 method=com.android.dx.rop.code.LocalItem.hashCode()I @ 25
Event: 7.416 Thread 0x00000000166d7000 Uncommon trap: reason=unstable_if action=reinterpret pc=0x0000000002cd989c method=com.android.dx.rop.code.LocalItem.hashCode()I @ 25
Event: 9.900 Thread 0x00000000028ce000 Uncommon trap: reason=bimorphic action=maybe_recompile pc=0x0000000002fe50e8 method=com.android.dx.cf.code.BytecodeArray.parseInstruction(ILcom/android/dx/cf/code/BytecodeArray$Visitor;)I @ 1287
Event: 9.900 Thread 0x00000000028ce000 Uncommon trap: reason=bimorphic action=maybe_recompile pc=0x0000000002fe50e8 method=com.android.dx.cf.code.BytecodeArray.parseInstruction(ILcom/android/dx/cf/code/BytecodeArray$Visitor;)I @ 1287
Event: 10.890 Thread 0x0000000016729000 Uncommon trap: reason=unstable_if action=reinterpret pc=0x0000000002fa3220 method=com.android.dx.ssa.LiteralOpUpgrader$1.visitNonMoveInsn(Lcom/android/dx/ssa/NormalSsaInsn;)V @ 176
Event: 11.618 Thread 0x00000000166d7000 Uncommon trap: reason=bimorphic action=maybe_recompile pc=0x00000000030a6aa8 method=com.android.dx.cf.code.RopperMachine.run(Lcom/android/dx/cf/code/Frame;II)V @ 310
Event: 11.687 Thread 0x00000000028ce000 Uncommon trap: reason=bimorphic action=maybe_recompile pc=0x000000000314c014 method=com.android.dx.rop.code.RegisterSpec.withSimpleType()Lcom/android/dx/rop/code/RegisterSpec; @ 21
Event: 12.044 Thread 0x00000000166d7000 Uncommon trap: reason=unstable_if action=reinterpret pc=0x00000000030a53f8 method=com.android.dx.rop.code.DexTranslationAdvice.hasConstantOperation(Lcom/android/dx/rop/code/Rop;Lcom/android/dx/rop/code/RegisterSpec;Lcom/android/dx/rop/code/RegisterSpec;)Z aû3Fﬂ@

Internal exceptions (7 events):
Event: 0.089 Thread 0x00000000028ce000 Exception <a 'java/lang/NoSuchMethodError': Method sun.misc.Unsafe.defineClass(Ljava/lang/String;[BII)Ljava/lang/Class; name or signature does not match> (0x00000000eab07cc0) thrown at [D:\re\workspace\8-2-build-windows-amd64-cygwin\jdk8u92\6642\hotspot\sr*Á2a1’∂?
Event: 0.089 Thread 0x00000000028ce000 Exception <a 'java/lang/NoSuchMethodError': Method sun.misc.Unsafe.prefetchRead(Ljava/lang/Object;J)V name or signature does not match> (0x00000000eab07fa8) thrown at [D:\re\workspace\8-2-build-windows-amd64-cygwin\jdk8u92\6642\hotspot\src\share\vm\prims\j)˚3è∑~@
Event: 3.937 Thread 0x00000000166ad000 Implicit null exception at 0x0000000002cd04d6 to 0x0000000002cd2525
Event: 4.453 Thread 0x00000000166ad000 Exception <a 'java/lang/ArrayIndexOutOfBoundsException': 18> (0x00000000eb7f9cb8) thrown at [D:\re\workspace\8-2-build-windows-amd64-cygwin\jdk8u92\6642\hotspot\src\share\vm\interpreter\interpreterRuntime.cpp, line 366]
Event: 4.454 Thread 0x00000000166ad000 Exception <a 'java/lang/ArrayIndexOutOfBoundsException': 145> (0x00000000eb7fb838) thrown at [D:\re\workspace\8-2-build-windows-amd64-cygwin\jdk8u92\6642\hotspot\src\share\vm\interpreter\interpreterRuntime.cpp, line 366]
Event: 4.486 Thread 0x00000000166ad000 Exception <a 'java/lang/ArrayIndexOutOfBoundsException'> (0x00000000eb7fcb20) thrown at [D:\re\workspace\8-2-build-windows-amd64-cygwin\jdk8u92\6642\hotspot\src\share\vm\runtime\sharedRuntime.cpp, line 605]
Event: 7.301 Thread 0x00000000028ce000 Implicit null exception at 0x0000000002fd56a2 to 0x0000000002fd5792

Events (10 events):
Event: 11.622 Thread 0x00000000166d7000 DEOPT PACKING pc=0x0000000002e3f7f4 sp=0x000000001734e8d0
Event: 11.622 Thread 0x00000000166d7000 DEOPT UNPACKING pc=0x0000000002a1787f sp=0x000000001734e5e0 mode 0
Event: 11.687 Thread 0x00000000028ce000 Uncommon trap: trap_request=0xffffffc6 fr.pc=0x000000000314c014
Event: 11.687 Thread 0x00000000028ce000 DEOPT PACKING pc=0x000000000314c014 sp=0x000000000287e5d0
Event: 11.687 Thread 0x00000000028ce000 DEOPT UNPACKING pc=0x0000000002a1582a sp=0x000000000287e508 mode 2
Event: 11.949 Executing VM operation: ParallelGCFailedAllocation
Event: 12.000 Executing VM operation: ParallelGCFailedAllocation done
Event: 12.044 Thread 0x00000000166d7000 Uncommon trap: trap_request=0xffffff65 fr.pc=0x00000000030a53f8
Event: 12.044 Thread 0x00000000166d7000 DEOPT PACKING pc=0x00000000030a53f8 sp=0x000000001734e6f0
Event: 12.044 Thread 0x00000000166d7000 DEOPT UNPACKING pc=0x0000000002a1582a sp=0x000000001734e610 mode 2


Dynamic libraries:
0x00007ff758520000 - 0x00007ff758557000 	D:\Program Files\Java\jdk1.8.0_92\bin\java.exe
0x00007ffadbb10000 - 0x00007ffadbce1000 	C:\WINDOWS\SYSTEM32\ntdll.dll
0x00007ffadb4f0000 - 0x00007ffadb59b000 	C:\WINDOWS\System32\KERNEL32.DLL
0x00007ffad8b90000 - 0x00007ffad8dad000 	C:\WINDOWS\System32\KERNELBASE.dll
0x00007ffad94c0000 - 0x00007ffad9562000 	C:\WINDOWS\System32\ADVAPI32.dll
0x00007ffadba40000 - 0x00007ffadbade000 	C:\WINDOWS\System32\msvcrt.dll
0x00007ffadb990000 - 0x00007ffadb9e9000 	C:\WINDOWS\System32\sechost.dll
0x00007ffad9390000 - 0x00007ffad94b1000 	C:\WINDOWS\System32\RPCRT4.dll
0x00007ffadb5a0000 - 0x00007ffadb705000 	C:\WINDOWS\System32\USER32.dll
0x00007ffad8ed0000 - 0x00007ffad8eee000 	C:\WINDOWS\System32\win32u.dll
0x00007ffad9080000 - 0x00007ffad90b4000 	C:\WINDOWS\System32\GDI32.dll
0x00007ffad8ef0000 - 0x00007ffad9072000 	C:\WINDOWS\System32\gdi32full.dll
0x00007ffacd590000 - 0x00007ffacd809000 	C:\WINDOWS\WinSxS\amd64_microsoft.windows.common-controls_6595b64144ccf1df_6.0.14393.0_none_2d0f50fcbdb171b8\COMCTL32.dll
0x00007ffad90c0000 - 0x00007ffad9387000 	C:\WINDOWS\System32\combase.dll
0x00007ffad8a90000 - 0x00007ffad8b85000 	C:\WINDOWS\System32\ucrtbase.dll
0x00007ffad8e60000 - 0x00007ffad8eca000 	C:\WINDOWS\System32\bcryptPrimitives.dll
0x00007ffadb9f0000 - 0x00007ffadba1e000 	C:\WINDOWS\System32\IMM32.DLL
0x0000000062c10000 - 0x0000000062ce2000 	D:\Program Files\Java\jdk1.8.0_92\jre\bin\msvcr100.dll
0x0000000062110000 - 0x00000000629a6000 	D:\Program Files\Java\jdk1.8.0_92\jre\bin\server\jvm.dll
0x00007ffadb980000 - 0x00007ffadb988000 	C:\WINDOWS\System32\PSAPI.DLL
0x00007ffacd430000 - 0x00007ffacd439000 	C:\WINDOWS\SYSTEM32\WSOCK32.dll
0x00007ffad9710000 - 0x00007ffad977a000 	C:\WINDOWS\System32\WS2_32.dll
0x00007ffad6000000 - 0x00007ffad6023000 	C:\WINDOWS\SYSTEM32\WINMM.dll
0x00007fface210000 - 0x00007fface21a000 	C:\WINDOWS\SYSTEM32\VERSION.dll
0x00007ffad5fa0000 - 0x00007ffad5fcb000 	C:\WINDOWS\SYSTEM32\WINMMBASE.dll
0x00007ffad8080000 - 0x00007ffad80c2000 	C:\WINDOWS\System32\cfgmgr32.dll
0x0000000062100000 - 0x000000006210f000 	D:\Program Files\Java\jdk1.8.0_92\jre\bin\verify.dll
0x00000000620d0000 - 0x00000000620f9000 	D:\Program Files\Java\jdk1.8.0_92\jre\bin\java.dll
0x00000000620b0000 - 0x00000000620c6000 	D:\Program Files\Java\jdk1.8.0_92\jre\bin\zip.dll
0x00007ffad9e80000 - 0x00007ffadb388000 	C:\WINDOWS\System32\SHELL32.dll
0x00007ffad83b0000 - 0x00007ffad8a8a000 	C:\WINDOWS\System32\windows.storage.dll
0x00007ffad7ff0000 - 0x00007ffad803c000 	C:\WINDOWS\System32\powrprof.dll
0x00007ffadb490000 - 0x00007ffadb4e2000 	C:\WINDOWS\System32\shlwapi.dll
0x00007ffad8050000 - 0x00007ffad805f000 	C:\WINDOWS\System32\kernel.appcore.dll
0x00007ffad8db0000 - 0x00007ffad8e59000 	C:\WINDOWS\System32\shcore.dll
0x00007ffad8060000 - 0x00007ffad8074000 	C:\WINDOWS\System32\profapi.dll

VM Arguments:
jvm_args: -Djava.awt.headless=true -Xmx1024M -Dfile.encoding=GBK -Duser.country=CN -Duser.language=zh -Duser.variant 
java_command: com.android.dx.command.Main --dex --force-jumbo --num-threads=4 --output F:\AndroidStudioProjects\MyApplication2\l07_app_autoendcall\build\intermediates\pre-dexed\debug\com.android.support-support-core-ui-24.2.0_7afae937bd4a23acb5d63dabacecdc0382975b9a.jar F:\AndroidStudioProjects\MyApplication2\l07_app_autoendcall\build\intermediates\exploded-aar\com.android.support\support-core-ui\24.2.0\jars\classes.jar
java_class_path (initial): D:\Android_developer_tools\android-sdk-windows\build-tools\24.0.2\lib\dx.jar
Launcher Type: SUN_STANDARD

Environment Variables:
JAVA_HOME=D:\Program Files\Java\jdk1.8.0_92
CLASSPATH=.;D:\Program Files\Java\jdk1.8.0_92\lib\dt.jar;D:\Program Files\Java\jdk1.8.0_92\lib\tools.jar
PATH=D:\Program Files\Java\jdk1.8.0_92\bin;D:\Program Files\Java\jdk1.8.0_92\jre\bin;C:\WINDOWS\system32;C:\WINDOWS;C:\WINDOWS\System32\Wbem;C:\WINDOWS\System32\WindowsPowerShell\v1.0\;C:\Program Files (x86)\ATI Technologies\ATI.ACE\Core-Static;C:\Program Files\Lenovo\Bluetooth Software\;C:\Program Files\Lenovo\Bluetooth Software\syswow64;C:\Program Files (x86)\AMD\ATI.ACE\Core-Static;D:\Program Files (x86)\MySQL\MySQL Server 5.5\bin;D:\Android_developer_tools\android-sdk-windows\platform-tools;D:\Android_developer_tools\android-sdk-windows\tools;C:\Users\Administrator\AppData\Local\Microsoft\WindowsApps;
USERNAME=Administrator
OS=Windows_NT
PROCESSOR_IDENTIFIER=Intel64 Family 6 Model 58 Stepping 9, GenuineIntel



---------------  S Y S T E M  ---------------

OS: Windows 10.0 , 64 bit Build 14393 (10.0.14393.0)

CPU:total 4 (2 cores per cpu, 2 threads per core) family 6 model 58 stepping 9, cmov, cx8, fxsr, mmx, sse, sse2, sse3, ssse3, sse4.1, sse4.2, popcnt, avx, clmul, erms, ht, tsc, tscinvbit, tscinv

Memory: 4k page, physical 4060004k(177116k free), swap 6157156k(296k free)

vm_info: Java HotSpot(TM) 64-Bit Server VM (25.92-b14) for windows-amd64 JRE (1.8.0_92-b14), built on Mar 31 2016 21:03:04 by "java_re" with MS VC++ 10.0 (VS2010)

time: Mon Sep 12 13:48:34 2016
elapsed time: 12 seconds (0d 0h 0m 12s)

